[16.399s] DEBUG:colcon:Command line arguments: ['/usr/bin/colcon', 'build']
[16.400s] DEBUG:colcon:Parsed command line arguments: Namespace(allow_overriding=[], ament_cmake_args=None, base_paths=['.'], build_base='build', catkin_cmake_args=None, catkin_skip_building_tests=False, cmake_args=None, cmake_clean_cache=False, cmake_clean_first=False, cmake_force_configure=False, cmake_target=None, cmake_target_skip_unavailable=False, continue_on_error=False, event_handlers=None, executor='parallel', ignore_user_meta=False, install_base='install', log_base=None, log_level=None, main=<bound method BuildVerb.main of <colcon_core.verb.build.BuildVerb object at 0x7f8dcd20d0>>, merge_install=False, metas=['./colcon.meta'], packages_above=None, packages_above_and_dependencies=None, packages_above_depth=None, packages_end=None, packages_ignore=None, packages_ignore_regex=None, packages_select=None, packages_select_build_failed=False, packages_select_by_dep=None, packages_select_regex=None, packages_select_test_failures=False, packages_skip=None, packages_skip_build_finished=False, packages_skip_by_dep=None, packages_skip_regex=None, packages_skip_test_passed=False, packages_skip_up_to=None, packages_start=None, packages_up_to=None, packages_up_to_regex=None, parallel_workers=4, paths=None, symlink_install=False, test_result_base=None, verb_extension=<colcon_core.verb.build.BuildVerb object at 0x7f8dcd20d0>, verb_name='build', verb_parser=<colcon_defaults.argument_parser.defaults.DefaultArgumentsDecorator object at 0x7f8d926190>)
[17.123s] Level 1:colcon.colcon_core.package_discovery:discover_packages(colcon_meta) check parameters
[17.124s] Level 1:colcon.colcon_core.package_discovery:discover_packages(recursive) check parameters
[17.124s] Level 1:colcon.colcon_core.package_discovery:discover_packages(ignore) check parameters
[17.125s] Level 1:colcon.colcon_core.package_discovery:discover_packages(path) check parameters
[17.125s] Level 1:colcon.colcon_core.package_discovery:discover_packages(colcon_meta) discover
[17.125s] Level 1:colcon.colcon_core.package_discovery:discover_packages(recursive) discover
[17.126s] INFO:colcon.colcon_core.package_discovery:Crawling recursively for packages in '/root/dev_ws'
[17.126s] Level 1:colcon.colcon_core.package_identification:_identify(.) by extensions ['ignore', 'ignore_ament_install']
[17.127s] Level 1:colcon.colcon_core.package_identification:_identify(.) by extension 'ignore'
[17.127s] Level 1:colcon.colcon_core.package_identification:_identify(.) by extension 'ignore_ament_install'
[17.127s] Level 1:colcon.colcon_core.package_identification:_identify(.) by extensions ['colcon_pkg']
[17.128s] Level 1:colcon.colcon_core.package_identification:_identify(.) by extension 'colcon_pkg'
[17.128s] Level 1:colcon.colcon_core.package_identification:_identify(.) by extensions ['colcon_meta']
[17.128s] Level 1:colcon.colcon_core.package_identification:_identify(.) by extension 'colcon_meta'
[17.129s] Level 1:colcon.colcon_core.package_identification:_identify(.) by extensions ['ros']
[17.129s] Level 1:colcon.colcon_core.package_identification:_identify(.) by extension 'ros'
[17.288s] Level 1:colcon.colcon_core.package_identification:_identify(.) by extensions ['cmake', 'python']
[17.289s] Level 1:colcon.colcon_core.package_identification:_identify(.) by extension 'cmake'
[17.289s] Level 1:colcon.colcon_core.package_identification:_identify(.) by extension 'python'
[17.290s] Level 1:colcon.colcon_core.package_identification:_identify(.) by extensions ['python_setup_py']
[17.290s] Level 1:colcon.colcon_core.package_identification:_identify(.) by extension 'python_setup_py'
[17.291s] Level 1:colcon.colcon_core.package_identification:_identify(build) by extensions ['ignore', 'ignore_ament_install']
[17.291s] Level 1:colcon.colcon_core.package_identification:_identify(build) by extension 'ignore'
[17.292s] Level 1:colcon.colcon_core.package_identification:_identify(build) ignored
[17.293s] Level 1:colcon.colcon_core.package_identification:_identify(install) by extensions ['ignore', 'ignore_ament_install']
[17.293s] Level 1:colcon.colcon_core.package_identification:_identify(install) by extension 'ignore'
[17.294s] Level 1:colcon.colcon_core.package_identification:_identify(install) ignored
[17.294s] Level 1:colcon.colcon_core.package_identification:_identify(log) by extensions ['ignore', 'ignore_ament_install']
[17.295s] Level 1:colcon.colcon_core.package_identification:_identify(log) by extension 'ignore'
[17.295s] Level 1:colcon.colcon_core.package_identification:_identify(log) ignored
[17.296s] Level 1:colcon.colcon_core.package_identification:_identify(src) by extensions ['ignore', 'ignore_ament_install']
[17.296s] Level 1:colcon.colcon_core.package_identification:_identify(src) by extension 'ignore'
[17.297s] Level 1:colcon.colcon_core.package_identification:_identify(src) by extension 'ignore_ament_install'
[17.297s] Level 1:colcon.colcon_core.package_identification:_identify(src) by extensions ['colcon_pkg']
[17.297s] Level 1:colcon.colcon_core.package_identification:_identify(src) by extension 'colcon_pkg'
[17.298s] Level 1:colcon.colcon_core.package_identification:_identify(src) by extensions ['colcon_meta']
[17.298s] Level 1:colcon.colcon_core.package_identification:_identify(src) by extension 'colcon_meta'
[17.298s] Level 1:colcon.colcon_core.package_identification:_identify(src) by extensions ['ros']
[17.299s] Level 1:colcon.colcon_core.package_identification:_identify(src) by extension 'ros'
[17.299s] Level 1:colcon.colcon_core.package_identification:_identify(src) by extensions ['cmake', 'python']
[17.299s] Level 1:colcon.colcon_core.package_identification:_identify(src) by extension 'cmake'
[17.300s] Level 1:colcon.colcon_core.package_identification:_identify(src) by extension 'python'
[17.300s] Level 1:colcon.colcon_core.package_identification:_identify(src) by extensions ['python_setup_py']
[17.300s] Level 1:colcon.colcon_core.package_identification:_identify(src) by extension 'python_setup_py'
[17.301s] Level 1:colcon.colcon_core.package_identification:_identify(src/origincar) by extensions ['ignore', 'ignore_ament_install']
[17.302s] Level 1:colcon.colcon_core.package_identification:_identify(src/origincar) by extension 'ignore'
[17.302s] Level 1:colcon.colcon_core.package_identification:_identify(src/origincar) by extension 'ignore_ament_install'
[17.302s] Level 1:colcon.colcon_core.package_identification:_identify(src/origincar) by extensions ['colcon_pkg']
[17.303s] Level 1:colcon.colcon_core.package_identification:_identify(src/origincar) by extension 'colcon_pkg'
[17.303s] Level 1:colcon.colcon_core.package_identification:_identify(src/origincar) by extensions ['colcon_meta']
[17.303s] Level 1:colcon.colcon_core.package_identification:_identify(src/origincar) by extension 'colcon_meta'
[17.304s] Level 1:colcon.colcon_core.package_identification:_identify(src/origincar) by extensions ['ros']
[17.304s] Level 1:colcon.colcon_core.package_identification:_identify(src/origincar) by extension 'ros'
[17.304s] Level 1:colcon.colcon_core.package_identification:_identify(src/origincar) by extensions ['cmake', 'python']
[17.305s] Level 1:colcon.colcon_core.package_identification:_identify(src/origincar) by extension 'cmake'
[17.305s] Level 1:colcon.colcon_core.package_identification:_identify(src/origincar) by extension 'python'
[17.305s] Level 1:colcon.colcon_core.package_identification:_identify(src/origincar) by extensions ['python_setup_py']
[17.305s] Level 1:colcon.colcon_core.package_identification:_identify(src/origincar) by extension 'python_setup_py'
[17.306s] Level 1:colcon.colcon_core.package_identification:_identify(src/origincar/3rdparty) by extensions ['ignore', 'ignore_ament_install']
[17.307s] Level 1:colcon.colcon_core.package_identification:_identify(src/origincar/3rdparty) by extension 'ignore'
[17.307s] Level 1:colcon.colcon_core.package_identification:_identify(src/origincar/3rdparty) by extension 'ignore_ament_install'
[17.308s] Level 1:colcon.colcon_core.package_identification:_identify(src/origincar/3rdparty) by extensions ['colcon_pkg']
[17.308s] Level 1:colcon.colcon_core.package_identification:_identify(src/origincar/3rdparty) by extension 'colcon_pkg'
[17.308s] Level 1:colcon.colcon_core.package_identification:_identify(src/origincar/3rdparty) by extensions ['colcon_meta']
[17.309s] Level 1:colcon.colcon_core.package_identification:_identify(src/origincar/3rdparty) by extension 'colcon_meta'
[17.309s] Level 1:colcon.colcon_core.package_identification:_identify(src/origincar/3rdparty) by extensions ['ros']
[17.309s] Level 1:colcon.colcon_core.package_identification:_identify(src/origincar/3rdparty) by extension 'ros'
[17.310s] Level 1:colcon.colcon_core.package_identification:_identify(src/origincar/3rdparty) by extensions ['cmake', 'python']
[17.310s] Level 1:colcon.colcon_core.package_identification:_identify(src/origincar/3rdparty) by extension 'cmake'
[17.310s] Level 1:colcon.colcon_core.package_identification:_identify(src/origincar/3rdparty) by extension 'python'
[17.311s] Level 1:colcon.colcon_core.package_identification:_identify(src/origincar/3rdparty) by extensions ['python_setup_py']
[17.311s] Level 1:colcon.colcon_core.package_identification:_identify(src/origincar/3rdparty) by extension 'python_setup_py'
[17.312s] Level 1:colcon.colcon_core.package_identification:_identify(src/origincar/3rdparty/ackermann_msgs-ros2) by extensions ['ignore', 'ignore_ament_install']
[17.312s] Level 1:colcon.colcon_core.package_identification:_identify(src/origincar/3rdparty/ackermann_msgs-ros2) by extension 'ignore'
[17.313s] Level 1:colcon.colcon_core.package_identification:_identify(src/origincar/3rdparty/ackermann_msgs-ros2) by extension 'ignore_ament_install'
[17.313s] Level 1:colcon.colcon_core.package_identification:_identify(src/origincar/3rdparty/ackermann_msgs-ros2) by extensions ['colcon_pkg']
[17.313s] Level 1:colcon.colcon_core.package_identification:_identify(src/origincar/3rdparty/ackermann_msgs-ros2) by extension 'colcon_pkg'
[17.314s] Level 1:colcon.colcon_core.package_identification:_identify(src/origincar/3rdparty/ackermann_msgs-ros2) by extensions ['colcon_meta']
[17.314s] Level 1:colcon.colcon_core.package_identification:_identify(src/origincar/3rdparty/ackermann_msgs-ros2) by extension 'colcon_meta'
[17.314s] Level 1:colcon.colcon_core.package_identification:_identify(src/origincar/3rdparty/ackermann_msgs-ros2) by extensions ['ros']
[17.315s] Level 1:colcon.colcon_core.package_identification:_identify(src/origincar/3rdparty/ackermann_msgs-ros2) by extension 'ros'
[17.330s] DEBUG:colcon.colcon_core.package_identification:Package 'src/origincar/3rdparty/ackermann_msgs-ros2' with type 'ros.ament_cmake' and name 'ackermann_msgs'
[17.331s] Level 1:colcon.colcon_core.package_identification:_identify(src/origincar/3rdparty/serial_ros2) by extensions ['ignore', 'ignore_ament_install']
[17.331s] Level 1:colcon.colcon_core.package_identification:_identify(src/origincar/3rdparty/serial_ros2) by extension 'ignore'
[17.332s] Level 1:colcon.colcon_core.package_identification:_identify(src/origincar/3rdparty/serial_ros2) by extension 'ignore_ament_install'
[17.332s] Level 1:colcon.colcon_core.package_identification:_identify(src/origincar/3rdparty/serial_ros2) by extensions ['colcon_pkg']
[17.332s] Level 1:colcon.colcon_core.package_identification:_identify(src/origincar/3rdparty/serial_ros2) by extension 'colcon_pkg'
[17.333s] Level 1:colcon.colcon_core.package_identification:_identify(src/origincar/3rdparty/serial_ros2) by extensions ['colcon_meta']
[17.333s] Level 1:colcon.colcon_core.package_identification:_identify(src/origincar/3rdparty/serial_ros2) by extension 'colcon_meta'
[17.333s] Level 1:colcon.colcon_core.package_identification:_identify(src/origincar/3rdparty/serial_ros2) by extensions ['ros']
[17.334s] Level 1:colcon.colcon_core.package_identification:_identify(src/origincar/3rdparty/serial_ros2) by extension 'ros'
[17.338s] DEBUG:colcon.colcon_core.package_identification:Package 'src/origincar/3rdparty/serial_ros2' with type 'ros.ament_cmake' and name 'serial'
[17.339s] Level 1:colcon.colcon_core.package_identification:_identify(src/origincar/3rdparty/tf2_tools) by extensions ['ignore', 'ignore_ament_install']
[17.340s] Level 1:colcon.colcon_core.package_identification:_identify(src/origincar/3rdparty/tf2_tools) by extension 'ignore'
[17.340s] Level 1:colcon.colcon_core.package_identification:_identify(src/origincar/3rdparty/tf2_tools) by extension 'ignore_ament_install'
[17.341s] Level 1:colcon.colcon_core.package_identification:_identify(src/origincar/3rdparty/tf2_tools) by extensions ['colcon_pkg']
[17.341s] Level 1:colcon.colcon_core.package_identification:_identify(src/origincar/3rdparty/tf2_tools) by extension 'colcon_pkg'
[17.341s] Level 1:colcon.colcon_core.package_identification:_identify(src/origincar/3rdparty/tf2_tools) by extensions ['colcon_meta']
[17.342s] Level 1:colcon.colcon_core.package_identification:_identify(src/origincar/3rdparty/tf2_tools) by extension 'colcon_meta'
[17.342s] Level 1:colcon.colcon_core.package_identification:_identify(src/origincar/3rdparty/tf2_tools) by extensions ['ros']
[17.342s] Level 1:colcon.colcon_core.package_identification:_identify(src/origincar/3rdparty/tf2_tools) by extension 'ros'
[17.346s] DEBUG:colcon.colcon_core.package_identification:Package 'src/origincar/3rdparty/tf2_tools' with type 'ros.ament_python' and name 'tf2_tools'
[17.347s] Level 1:colcon.colcon_core.package_identification:_identify(src/origincar/origincar_base) by extensions ['ignore', 'ignore_ament_install']
[17.348s] Level 1:colcon.colcon_core.package_identification:_identify(src/origincar/origincar_base) by extension 'ignore'
[17.348s] Level 1:colcon.colcon_core.package_identification:_identify(src/origincar/origincar_base) by extension 'ignore_ament_install'
[17.349s] Level 1:colcon.colcon_core.package_identification:_identify(src/origincar/origincar_base) by extensions ['colcon_pkg']
[17.349s] Level 1:colcon.colcon_core.package_identification:_identify(src/origincar/origincar_base) by extension 'colcon_pkg'
[17.349s] Level 1:colcon.colcon_core.package_identification:_identify(src/origincar/origincar_base) by extensions ['colcon_meta']
[17.350s] Level 1:colcon.colcon_core.package_identification:_identify(src/origincar/origincar_base) by extension 'colcon_meta'
[17.350s] Level 1:colcon.colcon_core.package_identification:_identify(src/origincar/origincar_base) by extensions ['ros']
[17.350s] Level 1:colcon.colcon_core.package_identification:_identify(src/origincar/origincar_base) by extension 'ros'
[17.368s] DEBUG:colcon.colcon_core.package_identification:Package 'src/origincar/origincar_base' with type 'ros.ament_cmake' and name 'origincar_base'
[17.369s] Level 1:colcon.colcon_core.package_identification:_identify(src/origincar/origincar_bringup) by extensions ['ignore', 'ignore_ament_install']
[17.370s] Level 1:colcon.colcon_core.package_identification:_identify(src/origincar/origincar_bringup) by extension 'ignore'
[17.370s] Level 1:colcon.colcon_core.package_identification:_identify(src/origincar/origincar_bringup) by extension 'ignore_ament_install'
[17.370s] Level 1:colcon.colcon_core.package_identification:_identify(src/origincar/origincar_bringup) by extensions ['colcon_pkg']
[17.371s] Level 1:colcon.colcon_core.package_identification:_identify(src/origincar/origincar_bringup) by extension 'colcon_pkg'
[17.371s] Level 1:colcon.colcon_core.package_identification:_identify(src/origincar/origincar_bringup) by extensions ['colcon_meta']
[17.371s] Level 1:colcon.colcon_core.package_identification:_identify(src/origincar/origincar_bringup) by extension 'colcon_meta'
[17.372s] Level 1:colcon.colcon_core.package_identification:_identify(src/origincar/origincar_bringup) by extensions ['ros']
[17.372s] Level 1:colcon.colcon_core.package_identification:_identify(src/origincar/origincar_bringup) by extension 'ros'
[17.378s] DEBUG:colcon.colcon_core.package_identification:Package 'src/origincar/origincar_bringup' with type 'ros.ament_cmake' and name 'origincar_bringup'
[17.379s] Level 1:colcon.colcon_core.package_identification:_identify(src/origincar/origincar_description) by extensions ['ignore', 'ignore_ament_install']
[17.380s] Level 1:colcon.colcon_core.package_identification:_identify(src/origincar/origincar_description) by extension 'ignore'
[17.381s] Level 1:colcon.colcon_core.package_identification:_identify(src/origincar/origincar_description) by extension 'ignore_ament_install'
[17.381s] Level 1:colcon.colcon_core.package_identification:_identify(src/origincar/origincar_description) by extensions ['colcon_pkg']
[17.381s] Level 1:colcon.colcon_core.package_identification:_identify(src/origincar/origincar_description) by extension 'colcon_pkg'
[17.381s] Level 1:colcon.colcon_core.package_identification:_identify(src/origincar/origincar_description) by extensions ['colcon_meta']
[17.382s] Level 1:colcon.colcon_core.package_identification:_identify(src/origincar/origincar_description) by extension 'colcon_meta'
[17.382s] Level 1:colcon.colcon_core.package_identification:_identify(src/origincar/origincar_description) by extensions ['ros']
[17.382s] Level 1:colcon.colcon_core.package_identification:_identify(src/origincar/origincar_description) by extension 'ros'
[17.387s] DEBUG:colcon.colcon_core.package_identification:Package 'src/origincar/origincar_description' with type 'ros.ament_cmake' and name 'origincar_description'
[17.388s] Level 1:colcon.colcon_core.package_identification:_identify(src/origincar/origincar_msg) by extensions ['ignore', 'ignore_ament_install']
[17.389s] Level 1:colcon.colcon_core.package_identification:_identify(src/origincar/origincar_msg) by extension 'ignore'
[17.389s] Level 1:colcon.colcon_core.package_identification:_identify(src/origincar/origincar_msg) by extension 'ignore_ament_install'
[17.389s] Level 1:colcon.colcon_core.package_identification:_identify(src/origincar/origincar_msg) by extensions ['colcon_pkg']
[17.390s] Level 1:colcon.colcon_core.package_identification:_identify(src/origincar/origincar_msg) by extension 'colcon_pkg'
[17.390s] Level 1:colcon.colcon_core.package_identification:_identify(src/origincar/origincar_msg) by extensions ['colcon_meta']
[17.390s] Level 1:colcon.colcon_core.package_identification:_identify(src/origincar/origincar_msg) by extension 'colcon_meta'
[17.390s] Level 1:colcon.colcon_core.package_identification:_identify(src/origincar/origincar_msg) by extensions ['ros']
[17.391s] Level 1:colcon.colcon_core.package_identification:_identify(src/origincar/origincar_msg) by extension 'ros'
[17.394s] DEBUG:colcon.colcon_core.package_identification:Package 'src/origincar/origincar_msg' with type 'ros.ament_cmake' and name 'origincar_msg'
[17.395s] Level 1:colcon.colcon_core.package_discovery:discover_packages(recursive) using defaults
[17.395s] Level 1:colcon.colcon_core.package_discovery:discover_packages(ignore) discover
[17.395s] Level 1:colcon.colcon_core.package_discovery:discover_packages(ignore) using defaults
[17.396s] Level 1:colcon.colcon_core.package_discovery:discover_packages(path) discover
[17.396s] Level 1:colcon.colcon_core.package_discovery:discover_packages(path) using defaults
[18.867s] Level 1:colcon.colcon_core.package_discovery:discover_packages(prefix_path) check parameters
[18.868s] Level 1:colcon.colcon_core.package_discovery:discover_packages(prefix_path) discover
[19.476s] DEBUG:colcon.colcon_installed_package_information.package_discovery:Found 22 installed packages in /userdata/dev_ws/install
[19.789s] DEBUG:colcon.colcon_installed_package_information.package_discovery:Found 390 installed packages in /opt/tros
[20.085s] DEBUG:colcon.colcon_installed_package_information.package_discovery:Found 168 installed packages in /opt/ros/foxy
[20.135s] Level 1:colcon.colcon_core.package_discovery:discover_packages(prefix_path) using defaults
[21.064s] WARNING:colcon.colcon_core.package_selection:Some selected packages are already built in one or more underlay workspaces:
	'tf2_tools' is in: /opt/tros
	'serial' is in: /userdata/dev_ws/install/serial
If a package in a merged underlay workspace is overridden and it installs headers, then all packages in the overlay must sort their include directories by workspace order. Failure to do so may result in build failures or undefined behavior at run time.
If the overridden package is used by another package in any underlay, then the overriding package in the overlay must be API and ABI compatible or undefined behavior at run time may occur.

If you understand the risks and want to override a package anyways, add the following to the command line:
	--allow-overriding serial tf2_tools

This may be promoted to an error in a future release of colcon-override-check.
[21.341s] Level 5:colcon.colcon_core.verb:set package 'ackermann_msgs' build argument 'cmake_args' from command line to 'None'
[21.341s] Level 5:colcon.colcon_core.verb:set package 'ackermann_msgs' build argument 'cmake_target' from command line to 'None'
[21.341s] Level 5:colcon.colcon_core.verb:set package 'ackermann_msgs' build argument 'cmake_target_skip_unavailable' from command line to 'False'
[21.342s] Level 5:colcon.colcon_core.verb:set package 'ackermann_msgs' build argument 'cmake_clean_cache' from command line to 'False'
[21.342s] Level 5:colcon.colcon_core.verb:set package 'ackermann_msgs' build argument 'cmake_clean_first' from command line to 'False'
[21.342s] Level 5:colcon.colcon_core.verb:set package 'ackermann_msgs' build argument 'cmake_force_configure' from command line to 'False'
[21.342s] Level 5:colcon.colcon_core.verb:set package 'ackermann_msgs' build argument 'ament_cmake_args' from command line to 'None'
[21.342s] Level 5:colcon.colcon_core.verb:set package 'ackermann_msgs' build argument 'catkin_cmake_args' from command line to 'None'
[21.343s] Level 5:colcon.colcon_core.verb:set package 'ackermann_msgs' build argument 'catkin_skip_building_tests' from command line to 'False'
[21.343s] DEBUG:colcon.colcon_core.verb:Building package 'ackermann_msgs' with the following arguments: {'ament_cmake_args': None, 'build_base': '/root/dev_ws/build/ackermann_msgs', 'catkin_cmake_args': None, 'catkin_skip_building_tests': False, 'cmake_args': None, 'cmake_clean_cache': False, 'cmake_clean_first': False, 'cmake_force_configure': False, 'cmake_target': None, 'cmake_target_skip_unavailable': False, 'install_base': '/root/dev_ws/install/ackermann_msgs', 'merge_install': False, 'path': '/root/dev_ws/src/origincar/3rdparty/ackermann_msgs-ros2', 'symlink_install': False, 'test_result_base': None}
[21.612s] Level 5:colcon.colcon_core.verb:set package 'origincar_bringup' build argument 'cmake_args' from command line to 'None'
[21.613s] Level 5:colcon.colcon_core.verb:set package 'origincar_bringup' build argument 'cmake_target' from command line to 'None'
[21.613s] Level 5:colcon.colcon_core.verb:set package 'origincar_bringup' build argument 'cmake_target_skip_unavailable' from command line to 'False'
[21.613s] Level 5:colcon.colcon_core.verb:set package 'origincar_bringup' build argument 'cmake_clean_cache' from command line to 'False'
[21.614s] Level 5:colcon.colcon_core.verb:set package 'origincar_bringup' build argument 'cmake_clean_first' from command line to 'False'
[21.614s] Level 5:colcon.colcon_core.verb:set package 'origincar_bringup' build argument 'cmake_force_configure' from command line to 'False'
[21.614s] Level 5:colcon.colcon_core.verb:set package 'origincar_bringup' build argument 'ament_cmake_args' from command line to 'None'
[21.614s] Level 5:colcon.colcon_core.verb:set package 'origincar_bringup' build argument 'catkin_cmake_args' from command line to 'None'
[21.614s] Level 5:colcon.colcon_core.verb:set package 'origincar_bringup' build argument 'catkin_skip_building_tests' from command line to 'False'
[21.615s] DEBUG:colcon.colcon_core.verb:Building package 'origincar_bringup' with the following arguments: {'ament_cmake_args': None, 'build_base': '/root/dev_ws/build/origincar_bringup', 'catkin_cmake_args': None, 'catkin_skip_building_tests': False, 'cmake_args': None, 'cmake_clean_cache': False, 'cmake_clean_first': False, 'cmake_force_configure': False, 'cmake_target': None, 'cmake_target_skip_unavailable': False, 'install_base': '/root/dev_ws/install/origincar_bringup', 'merge_install': False, 'path': '/root/dev_ws/src/origincar/origincar_bringup', 'symlink_install': False, 'test_result_base': None}
[21.958s] Level 5:colcon.colcon_core.verb:set package 'origincar_description' build argument 'cmake_args' from command line to 'None'
[21.959s] Level 5:colcon.colcon_core.verb:set package 'origincar_description' build argument 'cmake_target' from command line to 'None'
[21.959s] Level 5:colcon.colcon_core.verb:set package 'origincar_description' build argument 'cmake_target_skip_unavailable' from command line to 'False'
[21.959s] Level 5:colcon.colcon_core.verb:set package 'origincar_description' build argument 'cmake_clean_cache' from command line to 'False'
[21.960s] Level 5:colcon.colcon_core.verb:set package 'origincar_description' build argument 'cmake_clean_first' from command line to 'False'
[21.960s] Level 5:colcon.colcon_core.verb:set package 'origincar_description' build argument 'cmake_force_configure' from command line to 'False'
[21.960s] Level 5:colcon.colcon_core.verb:set package 'origincar_description' build argument 'ament_cmake_args' from command line to 'None'
[21.960s] Level 5:colcon.colcon_core.verb:set package 'origincar_description' build argument 'catkin_cmake_args' from command line to 'None'
[21.960s] Level 5:colcon.colcon_core.verb:set package 'origincar_description' build argument 'catkin_skip_building_tests' from command line to 'False'
[21.961s] DEBUG:colcon.colcon_core.verb:Building package 'origincar_description' with the following arguments: {'ament_cmake_args': None, 'build_base': '/root/dev_ws/build/origincar_description', 'catkin_cmake_args': None, 'catkin_skip_building_tests': False, 'cmake_args': None, 'cmake_clean_cache': False, 'cmake_clean_first': False, 'cmake_force_configure': False, 'cmake_target': None, 'cmake_target_skip_unavailable': False, 'install_base': '/root/dev_ws/install/origincar_description', 'merge_install': False, 'path': '/root/dev_ws/src/origincar/origincar_description', 'symlink_install': False, 'test_result_base': None}
[22.227s] Level 5:colcon.colcon_core.verb:set package 'origincar_msg' build argument 'cmake_args' from command line to 'None'
[22.227s] Level 5:colcon.colcon_core.verb:set package 'origincar_msg' build argument 'cmake_target' from command line to 'None'
[22.227s] Level 5:colcon.colcon_core.verb:set package 'origincar_msg' build argument 'cmake_target_skip_unavailable' from command line to 'False'
[22.227s] Level 5:colcon.colcon_core.verb:set package 'origincar_msg' build argument 'cmake_clean_cache' from command line to 'False'
[22.228s] Level 5:colcon.colcon_core.verb:set package 'origincar_msg' build argument 'cmake_clean_first' from command line to 'False'
[22.228s] Level 5:colcon.colcon_core.verb:set package 'origincar_msg' build argument 'cmake_force_configure' from command line to 'False'
[22.228s] Level 5:colcon.colcon_core.verb:set package 'origincar_msg' build argument 'ament_cmake_args' from command line to 'None'
[22.228s] Level 5:colcon.colcon_core.verb:set package 'origincar_msg' build argument 'catkin_cmake_args' from command line to 'None'
[22.228s] Level 5:colcon.colcon_core.verb:set package 'origincar_msg' build argument 'catkin_skip_building_tests' from command line to 'False'
[22.229s] DEBUG:colcon.colcon_core.verb:Building package 'origincar_msg' with the following arguments: {'ament_cmake_args': None, 'build_base': '/root/dev_ws/build/origincar_msg', 'catkin_cmake_args': None, 'catkin_skip_building_tests': False, 'cmake_args': None, 'cmake_clean_cache': False, 'cmake_clean_first': False, 'cmake_force_configure': False, 'cmake_target': None, 'cmake_target_skip_unavailable': False, 'install_base': '/root/dev_ws/install/origincar_msg', 'merge_install': False, 'path': '/root/dev_ws/src/origincar/origincar_msg', 'symlink_install': False, 'test_result_base': None}
[22.497s] Level 5:colcon.colcon_core.verb:set package 'serial' build argument 'cmake_args' from command line to 'None'
[22.497s] Level 5:colcon.colcon_core.verb:set package 'serial' build argument 'cmake_target' from command line to 'None'
[22.498s] Level 5:colcon.colcon_core.verb:set package 'serial' build argument 'cmake_target_skip_unavailable' from command line to 'False'
[22.498s] Level 5:colcon.colcon_core.verb:set package 'serial' build argument 'cmake_clean_cache' from command line to 'False'
[22.498s] Level 5:colcon.colcon_core.verb:set package 'serial' build argument 'cmake_clean_first' from command line to 'False'
[22.498s] Level 5:colcon.colcon_core.verb:set package 'serial' build argument 'cmake_force_configure' from command line to 'False'
[22.498s] Level 5:colcon.colcon_core.verb:set package 'serial' build argument 'ament_cmake_args' from command line to 'None'
[22.499s] Level 5:colcon.colcon_core.verb:set package 'serial' build argument 'catkin_cmake_args' from command line to 'None'
[22.499s] Level 5:colcon.colcon_core.verb:set package 'serial' build argument 'catkin_skip_building_tests' from command line to 'False'
[22.499s] DEBUG:colcon.colcon_core.verb:Building package 'serial' with the following arguments: {'ament_cmake_args': None, 'build_base': '/root/dev_ws/build/serial', 'catkin_cmake_args': None, 'catkin_skip_building_tests': False, 'cmake_args': None, 'cmake_clean_cache': False, 'cmake_clean_first': False, 'cmake_force_configure': False, 'cmake_target': None, 'cmake_target_skip_unavailable': False, 'install_base': '/root/dev_ws/install/serial', 'merge_install': False, 'path': '/root/dev_ws/src/origincar/3rdparty/serial_ros2', 'symlink_install': False, 'test_result_base': None}
[22.763s] Level 5:colcon.colcon_core.verb:set package 'tf2_tools' build argument 'cmake_args' from command line to 'None'
[22.764s] Level 5:colcon.colcon_core.verb:set package 'tf2_tools' build argument 'cmake_target' from command line to 'None'
[22.764s] Level 5:colcon.colcon_core.verb:set package 'tf2_tools' build argument 'cmake_target_skip_unavailable' from command line to 'False'
[22.764s] Level 5:colcon.colcon_core.verb:set package 'tf2_tools' build argument 'cmake_clean_cache' from command line to 'False'
[22.764s] Level 5:colcon.colcon_core.verb:set package 'tf2_tools' build argument 'cmake_clean_first' from command line to 'False'
[22.765s] Level 5:colcon.colcon_core.verb:set package 'tf2_tools' build argument 'cmake_force_configure' from command line to 'False'
[22.765s] Level 5:colcon.colcon_core.verb:set package 'tf2_tools' build argument 'ament_cmake_args' from command line to 'None'
[22.765s] Level 5:colcon.colcon_core.verb:set package 'tf2_tools' build argument 'catkin_cmake_args' from command line to 'None'
[22.765s] Level 5:colcon.colcon_core.verb:set package 'tf2_tools' build argument 'catkin_skip_building_tests' from command line to 'False'
[22.766s] DEBUG:colcon.colcon_core.verb:Building package 'tf2_tools' with the following arguments: {'ament_cmake_args': None, 'build_base': '/root/dev_ws/build/tf2_tools', 'catkin_cmake_args': None, 'catkin_skip_building_tests': False, 'cmake_args': None, 'cmake_clean_cache': False, 'cmake_clean_first': False, 'cmake_force_configure': False, 'cmake_target': None, 'cmake_target_skip_unavailable': False, 'install_base': '/root/dev_ws/install/tf2_tools', 'merge_install': False, 'path': '/root/dev_ws/src/origincar/3rdparty/tf2_tools', 'symlink_install': False, 'test_result_base': None}
[23.032s] Level 5:colcon.colcon_core.verb:set package 'origincar_base' build argument 'cmake_args' from command line to 'None'
[23.032s] Level 5:colcon.colcon_core.verb:set package 'origincar_base' build argument 'cmake_target' from command line to 'None'
[23.032s] Level 5:colcon.colcon_core.verb:set package 'origincar_base' build argument 'cmake_target_skip_unavailable' from command line to 'False'
[23.032s] Level 5:colcon.colcon_core.verb:set package 'origincar_base' build argument 'cmake_clean_cache' from command line to 'False'
[23.033s] Level 5:colcon.colcon_core.verb:set package 'origincar_base' build argument 'cmake_clean_first' from command line to 'False'
[23.033s] Level 5:colcon.colcon_core.verb:set package 'origincar_base' build argument 'cmake_force_configure' from command line to 'False'
[23.033s] Level 5:colcon.colcon_core.verb:set package 'origincar_base' build argument 'ament_cmake_args' from command line to 'None'
[23.033s] Level 5:colcon.colcon_core.verb:set package 'origincar_base' build argument 'catkin_cmake_args' from command line to 'None'
[23.033s] Level 5:colcon.colcon_core.verb:set package 'origincar_base' build argument 'catkin_skip_building_tests' from command line to 'False'
[23.034s] DEBUG:colcon.colcon_core.verb:Building package 'origincar_base' with the following arguments: {'ament_cmake_args': None, 'build_base': '/root/dev_ws/build/origincar_base', 'catkin_cmake_args': None, 'catkin_skip_building_tests': False, 'cmake_args': None, 'cmake_clean_cache': False, 'cmake_clean_first': False, 'cmake_force_configure': False, 'cmake_target': None, 'cmake_target_skip_unavailable': False, 'install_base': '/root/dev_ws/install/origincar_base', 'merge_install': False, 'path': '/root/dev_ws/src/origincar/origincar_base', 'symlink_install': False, 'test_result_base': None}
[23.297s] INFO:colcon.colcon_core.executor:Executing jobs using 'parallel' executor
[23.566s] DEBUG:colcon.colcon_parallel_executor.executor.parallel:run_until_complete
[23.572s] INFO:colcon.colcon_ros.task.ament_cmake.build:Building ROS package in '/root/dev_ws/src/origincar/3rdparty/ackermann_msgs-ros2' with build type 'ament_cmake'
[23.573s] INFO:colcon.colcon_cmake.task.cmake.build:Building CMake package in '/root/dev_ws/src/origincar/3rdparty/ackermann_msgs-ros2'
[23.860s] INFO:colcon.colcon_core.plugin_system:Skipping extension 'colcon_core.shell.bat': Not used on non-Windows systems
[23.861s] INFO:colcon.colcon_core.shell:Skip shell extension 'powershell' for command environment: Not usable outside of PowerShell
[23.862s] DEBUG:colcon.colcon_core.shell:Skip shell extension 'dsv' for command environment
[25.120s] INFO:colcon.colcon_ros.task.ament_cmake.build:Building ROS package in '/root/dev_ws/src/origincar/origincar_description' with build type 'ament_cmake'
[25.121s] INFO:colcon.colcon_cmake.task.cmake.build:Building CMake package in '/root/dev_ws/src/origincar/origincar_description'
[25.401s] INFO:colcon.colcon_core.shell:Skip shell extension 'powershell' for command environment: Not usable outside of PowerShell
[25.401s] DEBUG:colcon.colcon_core.shell:Skip shell extension 'dsv' for command environment
[26.584s] INFO:colcon.colcon_ros.task.ament_cmake.build:Building ROS package in '/root/dev_ws/src/origincar/origincar_msg' with build type 'ament_cmake'
[26.585s] INFO:colcon.colcon_cmake.task.cmake.build:Building CMake package in '/root/dev_ws/src/origincar/origincar_msg'
[26.865s] INFO:colcon.colcon_core.shell:Skip shell extension 'powershell' for command environment: Not usable outside of PowerShell
[26.866s] DEBUG:colcon.colcon_core.shell:Skip shell extension 'dsv' for command environment
[28.135s] INFO:colcon.colcon_ros.task.ament_cmake.build:Building ROS package in '/root/dev_ws/src/origincar/3rdparty/serial_ros2' with build type 'ament_cmake'
[28.137s] INFO:colcon.colcon_cmake.task.cmake.build:Building CMake package in '/root/dev_ws/src/origincar/3rdparty/serial_ros2'
[28.417s] INFO:colcon.colcon_core.shell:Skip shell extension 'powershell' for command environment: Not usable outside of PowerShell
[28.418s] DEBUG:colcon.colcon_core.shell:Skip shell extension 'dsv' for command environment
[29.618s] DEBUG:colcon.colcon_core.event_handler.log_command:Invoking command in '/root/dev_ws/build/ackermann_msgs': CMAKE_PREFIX_PATH=${CMAKE_PREFIX_PATH}:/userdata/dev_ws/install/qr_code_detection:/userdata/dev_ws/install/qr_code_control:/userdata/dev_ws/install/originbot_linefollower:/userdata/dev_ws/install/originbot_demo:/opt/ros/foxy /usr/bin/cmake --build /root/dev_ws/build/ackermann_msgs -- -j4 -l4
[29.649s] DEBUG:colcon.colcon_core.event_handler.log_command:Invoking command in '/root/dev_ws/build/origincar_description': CMAKE_PREFIX_PATH=${CMAKE_PREFIX_PATH}:/userdata/dev_ws/install/qr_code_detection:/userdata/dev_ws/install/qr_code_control:/userdata/dev_ws/install/originbot_linefollower:/userdata/dev_ws/install/originbot_demo:/opt/ros/foxy /usr/bin/cmake /root/dev_ws/src/origincar/origincar_description -DCMAKE_INSTALL_PREFIX=/root/dev_ws/install/origincar_description
[29.676s] DEBUG:colcon.colcon_core.event_handler.log_command:Invoking command in '/root/dev_ws/build/origincar_msg': CMAKE_PREFIX_PATH=${CMAKE_PREFIX_PATH}:/userdata/dev_ws/install/qr_code_detection:/userdata/dev_ws/install/qr_code_control:/userdata/dev_ws/install/originbot_linefollower:/userdata/dev_ws/install/originbot_demo:/opt/ros/foxy /usr/bin/cmake --build /root/dev_ws/build/origincar_msg -- -j4 -l4
[29.698s] DEBUG:colcon.colcon_core.event_handler.log_command:Invoking command in '/root/dev_ws/build/serial': CMAKE_PREFIX_PATH=${CMAKE_PREFIX_PATH}:/userdata/dev_ws/install/qr_code_detection:/userdata/dev_ws/install/qr_code_control:/userdata/dev_ws/install/originbot_linefollower:/userdata/dev_ws/install/originbot_demo:/opt/ros/foxy /usr/bin/cmake --build /root/dev_ws/build/serial -- -j4 -l4
[30.243s] DEBUG:colcon.colcon_core.event_handler.log_command:Invoked command in '/root/dev_ws/build/serial' returned '0': CMAKE_PREFIX_PATH=${CMAKE_PREFIX_PATH}:/userdata/dev_ws/install/qr_code_detection:/userdata/dev_ws/install/qr_code_control:/userdata/dev_ws/install/originbot_linefollower:/userdata/dev_ws/install/originbot_demo:/opt/ros/foxy /usr/bin/cmake --build /root/dev_ws/build/serial -- -j4 -l4
[30.749s] DEBUG:colcon.colcon_core.event_handler.log_command:Invoking command in '/root/dev_ws/build/serial': CMAKE_PREFIX_PATH=${CMAKE_PREFIX_PATH}:/userdata/dev_ws/install/qr_code_detection:/userdata/dev_ws/install/qr_code_control:/userdata/dev_ws/install/originbot_linefollower:/userdata/dev_ws/install/originbot_demo:/opt/ros/foxy /usr/bin/cmake --install /root/dev_ws/build/serial
[30.863s] Level 1:colcon.colcon_core.environment:create_environment_scripts_only(serial)
[30.906s] DEBUG:colcon.colcon_core.event_handler.log_command:Invoked command in '/root/dev_ws/build/serial' returned '0': CMAKE_PREFIX_PATH=${CMAKE_PREFIX_PATH}:/userdata/dev_ws/install/qr_code_detection:/userdata/dev_ws/install/qr_code_control:/userdata/dev_ws/install/originbot_linefollower:/userdata/dev_ws/install/originbot_demo:/opt/ros/foxy /usr/bin/cmake --install /root/dev_ws/build/serial
[31.356s] Level 1:colcon.colcon_core.environment:checking '/root/dev_ws/install/serial' for CMake module files
[31.360s] Level 1:colcon.colcon_core.environment:checking '/root/dev_ws/install/serial' for CMake config files
[31.362s] Level 1:colcon.colcon_core.shell:create_environment_hook('serial', 'cmake_prefix_path')
[31.772s] INFO:colcon.colcon_core.shell:Creating environment hook '/root/dev_ws/install/serial/share/serial/hook/cmake_prefix_path.ps1'
[31.777s] INFO:colcon.colcon_core.shell:Creating environment descriptor '/root/dev_ws/install/serial/share/serial/hook/cmake_prefix_path.dsv'
[31.781s] INFO:colcon.colcon_core.shell:Creating environment hook '/root/dev_ws/install/serial/share/serial/hook/cmake_prefix_path.sh'
[31.790s] Level 1:colcon.colcon_core.environment:checking '/root/dev_ws/install/serial/lib'
[31.791s] Level 1:colcon.colcon_core.environment:checking '/root/dev_ws/install/serial/bin'
[31.792s] Level 1:colcon.colcon_core.environment:checking '/root/dev_ws/install/serial/lib/pkgconfig/serial.pc'
[31.794s] Level 1:colcon.colcon_core.environment:checking '/root/dev_ws/install/serial/lib/python3.8/site-packages'
[31.797s] Level 1:colcon.colcon_core.environment:checking '/root/dev_ws/install/serial/bin'
[32.138s] INFO:colcon.colcon_core.shell:Creating package script '/root/dev_ws/install/serial/share/serial/package.ps1'
[32.144s] INFO:colcon.colcon_core.shell:Creating package descriptor '/root/dev_ws/install/serial/share/serial/package.dsv'
[32.149s] INFO:colcon.colcon_core.shell:Creating package script '/root/dev_ws/install/serial/share/serial/package.sh'
[32.155s] INFO:colcon.colcon_core.shell:Creating package script '/root/dev_ws/install/serial/share/serial/package.bash'
[32.162s] INFO:colcon.colcon_core.shell:Creating package script '/root/dev_ws/install/serial/share/serial/package.zsh'
[32.168s] Level 1:colcon.colcon_core.environment:create_file_with_runtime_dependencies(/root/dev_ws/install/serial/share/colcon-core/packages/serial)
[32.191s] DEBUG:colcon.colcon_core.event_handler.log_command:Invoked command in '/root/dev_ws/build/origincar_msg' returned '0': CMAKE_PREFIX_PATH=${CMAKE_PREFIX_PATH}:/userdata/dev_ws/install/qr_code_detection:/userdata/dev_ws/install/qr_code_control:/userdata/dev_ws/install/originbot_linefollower:/userdata/dev_ws/install/originbot_demo:/opt/ros/foxy /usr/bin/cmake --build /root/dev_ws/build/origincar_msg -- -j4 -l4
[32.212s] DEBUG:colcon.colcon_core.event_handler.log_command:Invoked command in '/root/dev_ws/build/ackermann_msgs' returned '0': CMAKE_PREFIX_PATH=${CMAKE_PREFIX_PATH}:/userdata/dev_ws/install/qr_code_detection:/userdata/dev_ws/install/qr_code_control:/userdata/dev_ws/install/originbot_linefollower:/userdata/dev_ws/install/originbot_demo:/opt/ros/foxy /usr/bin/cmake --build /root/dev_ws/build/ackermann_msgs -- -j4 -l4
[32.714s] Level 1:colcon.colcon_core.environment:create_environment_scripts_only(serial)
[33.055s] Level 1:colcon.colcon_core.environment:checking '/root/dev_ws/install/serial' for CMake module files
[33.059s] Level 1:colcon.colcon_core.environment:checking '/root/dev_ws/install/serial' for CMake config files
[33.060s] Level 1:colcon.colcon_core.shell:create_environment_hook('serial', 'cmake_prefix_path')
[33.437s] INFO:colcon.colcon_core.shell:Creating environment hook '/root/dev_ws/install/serial/share/serial/hook/cmake_prefix_path.ps1'
[33.441s] INFO:colcon.colcon_core.shell:Creating environment descriptor '/root/dev_ws/install/serial/share/serial/hook/cmake_prefix_path.dsv'
[33.444s] INFO:colcon.colcon_core.shell:Creating environment hook '/root/dev_ws/install/serial/share/serial/hook/cmake_prefix_path.sh'
[33.448s] Level 1:colcon.colcon_core.environment:checking '/root/dev_ws/install/serial/lib'
[33.449s] Level 1:colcon.colcon_core.environment:checking '/root/dev_ws/install/serial/bin'
[33.450s] Level 1:colcon.colcon_core.environment:checking '/root/dev_ws/install/serial/lib/pkgconfig/serial.pc'
[33.452s] Level 1:colcon.colcon_core.environment:checking '/root/dev_ws/install/serial/lib/python3.8/site-packages'
[33.454s] Level 1:colcon.colcon_core.environment:checking '/root/dev_ws/install/serial/bin'
[33.806s] INFO:colcon.colcon_core.shell:Creating package script '/root/dev_ws/install/serial/share/serial/package.ps1'
[33.810s] INFO:colcon.colcon_core.shell:Creating package descriptor '/root/dev_ws/install/serial/share/serial/package.dsv'
[33.813s] INFO:colcon.colcon_core.shell:Creating package script '/root/dev_ws/install/serial/share/serial/package.sh'
[33.817s] INFO:colcon.colcon_core.shell:Creating package script '/root/dev_ws/install/serial/share/serial/package.bash'
[33.820s] INFO:colcon.colcon_core.shell:Creating package script '/root/dev_ws/install/serial/share/serial/package.zsh'
[33.823s] Level 1:colcon.colcon_core.environment:create_file_with_runtime_dependencies(/root/dev_ws/install/serial/share/colcon-core/packages/serial)
[33.829s] INFO:colcon.colcon_ros.task.ament_cmake.build:Building ROS package in '/root/dev_ws/src/origincar/origincar_bringup' with build type 'ament_cmake'
[33.830s] INFO:colcon.colcon_cmake.task.cmake.build:Building CMake package in '/root/dev_ws/src/origincar/origincar_bringup'
[34.148s] INFO:colcon.colcon_core.shell:Skip shell extension 'powershell' for command environment: Not usable outside of PowerShell
[34.148s] DEBUG:colcon.colcon_core.shell:Skip shell extension 'dsv' for command environment
[35.565s] DEBUG:colcon.colcon_core.event_handler.log_command:Invoking command in '/root/dev_ws/build/ackermann_msgs': CMAKE_PREFIX_PATH=${CMAKE_PREFIX_PATH}:/userdata/dev_ws/install/qr_code_detection:/userdata/dev_ws/install/qr_code_control:/userdata/dev_ws/install/originbot_linefollower:/userdata/dev_ws/install/originbot_demo:/opt/ros/foxy /usr/bin/cmake --install /root/dev_ws/build/ackermann_msgs
[35.583s] DEBUG:colcon.colcon_core.event_handler.log_command:Invoking command in '/root/dev_ws/build/origincar_msg': CMAKE_PREFIX_PATH=${CMAKE_PREFIX_PATH}:/userdata/dev_ws/install/qr_code_detection:/userdata/dev_ws/install/qr_code_control:/userdata/dev_ws/install/originbot_linefollower:/userdata/dev_ws/install/originbot_demo:/opt/ros/foxy /usr/bin/cmake --install /root/dev_ws/build/origincar_msg
[35.614s] DEBUG:colcon.colcon_core.event_handler.log_command:Invoking command in '/root/dev_ws/build/origincar_bringup': CMAKE_PREFIX_PATH=${CMAKE_PREFIX_PATH}:/userdata/dev_ws/install/qr_code_detection:/userdata/dev_ws/install/qr_code_control:/userdata/dev_ws/install/originbot_linefollower:/userdata/dev_ws/install/originbot_demo:/opt/ros/foxy /usr/bin/cmake --build /root/dev_ws/build/origincar_bringup -- -j4 -l4
[35.886s] DEBUG:colcon.colcon_core.event_handler.log_command:Invoked command in '/root/dev_ws/build/origincar_description' returned '0': CMAKE_PREFIX_PATH=${CMAKE_PREFIX_PATH}:/userdata/dev_ws/install/qr_code_detection:/userdata/dev_ws/install/qr_code_control:/userdata/dev_ws/install/originbot_linefollower:/userdata/dev_ws/install/originbot_demo:/opt/ros/foxy /usr/bin/cmake /root/dev_ws/src/origincar/origincar_description -DCMAKE_INSTALL_PREFIX=/root/dev_ws/install/origincar_description
[35.889s] DEBUG:colcon.colcon_core.event_handler.log_command:Invoking command in '/root/dev_ws/build/origincar_description': CMAKE_PREFIX_PATH=${CMAKE_PREFIX_PATH}:/userdata/dev_ws/install/qr_code_detection:/userdata/dev_ws/install/qr_code_control:/userdata/dev_ws/install/originbot_linefollower:/userdata/dev_ws/install/originbot_demo:/opt/ros/foxy /usr/bin/cmake --build /root/dev_ws/build/origincar_description -- -j4 -l4
[35.917s] DEBUG:colcon.colcon_core.event_handler.log_command:Invoked command in '/root/dev_ws/build/origincar_bringup' returned '0': CMAKE_PREFIX_PATH=${CMAKE_PREFIX_PATH}:/userdata/dev_ws/install/qr_code_detection:/userdata/dev_ws/install/qr_code_control:/userdata/dev_ws/install/originbot_linefollower:/userdata/dev_ws/install/originbot_demo:/opt/ros/foxy /usr/bin/cmake --build /root/dev_ws/build/origincar_bringup -- -j4 -l4
[36.049s] Level 1:colcon.colcon_core.environment:create_environment_scripts_only(ackermann_msgs)
[36.097s] DEBUG:colcon.colcon_core.event_handler.log_command:Invoked command in '/root/dev_ws/build/ackermann_msgs' returned '0': CMAKE_PREFIX_PATH=${CMAKE_PREFIX_PATH}:/userdata/dev_ws/install/qr_code_detection:/userdata/dev_ws/install/qr_code_control:/userdata/dev_ws/install/originbot_linefollower:/userdata/dev_ws/install/originbot_demo:/opt/ros/foxy /usr/bin/cmake --install /root/dev_ws/build/ackermann_msgs
[36.571s] Level 1:colcon.colcon_core.environment:checking '/root/dev_ws/install/ackermann_msgs' for CMake module files
[36.576s] Level 1:colcon.colcon_core.environment:checking '/root/dev_ws/install/ackermann_msgs' for CMake config files
[36.578s] Level 1:colcon.colcon_core.shell:create_environment_hook('ackermann_msgs', 'cmake_prefix_path')
[36.850s] INFO:colcon.colcon_core.shell:Creating environment hook '/root/dev_ws/install/ackermann_msgs/share/ackermann_msgs/hook/cmake_prefix_path.ps1'
[36.853s] INFO:colcon.colcon_core.shell:Creating environment descriptor '/root/dev_ws/install/ackermann_msgs/share/ackermann_msgs/hook/cmake_prefix_path.dsv'
[36.855s] INFO:colcon.colcon_core.shell:Creating environment hook '/root/dev_ws/install/ackermann_msgs/share/ackermann_msgs/hook/cmake_prefix_path.sh'
[36.859s] Level 1:colcon.colcon_core.environment:checking '/root/dev_ws/install/ackermann_msgs/lib'
[36.860s] Level 1:colcon.colcon_core.shell:create_environment_hook('ackermann_msgs', 'ld_library_path_lib')
[37.133s] INFO:colcon.colcon_core.shell:Creating environment hook '/root/dev_ws/install/ackermann_msgs/share/ackermann_msgs/hook/ld_library_path_lib.ps1'
[37.135s] INFO:colcon.colcon_core.shell:Creating environment descriptor '/root/dev_ws/install/ackermann_msgs/share/ackermann_msgs/hook/ld_library_path_lib.dsv'
[37.137s] INFO:colcon.colcon_core.shell:Creating environment hook '/root/dev_ws/install/ackermann_msgs/share/ackermann_msgs/hook/ld_library_path_lib.sh'
[37.140s] Level 1:colcon.colcon_core.environment:checking '/root/dev_ws/install/ackermann_msgs/bin'
[37.140s] Level 1:colcon.colcon_core.environment:checking '/root/dev_ws/install/ackermann_msgs/lib/pkgconfig/ackermann_msgs.pc'
[37.142s] Level 1:colcon.colcon_core.environment:checking '/root/dev_ws/install/ackermann_msgs/lib/python3.8/site-packages'
[37.143s] Level 1:colcon.colcon_core.shell:create_environment_hook('ackermann_msgs', 'pythonpath')
[37.419s] INFO:colcon.colcon_core.shell:Creating environment hook '/root/dev_ws/install/ackermann_msgs/share/ackermann_msgs/hook/pythonpath.ps1'
[37.421s] INFO:colcon.colcon_core.shell:Creating environment descriptor '/root/dev_ws/install/ackermann_msgs/share/ackermann_msgs/hook/pythonpath.dsv'
[37.424s] INFO:colcon.colcon_core.shell:Creating environment hook '/root/dev_ws/install/ackermann_msgs/share/ackermann_msgs/hook/pythonpath.sh'
[37.428s] Level 1:colcon.colcon_core.environment:checking '/root/dev_ws/install/ackermann_msgs/bin'
[37.735s] INFO:colcon.colcon_core.shell:Creating package script '/root/dev_ws/install/ackermann_msgs/share/ackermann_msgs/package.ps1'
[37.739s] INFO:colcon.colcon_core.shell:Creating package descriptor '/root/dev_ws/install/ackermann_msgs/share/ackermann_msgs/package.dsv'
[37.742s] INFO:colcon.colcon_core.shell:Creating package script '/root/dev_ws/install/ackermann_msgs/share/ackermann_msgs/package.sh'
[37.746s] INFO:colcon.colcon_core.shell:Creating package script '/root/dev_ws/install/ackermann_msgs/share/ackermann_msgs/package.bash'
[37.748s] INFO:colcon.colcon_core.shell:Creating package script '/root/dev_ws/install/ackermann_msgs/share/ackermann_msgs/package.zsh'
[37.750s] Level 1:colcon.colcon_core.environment:create_file_with_runtime_dependencies(/root/dev_ws/install/ackermann_msgs/share/colcon-core/packages/ackermann_msgs)
[37.771s] Level 1:colcon.colcon_core.environment:create_environment_scripts_only(origincar_msg)
[37.774s] DEBUG:colcon.colcon_core.event_handler.log_command:Invoked command in '/root/dev_ws/build/origincar_msg' returned '0': CMAKE_PREFIX_PATH=${CMAKE_PREFIX_PATH}:/userdata/dev_ws/install/qr_code_detection:/userdata/dev_ws/install/qr_code_control:/userdata/dev_ws/install/originbot_linefollower:/userdata/dev_ws/install/originbot_demo:/opt/ros/foxy /usr/bin/cmake --install /root/dev_ws/build/origincar_msg
[38.095s] Level 1:colcon.colcon_core.environment:checking '/root/dev_ws/install/origincar_msg' for CMake module files
[38.100s] Level 1:colcon.colcon_core.environment:checking '/root/dev_ws/install/origincar_msg' for CMake config files
[38.103s] Level 1:colcon.colcon_core.shell:create_environment_hook('origincar_msg', 'cmake_prefix_path')
[38.377s] INFO:colcon.colcon_core.shell:Creating environment hook '/root/dev_ws/install/origincar_msg/share/origincar_msg/hook/cmake_prefix_path.ps1'
[38.380s] INFO:colcon.colcon_core.shell:Creating environment descriptor '/root/dev_ws/install/origincar_msg/share/origincar_msg/hook/cmake_prefix_path.dsv'
[38.382s] INFO:colcon.colcon_core.shell:Creating environment hook '/root/dev_ws/install/origincar_msg/share/origincar_msg/hook/cmake_prefix_path.sh'
[38.386s] Level 1:colcon.colcon_core.environment:checking '/root/dev_ws/install/origincar_msg/lib'
[38.386s] Level 1:colcon.colcon_core.shell:create_environment_hook('origincar_msg', 'ld_library_path_lib')
[38.663s] INFO:colcon.colcon_core.shell:Creating environment hook '/root/dev_ws/install/origincar_msg/share/origincar_msg/hook/ld_library_path_lib.ps1'
[38.666s] INFO:colcon.colcon_core.shell:Creating environment descriptor '/root/dev_ws/install/origincar_msg/share/origincar_msg/hook/ld_library_path_lib.dsv'
[38.668s] INFO:colcon.colcon_core.shell:Creating environment hook '/root/dev_ws/install/origincar_msg/share/origincar_msg/hook/ld_library_path_lib.sh'
[38.670s] Level 1:colcon.colcon_core.environment:checking '/root/dev_ws/install/origincar_msg/bin'
[38.671s] Level 1:colcon.colcon_core.environment:checking '/root/dev_ws/install/origincar_msg/lib/pkgconfig/origincar_msg.pc'
[38.672s] Level 1:colcon.colcon_core.environment:checking '/root/dev_ws/install/origincar_msg/lib/python3.8/site-packages'
[38.673s] Level 1:colcon.colcon_core.shell:create_environment_hook('origincar_msg', 'pythonpath')
[38.956s] INFO:colcon.colcon_core.shell:Creating environment hook '/root/dev_ws/install/origincar_msg/share/origincar_msg/hook/pythonpath.ps1'
[38.959s] INFO:colcon.colcon_core.shell:Creating environment descriptor '/root/dev_ws/install/origincar_msg/share/origincar_msg/hook/pythonpath.dsv'
[38.961s] INFO:colcon.colcon_core.shell:Creating environment hook '/root/dev_ws/install/origincar_msg/share/origincar_msg/hook/pythonpath.sh'
[38.965s] Level 1:colcon.colcon_core.environment:checking '/root/dev_ws/install/origincar_msg/bin'
[39.323s] INFO:colcon.colcon_core.shell:Creating package script '/root/dev_ws/install/origincar_msg/share/origincar_msg/package.ps1'
[39.327s] INFO:colcon.colcon_core.shell:Creating package descriptor '/root/dev_ws/install/origincar_msg/share/origincar_msg/package.dsv'
[39.330s] INFO:colcon.colcon_core.shell:Creating package script '/root/dev_ws/install/origincar_msg/share/origincar_msg/package.sh'
[39.333s] INFO:colcon.colcon_core.shell:Creating package script '/root/dev_ws/install/origincar_msg/share/origincar_msg/package.bash'
[39.336s] INFO:colcon.colcon_core.shell:Creating package script '/root/dev_ws/install/origincar_msg/share/origincar_msg/package.zsh'
[39.339s] Level 1:colcon.colcon_core.environment:create_file_with_runtime_dependencies(/root/dev_ws/install/origincar_msg/share/colcon-core/packages/origincar_msg)
[39.356s] DEBUG:colcon.colcon_core.event_handler.log_command:Invoked command in '/root/dev_ws/build/origincar_description' returned '0': CMAKE_PREFIX_PATH=${CMAKE_PREFIX_PATH}:/userdata/dev_ws/install/qr_code_detection:/userdata/dev_ws/install/qr_code_control:/userdata/dev_ws/install/originbot_linefollower:/userdata/dev_ws/install/originbot_demo:/opt/ros/foxy /usr/bin/cmake --build /root/dev_ws/build/origincar_description -- -j4 -l4
[39.383s] DEBUG:colcon.colcon_core.event_handler.log_command:Invoking command in '/root/dev_ws/build/origincar_bringup': CMAKE_PREFIX_PATH=${CMAKE_PREFIX_PATH}:/userdata/dev_ws/install/qr_code_detection:/userdata/dev_ws/install/qr_code_control:/userdata/dev_ws/install/originbot_linefollower:/userdata/dev_ws/install/originbot_demo:/opt/ros/foxy /usr/bin/cmake --install /root/dev_ws/build/origincar_bringup
[39.748s] Level 1:colcon.colcon_core.environment:create_environment_scripts_only(ackermann_msgs)
[40.025s] Level 1:colcon.colcon_core.environment:checking '/root/dev_ws/install/ackermann_msgs' for CMake module files
[40.030s] Level 1:colcon.colcon_core.environment:checking '/root/dev_ws/install/ackermann_msgs' for CMake config files
[40.032s] Level 1:colcon.colcon_core.shell:create_environment_hook('ackermann_msgs', 'cmake_prefix_path')
[40.310s] INFO:colcon.colcon_core.shell:Creating environment hook '/root/dev_ws/install/ackermann_msgs/share/ackermann_msgs/hook/cmake_prefix_path.ps1'
[40.312s] INFO:colcon.colcon_core.shell:Creating environment descriptor '/root/dev_ws/install/ackermann_msgs/share/ackermann_msgs/hook/cmake_prefix_path.dsv'
[40.314s] INFO:colcon.colcon_core.shell:Creating environment hook '/root/dev_ws/install/ackermann_msgs/share/ackermann_msgs/hook/cmake_prefix_path.sh'
[40.318s] Level 1:colcon.colcon_core.environment:checking '/root/dev_ws/install/ackermann_msgs/lib'
[40.318s] Level 1:colcon.colcon_core.shell:create_environment_hook('ackermann_msgs', 'ld_library_path_lib')
[40.594s] INFO:colcon.colcon_core.shell:Creating environment hook '/root/dev_ws/install/ackermann_msgs/share/ackermann_msgs/hook/ld_library_path_lib.ps1'
[40.597s] INFO:colcon.colcon_core.shell:Creating environment descriptor '/root/dev_ws/install/ackermann_msgs/share/ackermann_msgs/hook/ld_library_path_lib.dsv'
[40.599s] INFO:colcon.colcon_core.shell:Creating environment hook '/root/dev_ws/install/ackermann_msgs/share/ackermann_msgs/hook/ld_library_path_lib.sh'
[40.601s] Level 1:colcon.colcon_core.environment:checking '/root/dev_ws/install/ackermann_msgs/bin'
[40.602s] Level 1:colcon.colcon_core.environment:checking '/root/dev_ws/install/ackermann_msgs/lib/pkgconfig/ackermann_msgs.pc'
[40.604s] Level 1:colcon.colcon_core.environment:checking '/root/dev_ws/install/ackermann_msgs/lib/python3.8/site-packages'
[40.604s] Level 1:colcon.colcon_core.shell:create_environment_hook('ackermann_msgs', 'pythonpath')
[40.879s] INFO:colcon.colcon_core.shell:Creating environment hook '/root/dev_ws/install/ackermann_msgs/share/ackermann_msgs/hook/pythonpath.ps1'
[40.882s] INFO:colcon.colcon_core.shell:Creating environment descriptor '/root/dev_ws/install/ackermann_msgs/share/ackermann_msgs/hook/pythonpath.dsv'
[40.885s] INFO:colcon.colcon_core.shell:Creating environment hook '/root/dev_ws/install/ackermann_msgs/share/ackermann_msgs/hook/pythonpath.sh'
[40.889s] Level 1:colcon.colcon_core.environment:checking '/root/dev_ws/install/ackermann_msgs/bin'
[41.169s] INFO:colcon.colcon_core.shell:Creating package script '/root/dev_ws/install/ackermann_msgs/share/ackermann_msgs/package.ps1'
[41.173s] INFO:colcon.colcon_core.shell:Creating package descriptor '/root/dev_ws/install/ackermann_msgs/share/ackermann_msgs/package.dsv'
[41.177s] INFO:colcon.colcon_core.shell:Creating package script '/root/dev_ws/install/ackermann_msgs/share/ackermann_msgs/package.sh'
[41.181s] INFO:colcon.colcon_core.shell:Creating package script '/root/dev_ws/install/ackermann_msgs/share/ackermann_msgs/package.bash'
[41.183s] INFO:colcon.colcon_core.shell:Creating package script '/root/dev_ws/install/ackermann_msgs/share/ackermann_msgs/package.zsh'
[41.186s] Level 1:colcon.colcon_core.environment:create_file_with_runtime_dependencies(/root/dev_ws/install/ackermann_msgs/share/colcon-core/packages/ackermann_msgs)
[41.192s] INFO:colcon.colcon_ros.task.ament_python.build:Building ROS package in '/root/dev_ws/src/origincar/3rdparty/tf2_tools' with build type 'ament_python'
[41.193s] Level 1:colcon.colcon_core.shell:create_environment_hook('tf2_tools', 'ament_prefix_path')
[41.471s] INFO:colcon.colcon_core.shell:Creating environment hook '/root/dev_ws/install/tf2_tools/share/tf2_tools/hook/ament_prefix_path.ps1'
[41.474s] INFO:colcon.colcon_core.shell:Creating environment descriptor '/root/dev_ws/install/tf2_tools/share/tf2_tools/hook/ament_prefix_path.dsv'
[41.477s] INFO:colcon.colcon_core.shell:Creating environment hook '/root/dev_ws/install/tf2_tools/share/tf2_tools/hook/ament_prefix_path.sh'
[41.754s] INFO:colcon.colcon_core.shell:Skip shell extension 'powershell' for command environment: Not usable outside of PowerShell
[41.754s] DEBUG:colcon.colcon_core.shell:Skip shell extension 'dsv' for command environment
[43.008s] Level 1:colcon.colcon_core.environment:create_environment_scripts_only(origincar_bringup)
[43.011s] DEBUG:colcon.colcon_core.event_handler.log_command:Invoked command in '/root/dev_ws/build/origincar_bringup' returned '0': CMAKE_PREFIX_PATH=${CMAKE_PREFIX_PATH}:/userdata/dev_ws/install/qr_code_detection:/userdata/dev_ws/install/qr_code_control:/userdata/dev_ws/install/originbot_linefollower:/userdata/dev_ws/install/originbot_demo:/opt/ros/foxy /usr/bin/cmake --install /root/dev_ws/build/origincar_bringup
[43.286s] Level 1:colcon.colcon_core.environment:checking '/root/dev_ws/install/origincar_bringup' for CMake module files
[43.290s] Level 1:colcon.colcon_core.environment:checking '/root/dev_ws/install/origincar_bringup' for CMake config files
[43.291s] Level 1:colcon.colcon_core.shell:create_environment_hook('origincar_bringup', 'cmake_prefix_path')
[43.571s] INFO:colcon.colcon_core.shell:Creating environment hook '/root/dev_ws/install/origincar_bringup/share/origincar_bringup/hook/cmake_prefix_path.ps1'
[43.574s] INFO:colcon.colcon_core.shell:Creating environment descriptor '/root/dev_ws/install/origincar_bringup/share/origincar_bringup/hook/cmake_prefix_path.dsv'
[43.576s] INFO:colcon.colcon_core.shell:Creating environment hook '/root/dev_ws/install/origincar_bringup/share/origincar_bringup/hook/cmake_prefix_path.sh'
[43.580s] Level 1:colcon.colcon_core.environment:checking '/root/dev_ws/install/origincar_bringup/bin'
[43.580s] Level 1:colcon.colcon_core.environment:checking '/root/dev_ws/install/origincar_bringup/lib/pkgconfig/origincar_bringup.pc'
[43.582s] Level 1:colcon.colcon_core.environment:checking '/root/dev_ws/install/origincar_bringup/lib/python3.8/site-packages'
[43.583s] Level 1:colcon.colcon_core.environment:checking '/root/dev_ws/install/origincar_bringup/bin'
[43.861s] INFO:colcon.colcon_core.shell:Creating package script '/root/dev_ws/install/origincar_bringup/share/origincar_bringup/package.ps1'
[43.869s] INFO:colcon.colcon_core.shell:Creating package descriptor '/root/dev_ws/install/origincar_bringup/share/origincar_bringup/package.dsv'
[43.871s] INFO:colcon.colcon_core.shell:Creating package script '/root/dev_ws/install/origincar_bringup/share/origincar_bringup/package.sh'
[43.875s] INFO:colcon.colcon_core.shell:Creating package script '/root/dev_ws/install/origincar_bringup/share/origincar_bringup/package.bash'
[43.877s] INFO:colcon.colcon_core.shell:Creating package script '/root/dev_ws/install/origincar_bringup/share/origincar_bringup/package.zsh'
[43.880s] Level 1:colcon.colcon_core.environment:create_file_with_runtime_dependencies(/root/dev_ws/install/origincar_bringup/share/colcon-core/packages/origincar_bringup)
[44.189s] Level 1:colcon.colcon_core.environment:create_environment_scripts_only(origincar_msg)
[44.466s] Level 1:colcon.colcon_core.environment:checking '/root/dev_ws/install/origincar_msg' for CMake module files
[44.471s] Level 1:colcon.colcon_core.environment:checking '/root/dev_ws/install/origincar_msg' for CMake config files
[44.473s] Level 1:colcon.colcon_core.shell:create_environment_hook('origincar_msg', 'cmake_prefix_path')
[44.787s] INFO:colcon.colcon_core.shell:Creating environment hook '/root/dev_ws/install/origincar_msg/share/origincar_msg/hook/cmake_prefix_path.ps1'
[44.791s] INFO:colcon.colcon_core.shell:Creating environment descriptor '/root/dev_ws/install/origincar_msg/share/origincar_msg/hook/cmake_prefix_path.dsv'
[44.794s] INFO:colcon.colcon_core.shell:Creating environment hook '/root/dev_ws/install/origincar_msg/share/origincar_msg/hook/cmake_prefix_path.sh'
[44.799s] Level 1:colcon.colcon_core.environment:checking '/root/dev_ws/install/origincar_msg/lib'
[44.800s] Level 1:colcon.colcon_core.shell:create_environment_hook('origincar_msg', 'ld_library_path_lib')
[45.115s] INFO:colcon.colcon_core.shell:Creating environment hook '/root/dev_ws/install/origincar_msg/share/origincar_msg/hook/ld_library_path_lib.ps1'
[45.118s] INFO:colcon.colcon_core.shell:Creating environment descriptor '/root/dev_ws/install/origincar_msg/share/origincar_msg/hook/ld_library_path_lib.dsv'
[45.120s] INFO:colcon.colcon_core.shell:Creating environment hook '/root/dev_ws/install/origincar_msg/share/origincar_msg/hook/ld_library_path_lib.sh'
[45.123s] Level 1:colcon.colcon_core.environment:checking '/root/dev_ws/install/origincar_msg/bin'
[45.123s] Level 1:colcon.colcon_core.environment:checking '/root/dev_ws/install/origincar_msg/lib/pkgconfig/origincar_msg.pc'
[45.125s] Level 1:colcon.colcon_core.environment:checking '/root/dev_ws/install/origincar_msg/lib/python3.8/site-packages'
[45.125s] Level 1:colcon.colcon_core.shell:create_environment_hook('origincar_msg', 'pythonpath')
[45.400s] INFO:colcon.colcon_core.shell:Creating environment hook '/root/dev_ws/install/origincar_msg/share/origincar_msg/hook/pythonpath.ps1'
[45.403s] INFO:colcon.colcon_core.shell:Creating environment descriptor '/root/dev_ws/install/origincar_msg/share/origincar_msg/hook/pythonpath.dsv'
[45.405s] INFO:colcon.colcon_core.shell:Creating environment hook '/root/dev_ws/install/origincar_msg/share/origincar_msg/hook/pythonpath.sh'
[45.408s] Level 1:colcon.colcon_core.environment:checking '/root/dev_ws/install/origincar_msg/bin'
[45.685s] INFO:colcon.colcon_core.shell:Creating package script '/root/dev_ws/install/origincar_msg/share/origincar_msg/package.ps1'
[45.689s] INFO:colcon.colcon_core.shell:Creating package descriptor '/root/dev_ws/install/origincar_msg/share/origincar_msg/package.dsv'
[45.693s] INFO:colcon.colcon_core.shell:Creating package script '/root/dev_ws/install/origincar_msg/share/origincar_msg/package.sh'
[45.696s] INFO:colcon.colcon_core.shell:Creating package script '/root/dev_ws/install/origincar_msg/share/origincar_msg/package.bash'
[45.699s] INFO:colcon.colcon_core.shell:Creating package script '/root/dev_ws/install/origincar_msg/share/origincar_msg/package.zsh'
[45.702s] Level 1:colcon.colcon_core.environment:create_file_with_runtime_dependencies(/root/dev_ws/install/origincar_msg/share/colcon-core/packages/origincar_msg)
[45.717s] DEBUG:colcon.colcon_core.event_handler.log_command:Invoking command in '/root/dev_ws/build/origincar_description': CMAKE_PREFIX_PATH=${CMAKE_PREFIX_PATH}:/userdata/dev_ws/install/qr_code_detection:/userdata/dev_ws/install/qr_code_control:/userdata/dev_ws/install/originbot_linefollower:/userdata/dev_ws/install/originbot_demo:/opt/ros/foxy /usr/bin/cmake --install /root/dev_ws/build/origincar_description
[47.376s] INFO:colcon.colcon_core.task.python.build:Building Python package in '/root/dev_ws/src/origincar/3rdparty/tf2_tools'
[47.712s] INFO:colcon.colcon_core.shell:Skip shell extension 'powershell' for command environment: Not usable outside of PowerShell
[47.713s] DEBUG:colcon.colcon_core.shell:Skip shell extension 'dsv' for command environment
[49.268s] Level 1:colcon.colcon_core.environment:create_environment_scripts_only(origincar_bringup)
[49.540s] Level 1:colcon.colcon_core.environment:checking '/root/dev_ws/install/origincar_bringup' for CMake module files
[49.544s] Level 1:colcon.colcon_core.environment:checking '/root/dev_ws/install/origincar_bringup' for CMake config files
[49.545s] Level 1:colcon.colcon_core.shell:create_environment_hook('origincar_bringup', 'cmake_prefix_path')
[49.820s] INFO:colcon.colcon_core.shell:Creating environment hook '/root/dev_ws/install/origincar_bringup/share/origincar_bringup/hook/cmake_prefix_path.ps1'
[49.823s] INFO:colcon.colcon_core.shell:Creating environment descriptor '/root/dev_ws/install/origincar_bringup/share/origincar_bringup/hook/cmake_prefix_path.dsv'
[49.825s] INFO:colcon.colcon_core.shell:Creating environment hook '/root/dev_ws/install/origincar_bringup/share/origincar_bringup/hook/cmake_prefix_path.sh'
[49.828s] Level 1:colcon.colcon_core.environment:checking '/root/dev_ws/install/origincar_bringup/bin'
[49.829s] Level 1:colcon.colcon_core.environment:checking '/root/dev_ws/install/origincar_bringup/lib/pkgconfig/origincar_bringup.pc'
[49.830s] Level 1:colcon.colcon_core.environment:checking '/root/dev_ws/install/origincar_bringup/lib/python3.8/site-packages'
[49.832s] Level 1:colcon.colcon_core.environment:checking '/root/dev_ws/install/origincar_bringup/bin'
[50.107s] INFO:colcon.colcon_core.shell:Creating package script '/root/dev_ws/install/origincar_bringup/share/origincar_bringup/package.ps1'
[50.110s] INFO:colcon.colcon_core.shell:Creating package descriptor '/root/dev_ws/install/origincar_bringup/share/origincar_bringup/package.dsv'
[50.114s] INFO:colcon.colcon_core.shell:Creating package script '/root/dev_ws/install/origincar_bringup/share/origincar_bringup/package.sh'
[50.117s] INFO:colcon.colcon_core.shell:Creating package script '/root/dev_ws/install/origincar_bringup/share/origincar_bringup/package.bash'
[50.119s] INFO:colcon.colcon_core.shell:Creating package script '/root/dev_ws/install/origincar_bringup/share/origincar_bringup/package.zsh'
[50.122s] Level 1:colcon.colcon_core.environment:create_file_with_runtime_dependencies(/root/dev_ws/install/origincar_bringup/share/colcon-core/packages/origincar_bringup)
[50.128s] Level 1:colcon.colcon_core.environment:create_environment_scripts_only(origincar_description)
[50.131s] DEBUG:colcon.colcon_core.event_handler.log_command:Invoked command in '/root/dev_ws/build/origincar_description' returned '0': CMAKE_PREFIX_PATH=${CMAKE_PREFIX_PATH}:/userdata/dev_ws/install/qr_code_detection:/userdata/dev_ws/install/qr_code_control:/userdata/dev_ws/install/originbot_linefollower:/userdata/dev_ws/install/originbot_demo:/opt/ros/foxy /usr/bin/cmake --install /root/dev_ws/build/origincar_description
[50.433s] Level 1:colcon.colcon_core.environment:checking '/root/dev_ws/install/origincar_description' for CMake module files
[50.437s] Level 1:colcon.colcon_core.environment:checking '/root/dev_ws/install/origincar_description' for CMake config files
[50.439s] Level 1:colcon.colcon_core.shell:create_environment_hook('origincar_description', 'cmake_prefix_path')
[50.761s] INFO:colcon.colcon_core.shell:Creating environment hook '/root/dev_ws/install/origincar_description/share/origincar_description/hook/cmake_prefix_path.ps1'
[50.764s] INFO:colcon.colcon_core.shell:Creating environment descriptor '/root/dev_ws/install/origincar_description/share/origincar_description/hook/cmake_prefix_path.dsv'
[50.766s] INFO:colcon.colcon_core.shell:Creating environment hook '/root/dev_ws/install/origincar_description/share/origincar_description/hook/cmake_prefix_path.sh'
[50.769s] Level 1:colcon.colcon_core.environment:checking '/root/dev_ws/install/origincar_description/bin'
[50.769s] Level 1:colcon.colcon_core.environment:checking '/root/dev_ws/install/origincar_description/lib/pkgconfig/origincar_description.pc'
[50.771s] Level 1:colcon.colcon_core.environment:checking '/root/dev_ws/install/origincar_description/lib/python3.8/site-packages'
[50.772s] Level 1:colcon.colcon_core.environment:checking '/root/dev_ws/install/origincar_description/bin'
[51.047s] INFO:colcon.colcon_core.shell:Creating package script '/root/dev_ws/install/origincar_description/share/origincar_description/package.ps1'
[51.050s] INFO:colcon.colcon_core.shell:Creating package descriptor '/root/dev_ws/install/origincar_description/share/origincar_description/package.dsv'
[51.053s] INFO:colcon.colcon_core.shell:Creating package script '/root/dev_ws/install/origincar_description/share/origincar_description/package.sh'
[51.056s] INFO:colcon.colcon_core.shell:Creating package script '/root/dev_ws/install/origincar_description/share/origincar_description/package.bash'
[51.058s] INFO:colcon.colcon_core.shell:Creating package script '/root/dev_ws/install/origincar_description/share/origincar_description/package.zsh'
[51.060s] Level 1:colcon.colcon_core.environment:create_file_with_runtime_dependencies(/root/dev_ws/install/origincar_description/share/colcon-core/packages/origincar_description)
[51.486s] Level 1:colcon.colcon_core.environment:create_environment_scripts_only(origincar_description)
[51.808s] Level 1:colcon.colcon_core.environment:checking '/root/dev_ws/install/origincar_description' for CMake module files
[51.812s] Level 1:colcon.colcon_core.environment:checking '/root/dev_ws/install/origincar_description' for CMake config files
[51.813s] Level 1:colcon.colcon_core.shell:create_environment_hook('origincar_description', 'cmake_prefix_path')
[52.138s] INFO:colcon.colcon_core.shell:Creating environment hook '/root/dev_ws/install/origincar_description/share/origincar_description/hook/cmake_prefix_path.ps1'
[52.141s] INFO:colcon.colcon_core.shell:Creating environment descriptor '/root/dev_ws/install/origincar_description/share/origincar_description/hook/cmake_prefix_path.dsv'
[52.144s] INFO:colcon.colcon_core.shell:Creating environment hook '/root/dev_ws/install/origincar_description/share/origincar_description/hook/cmake_prefix_path.sh'
[52.147s] Level 1:colcon.colcon_core.environment:checking '/root/dev_ws/install/origincar_description/bin'
[52.148s] Level 1:colcon.colcon_core.environment:checking '/root/dev_ws/install/origincar_description/lib/pkgconfig/origincar_description.pc'
[52.150s] Level 1:colcon.colcon_core.environment:checking '/root/dev_ws/install/origincar_description/lib/python3.8/site-packages'
[52.151s] Level 1:colcon.colcon_core.environment:checking '/root/dev_ws/install/origincar_description/bin'
[52.474s] INFO:colcon.colcon_core.shell:Creating package script '/root/dev_ws/install/origincar_description/share/origincar_description/package.ps1'
[52.478s] INFO:colcon.colcon_core.shell:Creating package descriptor '/root/dev_ws/install/origincar_description/share/origincar_description/package.dsv'
[52.482s] INFO:colcon.colcon_core.shell:Creating package script '/root/dev_ws/install/origincar_description/share/origincar_description/package.sh'
[52.488s] INFO:colcon.colcon_core.shell:Creating package script '/root/dev_ws/install/origincar_description/share/origincar_description/package.bash'
[52.491s] INFO:colcon.colcon_core.shell:Creating package script '/root/dev_ws/install/origincar_description/share/origincar_description/package.zsh'
[52.494s] Level 1:colcon.colcon_core.environment:create_file_with_runtime_dependencies(/root/dev_ws/install/origincar_description/share/colcon-core/packages/origincar_description)
[52.497s] INFO:colcon.colcon_ros.task.ament_cmake.build:Building ROS package in '/root/dev_ws/src/origincar/origincar_base' with build type 'ament_cmake'
[52.498s] INFO:colcon.colcon_cmake.task.cmake.build:Building CMake package in '/root/dev_ws/src/origincar/origincar_base'
[52.828s] INFO:colcon.colcon_core.shell:Skip shell extension 'powershell' for command environment: Not usable outside of PowerShell
[52.828s] DEBUG:colcon.colcon_core.shell:Skip shell extension 'dsv' for command environment
[54.286s] DEBUG:colcon.colcon_core.event_handler.log_command:Invoking command in '/root/dev_ws/src/origincar/3rdparty/tf2_tools': PYTHONPATH=/root/dev_ws/build/tf2_tools/prefix_override:/root/dev_ws/install/tf2_tools/lib/python3.8/site-packages:${PYTHONPATH} /usr/bin/python3 setup.py egg_info --egg-base ../../../../build/tf2_tools build --build-base /root/dev_ws/build/tf2_tools/build install --record /root/dev_ws/build/tf2_tools/install.log --single-version-externally-managed
[54.327s] DEBUG:colcon.colcon_core.event_handler.log_command:Invoking command in '/root/dev_ws/build/origincar_base': AMENT_PREFIX_PATH=/root/dev_ws/install/serial:/root/dev_ws/install/origincar_msg:/root/dev_ws/install/origincar_description:/root/dev_ws/install/ackermann_msgs:${AMENT_PREFIX_PATH} CMAKE_PREFIX_PATH=/root/dev_ws/install/serial:/root/dev_ws/install/origincar_msg:/root/dev_ws/install/origincar_description:/root/dev_ws/install/ackermann_msgs:/userdata/dev_ws/install/ydlidar_ros2_driver:/userdata/dev_ws/install/utils:/userdata/dev_ws/install/take_pictures_node:/userdata/dev_ws/install/originbot_base:/userdata/dev_ws/install/serial:/userdata/dev_ws/install/play_football:/userdata/dev_ws/install/parking_search:/userdata/dev_ws/install/originbot_teleop:/userdata/dev_ws/install/originbot_navigation:/userdata/dev_ws/install/originbot_msgs:/userdata/dev_ws/install/originbot_bringup:/userdata/dev_ws/install/originbot_autonomous:/userdata/dev_ws/install/line_follower_perception:/userdata/dev_ws/install/hobot_audio:/userdata/dev_ws/install/gesture_control:/userdata/dev_ws/install/body_tracking:/userdata/dev_ws/install/audio_control:/opt/tros:/userdata/dev_ws/install/qr_code_detection:/userdata/dev_ws/install/qr_code_control:/userdata/dev_ws/install/originbot_linefollower:/userdata/dev_ws/install/originbot_demo:/opt/ros/foxy LD_LIBRARY_PATH=/root/dev_ws/install/serial/lib:/root/dev_ws/install/origincar_msg/lib:/root/dev_ws/install/ackermann_msgs/lib:${LD_LIBRARY_PATH} PYTHONPATH=/root/dev_ws/install/origincar_msg/lib/python3.8/site-packages:/root/dev_ws/install/ackermann_msgs/lib/python3.8/site-packages:${PYTHONPATH} /usr/bin/cmake /root/dev_ws/src/origincar/origincar_base -DCMAKE_INSTALL_PREFIX=/root/dev_ws/install/origincar_base
[56.657s] DEBUG:colcon.colcon_core.event_handler.log_command:Invoked command in '/root/dev_ws/src/origincar/3rdparty/tf2_tools' returned '0': PYTHONPATH=/root/dev_ws/build/tf2_tools/prefix_override:/root/dev_ws/install/tf2_tools/lib/python3.8/site-packages:${PYTHONPATH} /usr/bin/python3 setup.py egg_info --egg-base ../../../../build/tf2_tools build --build-base /root/dev_ws/build/tf2_tools/build install --record /root/dev_ws/build/tf2_tools/install.log --single-version-externally-managed
[56.986s] Level 1:colcon.colcon_core.environment:checking '/root/dev_ws/install/tf2_tools' for CMake module files
[56.990s] Level 1:colcon.colcon_core.environment:checking '/root/dev_ws/install/tf2_tools' for CMake config files
[56.993s] Level 1:colcon.colcon_core.environment:checking '/root/dev_ws/install/tf2_tools/lib'
[56.994s] Level 1:colcon.colcon_core.environment:checking '/root/dev_ws/install/tf2_tools/bin'
[56.994s] Level 1:colcon.colcon_core.environment:checking '/root/dev_ws/install/tf2_tools/lib/pkgconfig/tf2_tools.pc'
[56.996s] Level 1:colcon.colcon_core.environment:checking '/root/dev_ws/install/tf2_tools/lib/python3.8/site-packages'
[56.997s] Level 1:colcon.colcon_core.shell:create_environment_hook('tf2_tools', 'pythonpath')
[57.323s] INFO:colcon.colcon_core.shell:Creating environment hook '/root/dev_ws/install/tf2_tools/share/tf2_tools/hook/pythonpath.ps1'
[57.326s] INFO:colcon.colcon_core.shell:Creating environment descriptor '/root/dev_ws/install/tf2_tools/share/tf2_tools/hook/pythonpath.dsv'
[57.329s] INFO:colcon.colcon_core.shell:Creating environment hook '/root/dev_ws/install/tf2_tools/share/tf2_tools/hook/pythonpath.sh'
[57.333s] Level 1:colcon.colcon_core.environment:checking '/root/dev_ws/install/tf2_tools/bin'
[57.334s] Level 1:colcon.colcon_core.environment:create_environment_scripts_only(tf2_tools)
[57.659s] INFO:colcon.colcon_core.shell:Creating package script '/root/dev_ws/install/tf2_tools/share/tf2_tools/package.ps1'
[57.663s] INFO:colcon.colcon_core.shell:Creating package descriptor '/root/dev_ws/install/tf2_tools/share/tf2_tools/package.dsv'
[57.666s] INFO:colcon.colcon_core.shell:Creating package script '/root/dev_ws/install/tf2_tools/share/tf2_tools/package.sh'
[57.669s] INFO:colcon.colcon_core.shell:Creating package script '/root/dev_ws/install/tf2_tools/share/tf2_tools/package.bash'
[57.672s] INFO:colcon.colcon_core.shell:Creating package script '/root/dev_ws/install/tf2_tools/share/tf2_tools/package.zsh'
[57.676s] Level 1:colcon.colcon_core.environment:create_file_with_runtime_dependencies(/root/dev_ws/install/tf2_tools/share/colcon-core/packages/tf2_tools)
[72.335s] DEBUG:colcon.colcon_core.event_handler.log_command:Invoked command in '/root/dev_ws/build/origincar_base' returned '0': AMENT_PREFIX_PATH=/root/dev_ws/install/serial:/root/dev_ws/install/origincar_msg:/root/dev_ws/install/origincar_description:/root/dev_ws/install/ackermann_msgs:${AMENT_PREFIX_PATH} CMAKE_PREFIX_PATH=/root/dev_ws/install/serial:/root/dev_ws/install/origincar_msg:/root/dev_ws/install/origincar_description:/root/dev_ws/install/ackermann_msgs:/userdata/dev_ws/install/ydlidar_ros2_driver:/userdata/dev_ws/install/utils:/userdata/dev_ws/install/take_pictures_node:/userdata/dev_ws/install/originbot_base:/userdata/dev_ws/install/serial:/userdata/dev_ws/install/play_football:/userdata/dev_ws/install/parking_search:/userdata/dev_ws/install/originbot_teleop:/userdata/dev_ws/install/originbot_navigation:/userdata/dev_ws/install/originbot_msgs:/userdata/dev_ws/install/originbot_bringup:/userdata/dev_ws/install/originbot_autonomous:/userdata/dev_ws/install/line_follower_perception:/userdata/dev_ws/install/hobot_audio:/userdata/dev_ws/install/gesture_control:/userdata/dev_ws/install/body_tracking:/userdata/dev_ws/install/audio_control:/opt/tros:/userdata/dev_ws/install/qr_code_detection:/userdata/dev_ws/install/qr_code_control:/userdata/dev_ws/install/originbot_linefollower:/userdata/dev_ws/install/originbot_demo:/opt/ros/foxy LD_LIBRARY_PATH=/root/dev_ws/install/serial/lib:/root/dev_ws/install/origincar_msg/lib:/root/dev_ws/install/ackermann_msgs/lib:${LD_LIBRARY_PATH} PYTHONPATH=/root/dev_ws/install/origincar_msg/lib/python3.8/site-packages:/root/dev_ws/install/ackermann_msgs/lib/python3.8/site-packages:${PYTHONPATH} /usr/bin/cmake /root/dev_ws/src/origincar/origincar_base -DCMAKE_INSTALL_PREFIX=/root/dev_ws/install/origincar_base
[72.348s] DEBUG:colcon.colcon_core.event_handler.log_command:Invoking command in '/root/dev_ws/build/origincar_base': AMENT_PREFIX_PATH=/root/dev_ws/install/serial:/root/dev_ws/install/origincar_msg:/root/dev_ws/install/origincar_description:/root/dev_ws/install/ackermann_msgs:${AMENT_PREFIX_PATH} CMAKE_PREFIX_PATH=/root/dev_ws/install/serial:/root/dev_ws/install/origincar_msg:/root/dev_ws/install/origincar_description:/root/dev_ws/install/ackermann_msgs:/userdata/dev_ws/install/ydlidar_ros2_driver:/userdata/dev_ws/install/utils:/userdata/dev_ws/install/take_pictures_node:/userdata/dev_ws/install/originbot_base:/userdata/dev_ws/install/serial:/userdata/dev_ws/install/play_football:/userdata/dev_ws/install/parking_search:/userdata/dev_ws/install/originbot_teleop:/userdata/dev_ws/install/originbot_navigation:/userdata/dev_ws/install/originbot_msgs:/userdata/dev_ws/install/originbot_bringup:/userdata/dev_ws/install/originbot_autonomous:/userdata/dev_ws/install/line_follower_perception:/userdata/dev_ws/install/hobot_audio:/userdata/dev_ws/install/gesture_control:/userdata/dev_ws/install/body_tracking:/userdata/dev_ws/install/audio_control:/opt/tros:/userdata/dev_ws/install/qr_code_detection:/userdata/dev_ws/install/qr_code_control:/userdata/dev_ws/install/originbot_linefollower:/userdata/dev_ws/install/originbot_demo:/opt/ros/foxy LD_LIBRARY_PATH=/root/dev_ws/install/serial/lib:/root/dev_ws/install/origincar_msg/lib:/root/dev_ws/install/ackermann_msgs/lib:${LD_LIBRARY_PATH} PYTHONPATH=/root/dev_ws/install/origincar_msg/lib/python3.8/site-packages:/root/dev_ws/install/ackermann_msgs/lib/python3.8/site-packages:${PYTHONPATH} /usr/bin/cmake --build /root/dev_ws/build/origincar_base -- -j4 -l4
[141.286s] DEBUG:colcon.colcon_core.event_handler.log_command:Invoked command in '/root/dev_ws/build/origincar_base' returned '0': AMENT_PREFIX_PATH=/root/dev_ws/install/serial:/root/dev_ws/install/origincar_msg:/root/dev_ws/install/origincar_description:/root/dev_ws/install/ackermann_msgs:${AMENT_PREFIX_PATH} CMAKE_PREFIX_PATH=/root/dev_ws/install/serial:/root/dev_ws/install/origincar_msg:/root/dev_ws/install/origincar_description:/root/dev_ws/install/ackermann_msgs:/userdata/dev_ws/install/ydlidar_ros2_driver:/userdata/dev_ws/install/utils:/userdata/dev_ws/install/take_pictures_node:/userdata/dev_ws/install/originbot_base:/userdata/dev_ws/install/serial:/userdata/dev_ws/install/play_football:/userdata/dev_ws/install/parking_search:/userdata/dev_ws/install/originbot_teleop:/userdata/dev_ws/install/originbot_navigation:/userdata/dev_ws/install/originbot_msgs:/userdata/dev_ws/install/originbot_bringup:/userdata/dev_ws/install/originbot_autonomous:/userdata/dev_ws/install/line_follower_perception:/userdata/dev_ws/install/hobot_audio:/userdata/dev_ws/install/gesture_control:/userdata/dev_ws/install/body_tracking:/userdata/dev_ws/install/audio_control:/opt/tros:/userdata/dev_ws/install/qr_code_detection:/userdata/dev_ws/install/qr_code_control:/userdata/dev_ws/install/originbot_linefollower:/userdata/dev_ws/install/originbot_demo:/opt/ros/foxy LD_LIBRARY_PATH=/root/dev_ws/install/serial/lib:/root/dev_ws/install/origincar_msg/lib:/root/dev_ws/install/ackermann_msgs/lib:${LD_LIBRARY_PATH} PYTHONPATH=/root/dev_ws/install/origincar_msg/lib/python3.8/site-packages:/root/dev_ws/install/ackermann_msgs/lib/python3.8/site-packages:${PYTHONPATH} /usr/bin/cmake --build /root/dev_ws/build/origincar_base -- -j4 -l4
[141.490s] DEBUG:colcon.colcon_core.event_handler.log_command:Invoking command in '/root/dev_ws/build/origincar_base': AMENT_PREFIX_PATH=/root/dev_ws/install/serial:/root/dev_ws/install/origincar_msg:/root/dev_ws/install/origincar_description:/root/dev_ws/install/ackermann_msgs:${AMENT_PREFIX_PATH} CMAKE_PREFIX_PATH=/root/dev_ws/install/serial:/root/dev_ws/install/origincar_msg:/root/dev_ws/install/origincar_description:/root/dev_ws/install/ackermann_msgs:/userdata/dev_ws/install/ydlidar_ros2_driver:/userdata/dev_ws/install/utils:/userdata/dev_ws/install/take_pictures_node:/userdata/dev_ws/install/originbot_base:/userdata/dev_ws/install/serial:/userdata/dev_ws/install/play_football:/userdata/dev_ws/install/parking_search:/userdata/dev_ws/install/originbot_teleop:/userdata/dev_ws/install/originbot_navigation:/userdata/dev_ws/install/originbot_msgs:/userdata/dev_ws/install/originbot_bringup:/userdata/dev_ws/install/originbot_autonomous:/userdata/dev_ws/install/line_follower_perception:/userdata/dev_ws/install/hobot_audio:/userdata/dev_ws/install/gesture_control:/userdata/dev_ws/install/body_tracking:/userdata/dev_ws/install/audio_control:/opt/tros:/userdata/dev_ws/install/qr_code_detection:/userdata/dev_ws/install/qr_code_control:/userdata/dev_ws/install/originbot_linefollower:/userdata/dev_ws/install/originbot_demo:/opt/ros/foxy LD_LIBRARY_PATH=/root/dev_ws/install/serial/lib:/root/dev_ws/install/origincar_msg/lib:/root/dev_ws/install/ackermann_msgs/lib:${LD_LIBRARY_PATH} PYTHONPATH=/root/dev_ws/install/origincar_msg/lib/python3.8/site-packages:/root/dev_ws/install/ackermann_msgs/lib/python3.8/site-packages:${PYTHONPATH} /usr/bin/cmake --install /root/dev_ws/build/origincar_base
[141.928s] Level 1:colcon.colcon_core.environment:create_environment_scripts_only(origincar_base)
[141.930s] DEBUG:colcon.colcon_core.event_handler.log_command:Invoked command in '/root/dev_ws/build/origincar_base' returned '0': AMENT_PREFIX_PATH=/root/dev_ws/install/serial:/root/dev_ws/install/origincar_msg:/root/dev_ws/install/origincar_description:/root/dev_ws/install/ackermann_msgs:${AMENT_PREFIX_PATH} CMAKE_PREFIX_PATH=/root/dev_ws/install/serial:/root/dev_ws/install/origincar_msg:/root/dev_ws/install/origincar_description:/root/dev_ws/install/ackermann_msgs:/userdata/dev_ws/install/ydlidar_ros2_driver:/userdata/dev_ws/install/utils:/userdata/dev_ws/install/take_pictures_node:/userdata/dev_ws/install/originbot_base:/userdata/dev_ws/install/serial:/userdata/dev_ws/install/play_football:/userdata/dev_ws/install/parking_search:/userdata/dev_ws/install/originbot_teleop:/userdata/dev_ws/install/originbot_navigation:/userdata/dev_ws/install/originbot_msgs:/userdata/dev_ws/install/originbot_bringup:/userdata/dev_ws/install/originbot_autonomous:/userdata/dev_ws/install/line_follower_perception:/userdata/dev_ws/install/hobot_audio:/userdata/dev_ws/install/gesture_control:/userdata/dev_ws/install/body_tracking:/userdata/dev_ws/install/audio_control:/opt/tros:/userdata/dev_ws/install/qr_code_detection:/userdata/dev_ws/install/qr_code_control:/userdata/dev_ws/install/originbot_linefollower:/userdata/dev_ws/install/originbot_demo:/opt/ros/foxy LD_LIBRARY_PATH=/root/dev_ws/install/serial/lib:/root/dev_ws/install/origincar_msg/lib:/root/dev_ws/install/ackermann_msgs/lib:${LD_LIBRARY_PATH} PYTHONPATH=/root/dev_ws/install/origincar_msg/lib/python3.8/site-packages:/root/dev_ws/install/ackermann_msgs/lib/python3.8/site-packages:${PYTHONPATH} /usr/bin/cmake --install /root/dev_ws/build/origincar_base
[142.204s] Level 1:colcon.colcon_core.environment:checking '/root/dev_ws/install/origincar_base' for CMake module files
[142.209s] Level 1:colcon.colcon_core.environment:checking '/root/dev_ws/install/origincar_base' for CMake config files
[142.211s] Level 1:colcon.colcon_core.shell:create_environment_hook('origincar_base', 'cmake_prefix_path')
[142.485s] INFO:colcon.colcon_core.shell:Creating environment hook '/root/dev_ws/install/origincar_base/share/origincar_base/hook/cmake_prefix_path.ps1'
[142.487s] INFO:colcon.colcon_core.shell:Creating environment descriptor '/root/dev_ws/install/origincar_base/share/origincar_base/hook/cmake_prefix_path.dsv'
[142.489s] INFO:colcon.colcon_core.shell:Creating environment hook '/root/dev_ws/install/origincar_base/share/origincar_base/hook/cmake_prefix_path.sh'
[142.493s] Level 1:colcon.colcon_core.environment:checking '/root/dev_ws/install/origincar_base/lib'
[142.493s] Level 1:colcon.colcon_core.shell:create_environment_hook('origincar_base', 'ld_library_path_lib')
[142.765s] INFO:colcon.colcon_core.shell:Creating environment hook '/root/dev_ws/install/origincar_base/share/origincar_base/hook/ld_library_path_lib.ps1'
[142.768s] INFO:colcon.colcon_core.shell:Creating environment descriptor '/root/dev_ws/install/origincar_base/share/origincar_base/hook/ld_library_path_lib.dsv'
[142.770s] INFO:colcon.colcon_core.shell:Creating environment hook '/root/dev_ws/install/origincar_base/share/origincar_base/hook/ld_library_path_lib.sh'
[142.772s] Level 1:colcon.colcon_core.environment:checking '/root/dev_ws/install/origincar_base/bin'
[142.772s] Level 1:colcon.colcon_core.environment:checking '/root/dev_ws/install/origincar_base/lib/pkgconfig/origincar_base.pc'
[142.774s] Level 1:colcon.colcon_core.environment:checking '/root/dev_ws/install/origincar_base/lib/python3.8/site-packages'
[142.775s] Level 1:colcon.colcon_core.shell:create_environment_hook('origincar_base', 'pythonpath')
[143.046s] INFO:colcon.colcon_core.shell:Creating environment hook '/root/dev_ws/install/origincar_base/share/origincar_base/hook/pythonpath.ps1'
[143.048s] INFO:colcon.colcon_core.shell:Creating environment descriptor '/root/dev_ws/install/origincar_base/share/origincar_base/hook/pythonpath.dsv'
[143.050s] INFO:colcon.colcon_core.shell:Creating environment hook '/root/dev_ws/install/origincar_base/share/origincar_base/hook/pythonpath.sh'
[143.054s] Level 1:colcon.colcon_core.environment:checking '/root/dev_ws/install/origincar_base/bin'
[143.328s] INFO:colcon.colcon_core.shell:Creating package script '/root/dev_ws/install/origincar_base/share/origincar_base/package.ps1'
[143.332s] INFO:colcon.colcon_core.shell:Creating package descriptor '/root/dev_ws/install/origincar_base/share/origincar_base/package.dsv'
[143.336s] INFO:colcon.colcon_core.shell:Creating package script '/root/dev_ws/install/origincar_base/share/origincar_base/package.sh'
[143.339s] INFO:colcon.colcon_core.shell:Creating package script '/root/dev_ws/install/origincar_base/share/origincar_base/package.bash'
[143.341s] INFO:colcon.colcon_core.shell:Creating package script '/root/dev_ws/install/origincar_base/share/origincar_base/package.zsh'
[143.343s] Level 1:colcon.colcon_core.environment:create_file_with_runtime_dependencies(/root/dev_ws/install/origincar_base/share/colcon-core/packages/origincar_base)
[143.866s] Level 1:colcon.colcon_core.environment:create_environment_scripts_only(origincar_base)
[144.166s] Level 1:colcon.colcon_core.environment:checking '/root/dev_ws/install/origincar_base' for CMake module files
[144.170s] Level 1:colcon.colcon_core.environment:checking '/root/dev_ws/install/origincar_base' for CMake config files
[144.173s] Level 1:colcon.colcon_core.shell:create_environment_hook('origincar_base', 'cmake_prefix_path')
[144.446s] INFO:colcon.colcon_core.shell:Creating environment hook '/root/dev_ws/install/origincar_base/share/origincar_base/hook/cmake_prefix_path.ps1'
[144.449s] INFO:colcon.colcon_core.shell:Creating environment descriptor '/root/dev_ws/install/origincar_base/share/origincar_base/hook/cmake_prefix_path.dsv'
[144.451s] INFO:colcon.colcon_core.shell:Creating environment hook '/root/dev_ws/install/origincar_base/share/origincar_base/hook/cmake_prefix_path.sh'
[144.454s] Level 1:colcon.colcon_core.environment:checking '/root/dev_ws/install/origincar_base/lib'
[144.455s] Level 1:colcon.colcon_core.shell:create_environment_hook('origincar_base', 'ld_library_path_lib')
[144.727s] INFO:colcon.colcon_core.shell:Creating environment hook '/root/dev_ws/install/origincar_base/share/origincar_base/hook/ld_library_path_lib.ps1'
[144.730s] INFO:colcon.colcon_core.shell:Creating environment descriptor '/root/dev_ws/install/origincar_base/share/origincar_base/hook/ld_library_path_lib.dsv'
[144.732s] INFO:colcon.colcon_core.shell:Creating environment hook '/root/dev_ws/install/origincar_base/share/origincar_base/hook/ld_library_path_lib.sh'
[144.734s] Level 1:colcon.colcon_core.environment:checking '/root/dev_ws/install/origincar_base/bin'
[144.735s] Level 1:colcon.colcon_core.environment:checking '/root/dev_ws/install/origincar_base/lib/pkgconfig/origincar_base.pc'
[144.736s] Level 1:colcon.colcon_core.environment:checking '/root/dev_ws/install/origincar_base/lib/python3.8/site-packages'
[144.737s] Level 1:colcon.colcon_core.shell:create_environment_hook('origincar_base', 'pythonpath')
[145.009s] INFO:colcon.colcon_core.shell:Creating environment hook '/root/dev_ws/install/origincar_base/share/origincar_base/hook/pythonpath.ps1'
[145.011s] INFO:colcon.colcon_core.shell:Creating environment descriptor '/root/dev_ws/install/origincar_base/share/origincar_base/hook/pythonpath.dsv'
[145.014s] INFO:colcon.colcon_core.shell:Creating environment hook '/root/dev_ws/install/origincar_base/share/origincar_base/hook/pythonpath.sh'
[145.017s] Level 1:colcon.colcon_core.environment:checking '/root/dev_ws/install/origincar_base/bin'
[145.293s] INFO:colcon.colcon_core.shell:Creating package script '/root/dev_ws/install/origincar_base/share/origincar_base/package.ps1'
[145.297s] INFO:colcon.colcon_core.shell:Creating package descriptor '/root/dev_ws/install/origincar_base/share/origincar_base/package.dsv'
[145.301s] INFO:colcon.colcon_core.shell:Creating package script '/root/dev_ws/install/origincar_base/share/origincar_base/package.sh'
[145.305s] INFO:colcon.colcon_core.shell:Creating package script '/root/dev_ws/install/origincar_base/share/origincar_base/package.bash'
[145.307s] INFO:colcon.colcon_core.shell:Creating package script '/root/dev_ws/install/origincar_base/share/origincar_base/package.zsh'
[145.310s] Level 1:colcon.colcon_core.environment:create_file_with_runtime_dependencies(/root/dev_ws/install/origincar_base/share/colcon-core/packages/origincar_base)
[145.312s] DEBUG:colcon.colcon_parallel_executor.executor.parallel:closing loop
[145.314s] DEBUG:colcon.colcon_parallel_executor.executor.parallel:loop closed
[145.314s] DEBUG:colcon.colcon_parallel_executor.executor.parallel:run_until_complete finished with '0'
[145.315s] DEBUG:colcon.colcon_core.event_reactor:joining thread
[145.620s] INFO:colcon.colcon_core.plugin_system:Skipping extension 'colcon_notification.desktop_notification.notify_send': Could not find 'notify-send'
[145.621s] INFO:colcon.colcon_core.plugin_system:Skipping extension 'colcon_notification.desktop_notification.terminal_notifier': Not used on non-Darwin systems
[145.621s] INFO:colcon.colcon_core.plugin_system:Skipping extension 'colcon_notification.desktop_notification.win32': Not used on non-Windows systems
[145.622s] INFO:colcon.colcon_notification.desktop_notification:Sending desktop notification using 'notify2'
[145.626s] DEBUG:colcon.colcon_notification.desktop_notification.notify2:Failed to initialize notify2: org.freedesktop.DBus.Error.ServiceUnknown: The name org.freedesktop.Notifications was not provided by any .service files
[145.627s] DEBUG:colcon.colcon_core.event_reactor:joined thread
[145.897s] INFO:colcon.colcon_core.shell:Creating prefix script '/root/dev_ws/install/local_setup.ps1'
[145.904s] INFO:colcon.colcon_core.shell:Creating prefix util module '/root/dev_ws/install/_local_setup_util_ps1.py'
[145.915s] INFO:colcon.colcon_core.shell:Creating prefix chain script '/root/dev_ws/install/setup.ps1'
[146.198s] INFO:colcon.colcon_core.shell:Creating prefix script '/root/dev_ws/install/local_setup.sh'
[146.202s] INFO:colcon.colcon_core.shell:Creating prefix util module '/root/dev_ws/install/_local_setup_util_sh.py'
[146.205s] INFO:colcon.colcon_core.shell:Creating prefix chain script '/root/dev_ws/install/setup.sh'
[146.487s] INFO:colcon.colcon_core.shell:Creating prefix script '/root/dev_ws/install/local_setup.bash'
[146.491s] INFO:colcon.colcon_core.shell:Creating prefix chain script '/root/dev_ws/install/setup.bash'
[146.852s] INFO:colcon.colcon_core.shell:Creating prefix script '/root/dev_ws/install/local_setup.zsh'
[146.855s] INFO:colcon.colcon_core.shell:Creating prefix chain script '/root/dev_ws/install/setup.zsh'
