[16.070s] Invoking command in '/root/dev_ws/Horizen-SmartCar-DGDZ/src/origincar/3rdparty/tf2_tools': PYTHONPATH=/root/dev_ws/Horizen-SmartCar-DGDZ/src/origincar/build/tf2_tools/prefix_override:/root/dev_ws/Horizen-SmartCar-DGDZ/src/origincar/install/tf2_tools/lib/python3.8/site-packages:${PYTHONPATH} /usr/bin/python3 setup.py egg_info --egg-base ../../build/tf2_tools build --build-base /root/dev_ws/Horizen-SmartCar-DGDZ/src/origincar/build/tf2_tools/build install --record /root/dev_ws/Horizen-SmartCar-DGDZ/src/origincar/build/tf2_tools/install.log --single-version-externally-managed
[17.787s] running egg_info
[17.790s] writing ../../build/tf2_tools/tf2_tools.egg-info/PKG-INFO
[17.795s] writing dependency_links to ../../build/tf2_tools/tf2_tools.egg-info/dependency_links.txt
[17.801s] writing entry points to ../../build/tf2_tools/tf2_tools.egg-info/entry_points.txt
[17.805s] writing requirements to ../../build/tf2_tools/tf2_tools.egg-info/requires.txt
[17.807s] writing top-level names to ../../build/tf2_tools/tf2_tools.egg-info/top_level.txt
[18.143s] reading manifest file '../../build/tf2_tools/tf2_tools.egg-info/SOURCES.txt'
[18.149s] writing manifest file '../../build/tf2_tools/tf2_tools.egg-info/SOURCES.txt'
[18.154s] running build
[18.158s] running build_py
[18.163s] running install
[18.168s] running install_lib
[18.174s] running install_data
[18.177s] running install_egg_info
[18.185s] removing '/root/dev_ws/Horizen-SmartCar-DGDZ/src/origincar/install/tf2_tools/lib/python3.8/site-packages/tf2_tools-0.17.1-py3.8.egg-info' (and everything under it)
[18.187s] Copying ../../build/tf2_tools/tf2_tools.egg-info to /root/dev_ws/Horizen-SmartCar-DGDZ/src/origincar/install/tf2_tools/lib/python3.8/site-packages/tf2_tools-0.17.1-py3.8.egg-info
[18.190s] running install_scripts
[18.325s] Installing view_frames script to /root/dev_ws/Horizen-SmartCar-DGDZ/src/origincar/install/tf2_tools/lib/tf2_tools
[18.328s] writing list of installed files to '/root/dev_ws/Horizen-SmartCar-DGDZ/src/origincar/build/tf2_tools/install.log'
[18.595s] Invoked command in '/root/dev_ws/Horizen-SmartCar-DGDZ/src/origincar/3rdparty/tf2_tools' returned '0': PYTHONPATH=/root/dev_ws/Horizen-SmartCar-DGDZ/src/origincar/build/tf2_tools/prefix_override:/root/dev_ws/Horizen-SmartCar-DGDZ/src/origincar/install/tf2_tools/lib/python3.8/site-packages:${PYTHONPATH} /usr/bin/python3 setup.py egg_info --egg-base ../../build/tf2_tools build --build-base /root/dev_ws/Horizen-SmartCar-DGDZ/src/origincar/build/tf2_tools/build install --record /root/dev_ws/Horizen-SmartCar-DGDZ/src/origincar/build/tf2_tools/install.log --single-version-externally-managed
