[3.889s] Invoking command in '/root/dev_ws/Horizen-SmartCar-DGDZ/build/origincar_description': CMAKE_PREFIX_PATH=${CMAKE_PREFIX_PATH}:/opt/ros/foxy /usr/bin/cmake /root/dev_ws/Horizen-SmartCar-DGDZ/src/origincar/origincar_description -DCMAKE_INSTALL_PREFIX=/root/dev_ws/Horizen-SmartCar-DGDZ/install/origincar_description
[5.123s] -- The C compiler identification is GNU 9.3.0
[6.285s] -- The CXX compiler identification is GNU 9.3.0
[6.330s] -- Check for working C compiler: /usr/bin/cc
[6.955s] -- Check for working C compiler: /usr/bin/cc -- works
[6.965s] -- Detecting C compiler ABI info
[7.439s] -- Detecting C compiler ABI info - done
[7.533s] -- Detecting C compile features
[7.537s] -- Detecting C compile features - done
[7.559s] -- Check for working CXX compiler: /usr/bin/c++
[8.092s] -- Check for working CXX compiler: /usr/bin/c++ -- works
[8.102s] -- Detecting CXX compiler ABI info
[8.651s] -- Detecting CXX compiler ABI info - done
[8.751s] -- Detecting CXX compile features
[8.758s] -- Detecting CXX compile features - done
[8.771s] -- Found ament_cmake: 0.9.12 (/opt/tros/share/ament_cmake/cmake)
[8.997s] -- Found PythonInterp: /usr/bin/python3 (found suitable version "3.8.10", minimum required is "3") 
[9.000s] -- Using PYTHON_EXECUTABLE: /usr/bin/python3
[11.086s] -- Found ament_lint_auto: 0.9.8 (/opt/tros/share/ament_lint_auto/cmake)
[11.888s] -- Added test 'copyright' to check source files copyright and LICENSE
[11.905s] -- Added test 'flake8' to check Python code syntax and style conventions
[11.911s] -- Added test 'lint_cmake' to check CMake code style
[11.915s] -- Added test 'pep257' to check Python code against some of the style conventions in PEP 257
[11.926s] -- Added test 'xmllint' to check XML markup files
[11.942s] -- Configuring done
[11.958s] -- Generating done
[11.967s] -- Build files have been written to: /root/dev_ws/Horizen-SmartCar-DGDZ/build/origincar_description
[11.999s] Invoked command in '/root/dev_ws/Horizen-SmartCar-DGDZ/build/origincar_description' returned '0': CMAKE_PREFIX_PATH=${CMAKE_PREFIX_PATH}:/opt/ros/foxy /usr/bin/cmake /root/dev_ws/Horizen-SmartCar-DGDZ/src/origincar/origincar_description -DCMAKE_INSTALL_PREFIX=/root/dev_ws/Horizen-SmartCar-DGDZ/install/origincar_description
[12.008s] Invoking command in '/root/dev_ws/Horizen-SmartCar-DGDZ/build/origincar_description': CMAKE_PREFIX_PATH=${CMAKE_PREFIX_PATH}:/opt/ros/foxy /usr/bin/cmake --build /root/dev_ws/Horizen-SmartCar-DGDZ/build/origincar_description -- -j4 -l4
[12.255s] Invoked command in '/root/dev_ws/Horizen-SmartCar-DGDZ/build/origincar_description' returned '0': CMAKE_PREFIX_PATH=${CMAKE_PREFIX_PATH}:/opt/ros/foxy /usr/bin/cmake --build /root/dev_ws/Horizen-SmartCar-DGDZ/build/origincar_description -- -j4 -l4
[12.438s] Invoking command in '/root/dev_ws/Horizen-SmartCar-DGDZ/build/origincar_description': CMAKE_PREFIX_PATH=${CMAKE_PREFIX_PATH}:/opt/ros/foxy /usr/bin/cmake --install /root/dev_ws/Horizen-SmartCar-DGDZ/build/origincar_description
[12.507s] -- Install configuration: ""
[12.508s] -- Installing: /root/dev_ws/Horizen-SmartCar-DGDZ/install/origincar_description/share/origincar_description/launch
[12.509s] -- Installing: /root/dev_ws/Horizen-SmartCar-DGDZ/install/origincar_description/share/origincar_description/launch/gazebo.launch
[12.512s] -- Installing: /root/dev_ws/Horizen-SmartCar-DGDZ/install/origincar_description/share/origincar_description/launch/display.launch
[12.513s] -- Installing: /root/dev_ws/Horizen-SmartCar-DGDZ/install/origincar_description/share/origincar_description/launch/display.launch.py
[12.514s] -- Installing: /root/dev_ws/Horizen-SmartCar-DGDZ/install/origincar_description/share/origincar_description/urdf
[12.515s] -- Installing: /root/dev_ws/Horizen-SmartCar-DGDZ/install/origincar_description/share/origincar_description/urdf/origincar.urdf
[12.523s] -- Installing: /root/dev_ws/Horizen-SmartCar-DGDZ/install/origincar_description/share/origincar_description/urdf/origincar.xacro
[12.526s] -- Installing: /root/dev_ws/Horizen-SmartCar-DGDZ/install/origincar_description/share/origincar_description/rviz
[12.532s] -- Installing: /root/dev_ws/Horizen-SmartCar-DGDZ/install/origincar_description/share/origincar_description/rviz/README
[12.533s] -- Installing: /root/dev_ws/Horizen-SmartCar-DGDZ/install/origincar_description/share/origincar_description/rviz/display.rviz
[12.537s] -- Installing: /root/dev_ws/Horizen-SmartCar-DGDZ/install/origincar_description/share/origincar_description/meshes
[12.542s] -- Installing: /root/dev_ws/Horizen-SmartCar-DGDZ/install/origincar_description/share/origincar_description/meshes/up_left_Link.STL
[12.569s] -- Installing: /root/dev_ws/Horizen-SmartCar-DGDZ/install/origincar_description/share/origincar_description/meshes/down_right_Link.STL
[12.601s] -- Installing: /root/dev_ws/Horizen-SmartCar-DGDZ/install/origincar_description/share/origincar_description/meshes/up_right_Link.STL
[12.635s] -- Installing: /root/dev_ws/Horizen-SmartCar-DGDZ/install/origincar_description/share/origincar_description/meshes/base_link.STL
[12.649s] -- Installing: /root/dev_ws/Horizen-SmartCar-DGDZ/install/origincar_description/share/origincar_description/meshes/down_left_Link.STL
[12.682s] -- Installing: /root/dev_ws/Horizen-SmartCar-DGDZ/install/origincar_description/share/ament_index/resource_index/package_run_dependencies/origincar_description
[12.685s] -- Installing: /root/dev_ws/Horizen-SmartCar-DGDZ/install/origincar_description/share/ament_index/resource_index/parent_prefix_path/origincar_description
[12.687s] -- Installing: /root/dev_ws/Horizen-SmartCar-DGDZ/install/origincar_description/share/origincar_description/environment/ament_prefix_path.sh
[12.690s] -- Installing: /root/dev_ws/Horizen-SmartCar-DGDZ/install/origincar_description/share/origincar_description/environment/ament_prefix_path.dsv
[12.692s] -- Installing: /root/dev_ws/Horizen-SmartCar-DGDZ/install/origincar_description/share/origincar_description/environment/path.sh
[12.694s] -- Installing: /root/dev_ws/Horizen-SmartCar-DGDZ/install/origincar_description/share/origincar_description/environment/path.dsv
[12.696s] -- Installing: /root/dev_ws/Horizen-SmartCar-DGDZ/install/origincar_description/share/origincar_description/local_setup.bash
[12.698s] -- Installing: /root/dev_ws/Horizen-SmartCar-DGDZ/install/origincar_description/share/origincar_description/local_setup.sh
[12.700s] -- Installing: /root/dev_ws/Horizen-SmartCar-DGDZ/install/origincar_description/share/origincar_description/local_setup.zsh
[12.701s] -- Installing: /root/dev_ws/Horizen-SmartCar-DGDZ/install/origincar_description/share/origincar_description/local_setup.dsv
[12.702s] -- Installing: /root/dev_ws/Horizen-SmartCar-DGDZ/install/origincar_description/share/origincar_description/package.dsv
[12.703s] -- Installing: /root/dev_ws/Horizen-SmartCar-DGDZ/install/origincar_description/share/ament_index/resource_index/packages/origincar_description
[12.704s] -- Installing: /root/dev_ws/Horizen-SmartCar-DGDZ/install/origincar_description/share/origincar_description/cmake/origincar_descriptionConfig.cmake
[12.706s] -- Installing: /root/dev_ws/Horizen-SmartCar-DGDZ/install/origincar_description/share/origincar_description/cmake/origincar_descriptionConfig-version.cmake
[12.725s] -- Installing: /root/dev_ws/Horizen-SmartCar-DGDZ/install/origincar_description/share/origincar_description/package.xml
[12.726s] Invoked command in '/root/dev_ws/Horizen-SmartCar-DGDZ/build/origincar_description' returned '0': CMAKE_PREFIX_PATH=${CMAKE_PREFIX_PATH}:/opt/ros/foxy /usr/bin/cmake --install /root/dev_ws/Horizen-SmartCar-DGDZ/build/origincar_description
