[5.878s] Invoking command in '/root/dev_ws/build/ackermann_msgs': CMAKE_PREFIX_PATH=${CMAKE_PREFIX_PATH}:/root/dev_ws/install/tf2_tools:/opt/ros/foxy /usr/bin/cmake --build /root/dev_ws/build/ackermann_msgs -- -j4 -l4
[6.237s] [  2%] Built target ackermann_msgs__cpp
[6.400s] [ 12%] Built target ackermann_msgs__rosidl_generator_c
[6.434s] [ 23%] Built target ackermann_msgs__rosidl_typesupport_introspection_cpp
[6.491s] [ 33%] Built target ackermann_msgs__rosidl_typesupport_fastrtps_cpp
[6.625s] [ 43%] Built target ackermann_msgs__rosidl_typesupport_cpp
[6.830s] [ 53%] Built target ackermann_msgs__rosidl_typesupport_introspection_c
[6.899s] [ 64%] Built target ackermann_msgs__rosidl_typesupport_fastrtps_c
[6.901s] [ 74%] Built target ackermann_msgs__rosidl_typesupport_c
[7.075s] [ 74%] Built target ackermann_msgs
[7.194s] [ 76%] Built target ackermann_msgs__py
[7.345s] [ 84%] Built target ackermann_msgs__python
[7.580s] [ 89%] Built target ackermann_msgs__rosidl_typesupport_fastrtps_c__pyext
[7.612s] [ 94%] Built target ackermann_msgs__rosidl_typesupport_c__pyext
[7.645s] [100%] Built target ackermann_msgs__rosidl_typesupport_introspection_c__pyext
[8.054s] Invoked command in '/root/dev_ws/build/ackermann_msgs' returned '0': CMAKE_PREFIX_PATH=${CMAKE_PREFIX_PATH}:/root/dev_ws/install/tf2_tools:/opt/ros/foxy /usr/bin/cmake --build /root/dev_ws/build/ackermann_msgs -- -j4 -l4
[11.835s] Invoking command in '/root/dev_ws/build/ackermann_msgs': CMAKE_PREFIX_PATH=${CMAKE_PREFIX_PATH}:/root/dev_ws/install/tf2_tools:/opt/ros/foxy /usr/bin/cmake --install /root/dev_ws/build/ackermann_msgs
[11.944s] -- Install configuration: ""
[11.945s] -- Up-to-date: /root/dev_ws/install/ackermann_msgs/share/ament_index/resource_index/rosidl_interfaces/ackermann_msgs
[11.947s] -- Up-to-date: /root/dev_ws/install/ackermann_msgs/include/ackermann_msgs
[11.948s] -- Up-to-date: /root/dev_ws/install/ackermann_msgs/include/ackermann_msgs/msg
[11.949s] -- Up-to-date: /root/dev_ws/install/ackermann_msgs/include/ackermann_msgs/msg/ackermann_drive.h
[11.950s] -- Up-to-date: /root/dev_ws/install/ackermann_msgs/include/ackermann_msgs/msg/rosidl_generator_c__visibility_control.h
[11.951s] -- Up-to-date: /root/dev_ws/install/ackermann_msgs/include/ackermann_msgs/msg/ackermann_drive_stamped.h
[11.952s] -- Up-to-date: /root/dev_ws/install/ackermann_msgs/include/ackermann_msgs/msg/detail
[11.953s] -- Up-to-date: /root/dev_ws/install/ackermann_msgs/include/ackermann_msgs/msg/detail/ackermann_drive_stamped__functions.c
[11.954s] -- Up-to-date: /root/dev_ws/install/ackermann_msgs/include/ackermann_msgs/msg/detail/ackermann_drive__struct.h
[11.955s] -- Up-to-date: /root/dev_ws/install/ackermann_msgs/include/ackermann_msgs/msg/detail/ackermann_drive_stamped__type_support.h
[11.957s] -- Up-to-date: /root/dev_ws/install/ackermann_msgs/include/ackermann_msgs/msg/detail/ackermann_drive__functions.c
[11.957s] -- Up-to-date: /root/dev_ws/install/ackermann_msgs/include/ackermann_msgs/msg/detail/ackermann_drive__type_support.h
[11.958s] -- Up-to-date: /root/dev_ws/install/ackermann_msgs/include/ackermann_msgs/msg/detail/ackermann_drive__functions.h
[11.959s] -- Up-to-date: /root/dev_ws/install/ackermann_msgs/include/ackermann_msgs/msg/detail/ackermann_drive_stamped__functions.h
[11.960s] -- Up-to-date: /root/dev_ws/install/ackermann_msgs/include/ackermann_msgs/msg/detail/ackermann_drive_stamped__struct.h
[11.961s] -- Up-to-date: /root/dev_ws/install/ackermann_msgs/share/ackermann_msgs/environment/library_path.sh
[11.962s] -- Up-to-date: /root/dev_ws/install/ackermann_msgs/share/ackermann_msgs/environment/library_path.dsv
[12.058s] -- Up-to-date: /root/dev_ws/install/ackermann_msgs/lib/libackermann_msgs__rosidl_generator_c.so
[12.059s] -- Up-to-date: /root/dev_ws/install/ackermann_msgs/include/ackermann_msgs
[12.060s] -- Up-to-date: /root/dev_ws/install/ackermann_msgs/include/ackermann_msgs/msg
[12.061s] -- Up-to-date: /root/dev_ws/install/ackermann_msgs/include/ackermann_msgs/msg/rosidl_typesupport_fastrtps_c__visibility_control.h
[12.062s] -- Up-to-date: /root/dev_ws/install/ackermann_msgs/include/ackermann_msgs/msg/detail
[12.063s] -- Up-to-date: /root/dev_ws/install/ackermann_msgs/include/ackermann_msgs/msg/detail/ackermann_drive__rosidl_typesupport_fastrtps_c.h
[12.073s] -- Up-to-date: /root/dev_ws/install/ackermann_msgs/include/ackermann_msgs/msg/detail/ackermann_drive_stamped__rosidl_typesupport_fastrtps_c.h
[12.079s] -- Up-to-date: /root/dev_ws/install/ackermann_msgs/lib/libackermann_msgs__rosidl_typesupport_fastrtps_c.so
[12.080s] -- Up-to-date: /root/dev_ws/install/ackermann_msgs/include/ackermann_msgs
[12.081s] -- Up-to-date: /root/dev_ws/install/ackermann_msgs/include/ackermann_msgs/msg
[12.082s] -- Up-to-date: /root/dev_ws/install/ackermann_msgs/include/ackermann_msgs/msg/rosidl_typesupport_fastrtps_cpp__visibility_control.h
[12.083s] -- Up-to-date: /root/dev_ws/install/ackermann_msgs/include/ackermann_msgs/msg/detail
[12.096s] -- Up-to-date: /root/dev_ws/install/ackermann_msgs/include/ackermann_msgs/msg/detail/ackermann_drive_stamped__rosidl_typesupport_fastrtps_cpp.hpp
[12.097s] -- Up-to-date: /root/dev_ws/install/ackermann_msgs/include/ackermann_msgs/msg/detail/ackermann_drive__rosidl_typesupport_fastrtps_cpp.hpp
[12.098s] -- Up-to-date: /root/dev_ws/install/ackermann_msgs/include/ackermann_msgs/msg/detail/dds_fastrtps
[12.099s] -- Up-to-date: /root/dev_ws/install/ackermann_msgs/lib/libackermann_msgs__rosidl_typesupport_fastrtps_cpp.so
[12.100s] -- Up-to-date: /root/dev_ws/install/ackermann_msgs/include/ackermann_msgs
[12.101s] -- Up-to-date: /root/dev_ws/install/ackermann_msgs/include/ackermann_msgs/msg
[12.102s] -- Up-to-date: /root/dev_ws/install/ackermann_msgs/include/ackermann_msgs/msg/rosidl_typesupport_introspection_c__visibility_control.h
[12.103s] -- Up-to-date: /root/dev_ws/install/ackermann_msgs/include/ackermann_msgs/msg/detail
[12.105s] -- Up-to-date: /root/dev_ws/install/ackermann_msgs/include/ackermann_msgs/msg/detail/ackermann_drive__rosidl_typesupport_introspection_c.h
[12.106s] -- Up-to-date: /root/dev_ws/install/ackermann_msgs/include/ackermann_msgs/msg/detail/ackermann_drive_stamped__type_support.c
[12.107s] -- Up-to-date: /root/dev_ws/install/ackermann_msgs/include/ackermann_msgs/msg/detail/ackermann_drive_stamped__rosidl_typesupport_introspection_c.h
[12.122s] -- Up-to-date: /root/dev_ws/install/ackermann_msgs/include/ackermann_msgs/msg/detail/ackermann_drive__type_support.c
[12.125s] -- Up-to-date: /root/dev_ws/install/ackermann_msgs/lib/libackermann_msgs__rosidl_typesupport_introspection_c.so
[12.130s] -- Up-to-date: /root/dev_ws/install/ackermann_msgs/lib/libackermann_msgs__rosidl_typesupport_c.so
[12.135s] -- Up-to-date: /root/dev_ws/install/ackermann_msgs/include/ackermann_msgs
[12.138s] -- Up-to-date: /root/dev_ws/install/ackermann_msgs/include/ackermann_msgs/msg
[12.141s] -- Up-to-date: /root/dev_ws/install/ackermann_msgs/include/ackermann_msgs/msg/rosidl_generator_cpp__visibility_control.hpp
[12.145s] -- Up-to-date: /root/dev_ws/install/ackermann_msgs/include/ackermann_msgs/msg/ackermann_drive.hpp
[12.151s] -- Up-to-date: /root/dev_ws/install/ackermann_msgs/include/ackermann_msgs/msg/ackermann_drive_stamped.hpp
[12.154s] -- Up-to-date: /root/dev_ws/install/ackermann_msgs/include/ackermann_msgs/msg/detail
[12.157s] -- Up-to-date: /root/dev_ws/install/ackermann_msgs/include/ackermann_msgs/msg/detail/ackermann_drive__builder.hpp
[12.162s] -- Up-to-date: /root/dev_ws/install/ackermann_msgs/include/ackermann_msgs/msg/detail/ackermann_drive_stamped__builder.hpp
[12.165s] -- Up-to-date: /root/dev_ws/install/ackermann_msgs/include/ackermann_msgs/msg/detail/ackermann_drive__traits.hpp
[12.168s] -- Up-to-date: /root/dev_ws/install/ackermann_msgs/include/ackermann_msgs/msg/detail/ackermann_drive_stamped__traits.hpp
[12.169s] -- Up-to-date: /root/dev_ws/install/ackermann_msgs/include/ackermann_msgs/msg/detail/ackermann_drive__struct.hpp
[12.170s] -- Up-to-date: /root/dev_ws/install/ackermann_msgs/include/ackermann_msgs/msg/detail/ackermann_drive_stamped__struct.hpp
[12.171s] -- Up-to-date: /root/dev_ws/install/ackermann_msgs/include/ackermann_msgs/msg/detail/ackermann_drive_stamped__type_support.hpp
[12.175s] -- Up-to-date: /root/dev_ws/install/ackermann_msgs/include/ackermann_msgs/msg/detail/ackermann_drive__type_support.hpp
[12.177s] -- Up-to-date: /root/dev_ws/install/ackermann_msgs/include/ackermann_msgs
[12.180s] -- Up-to-date: /root/dev_ws/install/ackermann_msgs/include/ackermann_msgs/msg
[12.183s] -- Up-to-date: /root/dev_ws/install/ackermann_msgs/include/ackermann_msgs/msg/detail
[12.187s] -- Up-to-date: /root/dev_ws/install/ackermann_msgs/include/ackermann_msgs/msg/detail/ackermann_drive__rosidl_typesupport_introspection_cpp.hpp
[12.192s] -- Up-to-date: /root/dev_ws/install/ackermann_msgs/include/ackermann_msgs/msg/detail/ackermann_drive_stamped__type_support.cpp
[12.196s] -- Up-to-date: /root/dev_ws/install/ackermann_msgs/include/ackermann_msgs/msg/detail/ackermann_drive_stamped__rosidl_typesupport_introspection_cpp.hpp
[12.199s] -- Up-to-date: /root/dev_ws/install/ackermann_msgs/include/ackermann_msgs/msg/detail/ackermann_drive__type_support.cpp
[12.202s] -- Up-to-date: /root/dev_ws/install/ackermann_msgs/lib/libackermann_msgs__rosidl_typesupport_introspection_cpp.so
[12.205s] -- Up-to-date: /root/dev_ws/install/ackermann_msgs/lib/libackermann_msgs__rosidl_typesupport_cpp.so
[12.208s] -- Up-to-date: /root/dev_ws/install/ackermann_msgs/share/ackermann_msgs/environment/pythonpath.sh
[12.214s] -- Up-to-date: /root/dev_ws/install/ackermann_msgs/share/ackermann_msgs/environment/pythonpath.dsv
[12.219s] -- Up-to-date: /root/dev_ws/install/ackermann_msgs/lib/python3.8/site-packages/ackermann_msgs/__init__.py
[12.255s] -- Up-to-date: /root/dev_ws/install/ackermann_msgs/lib/python3.8/site-packages/ackermann_msgs/msg
[12.259s] -- Up-to-date: /root/dev_ws/install/ackermann_msgs/lib/python3.8/site-packages/ackermann_msgs/msg/__init__.py
[12.282s] -- Up-to-date: /root/dev_ws/install/ackermann_msgs/lib/python3.8/site-packages/ackermann_msgs/msg/_ackermann_drive_stamped_s.c
[12.289s] -- Up-to-date: /root/dev_ws/install/ackermann_msgs/lib/python3.8/site-packages/ackermann_msgs/msg/_ackermann_drive_stamped.py
[12.293s] -- Up-to-date: /root/dev_ws/install/ackermann_msgs/lib/python3.8/site-packages/ackermann_msgs/msg/_ackermann_drive.py
[12.297s] -- Up-to-date: /root/dev_ws/install/ackermann_msgs/lib/python3.8/site-packages/ackermann_msgs/msg/_ackermann_drive_s.c
[12.301s] -- Up-to-date: /root/dev_ws/install/ackermann_msgs/lib/python3.8/site-packages/ackermann_msgs/ackermann_msgs_s__rosidl_typesupport_fastrtps_c.cpython-38-aarch64-linux-gnu.so
[12.305s] -- Up-to-date: /root/dev_ws/install/ackermann_msgs/lib/python3.8/site-packages/ackermann_msgs/ackermann_msgs_s__rosidl_typesupport_introspection_c.cpython-38-aarch64-linux-gnu.so
[12.311s] -- Up-to-date: /root/dev_ws/install/ackermann_msgs/lib/python3.8/site-packages/ackermann_msgs/ackermann_msgs_s__rosidl_typesupport_c.cpython-38-aarch64-linux-gnu.so
[12.315s] -- Up-to-date: /root/dev_ws/install/ackermann_msgs/lib/libackermann_msgs__python.so
[12.318s] -- Up-to-date: /root/dev_ws/install/ackermann_msgs/share/ackermann_msgs/msg/AckermannDrive.idl
[12.319s] -- Up-to-date: /root/dev_ws/install/ackermann_msgs/share/ackermann_msgs/msg/AckermannDriveStamped.idl
[12.322s] -- Up-to-date: /root/dev_ws/install/ackermann_msgs/share/ackermann_msgs/msg/AckermannDrive.msg
[12.323s] -- Up-to-date: /root/dev_ws/install/ackermann_msgs/share/ackermann_msgs/msg/AckermannDriveStamped.msg
[12.324s] -- Up-to-date: /root/dev_ws/install/ackermann_msgs/share/ament_index/resource_index/package_run_dependencies/ackermann_msgs
[12.324s] -- Up-to-date: /root/dev_ws/install/ackermann_msgs/share/ament_index/resource_index/parent_prefix_path/ackermann_msgs
[12.325s] -- Up-to-date: /root/dev_ws/install/ackermann_msgs/share/ackermann_msgs/environment/ament_prefix_path.sh
[12.326s] -- Up-to-date: /root/dev_ws/install/ackermann_msgs/share/ackermann_msgs/environment/ament_prefix_path.dsv
[12.327s] -- Up-to-date: /root/dev_ws/install/ackermann_msgs/share/ackermann_msgs/environment/path.sh
[12.329s] -- Up-to-date: /root/dev_ws/install/ackermann_msgs/share/ackermann_msgs/environment/path.dsv
[12.332s] -- Up-to-date: /root/dev_ws/install/ackermann_msgs/share/ackermann_msgs/local_setup.bash
[12.334s] -- Up-to-date: /root/dev_ws/install/ackermann_msgs/share/ackermann_msgs/local_setup.sh
[12.337s] -- Up-to-date: /root/dev_ws/install/ackermann_msgs/share/ackermann_msgs/local_setup.zsh
[12.343s] -- Up-to-date: /root/dev_ws/install/ackermann_msgs/share/ackermann_msgs/local_setup.dsv
[12.346s] -- Installing: /root/dev_ws/install/ackermann_msgs/share/ackermann_msgs/package.dsv
[12.349s] -- Up-to-date: /root/dev_ws/install/ackermann_msgs/share/ament_index/resource_index/packages/ackermann_msgs
[12.352s] -- Up-to-date: /root/dev_ws/install/ackermann_msgs/share/ackermann_msgs/cmake/ackermann_msgs__rosidl_generator_cExport.cmake
[12.357s] -- Up-to-date: /root/dev_ws/install/ackermann_msgs/share/ackermann_msgs/cmake/ackermann_msgs__rosidl_generator_cExport-noconfig.cmake
[12.362s] -- Up-to-date: /root/dev_ws/install/ackermann_msgs/share/ackermann_msgs/cmake/ackermann_msgs__rosidl_typesupport_introspection_cExport.cmake
[12.368s] -- Up-to-date: /root/dev_ws/install/ackermann_msgs/share/ackermann_msgs/cmake/ackermann_msgs__rosidl_typesupport_introspection_cExport-noconfig.cmake
[12.372s] -- Up-to-date: /root/dev_ws/install/ackermann_msgs/share/ackermann_msgs/cmake/ackermann_msgs__rosidl_typesupport_cExport.cmake
[12.375s] -- Up-to-date: /root/dev_ws/install/ackermann_msgs/share/ackermann_msgs/cmake/ackermann_msgs__rosidl_typesupport_cExport-noconfig.cmake
[12.379s] -- Up-to-date: /root/dev_ws/install/ackermann_msgs/share/ackermann_msgs/cmake/ackermann_msgs__rosidl_generator_cppExport.cmake
[12.409s] -- Up-to-date: /root/dev_ws/install/ackermann_msgs/share/ackermann_msgs/cmake/ackermann_msgs__rosidl_typesupport_introspection_cppExport.cmake
[12.417s] -- Up-to-date: /root/dev_ws/install/ackermann_msgs/share/ackermann_msgs/cmake/ackermann_msgs__rosidl_typesupport_introspection_cppExport-noconfig.cmake
[12.419s] -- Up-to-date: /root/dev_ws/install/ackermann_msgs/share/ackermann_msgs/cmake/ackermann_msgs__rosidl_typesupport_cppExport.cmake
[12.424s] -- Up-to-date: /root/dev_ws/install/ackermann_msgs/share/ackermann_msgs/cmake/ackermann_msgs__rosidl_typesupport_cppExport-noconfig.cmake
[12.436s] -- Up-to-date: /root/dev_ws/install/ackermann_msgs/share/ackermann_msgs/cmake/rosidl_cmake-extras.cmake
[12.441s] -- Up-to-date: /root/dev_ws/install/ackermann_msgs/share/ackermann_msgs/cmake/ament_cmake_export_dependencies-extras.cmake
[12.444s] -- Up-to-date: /root/dev_ws/install/ackermann_msgs/share/ackermann_msgs/cmake/ament_cmake_export_libraries-extras.cmake
[12.449s] -- Up-to-date: /root/dev_ws/install/ackermann_msgs/share/ackermann_msgs/cmake/ament_cmake_export_targets-extras.cmake
[12.489s] -- Up-to-date: /root/dev_ws/install/ackermann_msgs/share/ackermann_msgs/cmake/ament_cmake_export_include_directories-extras.cmake
[12.493s] -- Up-to-date: /root/dev_ws/install/ackermann_msgs/share/ackermann_msgs/cmake/rosidl_cmake_export_typesupport_libraries-extras.cmake
[12.495s] -- Up-to-date: /root/dev_ws/install/ackermann_msgs/share/ackermann_msgs/cmake/rosidl_cmake_export_typesupport_targets-extras.cmake
[12.499s] -- Up-to-date: /root/dev_ws/install/ackermann_msgs/share/ackermann_msgs/cmake/ackermann_msgsConfig.cmake
[12.504s] -- Up-to-date: /root/dev_ws/install/ackermann_msgs/share/ackermann_msgs/cmake/ackermann_msgsConfig-version.cmake
[12.505s] -- Up-to-date: /root/dev_ws/install/ackermann_msgs/share/ackermann_msgs/package.xml
[15.173s] Invoked command in '/root/dev_ws/build/ackermann_msgs' returned '0': CMAKE_PREFIX_PATH=${CMAKE_PREFIX_PATH}:/root/dev_ws/install/tf2_tools:/opt/ros/foxy /usr/bin/cmake --install /root/dev_ws/build/ackermann_msgs
