[2.006s] Invoking command in '/root/dev_ws/Horizen-SmartCar-DGDZ/src/build/origincar_bringup': CMAKE_PREFIX_PATH=${CMAKE_PREFIX_PATH}:/opt/ros/foxy /usr/bin/cmake /root/dev_ws/Horizen-SmartCar-DGDZ/src/origincar/origincar_bringup -DCMAKE_INSTALL_PREFIX=/root/dev_ws/Horizen-SmartCar-DGDZ/src/install/origincar_bringup
[2.795s] -- The C compiler identification is GNU 9.3.0
[3.399s] -- The CXX compiler identification is GNU 9.3.0
[3.438s] -- Check for working C compiler: /usr/bin/cc
[4.331s] -- Check for working C compiler: /usr/bin/cc -- works
[4.338s] -- Detecting C compiler ABI info
[5.206s] -- Detecting C compiler ABI info - done
[5.451s] -- Detecting C compile features
[5.463s] -- Detecting C compile features - done
[5.523s] -- Check for working CXX compiler: /usr/bin/c++
[6.369s] -- Check for working CXX compiler: /usr/bin/c++ -- works
[6.377s] -- Detecting CXX compiler ABI info
[6.916s] -- Detecting CXX compiler ABI info - done
[7.045s] -- Detecting CXX compile features
[7.052s] -- Detecting CXX compile features - done
[7.067s] -- Found ament_cmake: 0.9.12 (/opt/tros/share/ament_cmake/cmake)
[7.290s] -- Found PythonInterp: /usr/bin/python3 (found suitable version "3.8.10", minimum required is "3") 
[7.292s] -- Using PYTHON_EXECUTABLE: /usr/bin/python3
[9.629s] -- Found ament_lint_auto: 0.9.8 (/opt/tros/share/ament_lint_auto/cmake)
[10.462s] -- Added test 'copyright' to check source files copyright and LICENSE
[10.474s] -- Added test 'flake8' to check Python code syntax and style conventions
[10.479s] -- Added test 'lint_cmake' to check CMake code style
[10.480s] -- Added test 'pep257' to check Python code against some of the style conventions in PEP 257
[10.488s] -- Added test 'xmllint' to check XML markup files
[10.505s] -- Configuring done
[10.523s] -- Generating done
[10.531s] -- Build files have been written to: /root/dev_ws/Horizen-SmartCar-DGDZ/src/build/origincar_bringup
[12.063s] Invoked command in '/root/dev_ws/Horizen-SmartCar-DGDZ/src/build/origincar_bringup' returned '0': CMAKE_PREFIX_PATH=${CMAKE_PREFIX_PATH}:/opt/ros/foxy /usr/bin/cmake /root/dev_ws/Horizen-SmartCar-DGDZ/src/origincar/origincar_bringup -DCMAKE_INSTALL_PREFIX=/root/dev_ws/Horizen-SmartCar-DGDZ/src/install/origincar_bringup
[12.074s] Invoking command in '/root/dev_ws/Horizen-SmartCar-DGDZ/src/build/origincar_bringup': CMAKE_PREFIX_PATH=${CMAKE_PREFIX_PATH}:/opt/ros/foxy /usr/bin/cmake --build /root/dev_ws/Horizen-SmartCar-DGDZ/src/build/origincar_bringup -- -j4 -l4
[12.424s] Invoked command in '/root/dev_ws/Horizen-SmartCar-DGDZ/src/build/origincar_bringup' returned '0': CMAKE_PREFIX_PATH=${CMAKE_PREFIX_PATH}:/opt/ros/foxy /usr/bin/cmake --build /root/dev_ws/Horizen-SmartCar-DGDZ/src/build/origincar_bringup -- -j4 -l4
[12.554s] Invoking command in '/root/dev_ws/Horizen-SmartCar-DGDZ/src/build/origincar_bringup': CMAKE_PREFIX_PATH=${CMAKE_PREFIX_PATH}:/opt/ros/foxy /usr/bin/cmake --install /root/dev_ws/Horizen-SmartCar-DGDZ/src/build/origincar_bringup
[12.625s] -- Install configuration: ""
[12.628s] -- Installing: /root/dev_ws/Horizen-SmartCar-DGDZ/src/install/origincar_bringup/share/origincar_bringup/launch
[12.630s] -- Installing: /root/dev_ws/Horizen-SmartCar-DGDZ/src/install/origincar_bringup/share/origincar_bringup/launch/usb_websocket_display.launch.py
[12.636s] -- Installing: /root/dev_ws/Horizen-SmartCar-DGDZ/src/install/origincar_bringup/share/ament_index/resource_index/package_run_dependencies/origincar_bringup
[12.639s] -- Installing: /root/dev_ws/Horizen-SmartCar-DGDZ/src/install/origincar_bringup/share/ament_index/resource_index/parent_prefix_path/origincar_bringup
[12.642s] -- Installing: /root/dev_ws/Horizen-SmartCar-DGDZ/src/install/origincar_bringup/share/origincar_bringup/environment/ament_prefix_path.sh
[12.645s] -- Installing: /root/dev_ws/Horizen-SmartCar-DGDZ/src/install/origincar_bringup/share/origincar_bringup/environment/ament_prefix_path.dsv
[12.648s] -- Installing: /root/dev_ws/Horizen-SmartCar-DGDZ/src/install/origincar_bringup/share/origincar_bringup/environment/path.sh
[12.651s] -- Installing: /root/dev_ws/Horizen-SmartCar-DGDZ/src/install/origincar_bringup/share/origincar_bringup/environment/path.dsv
[12.653s] -- Installing: /root/dev_ws/Horizen-SmartCar-DGDZ/src/install/origincar_bringup/share/origincar_bringup/local_setup.bash
[12.656s] -- Installing: /root/dev_ws/Horizen-SmartCar-DGDZ/src/install/origincar_bringup/share/origincar_bringup/local_setup.sh
[12.659s] -- Installing: /root/dev_ws/Horizen-SmartCar-DGDZ/src/install/origincar_bringup/share/origincar_bringup/local_setup.zsh
[12.662s] -- Installing: /root/dev_ws/Horizen-SmartCar-DGDZ/src/install/origincar_bringup/share/origincar_bringup/local_setup.dsv
[12.664s] -- Installing: /root/dev_ws/Horizen-SmartCar-DGDZ/src/install/origincar_bringup/share/origincar_bringup/package.dsv
[12.668s] -- Installing: /root/dev_ws/Horizen-SmartCar-DGDZ/src/install/origincar_bringup/share/ament_index/resource_index/packages/origincar_bringup
[12.671s] -- Installing: /root/dev_ws/Horizen-SmartCar-DGDZ/src/install/origincar_bringup/share/origincar_bringup/cmake/origincar_bringupConfig.cmake
[12.676s] -- Installing: /root/dev_ws/Horizen-SmartCar-DGDZ/src/install/origincar_bringup/share/origincar_bringup/cmake/origincar_bringupConfig-version.cmake
[12.678s] -- Installing: /root/dev_ws/Horizen-SmartCar-DGDZ/src/install/origincar_bringup/share/origincar_bringup/package.xml
[12.695s] Invoked command in '/root/dev_ws/Horizen-SmartCar-DGDZ/src/build/origincar_bringup' returned '0': CMAKE_PREFIX_PATH=${CMAKE_PREFIX_PATH}:/opt/ros/foxy /usr/bin/cmake --install /root/dev_ws/Horizen-SmartCar-DGDZ/src/build/origincar_bringup
