[17.241s] DEBUG:colcon:Command line arguments: ['/usr/bin/colcon', 'build', '--packages-select', 'test_view']
[17.242s] DEBUG:colcon:Parsed command line arguments: Namespace(allow_overriding=[], ament_cmake_args=None, base_paths=['.'], build_base='build', catkin_cmake_args=None, catkin_skip_building_tests=False, cmake_args=None, cmake_clean_cache=False, cmake_clean_first=False, cmake_force_configure=False, cmake_target=None, cmake_target_skip_unavailable=False, continue_on_error=False, event_handlers=None, executor='parallel', ignore_user_meta=False, install_base='install', log_base=None, log_level=None, main=<bound method BuildVerb.main of <colcon_core.verb.build.BuildVerb object at 0x7f986844f0>>, merge_install=False, metas=['./colcon.meta'], packages_above=None, packages_above_and_dependencies=None, packages_above_depth=None, packages_end=None, packages_ignore=None, packages_ignore_regex=None, packages_select=['test_view'], packages_select_build_failed=False, packages_select_by_dep=None, packages_select_regex=None, packages_select_test_failures=False, packages_skip=None, packages_skip_build_finished=False, packages_skip_by_dep=None, packages_skip_regex=None, packages_skip_test_passed=False, packages_skip_up_to=None, packages_start=None, packages_up_to=None, packages_up_to_regex=None, parallel_workers=4, paths=None, symlink_install=False, test_result_base=None, verb_extension=<colcon_core.verb.build.BuildVerb object at 0x7f986844f0>, verb_name='build', verb_parser=<colcon_defaults.argument_parser.defaults.DefaultArgumentsDecorator object at 0x7f982d3490>)
[17.942s] Level 1:colcon.colcon_core.package_discovery:discover_packages(colcon_meta) check parameters
[17.943s] Level 1:colcon.colcon_core.package_discovery:discover_packages(recursive) check parameters
[17.943s] Level 1:colcon.colcon_core.package_discovery:discover_packages(ignore) check parameters
[17.943s] Level 1:colcon.colcon_core.package_discovery:discover_packages(path) check parameters
[17.944s] Level 1:colcon.colcon_core.package_discovery:discover_packages(colcon_meta) discover
[17.944s] Level 1:colcon.colcon_core.package_discovery:discover_packages(recursive) discover
[17.944s] INFO:colcon.colcon_core.package_discovery:Crawling recursively for packages in '/root/dev_ws/Horizen-SmartCar-DGDZ'
[17.945s] Level 1:colcon.colcon_core.package_identification:_identify(.) by extensions ['ignore', 'ignore_ament_install']
[17.946s] Level 1:colcon.colcon_core.package_identification:_identify(.) by extension 'ignore'
[17.946s] Level 1:colcon.colcon_core.package_identification:_identify(.) by extension 'ignore_ament_install'
[17.946s] Level 1:colcon.colcon_core.package_identification:_identify(.) by extensions ['colcon_pkg']
[17.947s] Level 1:colcon.colcon_core.package_identification:_identify(.) by extension 'colcon_pkg'
[17.947s] Level 1:colcon.colcon_core.package_identification:_identify(.) by extensions ['colcon_meta']
[17.947s] Level 1:colcon.colcon_core.package_identification:_identify(.) by extension 'colcon_meta'
[17.947s] Level 1:colcon.colcon_core.package_identification:_identify(.) by extensions ['ros']
[17.948s] Level 1:colcon.colcon_core.package_identification:_identify(.) by extension 'ros'
[18.098s] Level 1:colcon.colcon_core.package_identification:_identify(.) by extensions ['cmake', 'python']
[18.099s] Level 1:colcon.colcon_core.package_identification:_identify(.) by extension 'cmake'
[18.099s] Level 1:colcon.colcon_core.package_identification:_identify(.) by extension 'python'
[18.099s] Level 1:colcon.colcon_core.package_identification:_identify(.) by extensions ['python_setup_py']
[18.100s] Level 1:colcon.colcon_core.package_identification:_identify(.) by extension 'python_setup_py'
[18.101s] Level 1:colcon.colcon_core.package_identification:_identify(build) by extensions ['ignore', 'ignore_ament_install']
[18.101s] Level 1:colcon.colcon_core.package_identification:_identify(build) by extension 'ignore'
[18.102s] Level 1:colcon.colcon_core.package_identification:_identify(build) ignored
[18.102s] Level 1:colcon.colcon_core.package_identification:_identify(docs) by extensions ['ignore', 'ignore_ament_install']
[18.103s] Level 1:colcon.colcon_core.package_identification:_identify(docs) by extension 'ignore'
[18.103s] Level 1:colcon.colcon_core.package_identification:_identify(docs) by extension 'ignore_ament_install'
[18.104s] Level 1:colcon.colcon_core.package_identification:_identify(docs) by extensions ['colcon_pkg']
[18.104s] Level 1:colcon.colcon_core.package_identification:_identify(docs) by extension 'colcon_pkg'
[18.104s] Level 1:colcon.colcon_core.package_identification:_identify(docs) by extensions ['colcon_meta']
[18.105s] Level 1:colcon.colcon_core.package_identification:_identify(docs) by extension 'colcon_meta'
[18.105s] Level 1:colcon.colcon_core.package_identification:_identify(docs) by extensions ['ros']
[18.105s] Level 1:colcon.colcon_core.package_identification:_identify(docs) by extension 'ros'
[18.106s] Level 1:colcon.colcon_core.package_identification:_identify(docs) by extensions ['cmake', 'python']
[18.106s] Level 1:colcon.colcon_core.package_identification:_identify(docs) by extension 'cmake'
[18.106s] Level 1:colcon.colcon_core.package_identification:_identify(docs) by extension 'python'
[18.107s] Level 1:colcon.colcon_core.package_identification:_identify(docs) by extensions ['python_setup_py']
[18.107s] Level 1:colcon.colcon_core.package_identification:_identify(docs) by extension 'python_setup_py'
[18.108s] Level 1:colcon.colcon_core.package_identification:_identify(install) by extensions ['ignore', 'ignore_ament_install']
[18.108s] Level 1:colcon.colcon_core.package_identification:_identify(install) by extension 'ignore'
[18.109s] Level 1:colcon.colcon_core.package_identification:_identify(install) ignored
[18.109s] Level 1:colcon.colcon_core.package_identification:_identify(log) by extensions ['ignore', 'ignore_ament_install']
[18.110s] Level 1:colcon.colcon_core.package_identification:_identify(log) by extension 'ignore'
[18.110s] Level 1:colcon.colcon_core.package_identification:_identify(log) ignored
[18.111s] Level 1:colcon.colcon_core.package_identification:_identify(res) by extensions ['ignore', 'ignore_ament_install']
[18.111s] Level 1:colcon.colcon_core.package_identification:_identify(res) by extension 'ignore'
[18.112s] Level 1:colcon.colcon_core.package_identification:_identify(res) by extension 'ignore_ament_install'
[18.112s] Level 1:colcon.colcon_core.package_identification:_identify(res) by extensions ['colcon_pkg']
[18.113s] Level 1:colcon.colcon_core.package_identification:_identify(res) by extension 'colcon_pkg'
[18.113s] Level 1:colcon.colcon_core.package_identification:_identify(res) by extensions ['colcon_meta']
[18.113s] Level 1:colcon.colcon_core.package_identification:_identify(res) by extension 'colcon_meta'
[18.113s] Level 1:colcon.colcon_core.package_identification:_identify(res) by extensions ['ros']
[18.114s] Level 1:colcon.colcon_core.package_identification:_identify(res) by extension 'ros'
[18.114s] Level 1:colcon.colcon_core.package_identification:_identify(res) by extensions ['cmake', 'python']
[18.115s] Level 1:colcon.colcon_core.package_identification:_identify(res) by extension 'cmake'
[18.115s] Level 1:colcon.colcon_core.package_identification:_identify(res) by extension 'python'
[18.115s] Level 1:colcon.colcon_core.package_identification:_identify(res) by extensions ['python_setup_py']
[18.115s] Level 1:colcon.colcon_core.package_identification:_identify(res) by extension 'python_setup_py'
[18.116s] Level 1:colcon.colcon_core.package_identification:_identify(src) by extensions ['ignore', 'ignore_ament_install']
[18.117s] Level 1:colcon.colcon_core.package_identification:_identify(src) by extension 'ignore'
[18.117s] Level 1:colcon.colcon_core.package_identification:_identify(src) by extension 'ignore_ament_install'
[18.117s] Level 1:colcon.colcon_core.package_identification:_identify(src) by extensions ['colcon_pkg']
[18.118s] Level 1:colcon.colcon_core.package_identification:_identify(src) by extension 'colcon_pkg'
[18.118s] Level 1:colcon.colcon_core.package_identification:_identify(src) by extensions ['colcon_meta']
[18.118s] Level 1:colcon.colcon_core.package_identification:_identify(src) by extension 'colcon_meta'
[18.119s] Level 1:colcon.colcon_core.package_identification:_identify(src) by extensions ['ros']
[18.119s] Level 1:colcon.colcon_core.package_identification:_identify(src) by extension 'ros'
[18.119s] Level 1:colcon.colcon_core.package_identification:_identify(src) by extensions ['cmake', 'python']
[18.120s] Level 1:colcon.colcon_core.package_identification:_identify(src) by extension 'cmake'
[18.120s] Level 1:colcon.colcon_core.package_identification:_identify(src) by extension 'python'
[18.120s] Level 1:colcon.colcon_core.package_identification:_identify(src) by extensions ['python_setup_py']
[18.121s] Level 1:colcon.colcon_core.package_identification:_identify(src) by extension 'python_setup_py'
[18.121s] Level 1:colcon.colcon_core.package_identification:_identify(src/origincar) by extensions ['ignore', 'ignore_ament_install']
[18.122s] Level 1:colcon.colcon_core.package_identification:_identify(src/origincar) by extension 'ignore'
[18.122s] Level 1:colcon.colcon_core.package_identification:_identify(src/origincar) by extension 'ignore_ament_install'
[18.123s] Level 1:colcon.colcon_core.package_identification:_identify(src/origincar) by extensions ['colcon_pkg']
[18.123s] Level 1:colcon.colcon_core.package_identification:_identify(src/origincar) by extension 'colcon_pkg'
[18.123s] Level 1:colcon.colcon_core.package_identification:_identify(src/origincar) by extensions ['colcon_meta']
[18.124s] Level 1:colcon.colcon_core.package_identification:_identify(src/origincar) by extension 'colcon_meta'
[18.124s] Level 1:colcon.colcon_core.package_identification:_identify(src/origincar) by extensions ['ros']
[18.124s] Level 1:colcon.colcon_core.package_identification:_identify(src/origincar) by extension 'ros'
[18.125s] Level 1:colcon.colcon_core.package_identification:_identify(src/origincar) by extensions ['cmake', 'python']
[18.125s] Level 1:colcon.colcon_core.package_identification:_identify(src/origincar) by extension 'cmake'
[18.125s] Level 1:colcon.colcon_core.package_identification:_identify(src/origincar) by extension 'python'
[18.126s] Level 1:colcon.colcon_core.package_identification:_identify(src/origincar) by extensions ['python_setup_py']
[18.126s] Level 1:colcon.colcon_core.package_identification:_identify(src/origincar) by extension 'python_setup_py'
[18.127s] Level 1:colcon.colcon_core.package_identification:_identify(src/origincar/3rdparty) by extensions ['ignore', 'ignore_ament_install']
[18.127s] Level 1:colcon.colcon_core.package_identification:_identify(src/origincar/3rdparty) by extension 'ignore'
[18.128s] Level 1:colcon.colcon_core.package_identification:_identify(src/origincar/3rdparty) by extension 'ignore_ament_install'
[18.128s] Level 1:colcon.colcon_core.package_identification:_identify(src/origincar/3rdparty) by extensions ['colcon_pkg']
[18.128s] Level 1:colcon.colcon_core.package_identification:_identify(src/origincar/3rdparty) by extension 'colcon_pkg'
[18.129s] Level 1:colcon.colcon_core.package_identification:_identify(src/origincar/3rdparty) by extensions ['colcon_meta']
[18.129s] Level 1:colcon.colcon_core.package_identification:_identify(src/origincar/3rdparty) by extension 'colcon_meta'
[18.129s] Level 1:colcon.colcon_core.package_identification:_identify(src/origincar/3rdparty) by extensions ['ros']
[18.130s] Level 1:colcon.colcon_core.package_identification:_identify(src/origincar/3rdparty) by extension 'ros'
[18.130s] Level 1:colcon.colcon_core.package_identification:_identify(src/origincar/3rdparty) by extensions ['cmake', 'python']
[18.130s] Level 1:colcon.colcon_core.package_identification:_identify(src/origincar/3rdparty) by extension 'cmake'
[18.131s] Level 1:colcon.colcon_core.package_identification:_identify(src/origincar/3rdparty) by extension 'python'
[18.131s] Level 1:colcon.colcon_core.package_identification:_identify(src/origincar/3rdparty) by extensions ['python_setup_py']
[18.131s] Level 1:colcon.colcon_core.package_identification:_identify(src/origincar/3rdparty) by extension 'python_setup_py'
[18.132s] Level 1:colcon.colcon_core.package_identification:_identify(src/origincar/3rdparty/ackermann_msgs-ros2) by extensions ['ignore', 'ignore_ament_install']
[18.133s] Level 1:colcon.colcon_core.package_identification:_identify(src/origincar/3rdparty/ackermann_msgs-ros2) by extension 'ignore'
[18.133s] Level 1:colcon.colcon_core.package_identification:_identify(src/origincar/3rdparty/ackermann_msgs-ros2) by extension 'ignore_ament_install'
[18.134s] Level 1:colcon.colcon_core.package_identification:_identify(src/origincar/3rdparty/ackermann_msgs-ros2) by extensions ['colcon_pkg']
[18.134s] Level 1:colcon.colcon_core.package_identification:_identify(src/origincar/3rdparty/ackermann_msgs-ros2) by extension 'colcon_pkg'
[18.134s] Level 1:colcon.colcon_core.package_identification:_identify(src/origincar/3rdparty/ackermann_msgs-ros2) by extensions ['colcon_meta']
[18.134s] Level 1:colcon.colcon_core.package_identification:_identify(src/origincar/3rdparty/ackermann_msgs-ros2) by extension 'colcon_meta'
[18.135s] Level 1:colcon.colcon_core.package_identification:_identify(src/origincar/3rdparty/ackermann_msgs-ros2) by extensions ['ros']
[18.135s] Level 1:colcon.colcon_core.package_identification:_identify(src/origincar/3rdparty/ackermann_msgs-ros2) by extension 'ros'
[18.151s] DEBUG:colcon.colcon_core.package_identification:Package 'src/origincar/3rdparty/ackermann_msgs-ros2' with type 'ros.ament_cmake' and name 'ackermann_msgs'
[18.152s] Level 1:colcon.colcon_core.package_identification:_identify(src/origincar/3rdparty/serial_ros2) by extensions ['ignore', 'ignore_ament_install']
[18.153s] Level 1:colcon.colcon_core.package_identification:_identify(src/origincar/3rdparty/serial_ros2) by extension 'ignore'
[18.153s] Level 1:colcon.colcon_core.package_identification:_identify(src/origincar/3rdparty/serial_ros2) by extension 'ignore_ament_install'
[18.154s] Level 1:colcon.colcon_core.package_identification:_identify(src/origincar/3rdparty/serial_ros2) by extensions ['colcon_pkg']
[18.154s] Level 1:colcon.colcon_core.package_identification:_identify(src/origincar/3rdparty/serial_ros2) by extension 'colcon_pkg'
[18.154s] Level 1:colcon.colcon_core.package_identification:_identify(src/origincar/3rdparty/serial_ros2) by extensions ['colcon_meta']
[18.154s] Level 1:colcon.colcon_core.package_identification:_identify(src/origincar/3rdparty/serial_ros2) by extension 'colcon_meta'
[18.155s] Level 1:colcon.colcon_core.package_identification:_identify(src/origincar/3rdparty/serial_ros2) by extensions ['ros']
[18.155s] Level 1:colcon.colcon_core.package_identification:_identify(src/origincar/3rdparty/serial_ros2) by extension 'ros'
[18.160s] DEBUG:colcon.colcon_core.package_identification:Package 'src/origincar/3rdparty/serial_ros2' with type 'ros.ament_cmake' and name 'serial'
[18.161s] Level 1:colcon.colcon_core.package_identification:_identify(src/origincar/3rdparty/tf2_tools) by extensions ['ignore', 'ignore_ament_install']
[18.161s] Level 1:colcon.colcon_core.package_identification:_identify(src/origincar/3rdparty/tf2_tools) by extension 'ignore'
[18.162s] Level 1:colcon.colcon_core.package_identification:_identify(src/origincar/3rdparty/tf2_tools) by extension 'ignore_ament_install'
[18.162s] Level 1:colcon.colcon_core.package_identification:_identify(src/origincar/3rdparty/tf2_tools) by extensions ['colcon_pkg']
[18.162s] Level 1:colcon.colcon_core.package_identification:_identify(src/origincar/3rdparty/tf2_tools) by extension 'colcon_pkg'
[18.163s] Level 1:colcon.colcon_core.package_identification:_identify(src/origincar/3rdparty/tf2_tools) by extensions ['colcon_meta']
[18.163s] Level 1:colcon.colcon_core.package_identification:_identify(src/origincar/3rdparty/tf2_tools) by extension 'colcon_meta'
[18.163s] Level 1:colcon.colcon_core.package_identification:_identify(src/origincar/3rdparty/tf2_tools) by extensions ['ros']
[18.164s] Level 1:colcon.colcon_core.package_identification:_identify(src/origincar/3rdparty/tf2_tools) by extension 'ros'
[18.168s] DEBUG:colcon.colcon_core.package_identification:Package 'src/origincar/3rdparty/tf2_tools' with type 'ros.ament_python' and name 'tf2_tools'
[18.169s] Level 1:colcon.colcon_core.package_identification:_identify(src/origincar/build) by extensions ['ignore', 'ignore_ament_install']
[18.178s] Level 1:colcon.colcon_core.package_identification:_identify(src/origincar/build) by extension 'ignore'
[18.179s] Level 1:colcon.colcon_core.package_identification:_identify(src/origincar/build) ignored
[18.180s] Level 1:colcon.colcon_core.package_identification:_identify(src/origincar/config) by extensions ['ignore', 'ignore_ament_install']
[18.180s] Level 1:colcon.colcon_core.package_identification:_identify(src/origincar/config) by extension 'ignore'
[18.181s] Level 1:colcon.colcon_core.package_identification:_identify(src/origincar/config) by extension 'ignore_ament_install'
[18.181s] Level 1:colcon.colcon_core.package_identification:_identify(src/origincar/config) by extensions ['colcon_pkg']
[18.181s] Level 1:colcon.colcon_core.package_identification:_identify(src/origincar/config) by extension 'colcon_pkg'
[18.182s] Level 1:colcon.colcon_core.package_identification:_identify(src/origincar/config) by extensions ['colcon_meta']
[18.182s] Level 1:colcon.colcon_core.package_identification:_identify(src/origincar/config) by extension 'colcon_meta'
[18.182s] Level 1:colcon.colcon_core.package_identification:_identify(src/origincar/config) by extensions ['ros']
[18.183s] Level 1:colcon.colcon_core.package_identification:_identify(src/origincar/config) by extension 'ros'
[18.183s] Level 1:colcon.colcon_core.package_identification:_identify(src/origincar/config) by extensions ['cmake', 'python']
[18.183s] Level 1:colcon.colcon_core.package_identification:_identify(src/origincar/config) by extension 'cmake'
[18.184s] Level 1:colcon.colcon_core.package_identification:_identify(src/origincar/config) by extension 'python'
[18.184s] Level 1:colcon.colcon_core.package_identification:_identify(src/origincar/config) by extensions ['python_setup_py']
[18.184s] Level 1:colcon.colcon_core.package_identification:_identify(src/origincar/config) by extension 'python_setup_py'
[18.185s] Level 1:colcon.colcon_core.package_identification:_identify(src/origincar/config/config) by extensions ['ignore', 'ignore_ament_install']
[18.186s] Level 1:colcon.colcon_core.package_identification:_identify(src/origincar/config/config) by extension 'ignore'
[18.186s] Level 1:colcon.colcon_core.package_identification:_identify(src/origincar/config/config) by extension 'ignore_ament_install'
[18.187s] Level 1:colcon.colcon_core.package_identification:_identify(src/origincar/config/config) by extensions ['colcon_pkg']
[18.187s] Level 1:colcon.colcon_core.package_identification:_identify(src/origincar/config/config) by extension 'colcon_pkg'
[18.187s] Level 1:colcon.colcon_core.package_identification:_identify(src/origincar/config/config) by extensions ['colcon_meta']
[18.187s] Level 1:colcon.colcon_core.package_identification:_identify(src/origincar/config/config) by extension 'colcon_meta'
[18.188s] Level 1:colcon.colcon_core.package_identification:_identify(src/origincar/config/config) by extensions ['ros']
[18.188s] Level 1:colcon.colcon_core.package_identification:_identify(src/origincar/config/config) by extension 'ros'
[18.189s] Level 1:colcon.colcon_core.package_identification:_identify(src/origincar/config/config) by extensions ['cmake', 'python']
[18.189s] Level 1:colcon.colcon_core.package_identification:_identify(src/origincar/config/config) by extension 'cmake'
[18.189s] Level 1:colcon.colcon_core.package_identification:_identify(src/origincar/config/config) by extension 'python'
[18.190s] Level 1:colcon.colcon_core.package_identification:_identify(src/origincar/config/config) by extensions ['python_setup_py']
[18.190s] Level 1:colcon.colcon_core.package_identification:_identify(src/origincar/config/config) by extension 'python_setup_py'
[18.191s] Level 1:colcon.colcon_core.package_identification:_identify(src/origincar/config/config/efficient_det) by extensions ['ignore', 'ignore_ament_install']
[18.191s] Level 1:colcon.colcon_core.package_identification:_identify(src/origincar/config/config/efficient_det) by extension 'ignore'
[18.192s] Level 1:colcon.colcon_core.package_identification:_identify(src/origincar/config/config/efficient_det) by extension 'ignore_ament_install'
[18.192s] Level 1:colcon.colcon_core.package_identification:_identify(src/origincar/config/config/efficient_det) by extensions ['colcon_pkg']
[18.192s] Level 1:colcon.colcon_core.package_identification:_identify(src/origincar/config/config/efficient_det) by extension 'colcon_pkg'
[18.193s] Level 1:colcon.colcon_core.package_identification:_identify(src/origincar/config/config/efficient_det) by extensions ['colcon_meta']
[18.193s] Level 1:colcon.colcon_core.package_identification:_identify(src/origincar/config/config/efficient_det) by extension 'colcon_meta'
[18.193s] Level 1:colcon.colcon_core.package_identification:_identify(src/origincar/config/config/efficient_det) by extensions ['ros']
[18.194s] Level 1:colcon.colcon_core.package_identification:_identify(src/origincar/config/config/efficient_det) by extension 'ros'
[18.194s] Level 1:colcon.colcon_core.package_identification:_identify(src/origincar/config/config/efficient_det) by extensions ['cmake', 'python']
[18.195s] Level 1:colcon.colcon_core.package_identification:_identify(src/origincar/config/config/efficient_det) by extension 'cmake'
[18.195s] Level 1:colcon.colcon_core.package_identification:_identify(src/origincar/config/config/efficient_det) by extension 'python'
[18.195s] Level 1:colcon.colcon_core.package_identification:_identify(src/origincar/config/config/efficient_det) by extensions ['python_setup_py']
[18.195s] Level 1:colcon.colcon_core.package_identification:_identify(src/origincar/config/config/efficient_det) by extension 'python_setup_py'
[18.196s] Level 1:colcon.colcon_core.package_identification:_identify(src/origincar/config/efficient_det) by extensions ['ignore', 'ignore_ament_install']
[18.197s] Level 1:colcon.colcon_core.package_identification:_identify(src/origincar/config/efficient_det) by extension 'ignore'
[18.197s] Level 1:colcon.colcon_core.package_identification:_identify(src/origincar/config/efficient_det) by extension 'ignore_ament_install'
[18.198s] Level 1:colcon.colcon_core.package_identification:_identify(src/origincar/config/efficient_det) by extensions ['colcon_pkg']
[18.198s] Level 1:colcon.colcon_core.package_identification:_identify(src/origincar/config/efficient_det) by extension 'colcon_pkg'
[18.198s] Level 1:colcon.colcon_core.package_identification:_identify(src/origincar/config/efficient_det) by extensions ['colcon_meta']
[18.198s] Level 1:colcon.colcon_core.package_identification:_identify(src/origincar/config/efficient_det) by extension 'colcon_meta'
[18.199s] Level 1:colcon.colcon_core.package_identification:_identify(src/origincar/config/efficient_det) by extensions ['ros']
[18.199s] Level 1:colcon.colcon_core.package_identification:_identify(src/origincar/config/efficient_det) by extension 'ros'
[18.200s] Level 1:colcon.colcon_core.package_identification:_identify(src/origincar/config/efficient_det) by extensions ['cmake', 'python']
[18.200s] Level 1:colcon.colcon_core.package_identification:_identify(src/origincar/config/efficient_det) by extension 'cmake'
[18.200s] Level 1:colcon.colcon_core.package_identification:_identify(src/origincar/config/efficient_det) by extension 'python'
[18.201s] Level 1:colcon.colcon_core.package_identification:_identify(src/origincar/config/efficient_det) by extensions ['python_setup_py']
[18.201s] Level 1:colcon.colcon_core.package_identification:_identify(src/origincar/config/efficient_det) by extension 'python_setup_py'
[18.202s] Level 1:colcon.colcon_core.package_identification:_identify(src/origincar/install) by extensions ['ignore', 'ignore_ament_install']
[18.202s] Level 1:colcon.colcon_core.package_identification:_identify(src/origincar/install) by extension 'ignore'
[18.203s] Level 1:colcon.colcon_core.package_identification:_identify(src/origincar/install) ignored
[18.203s] Level 1:colcon.colcon_core.package_identification:_identify(src/origincar/log) by extensions ['ignore', 'ignore_ament_install']
[18.204s] Level 1:colcon.colcon_core.package_identification:_identify(src/origincar/log) by extension 'ignore'
[18.204s] Level 1:colcon.colcon_core.package_identification:_identify(src/origincar/log) ignored
[18.205s] Level 1:colcon.colcon_core.package_identification:_identify(src/origincar/my_package) by extensions ['ignore', 'ignore_ament_install']
[18.206s] Level 1:colcon.colcon_core.package_identification:_identify(src/origincar/my_package) by extension 'ignore'
[18.206s] Level 1:colcon.colcon_core.package_identification:_identify(src/origincar/my_package) by extension 'ignore_ament_install'
[18.207s] Level 1:colcon.colcon_core.package_identification:_identify(src/origincar/my_package) by extensions ['colcon_pkg']
[18.207s] Level 1:colcon.colcon_core.package_identification:_identify(src/origincar/my_package) by extension 'colcon_pkg'
[18.207s] Level 1:colcon.colcon_core.package_identification:_identify(src/origincar/my_package) by extensions ['colcon_meta']
[18.207s] Level 1:colcon.colcon_core.package_identification:_identify(src/origincar/my_package) by extension 'colcon_meta'
[18.208s] Level 1:colcon.colcon_core.package_identification:_identify(src/origincar/my_package) by extensions ['ros']
[18.208s] Level 1:colcon.colcon_core.package_identification:_identify(src/origincar/my_package) by extension 'ros'
[18.211s] DEBUG:colcon.colcon_core.package_identification:Package 'src/origincar/my_package' with type 'ros.ament_python' and name 'my_package'
[18.212s] Level 1:colcon.colcon_core.package_identification:_identify(src/origincar/origincar_base) by extensions ['ignore', 'ignore_ament_install']
[18.213s] Level 1:colcon.colcon_core.package_identification:_identify(src/origincar/origincar_base) by extension 'ignore'
[18.213s] Level 1:colcon.colcon_core.package_identification:_identify(src/origincar/origincar_base) by extension 'ignore_ament_install'
[18.214s] Level 1:colcon.colcon_core.package_identification:_identify(src/origincar/origincar_base) by extensions ['colcon_pkg']
[18.214s] Level 1:colcon.colcon_core.package_identification:_identify(src/origincar/origincar_base) by extension 'colcon_pkg'
[18.214s] Level 1:colcon.colcon_core.package_identification:_identify(src/origincar/origincar_base) by extensions ['colcon_meta']
[18.214s] Level 1:colcon.colcon_core.package_identification:_identify(src/origincar/origincar_base) by extension 'colcon_meta'
[18.215s] Level 1:colcon.colcon_core.package_identification:_identify(src/origincar/origincar_base) by extensions ['ros']
[18.215s] Level 1:colcon.colcon_core.package_identification:_identify(src/origincar/origincar_base) by extension 'ros'
[18.233s] DEBUG:colcon.colcon_core.package_identification:Package 'src/origincar/origincar_base' with type 'ros.ament_cmake' and name 'origincar_base'
[18.234s] Level 1:colcon.colcon_core.package_identification:_identify(src/origincar/origincar_bringup) by extensions ['ignore', 'ignore_ament_install']
[18.235s] Level 1:colcon.colcon_core.package_identification:_identify(src/origincar/origincar_bringup) by extension 'ignore'
[18.235s] Level 1:colcon.colcon_core.package_identification:_identify(src/origincar/origincar_bringup) by extension 'ignore_ament_install'
[18.235s] Level 1:colcon.colcon_core.package_identification:_identify(src/origincar/origincar_bringup) by extensions ['colcon_pkg']
[18.236s] Level 1:colcon.colcon_core.package_identification:_identify(src/origincar/origincar_bringup) by extension 'colcon_pkg'
[18.236s] Level 1:colcon.colcon_core.package_identification:_identify(src/origincar/origincar_bringup) by extensions ['colcon_meta']
[18.236s] Level 1:colcon.colcon_core.package_identification:_identify(src/origincar/origincar_bringup) by extension 'colcon_meta'
[18.237s] Level 1:colcon.colcon_core.package_identification:_identify(src/origincar/origincar_bringup) by extensions ['ros']
[18.237s] Level 1:colcon.colcon_core.package_identification:_identify(src/origincar/origincar_bringup) by extension 'ros'
[18.243s] DEBUG:colcon.colcon_core.package_identification:Package 'src/origincar/origincar_bringup' with type 'ros.ament_cmake' and name 'origincar_bringup'
[18.244s] Level 1:colcon.colcon_core.package_identification:_identify(src/origincar/origincar_description) by extensions ['ignore', 'ignore_ament_install']
[18.245s] Level 1:colcon.colcon_core.package_identification:_identify(src/origincar/origincar_description) by extension 'ignore'
[18.245s] Level 1:colcon.colcon_core.package_identification:_identify(src/origincar/origincar_description) by extension 'ignore_ament_install'
[18.246s] Level 1:colcon.colcon_core.package_identification:_identify(src/origincar/origincar_description) by extensions ['colcon_pkg']
[18.246s] Level 1:colcon.colcon_core.package_identification:_identify(src/origincar/origincar_description) by extension 'colcon_pkg'
[18.246s] Level 1:colcon.colcon_core.package_identification:_identify(src/origincar/origincar_description) by extensions ['colcon_meta']
[18.247s] Level 1:colcon.colcon_core.package_identification:_identify(src/origincar/origincar_description) by extension 'colcon_meta'
[18.247s] Level 1:colcon.colcon_core.package_identification:_identify(src/origincar/origincar_description) by extensions ['ros']
[18.247s] Level 1:colcon.colcon_core.package_identification:_identify(src/origincar/origincar_description) by extension 'ros'
[18.251s] DEBUG:colcon.colcon_core.package_identification:Package 'src/origincar/origincar_description' with type 'ros.ament_cmake' and name 'origincar_description'
[18.252s] Level 1:colcon.colcon_core.package_identification:_identify(src/origincar/origincar_msg) by extensions ['ignore', 'ignore_ament_install']
[18.253s] Level 1:colcon.colcon_core.package_identification:_identify(src/origincar/origincar_msg) by extension 'ignore'
[18.253s] Level 1:colcon.colcon_core.package_identification:_identify(src/origincar/origincar_msg) by extension 'ignore_ament_install'
[18.254s] Level 1:colcon.colcon_core.package_identification:_identify(src/origincar/origincar_msg) by extensions ['colcon_pkg']
[18.255s] Level 1:colcon.colcon_core.package_identification:_identify(src/origincar/origincar_msg) by extension 'colcon_pkg'
[18.255s] Level 1:colcon.colcon_core.package_identification:_identify(src/origincar/origincar_msg) by extensions ['colcon_meta']
[18.256s] Level 1:colcon.colcon_core.package_identification:_identify(src/origincar/origincar_msg) by extension 'colcon_meta'
[18.256s] Level 1:colcon.colcon_core.package_identification:_identify(src/origincar/origincar_msg) by extensions ['ros']
[18.257s] Level 1:colcon.colcon_core.package_identification:_identify(src/origincar/origincar_msg) by extension 'ros'
[18.262s] DEBUG:colcon.colcon_core.package_identification:Package 'src/origincar/origincar_msg' with type 'ros.ament_cmake' and name 'origincar_msg'
[18.263s] Level 1:colcon.colcon_core.package_identification:_identify(src/test_view) by extensions ['ignore', 'ignore_ament_install']
[18.264s] Level 1:colcon.colcon_core.package_identification:_identify(src/test_view) by extension 'ignore'
[18.264s] Level 1:colcon.colcon_core.package_identification:_identify(src/test_view) by extension 'ignore_ament_install'
[18.265s] Level 1:colcon.colcon_core.package_identification:_identify(src/test_view) by extensions ['colcon_pkg']
[18.265s] Level 1:colcon.colcon_core.package_identification:_identify(src/test_view) by extension 'colcon_pkg'
[18.266s] Level 1:colcon.colcon_core.package_identification:_identify(src/test_view) by extensions ['colcon_meta']
[18.266s] Level 1:colcon.colcon_core.package_identification:_identify(src/test_view) by extension 'colcon_meta'
[18.266s] Level 1:colcon.colcon_core.package_identification:_identify(src/test_view) by extensions ['ros']
[18.267s] Level 1:colcon.colcon_core.package_identification:_identify(src/test_view) by extension 'ros'
[18.271s] DEBUG:colcon.colcon_core.package_identification:Package 'src/test_view' with type 'ros.catkin' and name 'test_view'
[18.273s] Level 1:colcon.colcon_core.package_identification:_identify(test) by extensions ['ignore', 'ignore_ament_install']
[18.274s] Level 1:colcon.colcon_core.package_identification:_identify(test) by extension 'ignore'
[18.274s] Level 1:colcon.colcon_core.package_identification:_identify(test) by extension 'ignore_ament_install'
[18.275s] Level 1:colcon.colcon_core.package_identification:_identify(test) by extensions ['colcon_pkg']
[18.276s] Level 1:colcon.colcon_core.package_identification:_identify(test) by extension 'colcon_pkg'
[18.276s] Level 1:colcon.colcon_core.package_identification:_identify(test) by extensions ['colcon_meta']
[18.277s] Level 1:colcon.colcon_core.package_identification:_identify(test) by extension 'colcon_meta'
[18.277s] Level 1:colcon.colcon_core.package_identification:_identify(test) by extensions ['ros']
[18.278s] Level 1:colcon.colcon_core.package_identification:_identify(test) by extension 'ros'
[18.279s] Level 1:colcon.colcon_core.package_identification:_identify(test) by extensions ['cmake', 'python']
[18.279s] Level 1:colcon.colcon_core.package_identification:_identify(test) by extension 'cmake'
[18.280s] Level 1:colcon.colcon_core.package_identification:_identify(test) by extension 'python'
[18.280s] Level 1:colcon.colcon_core.package_identification:_identify(test) by extensions ['python_setup_py']
[18.281s] Level 1:colcon.colcon_core.package_identification:_identify(test) by extension 'python_setup_py'
[18.281s] Level 1:colcon.colcon_core.package_discovery:discover_packages(recursive) using defaults
[18.282s] Level 1:colcon.colcon_core.package_discovery:discover_packages(ignore) discover
[18.282s] Level 1:colcon.colcon_core.package_discovery:discover_packages(ignore) using defaults
[18.282s] Level 1:colcon.colcon_core.package_discovery:discover_packages(path) discover
[18.283s] Level 1:colcon.colcon_core.package_discovery:discover_packages(path) using defaults
[19.382s] INFO:colcon.colcon_core.package_selection:Skipping not selected package 'ackermann_msgs' in 'src/origincar/3rdparty/ackermann_msgs-ros2'
[19.382s] INFO:colcon.colcon_core.package_selection:Skipping not selected package 'my_package' in 'src/origincar/my_package'
[19.382s] INFO:colcon.colcon_core.package_selection:Skipping not selected package 'origincar_bringup' in 'src/origincar/origincar_bringup'
[19.383s] INFO:colcon.colcon_core.package_selection:Skipping not selected package 'origincar_description' in 'src/origincar/origincar_description'
[19.383s] INFO:colcon.colcon_core.package_selection:Skipping not selected package 'origincar_msg' in 'src/origincar/origincar_msg'
[19.383s] INFO:colcon.colcon_core.package_selection:Skipping not selected package 'serial' in 'src/origincar/3rdparty/serial_ros2'
[19.383s] INFO:colcon.colcon_core.package_selection:Skipping not selected package 'tf2_tools' in 'src/origincar/3rdparty/tf2_tools'
[19.383s] INFO:colcon.colcon_core.package_selection:Skipping not selected package 'origincar_base' in 'src/origincar/origincar_base'
[19.940s] Level 1:colcon.colcon_core.package_discovery:discover_packages(prefix_path) check parameters
[19.941s] Level 1:colcon.colcon_core.package_discovery:discover_packages(prefix_path) discover
[20.553s] DEBUG:colcon.colcon_installed_package_information.package_discovery:Found 390 installed packages in /opt/tros
[20.862s] DEBUG:colcon.colcon_installed_package_information.package_discovery:Found 194 installed packages in /opt/ros/foxy
[20.915s] Level 1:colcon.colcon_core.package_discovery:discover_packages(prefix_path) using defaults
[22.235s] Level 5:colcon.colcon_core.verb:set package 'test_view' build argument 'cmake_args' from command line to 'None'
[22.236s] Level 5:colcon.colcon_core.verb:set package 'test_view' build argument 'cmake_target' from command line to 'None'
[22.236s] Level 5:colcon.colcon_core.verb:set package 'test_view' build argument 'cmake_target_skip_unavailable' from command line to 'False'
[22.236s] Level 5:colcon.colcon_core.verb:set package 'test_view' build argument 'cmake_clean_cache' from command line to 'False'
[22.236s] Level 5:colcon.colcon_core.verb:set package 'test_view' build argument 'cmake_clean_first' from command line to 'False'
[22.237s] Level 5:colcon.colcon_core.verb:set package 'test_view' build argument 'cmake_force_configure' from command line to 'False'
[22.237s] Level 5:colcon.colcon_core.verb:set package 'test_view' build argument 'ament_cmake_args' from command line to 'None'
[22.237s] Level 5:colcon.colcon_core.verb:set package 'test_view' build argument 'catkin_cmake_args' from command line to 'None'
[22.237s] Level 5:colcon.colcon_core.verb:set package 'test_view' build argument 'catkin_skip_building_tests' from command line to 'False'
[22.238s] DEBUG:colcon.colcon_core.verb:Building package 'test_view' with the following arguments: {'ament_cmake_args': None, 'build_base': '/root/dev_ws/Horizen-SmartCar-DGDZ/build/test_view', 'catkin_cmake_args': None, 'catkin_skip_building_tests': False, 'cmake_args': None, 'cmake_clean_cache': False, 'cmake_clean_first': False, 'cmake_force_configure': False, 'cmake_target': None, 'cmake_target_skip_unavailable': False, 'install_base': '/root/dev_ws/Horizen-SmartCar-DGDZ/install/test_view', 'merge_install': False, 'path': '/root/dev_ws/Horizen-SmartCar-DGDZ/src/test_view', 'symlink_install': False, 'test_result_base': None}
[22.519s] INFO:colcon.colcon_core.executor:Executing jobs using 'parallel' executor
[22.808s] DEBUG:colcon.colcon_parallel_executor.executor.parallel:run_until_complete
[22.809s] INFO:colcon.colcon_ros.task.catkin.build:Building ROS package in '/root/dev_ws/Horizen-SmartCar-DGDZ/src/test_view' with build type 'catkin'
[22.810s] INFO:colcon.colcon_cmake.task.cmake.build:Building CMake package in '/root/dev_ws/Horizen-SmartCar-DGDZ/src/test_view'
[23.111s] INFO:colcon.colcon_core.plugin_system:Skipping extension 'colcon_core.shell.bat': Not used on non-Windows systems
[23.113s] INFO:colcon.colcon_core.shell:Skip shell extension 'powershell' for command environment: Not usable outside of PowerShell
[23.114s] DEBUG:colcon.colcon_core.shell:Skip shell extension 'dsv' for command environment
[24.198s] DEBUG:colcon.colcon_core.event_handler.log_command:Invoking command in '/root/dev_ws/Horizen-SmartCar-DGDZ/build/test_view': /usr/bin/cmake /root/dev_ws/Horizen-SmartCar-DGDZ/src/test_view -DCATKIN_INSTALL_INTO_PREFIX_ROOT=0 -DCMAKE_INSTALL_PREFIX=/root/dev_ws/Horizen-SmartCar-DGDZ/install/test_view
[24.269s] DEBUG:colcon.colcon_core.event_handler.log_command:Invoked command in '/root/dev_ws/Horizen-SmartCar-DGDZ/build/test_view' returned '1': /usr/bin/cmake /root/dev_ws/Horizen-SmartCar-DGDZ/src/test_view -DCATKIN_INSTALL_INTO_PREFIX_ROOT=0 -DCMAKE_INSTALL_PREFIX=/root/dev_ws/Horizen-SmartCar-DGDZ/install/test_view
[24.284s] DEBUG:colcon.colcon_parallel_executor.executor.parallel:closing loop
[24.285s] DEBUG:colcon.colcon_parallel_executor.executor.parallel:loop closed
[24.286s] DEBUG:colcon.colcon_parallel_executor.executor.parallel:run_until_complete finished with 'argument of type 'NoneType' is not iterable'
[24.286s] DEBUG:colcon.colcon_core.event_reactor:joining thread
[24.602s] INFO:colcon.colcon_core.plugin_system:Skipping extension 'colcon_notification.desktop_notification.notify_send': Could not find 'notify-send'
[24.603s] INFO:colcon.colcon_core.plugin_system:Skipping extension 'colcon_notification.desktop_notification.terminal_notifier': Not used on non-Darwin systems
[24.603s] INFO:colcon.colcon_core.plugin_system:Skipping extension 'colcon_notification.desktop_notification.win32': Not used on non-Windows systems
[24.603s] INFO:colcon.colcon_notification.desktop_notification:Sending desktop notification using 'notify2'
[24.606s] DEBUG:colcon.colcon_notification.desktop_notification.notify2:Failed to initialize notify2: org.freedesktop.DBus.Error.ServiceUnknown: The name org.freedesktop.Notifications was not provided by any .service files
[24.607s] DEBUG:colcon.colcon_core.event_reactor:joined thread
[24.890s] INFO:colcon.colcon_core.shell:Creating prefix script '/root/dev_ws/Horizen-SmartCar-DGDZ/install/local_setup.ps1'
[24.897s] INFO:colcon.colcon_core.shell:Creating prefix util module '/root/dev_ws/Horizen-SmartCar-DGDZ/install/_local_setup_util_ps1.py'
[24.908s] INFO:colcon.colcon_core.shell:Creating prefix chain script '/root/dev_ws/Horizen-SmartCar-DGDZ/install/setup.ps1'
[25.198s] INFO:colcon.colcon_core.shell:Creating prefix script '/root/dev_ws/Horizen-SmartCar-DGDZ/install/local_setup.sh'
[25.202s] INFO:colcon.colcon_core.shell:Creating prefix util module '/root/dev_ws/Horizen-SmartCar-DGDZ/install/_local_setup_util_sh.py'
[25.206s] INFO:colcon.colcon_core.shell:Creating prefix chain script '/root/dev_ws/Horizen-SmartCar-DGDZ/install/setup.sh'
[25.497s] INFO:colcon.colcon_core.shell:Creating prefix script '/root/dev_ws/Horizen-SmartCar-DGDZ/install/local_setup.bash'
[25.500s] INFO:colcon.colcon_core.shell:Creating prefix chain script '/root/dev_ws/Horizen-SmartCar-DGDZ/install/setup.bash'
[25.798s] INFO:colcon.colcon_core.shell:Creating prefix script '/root/dev_ws/Horizen-SmartCar-DGDZ/install/local_setup.zsh'
[25.802s] INFO:colcon.colcon_core.shell:Creating prefix chain script '/root/dev_ws/Horizen-SmartCar-DGDZ/install/setup.zsh'
