[1.252s] Invoking command in '/root/dev_ws/build/origincar_base': AMENT_PREFIX_PATH=/root/dev_ws/install/serial:/root/dev_ws/install/origincar_msg:/root/dev_ws/install/origincar_description:/root/dev_ws/install/ackermann_msgs:${AMENT_PREFIX_PATH} CMAKE_PREFIX_PATH=/root/dev_ws/install/serial:/root/dev_ws/install/origincar_msg:/root/dev_ws/install/origincar_description:/root/dev_ws/install/ackermann_msgs:/opt/tros:/opt/ros/foxy LD_LIBRARY_PATH=/root/dev_ws/install/serial/lib:/root/dev_ws/install/origincar_msg/lib:/root/dev_ws/install/ackermann_msgs/lib:${LD_LIBRARY_PATH} PYTHONPATH=/root/dev_ws/install/origincar_msg/lib/python3.8/site-packages:/root/dev_ws/install/ackermann_msgs/lib/python3.8/site-packages:${PYTHONPATH} /usr/bin/cmake --build /root/dev_ws/build/origincar_base -- -j4 -l4
[1.821s] [  2%] Built target origincar_base__cpp
[1.836s] [ 11%] Built target origincar_base__rosidl_generator_c
[1.888s] [35m[1mScanning dependencies of target origincar_base_node[0m
[1.958s] [ 20%] Built target origincar_base__rosidl_typesupport_cpp
[1.961s] [ 29%] Built target origincar_base__rosidl_typesupport_introspection_cpp
[1.979s] [ 38%] Built target origincar_base__rosidl_typesupport_fastrtps_cpp
[2.084s] [ 47%] Built target origincar_base__rosidl_typesupport_c
[2.110s] [ 55%] Built target origincar_base__rosidl_typesupport_introspection_c
[2.121s] [ 64%] Built target origincar_base__rosidl_typesupport_fastrtps_c
[2.150s] [ 67%] [32mBuilding CXX object CMakeFiles/origincar_base_node.dir/src/origincar_base.cpp.o[0m
[2.221s] [ 67%] Built target origincar_base
[2.340s] [ 70%] Built target origincar_base__py
[2.502s] [ 76%] Built target origincar_base__python
[2.694s] [ 82%] Built target origincar_base__rosidl_typesupport_fastrtps_c__pyext
[2.706s] [ 88%] Built target origincar_base__rosidl_typesupport_introspection_c__pyext
[2.717s] [ 94%] Built target origincar_base__rosidl_typesupport_c__pyext
[13.757s] [01m[K/root/dev_ws/src/origincar/origincar_base/src/origincar_base.cpp:[m[K In member function ‘[01m[Kvoid origincar_base::Sign_Switch_Callback(std_msgs::msg::Int32_<std::allocator<void> >::SharedPtr)[m[K’:
[13.758s] [01m[K/root/dev_ws/src/origincar/origincar_base/src/origincar_base.cpp:106:81:[m[K [01;35m[Kwarning: [m[Kunused parameter ‘[01m[Ksign_switch[m[K’ [[01;35m[K-Wunused-parameter[m[K]
[13.759s]   106 | void origincar_base::Sign_Switch_Callback([01;35m[Kconst std_msgs::msg::Int32::SharedPtr sign_switch[m[K)
[13.759s]       |                                           [01;35m[K~~~~~~~~~~~~~~~~~~~~~~~~~~~~~~~~~~~~~~^~~~~~~~~~~[m[K
[58.642s] [ 97%] [32m[1mLinking CXX executable origincar_base_node[0m
[65.432s] [100%] Built target origincar_base_node
[65.487s] Invoked command in '/root/dev_ws/build/origincar_base' returned '0': AMENT_PREFIX_PATH=/root/dev_ws/install/serial:/root/dev_ws/install/origincar_msg:/root/dev_ws/install/origincar_description:/root/dev_ws/install/ackermann_msgs:${AMENT_PREFIX_PATH} CMAKE_PREFIX_PATH=/root/dev_ws/install/serial:/root/dev_ws/install/origincar_msg:/root/dev_ws/install/origincar_description:/root/dev_ws/install/ackermann_msgs:/opt/tros:/opt/ros/foxy LD_LIBRARY_PATH=/root/dev_ws/install/serial/lib:/root/dev_ws/install/origincar_msg/lib:/root/dev_ws/install/ackermann_msgs/lib:${LD_LIBRARY_PATH} PYTHONPATH=/root/dev_ws/install/origincar_msg/lib/python3.8/site-packages:/root/dev_ws/install/ackermann_msgs/lib/python3.8/site-packages:${PYTHONPATH} /usr/bin/cmake --build /root/dev_ws/build/origincar_base -- -j4 -l4
[65.729s] Invoking command in '/root/dev_ws/build/origincar_base': AMENT_PREFIX_PATH=/root/dev_ws/install/serial:/root/dev_ws/install/origincar_msg:/root/dev_ws/install/origincar_description:/root/dev_ws/install/ackermann_msgs:${AMENT_PREFIX_PATH} CMAKE_PREFIX_PATH=/root/dev_ws/install/serial:/root/dev_ws/install/origincar_msg:/root/dev_ws/install/origincar_description:/root/dev_ws/install/ackermann_msgs:/opt/tros:/opt/ros/foxy LD_LIBRARY_PATH=/root/dev_ws/install/serial/lib:/root/dev_ws/install/origincar_msg/lib:/root/dev_ws/install/ackermann_msgs/lib:${LD_LIBRARY_PATH} PYTHONPATH=/root/dev_ws/install/origincar_msg/lib/python3.8/site-packages:/root/dev_ws/install/ackermann_msgs/lib/python3.8/site-packages:${PYTHONPATH} /usr/bin/cmake --install /root/dev_ws/build/origincar_base
[65.776s] -- Install configuration: ""
[65.778s] -- Up-to-date: /root/dev_ws/install/origincar_base/share/ament_index/resource_index/rosidl_interfaces/origincar_base
[65.779s] -- Up-to-date: /root/dev_ws/install/origincar_base/include/origincar_base
[65.781s] -- Up-to-date: /root/dev_ws/install/origincar_base/include/origincar_base/msg
[65.782s] -- Up-to-date: /root/dev_ws/install/origincar_base/include/origincar_base/msg/rosidl_generator_c__visibility_control.h
[65.783s] -- Up-to-date: /root/dev_ws/install/origincar_base/include/origincar_base/msg/position.h
[65.783s] -- Up-to-date: /root/dev_ws/install/origincar_base/include/origincar_base/msg/detail
[65.784s] -- Up-to-date: /root/dev_ws/install/origincar_base/include/origincar_base/msg/detail/position__type_support.h
[65.785s] -- Up-to-date: /root/dev_ws/install/origincar_base/include/origincar_base/msg/detail/position__struct.h
[65.786s] -- Up-to-date: /root/dev_ws/install/origincar_base/include/origincar_base/msg/detail/position__functions.c
[65.787s] -- Up-to-date: /root/dev_ws/install/origincar_base/include/origincar_base/msg/detail/position__functions.h
[65.788s] -- Up-to-date: /root/dev_ws/install/origincar_base/share/origincar_base/environment/library_path.sh
[65.789s] -- Up-to-date: /root/dev_ws/install/origincar_base/share/origincar_base/environment/library_path.dsv
[65.790s] -- Up-to-date: /root/dev_ws/install/origincar_base/lib/liborigincar_base__rosidl_generator_c.so
[65.791s] -- Up-to-date: /root/dev_ws/install/origincar_base/include/origincar_base
[65.792s] -- Up-to-date: /root/dev_ws/install/origincar_base/include/origincar_base/msg
[65.792s] -- Up-to-date: /root/dev_ws/install/origincar_base/include/origincar_base/msg/rosidl_typesupport_fastrtps_c__visibility_control.h
[65.793s] -- Up-to-date: /root/dev_ws/install/origincar_base/include/origincar_base/msg/detail
[65.794s] -- Up-to-date: /root/dev_ws/install/origincar_base/include/origincar_base/msg/detail/position__rosidl_typesupport_fastrtps_c.h
[65.795s] -- Up-to-date: /root/dev_ws/install/origincar_base/lib/liborigincar_base__rosidl_typesupport_fastrtps_c.so
[65.796s] -- Up-to-date: /root/dev_ws/install/origincar_base/include/origincar_base
[65.797s] -- Up-to-date: /root/dev_ws/install/origincar_base/include/origincar_base/msg
[65.798s] -- Up-to-date: /root/dev_ws/install/origincar_base/include/origincar_base/msg/rosidl_typesupport_fastrtps_cpp__visibility_control.h
[65.799s] -- Up-to-date: /root/dev_ws/install/origincar_base/include/origincar_base/msg/detail
[65.800s] -- Up-to-date: /root/dev_ws/install/origincar_base/include/origincar_base/msg/detail/position__rosidl_typesupport_fastrtps_cpp.hpp
[65.801s] -- Up-to-date: /root/dev_ws/install/origincar_base/include/origincar_base/msg/detail/dds_fastrtps
[65.802s] -- Up-to-date: /root/dev_ws/install/origincar_base/lib/liborigincar_base__rosidl_typesupport_fastrtps_cpp.so
[65.803s] -- Up-to-date: /root/dev_ws/install/origincar_base/include/origincar_base
[65.804s] -- Up-to-date: /root/dev_ws/install/origincar_base/include/origincar_base/msg
[65.805s] -- Up-to-date: /root/dev_ws/install/origincar_base/include/origincar_base/msg/rosidl_typesupport_introspection_c__visibility_control.h
[65.806s] -- Up-to-date: /root/dev_ws/install/origincar_base/include/origincar_base/msg/detail
[65.807s] -- Up-to-date: /root/dev_ws/install/origincar_base/include/origincar_base/msg/detail/position__type_support.c
[65.807s] -- Up-to-date: /root/dev_ws/install/origincar_base/include/origincar_base/msg/detail/position__rosidl_typesupport_introspection_c.h
[65.808s] -- Up-to-date: /root/dev_ws/install/origincar_base/lib/liborigincar_base__rosidl_typesupport_introspection_c.so
[65.809s] -- Up-to-date: /root/dev_ws/install/origincar_base/lib/liborigincar_base__rosidl_typesupport_c.so
[65.810s] -- Up-to-date: /root/dev_ws/install/origincar_base/include/origincar_base
[65.811s] -- Up-to-date: /root/dev_ws/install/origincar_base/include/origincar_base/msg
[65.812s] -- Up-to-date: /root/dev_ws/install/origincar_base/include/origincar_base/msg/rosidl_generator_cpp__visibility_control.hpp
[65.813s] -- Up-to-date: /root/dev_ws/install/origincar_base/include/origincar_base/msg/detail
[65.814s] -- Up-to-date: /root/dev_ws/install/origincar_base/include/origincar_base/msg/detail/position__type_support.hpp
[65.814s] -- Up-to-date: /root/dev_ws/install/origincar_base/include/origincar_base/msg/detail/position__struct.hpp
[65.815s] -- Up-to-date: /root/dev_ws/install/origincar_base/include/origincar_base/msg/detail/position__traits.hpp
[65.816s] -- Up-to-date: /root/dev_ws/install/origincar_base/include/origincar_base/msg/detail/position__builder.hpp
[65.817s] -- Up-to-date: /root/dev_ws/install/origincar_base/include/origincar_base/msg/position.hpp
[65.818s] -- Up-to-date: /root/dev_ws/install/origincar_base/include/origincar_base
[65.818s] -- Up-to-date: /root/dev_ws/install/origincar_base/include/origincar_base/msg
[65.819s] -- Up-to-date: /root/dev_ws/install/origincar_base/include/origincar_base/msg/detail
[65.820s] -- Up-to-date: /root/dev_ws/install/origincar_base/include/origincar_base/msg/detail/position__rosidl_typesupport_introspection_cpp.hpp
[65.821s] -- Up-to-date: /root/dev_ws/install/origincar_base/include/origincar_base/msg/detail/position__type_support.cpp
[65.822s] -- Up-to-date: /root/dev_ws/install/origincar_base/lib/liborigincar_base__rosidl_typesupport_introspection_cpp.so
[65.822s] -- Up-to-date: /root/dev_ws/install/origincar_base/lib/liborigincar_base__rosidl_typesupport_cpp.so
[65.823s] -- Up-to-date: /root/dev_ws/install/origincar_base/share/origincar_base/environment/pythonpath.sh
[65.824s] -- Up-to-date: /root/dev_ws/install/origincar_base/share/origincar_base/environment/pythonpath.dsv
[65.825s] -- Up-to-date: /root/dev_ws/install/origincar_base/lib/python3.8/site-packages/origincar_base/__init__.py
[66.046s] -- Up-to-date: /root/dev_ws/install/origincar_base/lib/python3.8/site-packages/origincar_base/msg
[66.047s] -- Up-to-date: /root/dev_ws/install/origincar_base/lib/python3.8/site-packages/origincar_base/msg/__init__.py
[66.048s] -- Up-to-date: /root/dev_ws/install/origincar_base/lib/python3.8/site-packages/origincar_base/msg/_position.py
[66.048s] -- Up-to-date: /root/dev_ws/install/origincar_base/lib/python3.8/site-packages/origincar_base/msg/_position_s.c
[66.049s] -- Up-to-date: /root/dev_ws/install/origincar_base/lib/python3.8/site-packages/origincar_base/origincar_base_s__rosidl_typesupport_fastrtps_c.cpython-38-aarch64-linux-gnu.so
[66.053s] -- Up-to-date: /root/dev_ws/install/origincar_base/lib/python3.8/site-packages/origincar_base/origincar_base_s__rosidl_typesupport_introspection_c.cpython-38-aarch64-linux-gnu.so
[66.057s] -- Up-to-date: /root/dev_ws/install/origincar_base/lib/python3.8/site-packages/origincar_base/origincar_base_s__rosidl_typesupport_c.cpython-38-aarch64-linux-gnu.so
[66.060s] -- Up-to-date: /root/dev_ws/install/origincar_base/lib/liborigincar_base__python.so
[66.062s] -- Up-to-date: /root/dev_ws/install/origincar_base/share/origincar_base/msg/Position.idl
[66.063s] -- Up-to-date: /root/dev_ws/install/origincar_base/share/origincar_base/msg/Position.msg
[66.064s] -- Up-to-date: /root/dev_ws/install/origincar_base/lib/origincar_base/cmd_vel_to_ackermann_drive.py
[66.066s] -- Installing: /root/dev_ws/install/origincar_base/lib/origincar_base/origincar_base_node
[66.088s] -- Set runtime path of "/root/dev_ws/install/origincar_base/lib/origincar_base/origincar_base_node" to ""
[66.089s] -- Up-to-date: /root/dev_ws/install/origincar_base/share/origincar_base/launch
[66.090s] -- Up-to-date: /root/dev_ws/install/origincar_base/share/origincar_base/launch/__pycache__
[66.091s] -- Up-to-date: /root/dev_ws/install/origincar_base/share/origincar_base/launch/__pycache__/testtwo.launch.cpython-38.pyc
[66.092s] -- Up-to-date: /root/dev_ws/install/origincar_base/share/origincar_base/launch/ekf.launch.py
[66.093s] -- Up-to-date: /root/dev_ws/install/origincar_base/share/origincar_base/launch/base_serial.launch.py
[66.094s] -- Up-to-date: /root/dev_ws/install/origincar_base/share/origincar_base/launch/origincar_bringup.launch.py
[66.095s] -- Up-to-date: /root/dev_ws/install/origincar_base/share/origincar_base/launch/robot_mode_description.launch.py
[66.097s] -- Up-to-date: /root/dev_ws/install/origincar_base/share/origincar_base/config
[66.098s] -- Up-to-date: /root/dev_ws/install/origincar_base/share/origincar_base/config/imu.yaml
[66.099s] -- Up-to-date: /root/dev_ws/install/origincar_base/share/origincar_base/config/ekf.yaml
[66.100s] -- Up-to-date: /root/dev_ws/install/origincar_base/share/ament_index/resource_index/package_run_dependencies/origincar_base
[66.100s] -- Up-to-date: /root/dev_ws/install/origincar_base/share/ament_index/resource_index/parent_prefix_path/origincar_base
[66.101s] -- Up-to-date: /root/dev_ws/install/origincar_base/share/origincar_base/environment/ament_prefix_path.sh
[66.102s] -- Up-to-date: /root/dev_ws/install/origincar_base/share/origincar_base/environment/ament_prefix_path.dsv
[66.103s] -- Up-to-date: /root/dev_ws/install/origincar_base/share/origincar_base/environment/path.sh
[66.104s] -- Up-to-date: /root/dev_ws/install/origincar_base/share/origincar_base/environment/path.dsv
[66.105s] -- Up-to-date: /root/dev_ws/install/origincar_base/share/origincar_base/local_setup.bash
[66.106s] -- Up-to-date: /root/dev_ws/install/origincar_base/share/origincar_base/local_setup.sh
[66.107s] -- Up-to-date: /root/dev_ws/install/origincar_base/share/origincar_base/local_setup.zsh
[66.108s] -- Up-to-date: /root/dev_ws/install/origincar_base/share/origincar_base/local_setup.dsv
[66.109s] -- Installing: /root/dev_ws/install/origincar_base/share/origincar_base/package.dsv
[66.110s] -- Up-to-date: /root/dev_ws/install/origincar_base/share/ament_index/resource_index/packages/origincar_base
[66.111s] -- Up-to-date: /root/dev_ws/install/origincar_base/share/origincar_base/cmake/origincar_base__rosidl_generator_cExport.cmake
[66.111s] -- Up-to-date: /root/dev_ws/install/origincar_base/share/origincar_base/cmake/origincar_base__rosidl_generator_cExport-noconfig.cmake
[66.113s] -- Up-to-date: /root/dev_ws/install/origincar_base/share/origincar_base/cmake/origincar_base__rosidl_typesupport_introspection_cExport.cmake
[66.113s] -- Up-to-date: /root/dev_ws/install/origincar_base/share/origincar_base/cmake/origincar_base__rosidl_typesupport_introspection_cExport-noconfig.cmake
[66.114s] -- Up-to-date: /root/dev_ws/install/origincar_base/share/origincar_base/cmake/origincar_base__rosidl_typesupport_cExport.cmake
[66.116s] -- Up-to-date: /root/dev_ws/install/origincar_base/share/origincar_base/cmake/origincar_base__rosidl_typesupport_cExport-noconfig.cmake
[66.117s] -- Up-to-date: /root/dev_ws/install/origincar_base/share/origincar_base/cmake/origincar_base__rosidl_generator_cppExport.cmake
[66.118s] -- Up-to-date: /root/dev_ws/install/origincar_base/share/origincar_base/cmake/origincar_base__rosidl_typesupport_introspection_cppExport.cmake
[66.119s] -- Up-to-date: /root/dev_ws/install/origincar_base/share/origincar_base/cmake/origincar_base__rosidl_typesupport_introspection_cppExport-noconfig.cmake
[66.120s] -- Up-to-date: /root/dev_ws/install/origincar_base/share/origincar_base/cmake/origincar_base__rosidl_typesupport_cppExport.cmake
[66.121s] -- Up-to-date: /root/dev_ws/install/origincar_base/share/origincar_base/cmake/origincar_base__rosidl_typesupport_cppExport-noconfig.cmake
[66.122s] -- Up-to-date: /root/dev_ws/install/origincar_base/share/origincar_base/cmake/rosidl_cmake-extras.cmake
[66.123s] -- Up-to-date: /root/dev_ws/install/origincar_base/share/origincar_base/cmake/ament_cmake_export_dependencies-extras.cmake
[66.124s] -- Up-to-date: /root/dev_ws/install/origincar_base/share/origincar_base/cmake/ament_cmake_export_libraries-extras.cmake
[66.124s] -- Up-to-date: /root/dev_ws/install/origincar_base/share/origincar_base/cmake/ament_cmake_export_targets-extras.cmake
[66.125s] -- Up-to-date: /root/dev_ws/install/origincar_base/share/origincar_base/cmake/ament_cmake_export_include_directories-extras.cmake
[66.126s] -- Up-to-date: /root/dev_ws/install/origincar_base/share/origincar_base/cmake/rosidl_cmake_export_typesupport_libraries-extras.cmake
[66.128s] -- Up-to-date: /root/dev_ws/install/origincar_base/share/origincar_base/cmake/rosidl_cmake_export_typesupport_targets-extras.cmake
[66.131s] -- Up-to-date: /root/dev_ws/install/origincar_base/share/origincar_base/cmake/origincar_baseConfig.cmake
[66.132s] -- Up-to-date: /root/dev_ws/install/origincar_base/share/origincar_base/cmake/origincar_baseConfig-version.cmake
[66.133s] -- Up-to-date: /root/dev_ws/install/origincar_base/share/origincar_base/package.xml
[66.134s] Invoked command in '/root/dev_ws/build/origincar_base' returned '0': AMENT_PREFIX_PATH=/root/dev_ws/install/serial:/root/dev_ws/install/origincar_msg:/root/dev_ws/install/origincar_description:/root/dev_ws/install/ackermann_msgs:${AMENT_PREFIX_PATH} CMAKE_PREFIX_PATH=/root/dev_ws/install/serial:/root/dev_ws/install/origincar_msg:/root/dev_ws/install/origincar_description:/root/dev_ws/install/ackermann_msgs:/opt/tros:/opt/ros/foxy LD_LIBRARY_PATH=/root/dev_ws/install/serial/lib:/root/dev_ws/install/origincar_msg/lib:/root/dev_ws/install/ackermann_msgs/lib:${LD_LIBRARY_PATH} PYTHONPATH=/root/dev_ws/install/origincar_msg/lib/python3.8/site-packages:/root/dev_ws/install/ackermann_msgs/lib/python3.8/site-packages:${PYTHONPATH} /usr/bin/cmake --install /root/dev_ws/build/origincar_base
