[13.090s] Invoking command in '/root/dev_ws/src/origincar/3rdparty/tf2_tools': PYTHONPATH=/root/dev_ws/build/tf2_tools/prefix_override:/root/dev_ws/install/tf2_tools/lib/python3.8/site-packages:${PYTHONPATH} /usr/bin/python3 setup.py egg_info --egg-base ../../../../build/tf2_tools build --build-base /root/dev_ws/build/tf2_tools/build install --record /root/dev_ws/build/tf2_tools/install.log --single-version-externally-managed
[14.753s] running egg_info
[14.758s] writing ../../../../build/tf2_tools/tf2_tools.egg-info/PKG-INFO
[14.760s] writing dependency_links to ../../../../build/tf2_tools/tf2_tools.egg-info/dependency_links.txt
[14.763s] writing entry points to ../../../../build/tf2_tools/tf2_tools.egg-info/entry_points.txt
[14.765s] writing requirements to ../../../../build/tf2_tools/tf2_tools.egg-info/requires.txt
[14.766s] writing top-level names to ../../../../build/tf2_tools/tf2_tools.egg-info/top_level.txt
[15.102s] reading manifest file '../../../../build/tf2_tools/tf2_tools.egg-info/SOURCES.txt'
[15.110s] writing manifest file '../../../../build/tf2_tools/tf2_tools.egg-info/SOURCES.txt'
[15.111s] running build
[15.113s] running build_py
[15.113s] running install
[15.118s] running install_lib
[15.129s] running install_data
[15.132s] running install_egg_info
[15.146s] removing '/root/dev_ws/install/tf2_tools/lib/python3.8/site-packages/tf2_tools-0.17.1-py3.8.egg-info' (and everything under it)
[15.148s] Copying ../../../../build/tf2_tools/tf2_tools.egg-info to /root/dev_ws/install/tf2_tools/lib/python3.8/site-packages/tf2_tools-0.17.1-py3.8.egg-info
[15.156s] running install_scripts
[15.290s] Installing view_frames script to /root/dev_ws/install/tf2_tools/lib/tf2_tools
[15.292s] writing list of installed files to '/root/dev_ws/build/tf2_tools/install.log'
[15.461s] Invoked command in '/root/dev_ws/src/origincar/3rdparty/tf2_tools' returned '0': PYTHONPATH=/root/dev_ws/build/tf2_tools/prefix_override:/root/dev_ws/install/tf2_tools/lib/python3.8/site-packages:${PYTHONPATH} /usr/bin/python3 setup.py egg_info --egg-base ../../../../build/tf2_tools build --build-base /root/dev_ws/build/tf2_tools/build install --record /root/dev_ws/build/tf2_tools/install.log --single-version-externally-managed
