[3.008s] Invoking command in '/root/dev_ws/build/origincar_msg': CMAKE_PREFIX_PATH=${CMAKE_PREFIX_PATH}:/root/dev_ws/install/tf2_tools:/opt/ros/foxy /usr/bin/cmake --build /root/dev_ws/build/origincar_msg -- -j4 -l4
[3.390s] [  2%] Built target origincar_msg__cpp
[3.561s] [ 12%] Built target origincar_msg__rosidl_generator_c
[3.726s] [ 23%] Built target origincar_msg__rosidl_typesupport_fastrtps_cpp
[3.731s] [ 33%] Built target origincar_msg__rosidl_typesupport_cpp
[3.887s] [ 43%] Built target origincar_msg__rosidl_typesupport_introspection_cpp
[4.013s] [ 53%] Built target origincar_msg__rosidl_typesupport_introspection_c
[4.031s] [ 64%] Built target origincar_msg__rosidl_typesupport_fastrtps_c
[4.032s] [ 74%] Built target origincar_msg__rosidl_typesupport_c
[4.164s] [ 74%] Built target origincar_msg
[4.269s] [ 76%] Built target origincar_msg__py
[4.419s] [ 84%] Built target origincar_msg__python
[4.675s] [ 89%] Built target origincar_msg__rosidl_typesupport_fastrtps_c__pyext
[4.699s] [ 94%] Built target origincar_msg__rosidl_typesupport_introspection_c__pyext
[4.704s] [100%] Built target origincar_msg__rosidl_typesupport_c__pyext
[5.106s] Invoked command in '/root/dev_ws/build/origincar_msg' returned '0': CMAKE_PREFIX_PATH=${CMAKE_PREFIX_PATH}:/root/dev_ws/install/tf2_tools:/opt/ros/foxy /usr/bin/cmake --build /root/dev_ws/build/origincar_msg -- -j4 -l4
[8.886s] Invoking command in '/root/dev_ws/build/origincar_msg': CMAKE_PREFIX_PATH=${CMAKE_PREFIX_PATH}:/root/dev_ws/install/tf2_tools:/opt/ros/foxy /usr/bin/cmake --install /root/dev_ws/build/origincar_msg
[8.950s] -- Install configuration: ""
[8.952s] -- Up-to-date: /root/dev_ws/install/origincar_msg/share/ament_index/resource_index/rosidl_interfaces/origincar_msg
[8.963s] -- Up-to-date: /root/dev_ws/install/origincar_msg/include/origincar_msg
[8.967s] -- Up-to-date: /root/dev_ws/install/origincar_msg/include/origincar_msg/msg
[8.973s] -- Up-to-date: /root/dev_ws/install/origincar_msg/include/origincar_msg/msg/data.h
[8.974s] -- Up-to-date: /root/dev_ws/install/origincar_msg/include/origincar_msg/msg/rosidl_generator_c__visibility_control.h
[8.975s] -- Up-to-date: /root/dev_ws/install/origincar_msg/include/origincar_msg/msg/sign.h
[8.976s] -- Up-to-date: /root/dev_ws/install/origincar_msg/include/origincar_msg/msg/detail
[8.981s] -- Up-to-date: /root/dev_ws/install/origincar_msg/include/origincar_msg/msg/detail/sign__type_support.h
[8.982s] -- Up-to-date: /root/dev_ws/install/origincar_msg/include/origincar_msg/msg/detail/sign__functions.h
[8.984s] -- Up-to-date: /root/dev_ws/install/origincar_msg/include/origincar_msg/msg/detail/data__functions.h
[8.986s] -- Up-to-date: /root/dev_ws/install/origincar_msg/include/origincar_msg/msg/detail/data__functions.c
[8.988s] -- Up-to-date: /root/dev_ws/install/origincar_msg/include/origincar_msg/msg/detail/data__type_support.h
[8.990s] -- Up-to-date: /root/dev_ws/install/origincar_msg/include/origincar_msg/msg/detail/sign__functions.c
[8.991s] -- Up-to-date: /root/dev_ws/install/origincar_msg/include/origincar_msg/msg/detail/data__struct.h
[8.993s] -- Up-to-date: /root/dev_ws/install/origincar_msg/include/origincar_msg/msg/detail/sign__struct.h
[8.994s] -- Up-to-date: /root/dev_ws/install/origincar_msg/share/origincar_msg/environment/library_path.sh
[8.996s] -- Up-to-date: /root/dev_ws/install/origincar_msg/share/origincar_msg/environment/library_path.dsv
[8.997s] -- Up-to-date: /root/dev_ws/install/origincar_msg/lib/liborigincar_msg__rosidl_generator_c.so
[8.998s] -- Up-to-date: /root/dev_ws/install/origincar_msg/include/origincar_msg
[8.999s] -- Up-to-date: /root/dev_ws/install/origincar_msg/include/origincar_msg/msg
[9.001s] -- Up-to-date: /root/dev_ws/install/origincar_msg/include/origincar_msg/msg/rosidl_typesupport_fastrtps_c__visibility_control.h
[9.002s] -- Up-to-date: /root/dev_ws/install/origincar_msg/include/origincar_msg/msg/detail
[9.003s] -- Up-to-date: /root/dev_ws/install/origincar_msg/include/origincar_msg/msg/detail/data__rosidl_typesupport_fastrtps_c.h
[9.004s] -- Up-to-date: /root/dev_ws/install/origincar_msg/include/origincar_msg/msg/detail/sign__rosidl_typesupport_fastrtps_c.h
[9.005s] -- Up-to-date: /root/dev_ws/install/origincar_msg/lib/liborigincar_msg__rosidl_typesupport_fastrtps_c.so
[9.006s] -- Up-to-date: /root/dev_ws/install/origincar_msg/include/origincar_msg
[9.007s] -- Up-to-date: /root/dev_ws/install/origincar_msg/include/origincar_msg/msg
[9.008s] -- Up-to-date: /root/dev_ws/install/origincar_msg/include/origincar_msg/msg/rosidl_typesupport_fastrtps_cpp__visibility_control.h
[9.009s] -- Up-to-date: /root/dev_ws/install/origincar_msg/include/origincar_msg/msg/detail
[9.010s] -- Up-to-date: /root/dev_ws/install/origincar_msg/include/origincar_msg/msg/detail/data__rosidl_typesupport_fastrtps_cpp.hpp
[9.011s] -- Up-to-date: /root/dev_ws/install/origincar_msg/include/origincar_msg/msg/detail/sign__rosidl_typesupport_fastrtps_cpp.hpp
[9.012s] -- Up-to-date: /root/dev_ws/install/origincar_msg/include/origincar_msg/msg/detail/dds_fastrtps
[9.032s] -- Up-to-date: /root/dev_ws/install/origincar_msg/lib/liborigincar_msg__rosidl_typesupport_fastrtps_cpp.so
[9.033s] -- Up-to-date: /root/dev_ws/install/origincar_msg/include/origincar_msg
[9.034s] -- Up-to-date: /root/dev_ws/install/origincar_msg/include/origincar_msg/msg
[9.044s] -- Up-to-date: /root/dev_ws/install/origincar_msg/include/origincar_msg/msg/rosidl_typesupport_introspection_c__visibility_control.h
[9.059s] -- Up-to-date: /root/dev_ws/install/origincar_msg/include/origincar_msg/msg/detail
[9.066s] -- Up-to-date: /root/dev_ws/install/origincar_msg/include/origincar_msg/msg/detail/data__rosidl_typesupport_introspection_c.h
[9.067s] -- Up-to-date: /root/dev_ws/install/origincar_msg/include/origincar_msg/msg/detail/sign__type_support.c
[9.068s] -- Up-to-date: /root/dev_ws/install/origincar_msg/include/origincar_msg/msg/detail/data__type_support.c
[9.069s] -- Up-to-date: /root/dev_ws/install/origincar_msg/include/origincar_msg/msg/detail/sign__rosidl_typesupport_introspection_c.h
[9.070s] -- Up-to-date: /root/dev_ws/install/origincar_msg/lib/liborigincar_msg__rosidl_typesupport_introspection_c.so
[9.071s] -- Up-to-date: /root/dev_ws/install/origincar_msg/lib/liborigincar_msg__rosidl_typesupport_c.so
[9.072s] -- Up-to-date: /root/dev_ws/install/origincar_msg/include/origincar_msg
[9.074s] -- Up-to-date: /root/dev_ws/install/origincar_msg/include/origincar_msg/msg
[9.075s] -- Up-to-date: /root/dev_ws/install/origincar_msg/include/origincar_msg/msg/data.hpp
[9.076s] -- Up-to-date: /root/dev_ws/install/origincar_msg/include/origincar_msg/msg/rosidl_generator_cpp__visibility_control.hpp
[9.086s] -- Up-to-date: /root/dev_ws/install/origincar_msg/include/origincar_msg/msg/detail
[9.087s] -- Up-to-date: /root/dev_ws/install/origincar_msg/include/origincar_msg/msg/detail/sign__builder.hpp
[9.088s] -- Up-to-date: /root/dev_ws/install/origincar_msg/include/origincar_msg/msg/detail/data__traits.hpp
[9.090s] -- Up-to-date: /root/dev_ws/install/origincar_msg/include/origincar_msg/msg/detail/data__builder.hpp
[9.091s] -- Up-to-date: /root/dev_ws/install/origincar_msg/include/origincar_msg/msg/detail/sign__traits.hpp
[9.092s] -- Up-to-date: /root/dev_ws/install/origincar_msg/include/origincar_msg/msg/detail/sign__struct.hpp
[9.105s] -- Up-to-date: /root/dev_ws/install/origincar_msg/include/origincar_msg/msg/detail/sign__type_support.hpp
[9.106s] -- Up-to-date: /root/dev_ws/install/origincar_msg/include/origincar_msg/msg/detail/data__type_support.hpp
[9.107s] -- Up-to-date: /root/dev_ws/install/origincar_msg/include/origincar_msg/msg/detail/data__struct.hpp
[9.108s] -- Up-to-date: /root/dev_ws/install/origincar_msg/include/origincar_msg/msg/sign.hpp
[9.109s] -- Up-to-date: /root/dev_ws/install/origincar_msg/include/origincar_msg
[9.111s] -- Up-to-date: /root/dev_ws/install/origincar_msg/include/origincar_msg/msg
[9.112s] -- Up-to-date: /root/dev_ws/install/origincar_msg/include/origincar_msg/msg/detail
[9.113s] -- Up-to-date: /root/dev_ws/install/origincar_msg/include/origincar_msg/msg/detail/sign__type_support.cpp
[9.114s] -- Up-to-date: /root/dev_ws/install/origincar_msg/include/origincar_msg/msg/detail/data__type_support.cpp
[9.116s] -- Up-to-date: /root/dev_ws/install/origincar_msg/include/origincar_msg/msg/detail/data__rosidl_typesupport_introspection_cpp.hpp
[9.125s] -- Up-to-date: /root/dev_ws/install/origincar_msg/include/origincar_msg/msg/detail/sign__rosidl_typesupport_introspection_cpp.hpp
[9.143s] -- Up-to-date: /root/dev_ws/install/origincar_msg/lib/liborigincar_msg__rosidl_typesupport_introspection_cpp.so
[9.144s] -- Up-to-date: /root/dev_ws/install/origincar_msg/lib/liborigincar_msg__rosidl_typesupport_cpp.so
[9.145s] -- Up-to-date: /root/dev_ws/install/origincar_msg/share/origincar_msg/environment/pythonpath.sh
[9.146s] -- Up-to-date: /root/dev_ws/install/origincar_msg/share/origincar_msg/environment/pythonpath.dsv
[9.147s] -- Up-to-date: /root/dev_ws/install/origincar_msg/lib/python3.8/site-packages/origincar_msg/__init__.py
[9.451s] -- Up-to-date: /root/dev_ws/install/origincar_msg/lib/python3.8/site-packages/origincar_msg/msg
[9.455s] -- Up-to-date: /root/dev_ws/install/origincar_msg/lib/python3.8/site-packages/origincar_msg/msg/_data_s.c
[9.457s] -- Up-to-date: /root/dev_ws/install/origincar_msg/lib/python3.8/site-packages/origincar_msg/msg/_sign.py
[9.461s] -- Up-to-date: /root/dev_ws/install/origincar_msg/lib/python3.8/site-packages/origincar_msg/msg/_sign_s.c
[9.469s] -- Up-to-date: /root/dev_ws/install/origincar_msg/lib/python3.8/site-packages/origincar_msg/msg/__init__.py
[9.471s] -- Up-to-date: /root/dev_ws/install/origincar_msg/lib/python3.8/site-packages/origincar_msg/msg/_data.py
[9.473s] -- Up-to-date: /root/dev_ws/install/origincar_msg/lib/python3.8/site-packages/origincar_msg/origincar_msg_s__rosidl_typesupport_fastrtps_c.cpython-38-aarch64-linux-gnu.so
[9.476s] -- Up-to-date: /root/dev_ws/install/origincar_msg/lib/python3.8/site-packages/origincar_msg/origincar_msg_s__rosidl_typesupport_introspection_c.cpython-38-aarch64-linux-gnu.so
[9.497s] -- Up-to-date: /root/dev_ws/install/origincar_msg/lib/python3.8/site-packages/origincar_msg/origincar_msg_s__rosidl_typesupport_c.cpython-38-aarch64-linux-gnu.so
[9.501s] -- Up-to-date: /root/dev_ws/install/origincar_msg/lib/liborigincar_msg__python.so
[9.522s] -- Up-to-date: /root/dev_ws/install/origincar_msg/share/origincar_msg/msg/Data.idl
[9.527s] -- Up-to-date: /root/dev_ws/install/origincar_msg/share/origincar_msg/msg/Sign.idl
[9.533s] -- Up-to-date: /root/dev_ws/install/origincar_msg/share/origincar_msg/msg/Data.msg
[9.537s] -- Up-to-date: /root/dev_ws/install/origincar_msg/share/origincar_msg/msg/Sign.msg
[9.541s] -- Up-to-date: /root/dev_ws/install/origincar_msg/share/ament_index/resource_index/package_run_dependencies/origincar_msg
[9.546s] -- Up-to-date: /root/dev_ws/install/origincar_msg/share/ament_index/resource_index/parent_prefix_path/origincar_msg
[9.549s] -- Up-to-date: /root/dev_ws/install/origincar_msg/share/origincar_msg/environment/ament_prefix_path.sh
[9.552s] -- Up-to-date: /root/dev_ws/install/origincar_msg/share/origincar_msg/environment/ament_prefix_path.dsv
[9.575s] -- Up-to-date: /root/dev_ws/install/origincar_msg/share/origincar_msg/environment/path.sh
[9.576s] -- Up-to-date: /root/dev_ws/install/origincar_msg/share/origincar_msg/environment/path.dsv
[9.577s] -- Up-to-date: /root/dev_ws/install/origincar_msg/share/origincar_msg/local_setup.bash
[9.578s] -- Up-to-date: /root/dev_ws/install/origincar_msg/share/origincar_msg/local_setup.sh
[9.579s] -- Up-to-date: /root/dev_ws/install/origincar_msg/share/origincar_msg/local_setup.zsh
[9.581s] -- Up-to-date: /root/dev_ws/install/origincar_msg/share/origincar_msg/local_setup.dsv
[9.582s] -- Installing: /root/dev_ws/install/origincar_msg/share/origincar_msg/package.dsv
[9.590s] -- Up-to-date: /root/dev_ws/install/origincar_msg/share/ament_index/resource_index/packages/origincar_msg
[9.597s] -- Up-to-date: /root/dev_ws/install/origincar_msg/share/origincar_msg/cmake/origincar_msg__rosidl_generator_cExport.cmake
[9.599s] -- Up-to-date: /root/dev_ws/install/origincar_msg/share/origincar_msg/cmake/origincar_msg__rosidl_generator_cExport-noconfig.cmake
[9.600s] -- Up-to-date: /root/dev_ws/install/origincar_msg/share/origincar_msg/cmake/origincar_msg__rosidl_typesupport_introspection_cExport.cmake
[9.601s] -- Up-to-date: /root/dev_ws/install/origincar_msg/share/origincar_msg/cmake/origincar_msg__rosidl_typesupport_introspection_cExport-noconfig.cmake
[9.602s] -- Up-to-date: /root/dev_ws/install/origincar_msg/share/origincar_msg/cmake/origincar_msg__rosidl_typesupport_cExport.cmake
[9.603s] -- Up-to-date: /root/dev_ws/install/origincar_msg/share/origincar_msg/cmake/origincar_msg__rosidl_typesupport_cExport-noconfig.cmake
[9.604s] -- Up-to-date: /root/dev_ws/install/origincar_msg/share/origincar_msg/cmake/origincar_msg__rosidl_generator_cppExport.cmake
[9.605s] -- Up-to-date: /root/dev_ws/install/origincar_msg/share/origincar_msg/cmake/origincar_msg__rosidl_typesupport_introspection_cppExport.cmake
[9.609s] -- Up-to-date: /root/dev_ws/install/origincar_msg/share/origincar_msg/cmake/origincar_msg__rosidl_typesupport_introspection_cppExport-noconfig.cmake
[9.611s] -- Up-to-date: /root/dev_ws/install/origincar_msg/share/origincar_msg/cmake/origincar_msg__rosidl_typesupport_cppExport.cmake
[9.618s] -- Up-to-date: /root/dev_ws/install/origincar_msg/share/origincar_msg/cmake/origincar_msg__rosidl_typesupport_cppExport-noconfig.cmake
[9.622s] -- Up-to-date: /root/dev_ws/install/origincar_msg/share/origincar_msg/cmake/rosidl_cmake-extras.cmake
[9.629s] -- Up-to-date: /root/dev_ws/install/origincar_msg/share/origincar_msg/cmake/ament_cmake_export_dependencies-extras.cmake
[9.639s] -- Up-to-date: /root/dev_ws/install/origincar_msg/share/origincar_msg/cmake/ament_cmake_export_libraries-extras.cmake
[9.643s] -- Up-to-date: /root/dev_ws/install/origincar_msg/share/origincar_msg/cmake/ament_cmake_export_targets-extras.cmake
[9.646s] -- Up-to-date: /root/dev_ws/install/origincar_msg/share/origincar_msg/cmake/ament_cmake_export_include_directories-extras.cmake
[9.649s] -- Up-to-date: /root/dev_ws/install/origincar_msg/share/origincar_msg/cmake/rosidl_cmake_export_typesupport_libraries-extras.cmake
[9.652s] -- Up-to-date: /root/dev_ws/install/origincar_msg/share/origincar_msg/cmake/rosidl_cmake_export_typesupport_targets-extras.cmake
[9.657s] -- Up-to-date: /root/dev_ws/install/origincar_msg/share/origincar_msg/cmake/origincar_msgConfig.cmake
[9.659s] -- Up-to-date: /root/dev_ws/install/origincar_msg/share/origincar_msg/cmake/origincar_msgConfig-version.cmake
[9.662s] -- Up-to-date: /root/dev_ws/install/origincar_msg/share/origincar_msg/package.xml
[13.780s] Invoked command in '/root/dev_ws/build/origincar_msg' returned '0': CMAKE_PREFIX_PATH=${CMAKE_PREFIX_PATH}:/root/dev_ws/install/tf2_tools:/opt/ros/foxy /usr/bin/cmake --install /root/dev_ws/build/origincar_msg
