[13.887s] Invoking command in '/root/dev_ws/src/origincar/3rdparty/tf2_tools': PYTHONPATH=/root/dev_ws/build/tf2_tools/prefix_override:/root/dev_ws/install/tf2_tools/lib/python3.8/site-packages:${PYTHONPATH} /usr/bin/python3 setup.py egg_info --egg-base ../../../../build/tf2_tools build --build-base /root/dev_ws/build/tf2_tools/build install --record /root/dev_ws/build/tf2_tools/install.log --single-version-externally-managed
[19.169s] running egg_info
[19.180s] creating ../../../../build/tf2_tools/tf2_tools.egg-info
[19.189s] writing ../../../../build/tf2_tools/tf2_tools.egg-info/PKG-INFO
[19.199s] writing dependency_links to ../../../../build/tf2_tools/tf2_tools.egg-info/dependency_links.txt
[19.202s] writing entry points to ../../../../build/tf2_tools/tf2_tools.egg-info/entry_points.txt
[19.204s] writing requirements to ../../../../build/tf2_tools/tf2_tools.egg-info/requires.txt
[19.207s] writing top-level names to ../../../../build/tf2_tools/tf2_tools.egg-info/top_level.txt
[19.247s] writing manifest file '../../../../build/tf2_tools/tf2_tools.egg-info/SOURCES.txt'
[20.175s] reading manifest file '../../../../build/tf2_tools/tf2_tools.egg-info/SOURCES.txt'
[20.187s] writing manifest file '../../../../build/tf2_tools/tf2_tools.egg-info/SOURCES.txt'
[20.190s] running build
[20.192s] running build_py
[20.195s] creating /root/dev_ws/build/tf2_tools/build
[20.197s] creating /root/dev_ws/build/tf2_tools/build/lib
[20.199s] creating /root/dev_ws/build/tf2_tools/build/lib/tf2_tools
[20.201s] copying tf2_tools/view_frames.py -> /root/dev_ws/build/tf2_tools/build/lib/tf2_tools
[20.204s] copying tf2_tools/__init__.py -> /root/dev_ws/build/tf2_tools/build/lib/tf2_tools
[20.207s] running install
[20.215s] running install_lib
[20.225s] creating /root/dev_ws/install/tf2_tools/lib/python3.8/site-packages/tf2_tools
[20.228s] copying /root/dev_ws/build/tf2_tools/build/lib/tf2_tools/view_frames.py -> /root/dev_ws/install/tf2_tools/lib/python3.8/site-packages/tf2_tools
[20.231s] copying /root/dev_ws/build/tf2_tools/build/lib/tf2_tools/__init__.py -> /root/dev_ws/install/tf2_tools/lib/python3.8/site-packages/tf2_tools
[20.237s] byte-compiling /root/dev_ws/install/tf2_tools/lib/python3.8/site-packages/tf2_tools/view_frames.py to view_frames.cpython-38.pyc
[20.253s] byte-compiling /root/dev_ws/install/tf2_tools/lib/python3.8/site-packages/tf2_tools/__init__.py to __init__.cpython-38.pyc
[20.256s] running install_data
[20.261s] creating /root/dev_ws/install/tf2_tools/share/ament_index
[20.263s] creating /root/dev_ws/install/tf2_tools/share/ament_index/resource_index
[20.266s] creating /root/dev_ws/install/tf2_tools/share/ament_index/resource_index/packages
[20.268s] copying resource/tf2_tools -> /root/dev_ws/install/tf2_tools/share/ament_index/resource_index/packages
[20.271s] copying package.xml -> /root/dev_ws/install/tf2_tools/share/tf2_tools
[20.273s] running install_egg_info
[20.287s] Copying ../../../../build/tf2_tools/tf2_tools.egg-info to /root/dev_ws/install/tf2_tools/lib/python3.8/site-packages/tf2_tools-0.17.1-py3.8.egg-info
[20.297s] running install_scripts
[20.552s] Installing view_frames script to /root/dev_ws/install/tf2_tools/lib/tf2_tools
[20.565s] writing list of installed files to '/root/dev_ws/build/tf2_tools/install.log'
[20.961s] Invoked command in '/root/dev_ws/src/origincar/3rdparty/tf2_tools' returned '0': PYTHONPATH=/root/dev_ws/build/tf2_tools/prefix_override:/root/dev_ws/install/tf2_tools/lib/python3.8/site-packages:${PYTHONPATH} /usr/bin/python3 setup.py egg_info --egg-base ../../../../build/tf2_tools build --build-base /root/dev_ws/build/tf2_tools/build install --record /root/dev_ws/build/tf2_tools/install.log --single-version-externally-managed
