[2.291s] Invoking command in '/root/dev_ws/Horizen-SmartCar-DGDZ/build/origincar_bringup': CMAKE_PREFIX_PATH=${CMAKE_PREFIX_PATH}:/opt/ros/foxy /usr/bin/cmake --build /root/dev_ws/Horizen-SmartCar-DGDZ/build/origincar_bringup -- -j4 -l4
[5.550s] Invoked command in '/root/dev_ws/Horizen-SmartCar-DGDZ/build/origincar_bringup' returned '0': CMAKE_PREFIX_PATH=${CMAKE_PREFIX_PATH}:/opt/ros/foxy /usr/bin/cmake --build /root/dev_ws/Horizen-SmartCar-DGDZ/build/origincar_bringup -- -j4 -l4
[11.791s] Invoking command in '/root/dev_ws/Horizen-SmartCar-DGDZ/build/origincar_bringup': CMAKE_PREFIX_PATH=${CMAKE_PREFIX_PATH}:/opt/ros/foxy /usr/bin/cmake --install /root/dev_ws/Horizen-SmartCar-DGDZ/build/origincar_bringup
[13.619s] -- Install configuration: ""
[13.619s] -- Up-to-date: /root/dev_ws/Horizen-SmartCar-DGDZ/install/origincar_bringup/share/origincar_bringup/launch
[13.620s] -- Up-to-date: /root/dev_ws/Horizen-SmartCar-DGDZ/install/origincar_bringup/share/origincar_bringup/launch/usb_websocket_display.launch.py
[13.621s] -- Up-to-date: /root/dev_ws/Horizen-SmartCar-DGDZ/install/origincar_bringup/share/ament_index/resource_index/package_run_dependencies/origincar_bringup
[13.621s] -- Up-to-date: /root/dev_ws/Horizen-SmartCar-DGDZ/install/origincar_bringup/share/ament_index/resource_index/parent_prefix_path/origincar_bringup
[13.622s] -- Up-to-date: /root/dev_ws/Horizen-SmartCar-DGDZ/install/origincar_bringup/share/origincar_bringup/environment/ament_prefix_path.sh
[13.623s] -- Up-to-date: /root/dev_ws/Horizen-SmartCar-DGDZ/install/origincar_bringup/share/origincar_bringup/environment/ament_prefix_path.dsv
[13.623s] -- Up-to-date: /root/dev_ws/Horizen-SmartCar-DGDZ/install/origincar_bringup/share/origincar_bringup/environment/path.sh
[13.624s] -- Up-to-date: /root/dev_ws/Horizen-SmartCar-DGDZ/install/origincar_bringup/share/origincar_bringup/environment/path.dsv
[13.625s] -- Up-to-date: /root/dev_ws/Horizen-SmartCar-DGDZ/install/origincar_bringup/share/origincar_bringup/local_setup.bash
[13.625s] -- Up-to-date: /root/dev_ws/Horizen-SmartCar-DGDZ/install/origincar_bringup/share/origincar_bringup/local_setup.sh
[13.626s] -- Up-to-date: /root/dev_ws/Horizen-SmartCar-DGDZ/install/origincar_bringup/share/origincar_bringup/local_setup.zsh
[13.627s] -- Up-to-date: /root/dev_ws/Horizen-SmartCar-DGDZ/install/origincar_bringup/share/origincar_bringup/local_setup.dsv
[13.627s] -- Installing: /root/dev_ws/Horizen-SmartCar-DGDZ/install/origincar_bringup/share/origincar_bringup/package.dsv
[13.628s] -- Up-to-date: /root/dev_ws/Horizen-SmartCar-DGDZ/install/origincar_bringup/share/ament_index/resource_index/packages/origincar_bringup
[13.629s] -- Up-to-date: /root/dev_ws/Horizen-SmartCar-DGDZ/install/origincar_bringup/share/origincar_bringup/cmake/origincar_bringupConfig.cmake
[13.629s] -- Up-to-date: /root/dev_ws/Horizen-SmartCar-DGDZ/install/origincar_bringup/share/origincar_bringup/cmake/origincar_bringupConfig-version.cmake
[13.630s] -- Up-to-date: /root/dev_ws/Horizen-SmartCar-DGDZ/install/origincar_bringup/share/origincar_bringup/package.xml
[17.100s] Invoked command in '/root/dev_ws/Horizen-SmartCar-DGDZ/build/origincar_bringup' returned '0': CMAKE_PREFIX_PATH=${CMAKE_PREFIX_PATH}:/opt/ros/foxy /usr/bin/cmake --install /root/dev_ws/Horizen-SmartCar-DGDZ/build/origincar_bringup
