[15.858s] Invoking command in '/root/dev_ws/src/origincar/3rdparty/tf2_tools': PYTHONPATH=/root/dev_ws/build/tf2_tools/prefix_override:/root/dev_ws/install/tf2_tools/lib/python3.8/site-packages:${PYTHONPATH} /usr/bin/python3 setup.py egg_info --egg-base ../../../../build/tf2_tools build --build-base /root/dev_ws/build/tf2_tools/build install --record /root/dev_ws/build/tf2_tools/install.log --single-version-externally-managed
[17.661s] running egg_info
[17.664s] writing ../../../../build/tf2_tools/tf2_tools.egg-info/PKG-INFO
[17.666s] writing dependency_links to ../../../../build/tf2_tools/tf2_tools.egg-info/dependency_links.txt
[17.669s] writing entry points to ../../../../build/tf2_tools/tf2_tools.egg-info/entry_points.txt
[17.672s] writing requirements to ../../../../build/tf2_tools/tf2_tools.egg-info/requires.txt
[17.675s] writing top-level names to ../../../../build/tf2_tools/tf2_tools.egg-info/top_level.txt
[17.992s] reading manifest file '../../../../build/tf2_tools/tf2_tools.egg-info/SOURCES.txt'
[17.998s] writing manifest file '../../../../build/tf2_tools/tf2_tools.egg-info/SOURCES.txt'
[18.000s] running build
[18.001s] running build_py
[18.002s] running install
[18.009s] running install_lib
[18.029s] running install_data
[18.032s] running install_egg_info
[18.043s] removing '/root/dev_ws/install/tf2_tools/lib/python3.8/site-packages/tf2_tools-0.17.1-py3.8.egg-info' (and everything under it)
[18.050s] Copying ../../../../build/tf2_tools/tf2_tools.egg-info to /root/dev_ws/install/tf2_tools/lib/python3.8/site-packages/tf2_tools-0.17.1-py3.8.egg-info
[18.057s] running install_scripts
[18.202s] Installing view_frames script to /root/dev_ws/install/tf2_tools/lib/tf2_tools
[18.206s] writing list of installed files to '/root/dev_ws/build/tf2_tools/install.log'
[19.270s] Invoked command in '/root/dev_ws/src/origincar/3rdparty/tf2_tools' returned '0': PYTHONPATH=/root/dev_ws/build/tf2_tools/prefix_override:/root/dev_ws/install/tf2_tools/lib/python3.8/site-packages:${PYTHONPATH} /usr/bin/python3 setup.py egg_info --egg-base ../../../../build/tf2_tools build --build-base /root/dev_ws/build/tf2_tools/build install --record /root/dev_ws/build/tf2_tools/install.log --single-version-externally-managed
