[3.058s] Invoking command in '/root/dev_ws/build/serial': CMAKE_PREFIX_PATH=${CMAKE_PREFIX_PATH}:/userdata/dev_ws/install/qr_code_detection:/userdata/dev_ws/install/qr_code_control:/userdata/dev_ws/install/originbot_linefollower:/userdata/dev_ws/install/originbot_demo:/opt/ros/foxy /usr/bin/cmake /root/dev_ws/src/origincar/3rdparty/serial_ros2 -DCMAKE_INSTALL_PREFIX=/root/dev_ws/install/serial
[4.497s] -- The C compiler identification is GNU 9.3.0
[5.747s] -- The CXX compiler identification is GNU 9.3.0
[5.797s] -- Check for working C compiler: /usr/bin/cc
[6.292s] -- Check for working C compiler: /usr/bin/cc -- works
[6.299s] -- Detecting C compiler ABI info
[6.749s] -- Detecting C compiler ABI info - done
[6.850s] -- Detecting C compile features
[6.854s] -- Detecting C compile features - done
[6.877s] -- Check for working CXX compiler: /usr/bin/c++
[7.391s] -- Check for working CXX compiler: /usr/bin/c++ -- works
[7.409s] -- Detecting CXX compiler ABI info
[7.959s] -- Detecting CXX compiler ABI info - done
[8.064s] -- Detecting CXX compile features
[8.069s] -- Detecting CXX compile features - done
[8.113s] -- Found rosidl_default_generators: 1.0.1 (/opt/tros/share/rosidl_default_generators/cmake)
[8.147s] -- Found ament_cmake_core: 0.9.12 (/opt/tros/share/ament_cmake_core/cmake)
[8.391s] -- Found PythonInterp: /usr/bin/python3 (found suitable version "3.8.10", minimum required is "3") 
[8.397s] -- Using PYTHON_EXECUTABLE: /usr/bin/python3
[10.302s] -- Using all available rosidl_typesupport_c: rosidl_typesupport_fastrtps_c;rosidl_typesupport_introspection_c
[10.390s] -- Found rosidl_adapter: 1.3.1 (/opt/tros/share/rosidl_adapter/cmake)
[10.802s] -- Found FastRTPS: /opt/tros/include  
[11.751s] -- Using all available rosidl_typesupport_cpp: rosidl_typesupport_fastrtps_cpp;rosidl_typesupport_introspection_cpp
[12.722s] -- Configuring done
[12.748s] -- Generating done
[12.757s] -- Build files have been written to: /root/dev_ws/build/serial
[13.433s] Invoked command in '/root/dev_ws/build/serial' returned '0': CMAKE_PREFIX_PATH=${CMAKE_PREFIX_PATH}:/userdata/dev_ws/install/qr_code_detection:/userdata/dev_ws/install/qr_code_control:/userdata/dev_ws/install/originbot_linefollower:/userdata/dev_ws/install/originbot_demo:/opt/ros/foxy /usr/bin/cmake /root/dev_ws/src/origincar/3rdparty/serial_ros2 -DCMAKE_INSTALL_PREFIX=/root/dev_ws/install/serial
[13.447s] Invoking command in '/root/dev_ws/build/serial': CMAKE_PREFIX_PATH=${CMAKE_PREFIX_PATH}:/userdata/dev_ws/install/qr_code_detection:/userdata/dev_ws/install/qr_code_control:/userdata/dev_ws/install/originbot_linefollower:/userdata/dev_ws/install/originbot_demo:/opt/ros/foxy /usr/bin/cmake --build /root/dev_ws/build/serial -- -j4 -l4
[13.709s] [35m[1mScanning dependencies of target serial[0m
[13.831s] [ 25%] [32mBuilding CXX object CMakeFiles/serial.dir/src/serial.cc.o[0m
[13.893s] [ 50%] [32mBuilding CXX object CMakeFiles/serial.dir/src/impl/unix.cc.o[0m
[13.907s] [ 75%] [32mBuilding CXX object CMakeFiles/serial.dir/src/impl/list_ports/list_ports_linux.cc.o[0m
[17.755s] [01m[K/root/dev_ws/src/origincar/3rdparty/serial_ros2/src/impl/list_ports/list_ports_linux.cc:[m[K In function ‘[01m[Kstd::vector<std::__cxx11::basic_string<char> > glob(const std::vector<std::__cxx11::basic_string<char> >&)[m[K’:
[17.759s] [01m[K/root/dev_ws/src/origincar/3rdparty/serial_ros2/src/impl/list_ports/list_ports_linux.cc:66:40:[m[K [01;35m[Kwarning: [m[Kcomparison of integer expressions of different signedness: ‘[01m[Kint[m[K’ and ‘[01m[Ksize_t[m[K’ {aka ‘[01m[Klong unsigned int[m[K’} [[01;35m[K-Wsign-compare[m[K]
[17.760s]    66 |     for(int path_index = 0; [01;35m[Kpath_index < glob_results.gl_pathc[m[K; path_index++)
[17.761s]       |                             [01;35m[K~~~~~~~~~~~^~~~~~~~~~~~~~~~~~~~~~~[m[K
[17.762s] [01m[K/root/dev_ws/src/origincar/3rdparty/serial_ros2/src/impl/list_ports/list_ports_linux.cc:57:9:[m[K [01;35m[Kwarning: [m[Kvariable ‘[01m[Kglob_retval[m[K’ set but not used [[01;35m[K-Wunused-but-set-variable[m[K]
[17.779s]    57 |     int [01;35m[Kglob_retval[m[K = glob(patterns[0].c_str(), 0, NULL, &glob_results);
[17.780s]       |         [01;35m[K^~~~~~~~~~~[m[K
[17.795s] [01m[K/root/dev_ws/src/origincar/3rdparty/serial_ros2/src/impl/list_ports/list_ports_linux.cc:[m[K In function ‘[01m[Kstd::string format(const char*, ...)[m[K’:
[17.797s] [01m[K/root/dev_ws/src/origincar/3rdparty/serial_ros2/src/impl/list_ports/list_ports_linux.cc:246:31:[m[K [01;35m[Kwarning: [m[Kcomparison of integer expressions of different signedness: ‘[01m[Kint[m[K’ and ‘[01m[Ksize_t[m[K’ {aka ‘[01m[Klong unsigned int[m[K’} [[01;35m[K-Wsign-compare[m[K]
[17.798s]   246 |         else if( [01;35m[Kreturn_value >= buffer_size_bytes[m[K )
[17.799s]       |                  [01;35m[K~~~~~~~~~~~~~^~~~~~~~~~~~~~~~~~~~[m[K
[19.889s] [100%] [32m[1mLinking CXX static library libserial.a[0m
[20.145s] [100%] Built target serial
[23.412s] Invoked command in '/root/dev_ws/build/serial' returned '0': CMAKE_PREFIX_PATH=${CMAKE_PREFIX_PATH}:/userdata/dev_ws/install/qr_code_detection:/userdata/dev_ws/install/qr_code_control:/userdata/dev_ws/install/originbot_linefollower:/userdata/dev_ws/install/originbot_demo:/opt/ros/foxy /usr/bin/cmake --build /root/dev_ws/build/serial -- -j4 -l4
[23.605s] Invoking command in '/root/dev_ws/build/serial': CMAKE_PREFIX_PATH=${CMAKE_PREFIX_PATH}:/userdata/dev_ws/install/qr_code_detection:/userdata/dev_ws/install/qr_code_control:/userdata/dev_ws/install/originbot_linefollower:/userdata/dev_ws/install/originbot_demo:/opt/ros/foxy /usr/bin/cmake --install /root/dev_ws/build/serial
[23.672s] -- Install configuration: ""
[23.675s] -- Installing: /root/dev_ws/install/serial/lib/libserial.a
[23.680s] -- Installing: /root/dev_ws/install/serial/share/serial/environment/library_path.sh
[23.682s] -- Installing: /root/dev_ws/install/serial/share/serial/environment/library_path.dsv
[23.685s] -- Installing: /root/dev_ws/install/serial/include/serial
[23.687s] -- Installing: /root/dev_ws/install/serial/include/serial/v8stdint.h
[23.689s] -- Installing: /root/dev_ws/install/serial/include/serial/serial.h
[23.691s] -- Installing: /root/dev_ws/install/serial/include/serial/impl
[23.693s] -- Installing: /root/dev_ws/install/serial/include/serial/impl/win.h
[23.695s] -- Installing: /root/dev_ws/install/serial/include/serial/impl/unix.h
[23.698s] -- Installing: /root/dev_ws/install/serial/share/ament_index/resource_index/package_run_dependencies/serial
[23.704s] -- Installing: /root/dev_ws/install/serial/share/ament_index/resource_index/parent_prefix_path/serial
[23.707s] -- Installing: /root/dev_ws/install/serial/share/serial/environment/ament_prefix_path.sh
[23.709s] -- Installing: /root/dev_ws/install/serial/share/serial/environment/ament_prefix_path.dsv
[23.716s] -- Installing: /root/dev_ws/install/serial/share/serial/environment/path.sh
[23.719s] -- Installing: /root/dev_ws/install/serial/share/serial/environment/path.dsv
[23.724s] -- Installing: /root/dev_ws/install/serial/share/serial/local_setup.bash
[23.726s] -- Installing: /root/dev_ws/install/serial/share/serial/local_setup.sh
[23.727s] -- Installing: /root/dev_ws/install/serial/share/serial/local_setup.zsh
[23.728s] -- Installing: /root/dev_ws/install/serial/share/serial/local_setup.dsv
[23.732s] -- Installing: /root/dev_ws/install/serial/share/serial/package.dsv
[23.734s] -- Installing: /root/dev_ws/install/serial/share/ament_index/resource_index/packages/serial
[23.735s] -- Installing: /root/dev_ws/install/serial/share/serial/cmake/ament_cmake_export_include_directories-extras.cmake
[23.742s] -- Installing: /root/dev_ws/install/serial/share/serial/cmake/ament_cmake_export_libraries-extras.cmake
[23.745s] -- Installing: /root/dev_ws/install/serial/share/serial/cmake/ament_cmake_export_dependencies-extras.cmake
[23.746s] -- Installing: /root/dev_ws/install/serial/share/serial/cmake/serialConfig.cmake
[23.751s] -- Installing: /root/dev_ws/install/serial/share/serial/cmake/serialConfig-version.cmake
[23.752s] -- Installing: /root/dev_ws/install/serial/share/serial/package.xml
[23.779s] Invoked command in '/root/dev_ws/build/serial' returned '0': CMAKE_PREFIX_PATH=${CMAKE_PREFIX_PATH}:/userdata/dev_ws/install/qr_code_detection:/userdata/dev_ws/install/qr_code_control:/userdata/dev_ws/install/originbot_linefollower:/userdata/dev_ws/install/originbot_demo:/opt/ros/foxy /usr/bin/cmake --install /root/dev_ws/build/serial
