[3.327s] Invoking command in '/root/dev_ws/Horizen-SmartCar-DGDZ/build/origincar_bringup': CMAKE_PREFIX_PATH=${CMAKE_PREFIX_PATH}:/opt/ros/foxy /usr/bin/cmake /root/dev_ws/Horizen-SmartCar-DGDZ/src/origincar/origincar_bringup -DCMAKE_INSTALL_PREFIX=/root/dev_ws/Horizen-SmartCar-DGDZ/install/origincar_bringup
[3.909s] -- The C compiler identification is GNU 9.3.0
[4.410s] -- The CXX compiler identification is GNU 9.3.0
[4.499s] -- Check for working C compiler: /usr/bin/cc
[5.442s] -- Check for working C compiler: /usr/bin/cc -- works
[5.443s] -- Detecting C compiler ABI info
[6.179s] -- Detecting C compiler ABI info - done
[6.411s] -- Detecting C compile features
[6.414s] -- Detecting C compile features - done
[6.454s] -- Check for working CXX compiler: /usr/bin/c++
[7.371s] -- Check for working CXX compiler: /usr/bin/c++ -- works
[7.382s] -- Detecting CXX compiler ABI info
[8.172s] -- Detecting CXX compiler ABI info - done
[8.424s] -- Detecting CXX compile features
[8.425s] -- Detecting CXX compile features - done
[8.461s] -- Found ament_cmake: 0.9.12 (/opt/tros/share/ament_cmake/cmake)
[8.968s] -- Found PythonInterp: /usr/bin/python3 (found suitable version "3.8.10", minimum required is "3") 
[8.969s] -- Using PYTHON_EXECUTABLE: /usr/bin/python3
[13.282s] -- Found ament_lint_auto: 0.9.8 (/opt/tros/share/ament_lint_auto/cmake)
[14.753s] -- Added test 'copyright' to check source files copyright and LICENSE
[14.780s] -- Added test 'flake8' to check Python code syntax and style conventions
[14.781s] -- Added test 'lint_cmake' to check CMake code style
[14.792s] -- Added test 'pep257' to check Python code against some of the style conventions in PEP 257
[14.797s] -- Added test 'xmllint' to check XML markup files
[14.836s] -- Configuring done
[14.844s] -- Generating done
[14.852s] -- Build files have been written to: /root/dev_ws/Horizen-SmartCar-DGDZ/build/origincar_bringup
[15.052s] Invoked command in '/root/dev_ws/Horizen-SmartCar-DGDZ/build/origincar_bringup' returned '0': CMAKE_PREFIX_PATH=${CMAKE_PREFIX_PATH}:/opt/ros/foxy /usr/bin/cmake /root/dev_ws/Horizen-SmartCar-DGDZ/src/origincar/origincar_bringup -DCMAKE_INSTALL_PREFIX=/root/dev_ws/Horizen-SmartCar-DGDZ/install/origincar_bringup
[15.062s] Invoking command in '/root/dev_ws/Horizen-SmartCar-DGDZ/build/origincar_bringup': CMAKE_PREFIX_PATH=${CMAKE_PREFIX_PATH}:/opt/ros/foxy /usr/bin/cmake --build /root/dev_ws/Horizen-SmartCar-DGDZ/build/origincar_bringup -- -j4 -l4
[22.568s] Invoked command in '/root/dev_ws/Horizen-SmartCar-DGDZ/build/origincar_bringup' returned '0': CMAKE_PREFIX_PATH=${CMAKE_PREFIX_PATH}:/opt/ros/foxy /usr/bin/cmake --build /root/dev_ws/Horizen-SmartCar-DGDZ/build/origincar_bringup -- -j4 -l4
[23.020s] Invoking command in '/root/dev_ws/Horizen-SmartCar-DGDZ/build/origincar_bringup': CMAKE_PREFIX_PATH=${CMAKE_PREFIX_PATH}:/opt/ros/foxy /usr/bin/cmake --install /root/dev_ws/Horizen-SmartCar-DGDZ/build/origincar_bringup
[23.148s] -- Install configuration: ""
[23.161s] -- Installing: /root/dev_ws/Horizen-SmartCar-DGDZ/install/origincar_bringup/share/origincar_bringup/launch
[23.162s] -- Installing: /root/dev_ws/Horizen-SmartCar-DGDZ/install/origincar_bringup/share/origincar_bringup/launch/usb_websocket_display.launch.py
[23.164s] -- Installing: /root/dev_ws/Horizen-SmartCar-DGDZ/install/origincar_bringup/share/ament_index/resource_index/package_run_dependencies/origincar_bringup
[23.166s] -- Installing: /root/dev_ws/Horizen-SmartCar-DGDZ/install/origincar_bringup/share/ament_index/resource_index/parent_prefix_path/origincar_bringup
[23.168s] -- Installing: /root/dev_ws/Horizen-SmartCar-DGDZ/install/origincar_bringup/share/origincar_bringup/environment/ament_prefix_path.sh
[23.170s] -- Installing: /root/dev_ws/Horizen-SmartCar-DGDZ/install/origincar_bringup/share/origincar_bringup/environment/ament_prefix_path.dsv
[23.171s] -- Installing: /root/dev_ws/Horizen-SmartCar-DGDZ/install/origincar_bringup/share/origincar_bringup/environment/path.sh
[23.173s] -- Installing: /root/dev_ws/Horizen-SmartCar-DGDZ/install/origincar_bringup/share/origincar_bringup/environment/path.dsv
[23.174s] -- Installing: /root/dev_ws/Horizen-SmartCar-DGDZ/install/origincar_bringup/share/origincar_bringup/local_setup.bash
[23.185s] -- Installing: /root/dev_ws/Horizen-SmartCar-DGDZ/install/origincar_bringup/share/origincar_bringup/local_setup.sh
[23.189s] -- Installing: /root/dev_ws/Horizen-SmartCar-DGDZ/install/origincar_bringup/share/origincar_bringup/local_setup.zsh
[23.190s] -- Installing: /root/dev_ws/Horizen-SmartCar-DGDZ/install/origincar_bringup/share/origincar_bringup/local_setup.dsv
[23.191s] -- Installing: /root/dev_ws/Horizen-SmartCar-DGDZ/install/origincar_bringup/share/origincar_bringup/package.dsv
[23.200s] -- Installing: /root/dev_ws/Horizen-SmartCar-DGDZ/install/origincar_bringup/share/ament_index/resource_index/packages/origincar_bringup
[23.201s] -- Installing: /root/dev_ws/Horizen-SmartCar-DGDZ/install/origincar_bringup/share/origincar_bringup/cmake/origincar_bringupConfig.cmake
[23.231s] -- Installing: /root/dev_ws/Horizen-SmartCar-DGDZ/install/origincar_bringup/share/origincar_bringup/cmake/origincar_bringupConfig-version.cmake
[23.232s] -- Installing: /root/dev_ws/Horizen-SmartCar-DGDZ/install/origincar_bringup/share/origincar_bringup/package.xml
[23.236s] Invoked command in '/root/dev_ws/Horizen-SmartCar-DGDZ/build/origincar_bringup' returned '0': CMAKE_PREFIX_PATH=${CMAKE_PREFIX_PATH}:/opt/ros/foxy /usr/bin/cmake --install /root/dev_ws/Horizen-SmartCar-DGDZ/build/origincar_bringup
