[3.795s] Invoking command in '/root/dev_ws/Horizen-SmartCar-DGDZ/src/origincar/build/origincar_description': CMAKE_PREFIX_PATH=${CMAKE_PREFIX_PATH}:/opt/ros/foxy /usr/bin/cmake /root/dev_ws/Horizen-SmartCar-DGDZ/src/origincar/origincar_description -DCMAKE_INSTALL_PREFIX=/root/dev_ws/Horizen-SmartCar-DGDZ/src/origincar/install/origincar_description
[5.281s] -- The C compiler identification is GNU 9.3.0
[6.403s] -- The CXX compiler identification is GNU 9.3.0
[6.438s] -- Check for working C compiler: /usr/bin/cc
[6.924s] -- Check for working C compiler: /usr/bin/cc -- works
[6.930s] -- Detecting C compiler ABI info
[7.388s] -- Detecting C compiler ABI info - done
[7.484s] -- Detecting C compile features
[7.488s] -- Detecting C compile features - done
[7.509s] -- Check for working CXX compiler: /usr/bin/c++
[8.125s] -- Check for working CXX compiler: /usr/bin/c++ -- works
[8.135s] -- Detecting CXX compiler ABI info
[8.772s] -- Detecting CXX compiler ABI info - done
[8.886s] -- Detecting CXX compile features
[8.890s] -- Detecting CXX compile features - done
[8.903s] -- Found ament_cmake: 0.9.12 (/opt/tros/share/ament_cmake/cmake)
[9.119s] -- Found PythonInterp: /usr/bin/python3 (found suitable version "3.8.10", minimum required is "3") 
[9.120s] -- Using PYTHON_EXECUTABLE: /usr/bin/python3
[11.048s] -- Found ament_lint_auto: 0.9.8 (/opt/tros/share/ament_lint_auto/cmake)
[11.994s] -- Added test 'copyright' to check source files copyright and LICENSE
[12.013s] -- Added test 'flake8' to check Python code syntax and style conventions
[12.020s] -- Added test 'lint_cmake' to check CMake code style
[12.025s] -- Added test 'pep257' to check Python code against some of the style conventions in PEP 257
[12.035s] -- Added test 'xmllint' to check XML markup files
[12.050s] -- Configuring done
[12.069s] -- Generating done
[12.078s] -- Build files have been written to: /root/dev_ws/Horizen-SmartCar-DGDZ/src/origincar/build/origincar_description
[12.113s] Invoked command in '/root/dev_ws/Horizen-SmartCar-DGDZ/src/origincar/build/origincar_description' returned '0': CMAKE_PREFIX_PATH=${CMAKE_PREFIX_PATH}:/opt/ros/foxy /usr/bin/cmake /root/dev_ws/Horizen-SmartCar-DGDZ/src/origincar/origincar_description -DCMAKE_INSTALL_PREFIX=/root/dev_ws/Horizen-SmartCar-DGDZ/src/origincar/install/origincar_description
[12.117s] Invoking command in '/root/dev_ws/Horizen-SmartCar-DGDZ/src/origincar/build/origincar_description': CMAKE_PREFIX_PATH=${CMAKE_PREFIX_PATH}:/opt/ros/foxy /usr/bin/cmake --build /root/dev_ws/Horizen-SmartCar-DGDZ/src/origincar/build/origincar_description -- -j4 -l4
[12.377s] Invoked command in '/root/dev_ws/Horizen-SmartCar-DGDZ/src/origincar/build/origincar_description' returned '0': CMAKE_PREFIX_PATH=${CMAKE_PREFIX_PATH}:/opt/ros/foxy /usr/bin/cmake --build /root/dev_ws/Horizen-SmartCar-DGDZ/src/origincar/build/origincar_description -- -j4 -l4
[12.560s] Invoking command in '/root/dev_ws/Horizen-SmartCar-DGDZ/src/origincar/build/origincar_description': CMAKE_PREFIX_PATH=${CMAKE_PREFIX_PATH}:/opt/ros/foxy /usr/bin/cmake --install /root/dev_ws/Horizen-SmartCar-DGDZ/src/origincar/build/origincar_description
[12.625s] -- Install configuration: ""
[12.628s] -- Installing: /root/dev_ws/Horizen-SmartCar-DGDZ/src/origincar/install/origincar_description/share/origincar_description/launch
[12.630s] -- Installing: /root/dev_ws/Horizen-SmartCar-DGDZ/src/origincar/install/origincar_description/share/origincar_description/launch/gazebo.launch
[12.634s] -- Installing: /root/dev_ws/Horizen-SmartCar-DGDZ/src/origincar/install/origincar_description/share/origincar_description/launch/display.launch
[12.637s] -- Installing: /root/dev_ws/Horizen-SmartCar-DGDZ/src/origincar/install/origincar_description/share/origincar_description/launch/display.launch.py
[12.640s] -- Installing: /root/dev_ws/Horizen-SmartCar-DGDZ/src/origincar/install/origincar_description/share/origincar_description/urdf
[12.642s] -- Installing: /root/dev_ws/Horizen-SmartCar-DGDZ/src/origincar/install/origincar_description/share/origincar_description/urdf/origincar.urdf
[12.644s] -- Installing: /root/dev_ws/Horizen-SmartCar-DGDZ/src/origincar/install/origincar_description/share/origincar_description/urdf/origincar.xacro
[12.647s] -- Installing: /root/dev_ws/Horizen-SmartCar-DGDZ/src/origincar/install/origincar_description/share/origincar_description/rviz
[12.650s] -- Installing: /root/dev_ws/Horizen-SmartCar-DGDZ/src/origincar/install/origincar_description/share/origincar_description/rviz/README
[12.652s] -- Installing: /root/dev_ws/Horizen-SmartCar-DGDZ/src/origincar/install/origincar_description/share/origincar_description/rviz/display.rviz
[12.655s] -- Installing: /root/dev_ws/Horizen-SmartCar-DGDZ/src/origincar/install/origincar_description/share/origincar_description/meshes
[12.657s] -- Installing: /root/dev_ws/Horizen-SmartCar-DGDZ/src/origincar/install/origincar_description/share/origincar_description/meshes/up_left_Link.STL
[12.691s] -- Installing: /root/dev_ws/Horizen-SmartCar-DGDZ/src/origincar/install/origincar_description/share/origincar_description/meshes/down_right_Link.STL
[12.724s] -- Installing: /root/dev_ws/Horizen-SmartCar-DGDZ/src/origincar/install/origincar_description/share/origincar_description/meshes/up_right_Link.STL
[12.757s] -- Installing: /root/dev_ws/Horizen-SmartCar-DGDZ/src/origincar/install/origincar_description/share/origincar_description/meshes/base_link.STL
[12.770s] -- Installing: /root/dev_ws/Horizen-SmartCar-DGDZ/src/origincar/install/origincar_description/share/origincar_description/meshes/down_left_Link.STL
[12.807s] -- Installing: /root/dev_ws/Horizen-SmartCar-DGDZ/src/origincar/install/origincar_description/share/ament_index/resource_index/package_run_dependencies/origincar_description
[12.808s] -- Installing: /root/dev_ws/Horizen-SmartCar-DGDZ/src/origincar/install/origincar_description/share/ament_index/resource_index/parent_prefix_path/origincar_description
[12.810s] -- Installing: /root/dev_ws/Horizen-SmartCar-DGDZ/src/origincar/install/origincar_description/share/origincar_description/environment/ament_prefix_path.sh
[12.812s] -- Installing: /root/dev_ws/Horizen-SmartCar-DGDZ/src/origincar/install/origincar_description/share/origincar_description/environment/ament_prefix_path.dsv
[12.813s] -- Installing: /root/dev_ws/Horizen-SmartCar-DGDZ/src/origincar/install/origincar_description/share/origincar_description/environment/path.sh
[12.815s] -- Installing: /root/dev_ws/Horizen-SmartCar-DGDZ/src/origincar/install/origincar_description/share/origincar_description/environment/path.dsv
[12.820s] -- Installing: /root/dev_ws/Horizen-SmartCar-DGDZ/src/origincar/install/origincar_description/share/origincar_description/local_setup.bash
[12.821s] -- Installing: /root/dev_ws/Horizen-SmartCar-DGDZ/src/origincar/install/origincar_description/share/origincar_description/local_setup.sh
[12.823s] -- Installing: /root/dev_ws/Horizen-SmartCar-DGDZ/src/origincar/install/origincar_description/share/origincar_description/local_setup.zsh
[12.824s] -- Installing: /root/dev_ws/Horizen-SmartCar-DGDZ/src/origincar/install/origincar_description/share/origincar_description/local_setup.dsv
[12.825s] -- Installing: /root/dev_ws/Horizen-SmartCar-DGDZ/src/origincar/install/origincar_description/share/origincar_description/package.dsv
[12.826s] -- Installing: /root/dev_ws/Horizen-SmartCar-DGDZ/src/origincar/install/origincar_description/share/ament_index/resource_index/packages/origincar_description
[12.827s] -- Installing: /root/dev_ws/Horizen-SmartCar-DGDZ/src/origincar/install/origincar_description/share/origincar_description/cmake/origincar_descriptionConfig.cmake
[12.829s] -- Installing: /root/dev_ws/Horizen-SmartCar-DGDZ/src/origincar/install/origincar_description/share/origincar_description/cmake/origincar_descriptionConfig-version.cmake
[12.849s] -- Installing: /root/dev_ws/Horizen-SmartCar-DGDZ/src/origincar/install/origincar_description/share/origincar_description/package.xml
[12.851s] Invoked command in '/root/dev_ws/Horizen-SmartCar-DGDZ/src/origincar/build/origincar_description' returned '0': CMAKE_PREFIX_PATH=${CMAKE_PREFIX_PATH}:/opt/ros/foxy /usr/bin/cmake --install /root/dev_ws/Horizen-SmartCar-DGDZ/src/origincar/build/origincar_description
