[2.583s] Invoking command in '/root/dev_ws/Horizen-SmartCar-DGDZ/build/origincar_msg': CMAKE_PREFIX_PATH=${CMAKE_PREFIX_PATH}:/opt/ros/foxy /usr/bin/cmake --build /root/dev_ws/Horizen-SmartCar-DGDZ/build/origincar_msg -- -j4 -l4
[3.071s] [  2%] Built target origincar_msg__cpp
[3.085s] [ 12%] Built target origincar_msg__rosidl_generator_c
[3.341s] [ 23%] Built target origincar_msg__rosidl_typesupport_fastrtps_cpp
[3.355s] [ 33%] Built target origincar_msg__rosidl_typesupport_introspection_cpp
[3.420s] [ 43%] Built target origincar_msg__rosidl_typesupport_introspection_c
[3.429s] [ 53%] Built target origincar_msg__rosidl_typesupport_cpp
[3.607s] [ 64%] Built target origincar_msg__rosidl_typesupport_c
[3.613s] [ 74%] Built target origincar_msg__rosidl_typesupport_fastrtps_c
[3.728s] [ 74%] Built target origincar_msg
[3.841s] [ 76%] Built target origincar_msg__py
[3.984s] [ 84%] Built target origincar_msg__python
[4.194s] [ 89%] Built target origincar_msg__rosidl_typesupport_introspection_c__pyext
[4.245s] [ 94%] Built target origincar_msg__rosidl_typesupport_fastrtps_c__pyext
[4.274s] [100%] Built target origincar_msg__rosidl_typesupport_c__pyext
[4.764s] Invoked command in '/root/dev_ws/Horizen-SmartCar-DGDZ/build/origincar_msg' returned '0': CMAKE_PREFIX_PATH=${CMAKE_PREFIX_PATH}:/opt/ros/foxy /usr/bin/cmake --build /root/dev_ws/Horizen-SmartCar-DGDZ/build/origincar_msg -- -j4 -l4
[8.460s] Invoking command in '/root/dev_ws/Horizen-SmartCar-DGDZ/build/origincar_msg': CMAKE_PREFIX_PATH=${CMAKE_PREFIX_PATH}:/opt/ros/foxy /usr/bin/cmake --install /root/dev_ws/Horizen-SmartCar-DGDZ/build/origincar_msg
[8.543s] -- Install configuration: ""
[8.545s] -- Up-to-date: /root/dev_ws/Horizen-SmartCar-DGDZ/install/origincar_msg/share/ament_index/resource_index/rosidl_interfaces/origincar_msg
[8.552s] -- Up-to-date: /root/dev_ws/Horizen-SmartCar-DGDZ/install/origincar_msg/include/origincar_msg
[8.557s] -- Up-to-date: /root/dev_ws/Horizen-SmartCar-DGDZ/install/origincar_msg/include/origincar_msg/msg
[8.559s] -- Up-to-date: /root/dev_ws/Horizen-SmartCar-DGDZ/install/origincar_msg/include/origincar_msg/msg/data.h
[8.560s] -- Up-to-date: /root/dev_ws/Horizen-SmartCar-DGDZ/install/origincar_msg/include/origincar_msg/msg/rosidl_generator_c__visibility_control.h
[8.561s] -- Up-to-date: /root/dev_ws/Horizen-SmartCar-DGDZ/install/origincar_msg/include/origincar_msg/msg/sign.h
[8.562s] -- Up-to-date: /root/dev_ws/Horizen-SmartCar-DGDZ/install/origincar_msg/include/origincar_msg/msg/detail
[8.564s] -- Up-to-date: /root/dev_ws/Horizen-SmartCar-DGDZ/install/origincar_msg/include/origincar_msg/msg/detail/sign__type_support.h
[8.565s] -- Up-to-date: /root/dev_ws/Horizen-SmartCar-DGDZ/install/origincar_msg/include/origincar_msg/msg/detail/sign__functions.h
[8.567s] -- Up-to-date: /root/dev_ws/Horizen-SmartCar-DGDZ/install/origincar_msg/include/origincar_msg/msg/detail/data__functions.h
[8.568s] -- Up-to-date: /root/dev_ws/Horizen-SmartCar-DGDZ/install/origincar_msg/include/origincar_msg/msg/detail/data__functions.c
[8.570s] -- Up-to-date: /root/dev_ws/Horizen-SmartCar-DGDZ/install/origincar_msg/include/origincar_msg/msg/detail/data__type_support.h
[8.571s] -- Up-to-date: /root/dev_ws/Horizen-SmartCar-DGDZ/install/origincar_msg/include/origincar_msg/msg/detail/sign__functions.c
[8.572s] -- Up-to-date: /root/dev_ws/Horizen-SmartCar-DGDZ/install/origincar_msg/include/origincar_msg/msg/detail/data__struct.h
[8.573s] -- Up-to-date: /root/dev_ws/Horizen-SmartCar-DGDZ/install/origincar_msg/include/origincar_msg/msg/detail/sign__struct.h
[8.574s] -- Up-to-date: /root/dev_ws/Horizen-SmartCar-DGDZ/install/origincar_msg/share/origincar_msg/environment/library_path.sh
[8.576s] -- Up-to-date: /root/dev_ws/Horizen-SmartCar-DGDZ/install/origincar_msg/share/origincar_msg/environment/library_path.dsv
[8.579s] -- Up-to-date: /root/dev_ws/Horizen-SmartCar-DGDZ/install/origincar_msg/lib/liborigincar_msg__rosidl_generator_c.so
[8.580s] -- Up-to-date: /root/dev_ws/Horizen-SmartCar-DGDZ/install/origincar_msg/include/origincar_msg
[8.581s] -- Up-to-date: /root/dev_ws/Horizen-SmartCar-DGDZ/install/origincar_msg/include/origincar_msg/msg
[8.583s] -- Up-to-date: /root/dev_ws/Horizen-SmartCar-DGDZ/install/origincar_msg/include/origincar_msg/msg/rosidl_typesupport_fastrtps_c__visibility_control.h
[8.585s] -- Up-to-date: /root/dev_ws/Horizen-SmartCar-DGDZ/install/origincar_msg/include/origincar_msg/msg/detail
[8.586s] -- Up-to-date: /root/dev_ws/Horizen-SmartCar-DGDZ/install/origincar_msg/include/origincar_msg/msg/detail/data__rosidl_typesupport_fastrtps_c.h
[8.587s] -- Up-to-date: /root/dev_ws/Horizen-SmartCar-DGDZ/install/origincar_msg/include/origincar_msg/msg/detail/sign__rosidl_typesupport_fastrtps_c.h
[8.588s] -- Up-to-date: /root/dev_ws/Horizen-SmartCar-DGDZ/install/origincar_msg/lib/liborigincar_msg__rosidl_typesupport_fastrtps_c.so
[8.589s] -- Up-to-date: /root/dev_ws/Horizen-SmartCar-DGDZ/install/origincar_msg/include/origincar_msg
[8.590s] -- Up-to-date: /root/dev_ws/Horizen-SmartCar-DGDZ/install/origincar_msg/include/origincar_msg/msg
[8.592s] -- Up-to-date: /root/dev_ws/Horizen-SmartCar-DGDZ/install/origincar_msg/include/origincar_msg/msg/rosidl_typesupport_fastrtps_cpp__visibility_control.h
[8.593s] -- Up-to-date: /root/dev_ws/Horizen-SmartCar-DGDZ/install/origincar_msg/include/origincar_msg/msg/detail
[8.594s] -- Up-to-date: /root/dev_ws/Horizen-SmartCar-DGDZ/install/origincar_msg/include/origincar_msg/msg/detail/data__rosidl_typesupport_fastrtps_cpp.hpp
[8.595s] -- Up-to-date: /root/dev_ws/Horizen-SmartCar-DGDZ/install/origincar_msg/include/origincar_msg/msg/detail/sign__rosidl_typesupport_fastrtps_cpp.hpp
[8.596s] -- Up-to-date: /root/dev_ws/Horizen-SmartCar-DGDZ/install/origincar_msg/include/origincar_msg/msg/detail/dds_fastrtps
[8.598s] -- Up-to-date: /root/dev_ws/Horizen-SmartCar-DGDZ/install/origincar_msg/lib/liborigincar_msg__rosidl_typesupport_fastrtps_cpp.so
[8.602s] -- Up-to-date: /root/dev_ws/Horizen-SmartCar-DGDZ/install/origincar_msg/include/origincar_msg
[8.604s] -- Up-to-date: /root/dev_ws/Horizen-SmartCar-DGDZ/install/origincar_msg/include/origincar_msg/msg
[8.605s] -- Up-to-date: /root/dev_ws/Horizen-SmartCar-DGDZ/install/origincar_msg/include/origincar_msg/msg/rosidl_typesupport_introspection_c__visibility_control.h
[8.606s] -- Up-to-date: /root/dev_ws/Horizen-SmartCar-DGDZ/install/origincar_msg/include/origincar_msg/msg/detail
[8.613s] -- Up-to-date: /root/dev_ws/Horizen-SmartCar-DGDZ/install/origincar_msg/include/origincar_msg/msg/detail/data__rosidl_typesupport_introspection_c.h
[8.614s] -- Up-to-date: /root/dev_ws/Horizen-SmartCar-DGDZ/install/origincar_msg/include/origincar_msg/msg/detail/sign__type_support.c
[8.615s] -- Up-to-date: /root/dev_ws/Horizen-SmartCar-DGDZ/install/origincar_msg/include/origincar_msg/msg/detail/data__type_support.c
[8.616s] -- Up-to-date: /root/dev_ws/Horizen-SmartCar-DGDZ/install/origincar_msg/include/origincar_msg/msg/detail/sign__rosidl_typesupport_introspection_c.h
[8.617s] -- Up-to-date: /root/dev_ws/Horizen-SmartCar-DGDZ/install/origincar_msg/lib/liborigincar_msg__rosidl_typesupport_introspection_c.so
[8.619s] -- Up-to-date: /root/dev_ws/Horizen-SmartCar-DGDZ/install/origincar_msg/lib/liborigincar_msg__rosidl_typesupport_c.so
[8.665s] -- Up-to-date: /root/dev_ws/Horizen-SmartCar-DGDZ/install/origincar_msg/include/origincar_msg
[8.668s] -- Up-to-date: /root/dev_ws/Horizen-SmartCar-DGDZ/install/origincar_msg/include/origincar_msg/msg
[8.669s] -- Up-to-date: /root/dev_ws/Horizen-SmartCar-DGDZ/install/origincar_msg/include/origincar_msg/msg/data.hpp
[8.670s] -- Up-to-date: /root/dev_ws/Horizen-SmartCar-DGDZ/install/origincar_msg/include/origincar_msg/msg/rosidl_generator_cpp__visibility_control.hpp
[8.671s] -- Up-to-date: /root/dev_ws/Horizen-SmartCar-DGDZ/install/origincar_msg/include/origincar_msg/msg/detail
[8.673s] -- Up-to-date: /root/dev_ws/Horizen-SmartCar-DGDZ/install/origincar_msg/include/origincar_msg/msg/detail/sign__builder.hpp
[8.674s] -- Up-to-date: /root/dev_ws/Horizen-SmartCar-DGDZ/install/origincar_msg/include/origincar_msg/msg/detail/data__traits.hpp
[8.675s] -- Up-to-date: /root/dev_ws/Horizen-SmartCar-DGDZ/install/origincar_msg/include/origincar_msg/msg/detail/data__builder.hpp
[8.680s] -- Up-to-date: /root/dev_ws/Horizen-SmartCar-DGDZ/install/origincar_msg/include/origincar_msg/msg/detail/sign__traits.hpp
[8.682s] -- Up-to-date: /root/dev_ws/Horizen-SmartCar-DGDZ/install/origincar_msg/include/origincar_msg/msg/detail/sign__struct.hpp
[8.683s] -- Up-to-date: /root/dev_ws/Horizen-SmartCar-DGDZ/install/origincar_msg/include/origincar_msg/msg/detail/sign__type_support.hpp
[8.684s] -- Up-to-date: /root/dev_ws/Horizen-SmartCar-DGDZ/install/origincar_msg/include/origincar_msg/msg/detail/data__type_support.hpp
[8.685s] -- Up-to-date: /root/dev_ws/Horizen-SmartCar-DGDZ/install/origincar_msg/include/origincar_msg/msg/detail/data__struct.hpp
[8.702s] -- Up-to-date: /root/dev_ws/Horizen-SmartCar-DGDZ/install/origincar_msg/include/origincar_msg/msg/sign.hpp
[8.703s] -- Up-to-date: /root/dev_ws/Horizen-SmartCar-DGDZ/install/origincar_msg/include/origincar_msg
[8.705s] -- Up-to-date: /root/dev_ws/Horizen-SmartCar-DGDZ/install/origincar_msg/include/origincar_msg/msg
[8.706s] -- Up-to-date: /root/dev_ws/Horizen-SmartCar-DGDZ/install/origincar_msg/include/origincar_msg/msg/detail
[8.722s] -- Up-to-date: /root/dev_ws/Horizen-SmartCar-DGDZ/install/origincar_msg/include/origincar_msg/msg/detail/sign__type_support.cpp
[8.724s] -- Up-to-date: /root/dev_ws/Horizen-SmartCar-DGDZ/install/origincar_msg/include/origincar_msg/msg/detail/data__type_support.cpp
[8.725s] -- Up-to-date: /root/dev_ws/Horizen-SmartCar-DGDZ/install/origincar_msg/include/origincar_msg/msg/detail/data__rosidl_typesupport_introspection_cpp.hpp
[8.726s] -- Up-to-date: /root/dev_ws/Horizen-SmartCar-DGDZ/install/origincar_msg/include/origincar_msg/msg/detail/sign__rosidl_typesupport_introspection_cpp.hpp
[8.728s] -- Up-to-date: /root/dev_ws/Horizen-SmartCar-DGDZ/install/origincar_msg/lib/liborigincar_msg__rosidl_typesupport_introspection_cpp.so
[8.737s] -- Up-to-date: /root/dev_ws/Horizen-SmartCar-DGDZ/install/origincar_msg/lib/liborigincar_msg__rosidl_typesupport_cpp.so
[8.753s] -- Up-to-date: /root/dev_ws/Horizen-SmartCar-DGDZ/install/origincar_msg/share/origincar_msg/environment/pythonpath.sh
[8.780s] -- Up-to-date: /root/dev_ws/Horizen-SmartCar-DGDZ/install/origincar_msg/share/origincar_msg/environment/pythonpath.dsv
[8.783s] -- Up-to-date: /root/dev_ws/Horizen-SmartCar-DGDZ/install/origincar_msg/lib/python3.8/site-packages/origincar_msg/__init__.py
[9.016s] -- Up-to-date: /root/dev_ws/Horizen-SmartCar-DGDZ/install/origincar_msg/lib/python3.8/site-packages/origincar_msg/msg
[9.018s] -- Up-to-date: /root/dev_ws/Horizen-SmartCar-DGDZ/install/origincar_msg/lib/python3.8/site-packages/origincar_msg/msg/_data_s.c
[9.019s] -- Up-to-date: /root/dev_ws/Horizen-SmartCar-DGDZ/install/origincar_msg/lib/python3.8/site-packages/origincar_msg/msg/_sign.py
[9.024s] -- Up-to-date: /root/dev_ws/Horizen-SmartCar-DGDZ/install/origincar_msg/lib/python3.8/site-packages/origincar_msg/msg/_sign_s.c
[9.030s] -- Up-to-date: /root/dev_ws/Horizen-SmartCar-DGDZ/install/origincar_msg/lib/python3.8/site-packages/origincar_msg/msg/__init__.py
[9.033s] -- Up-to-date: /root/dev_ws/Horizen-SmartCar-DGDZ/install/origincar_msg/lib/python3.8/site-packages/origincar_msg/msg/_data.py
[9.038s] -- Up-to-date: /root/dev_ws/Horizen-SmartCar-DGDZ/install/origincar_msg/lib/python3.8/site-packages/origincar_msg/origincar_msg_s__rosidl_typesupport_fastrtps_c.cpython-38-aarch64-linux-gnu.so
[9.074s] -- Up-to-date: /root/dev_ws/Horizen-SmartCar-DGDZ/install/origincar_msg/lib/python3.8/site-packages/origincar_msg/origincar_msg_s__rosidl_typesupport_introspection_c.cpython-38-aarch64-linux-gnu.so
[9.080s] -- Up-to-date: /root/dev_ws/Horizen-SmartCar-DGDZ/install/origincar_msg/lib/python3.8/site-packages/origincar_msg/origincar_msg_s__rosidl_typesupport_c.cpython-38-aarch64-linux-gnu.so
[9.082s] -- Up-to-date: /root/dev_ws/Horizen-SmartCar-DGDZ/install/origincar_msg/lib/liborigincar_msg__python.so
[9.087s] -- Up-to-date: /root/dev_ws/Horizen-SmartCar-DGDZ/install/origincar_msg/share/origincar_msg/msg/Data.idl
[9.094s] -- Up-to-date: /root/dev_ws/Horizen-SmartCar-DGDZ/install/origincar_msg/share/origincar_msg/msg/Sign.idl
[9.101s] -- Up-to-date: /root/dev_ws/Horizen-SmartCar-DGDZ/install/origincar_msg/share/origincar_msg/msg/Data.msg
[9.115s] -- Up-to-date: /root/dev_ws/Horizen-SmartCar-DGDZ/install/origincar_msg/share/origincar_msg/msg/Sign.msg
[9.120s] -- Up-to-date: /root/dev_ws/Horizen-SmartCar-DGDZ/install/origincar_msg/share/ament_index/resource_index/package_run_dependencies/origincar_msg
[9.125s] -- Up-to-date: /root/dev_ws/Horizen-SmartCar-DGDZ/install/origincar_msg/share/ament_index/resource_index/parent_prefix_path/origincar_msg
[9.129s] -- Up-to-date: /root/dev_ws/Horizen-SmartCar-DGDZ/install/origincar_msg/share/origincar_msg/environment/ament_prefix_path.sh
[9.138s] -- Up-to-date: /root/dev_ws/Horizen-SmartCar-DGDZ/install/origincar_msg/share/origincar_msg/environment/ament_prefix_path.dsv
[9.139s] -- Up-to-date: /root/dev_ws/Horizen-SmartCar-DGDZ/install/origincar_msg/share/origincar_msg/environment/path.sh
[9.143s] -- Up-to-date: /root/dev_ws/Horizen-SmartCar-DGDZ/install/origincar_msg/share/origincar_msg/environment/path.dsv
[9.146s] -- Up-to-date: /root/dev_ws/Horizen-SmartCar-DGDZ/install/origincar_msg/share/origincar_msg/local_setup.bash
[9.148s] -- Up-to-date: /root/dev_ws/Horizen-SmartCar-DGDZ/install/origincar_msg/share/origincar_msg/local_setup.sh
[9.150s] -- Up-to-date: /root/dev_ws/Horizen-SmartCar-DGDZ/install/origincar_msg/share/origincar_msg/local_setup.zsh
[9.156s] -- Up-to-date: /root/dev_ws/Horizen-SmartCar-DGDZ/install/origincar_msg/share/origincar_msg/local_setup.dsv
[9.159s] -- Installing: /root/dev_ws/Horizen-SmartCar-DGDZ/install/origincar_msg/share/origincar_msg/package.dsv
[9.164s] -- Up-to-date: /root/dev_ws/Horizen-SmartCar-DGDZ/install/origincar_msg/share/ament_index/resource_index/packages/origincar_msg
[9.208s] -- Up-to-date: /root/dev_ws/Horizen-SmartCar-DGDZ/install/origincar_msg/share/origincar_msg/cmake/origincar_msg__rosidl_generator_cExport.cmake
[9.214s] -- Up-to-date: /root/dev_ws/Horizen-SmartCar-DGDZ/install/origincar_msg/share/origincar_msg/cmake/origincar_msg__rosidl_generator_cExport-noconfig.cmake
[9.217s] -- Up-to-date: /root/dev_ws/Horizen-SmartCar-DGDZ/install/origincar_msg/share/origincar_msg/cmake/origincar_msg__rosidl_typesupport_introspection_cExport.cmake
[9.219s] -- Up-to-date: /root/dev_ws/Horizen-SmartCar-DGDZ/install/origincar_msg/share/origincar_msg/cmake/origincar_msg__rosidl_typesupport_introspection_cExport-noconfig.cmake
[9.222s] -- Up-to-date: /root/dev_ws/Horizen-SmartCar-DGDZ/install/origincar_msg/share/origincar_msg/cmake/origincar_msg__rosidl_typesupport_cExport.cmake
[9.225s] -- Up-to-date: /root/dev_ws/Horizen-SmartCar-DGDZ/install/origincar_msg/share/origincar_msg/cmake/origincar_msg__rosidl_typesupport_cExport-noconfig.cmake
[9.229s] -- Up-to-date: /root/dev_ws/Horizen-SmartCar-DGDZ/install/origincar_msg/share/origincar_msg/cmake/origincar_msg__rosidl_generator_cppExport.cmake
[9.233s] -- Up-to-date: /root/dev_ws/Horizen-SmartCar-DGDZ/install/origincar_msg/share/origincar_msg/cmake/origincar_msg__rosidl_typesupport_introspection_cppExport.cmake
[9.236s] -- Up-to-date: /root/dev_ws/Horizen-SmartCar-DGDZ/install/origincar_msg/share/origincar_msg/cmake/origincar_msg__rosidl_typesupport_introspection_cppExport-noconfig.cmake
[9.240s] -- Up-to-date: /root/dev_ws/Horizen-SmartCar-DGDZ/install/origincar_msg/share/origincar_msg/cmake/origincar_msg__rosidl_typesupport_cppExport.cmake
[9.244s] -- Up-to-date: /root/dev_ws/Horizen-SmartCar-DGDZ/install/origincar_msg/share/origincar_msg/cmake/origincar_msg__rosidl_typesupport_cppExport-noconfig.cmake
[9.248s] -- Up-to-date: /root/dev_ws/Horizen-SmartCar-DGDZ/install/origincar_msg/share/origincar_msg/cmake/rosidl_cmake-extras.cmake
[9.252s] -- Up-to-date: /root/dev_ws/Horizen-SmartCar-DGDZ/install/origincar_msg/share/origincar_msg/cmake/ament_cmake_export_dependencies-extras.cmake
[9.256s] -- Up-to-date: /root/dev_ws/Horizen-SmartCar-DGDZ/install/origincar_msg/share/origincar_msg/cmake/ament_cmake_export_libraries-extras.cmake
[9.259s] -- Up-to-date: /root/dev_ws/Horizen-SmartCar-DGDZ/install/origincar_msg/share/origincar_msg/cmake/ament_cmake_export_targets-extras.cmake
[9.262s] -- Up-to-date: /root/dev_ws/Horizen-SmartCar-DGDZ/install/origincar_msg/share/origincar_msg/cmake/ament_cmake_export_include_directories-extras.cmake
[9.265s] -- Up-to-date: /root/dev_ws/Horizen-SmartCar-DGDZ/install/origincar_msg/share/origincar_msg/cmake/rosidl_cmake_export_typesupport_libraries-extras.cmake
[9.268s] -- Up-to-date: /root/dev_ws/Horizen-SmartCar-DGDZ/install/origincar_msg/share/origincar_msg/cmake/rosidl_cmake_export_typesupport_targets-extras.cmake
[9.270s] -- Up-to-date: /root/dev_ws/Horizen-SmartCar-DGDZ/install/origincar_msg/share/origincar_msg/cmake/origincar_msgConfig.cmake
[9.272s] -- Up-to-date: /root/dev_ws/Horizen-SmartCar-DGDZ/install/origincar_msg/share/origincar_msg/cmake/origincar_msgConfig-version.cmake
[9.278s] -- Up-to-date: /root/dev_ws/Horizen-SmartCar-DGDZ/install/origincar_msg/share/origincar_msg/package.xml
[13.374s] Invoked command in '/root/dev_ws/Horizen-SmartCar-DGDZ/build/origincar_msg' returned '0': CMAKE_PREFIX_PATH=${CMAKE_PREFIX_PATH}:/opt/ros/foxy /usr/bin/cmake --install /root/dev_ws/Horizen-SmartCar-DGDZ/build/origincar_msg
