[16.075s] DEBUG:colcon:Command line arguments: ['/usr/bin/colcon', 'build', '--allow-overriding', 'tf2_tools']
[16.076s] DEBUG:colcon:Parsed command line arguments: Namespace(allow_overriding=['tf2_tools'], ament_cmake_args=None, base_paths=['.'], build_base='build', catkin_cmake_args=None, catkin_skip_building_tests=False, cmake_args=None, cmake_clean_cache=False, cmake_clean_first=False, cmake_force_configure=False, cmake_target=None, cmake_target_skip_unavailable=False, continue_on_error=False, event_handlers=None, executor='parallel', ignore_user_meta=False, install_base='install', log_base=None, log_level=None, main=<bound method BuildVerb.main of <colcon_core.verb.build.BuildVerb object at 0x7fa79dc6d0>>, merge_install=False, metas=['./colcon.meta'], packages_above=None, packages_above_and_dependencies=None, packages_above_depth=None, packages_end=None, packages_ignore=None, packages_ignore_regex=None, packages_select=None, packages_select_build_failed=False, packages_select_by_dep=None, packages_select_regex=None, packages_select_test_failures=False, packages_skip=None, packages_skip_build_finished=False, packages_skip_by_dep=None, packages_skip_regex=None, packages_skip_test_passed=False, packages_skip_up_to=None, packages_start=None, packages_up_to=None, packages_up_to_regex=None, parallel_workers=4, paths=None, symlink_install=False, test_result_base=None, verb_extension=<colcon_core.verb.build.BuildVerb object at 0x7fa79dc6d0>, verb_name='build', verb_parser=<colcon_defaults.argument_parser.defaults.DefaultArgumentsDecorator object at 0x7fa763b910>)
[16.733s] Level 1:colcon.colcon_core.package_discovery:discover_packages(colcon_meta) check parameters
[16.734s] Level 1:colcon.colcon_core.package_discovery:discover_packages(recursive) check parameters
[16.734s] Level 1:colcon.colcon_core.package_discovery:discover_packages(ignore) check parameters
[16.734s] Level 1:colcon.colcon_core.package_discovery:discover_packages(path) check parameters
[16.734s] Level 1:colcon.colcon_core.package_discovery:discover_packages(colcon_meta) discover
[16.735s] Level 1:colcon.colcon_core.package_discovery:discover_packages(recursive) discover
[16.735s] INFO:colcon.colcon_core.package_discovery:Crawling recursively for packages in '/root/dev_ws'
[16.736s] Level 1:colcon.colcon_core.package_identification:_identify(.) by extensions ['ignore', 'ignore_ament_install']
[16.736s] Level 1:colcon.colcon_core.package_identification:_identify(.) by extension 'ignore'
[16.737s] Level 1:colcon.colcon_core.package_identification:_identify(.) by extension 'ignore_ament_install'
[16.737s] Level 1:colcon.colcon_core.package_identification:_identify(.) by extensions ['colcon_pkg']
[16.737s] Level 1:colcon.colcon_core.package_identification:_identify(.) by extension 'colcon_pkg'
[16.738s] Level 1:colcon.colcon_core.package_identification:_identify(.) by extensions ['colcon_meta']
[16.738s] Level 1:colcon.colcon_core.package_identification:_identify(.) by extension 'colcon_meta'
[16.738s] Level 1:colcon.colcon_core.package_identification:_identify(.) by extensions ['ros']
[16.738s] Level 1:colcon.colcon_core.package_identification:_identify(.) by extension 'ros'
[16.941s] Level 1:colcon.colcon_core.package_identification:_identify(.) by extensions ['cmake', 'python']
[16.942s] Level 1:colcon.colcon_core.package_identification:_identify(.) by extension 'cmake'
[16.942s] Level 1:colcon.colcon_core.package_identification:_identify(.) by extension 'python'
[16.943s] Level 1:colcon.colcon_core.package_identification:_identify(.) by extensions ['python_setup_py']
[16.943s] Level 1:colcon.colcon_core.package_identification:_identify(.) by extension 'python_setup_py'
[16.944s] Level 1:colcon.colcon_core.package_identification:_identify(build) by extensions ['ignore', 'ignore_ament_install']
[16.944s] Level 1:colcon.colcon_core.package_identification:_identify(build) by extension 'ignore'
[16.944s] Level 1:colcon.colcon_core.package_identification:_identify(build) ignored
[16.945s] Level 1:colcon.colcon_core.package_identification:_identify(install) by extensions ['ignore', 'ignore_ament_install']
[16.946s] Level 1:colcon.colcon_core.package_identification:_identify(install) by extension 'ignore'
[16.946s] Level 1:colcon.colcon_core.package_identification:_identify(install) ignored
[16.947s] Level 1:colcon.colcon_core.package_identification:_identify(log) by extensions ['ignore', 'ignore_ament_install']
[16.948s] Level 1:colcon.colcon_core.package_identification:_identify(log) by extension 'ignore'
[16.948s] Level 1:colcon.colcon_core.package_identification:_identify(log) ignored
[16.949s] Level 1:colcon.colcon_core.package_identification:_identify(src) by extensions ['ignore', 'ignore_ament_install']
[16.949s] Level 1:colcon.colcon_core.package_identification:_identify(src) by extension 'ignore'
[16.950s] Level 1:colcon.colcon_core.package_identification:_identify(src) by extension 'ignore_ament_install'
[16.950s] Level 1:colcon.colcon_core.package_identification:_identify(src) by extensions ['colcon_pkg']
[16.950s] Level 1:colcon.colcon_core.package_identification:_identify(src) by extension 'colcon_pkg'
[16.950s] Level 1:colcon.colcon_core.package_identification:_identify(src) by extensions ['colcon_meta']
[16.951s] Level 1:colcon.colcon_core.package_identification:_identify(src) by extension 'colcon_meta'
[16.951s] Level 1:colcon.colcon_core.package_identification:_identify(src) by extensions ['ros']
[16.951s] Level 1:colcon.colcon_core.package_identification:_identify(src) by extension 'ros'
[16.952s] Level 1:colcon.colcon_core.package_identification:_identify(src) by extensions ['cmake', 'python']
[16.952s] Level 1:colcon.colcon_core.package_identification:_identify(src) by extension 'cmake'
[16.952s] Level 1:colcon.colcon_core.package_identification:_identify(src) by extension 'python'
[16.953s] Level 1:colcon.colcon_core.package_identification:_identify(src) by extensions ['python_setup_py']
[16.953s] Level 1:colcon.colcon_core.package_identification:_identify(src) by extension 'python_setup_py'
[16.954s] Level 1:colcon.colcon_core.package_identification:_identify(src/origincar) by extensions ['ignore', 'ignore_ament_install']
[16.954s] Level 1:colcon.colcon_core.package_identification:_identify(src/origincar) by extension 'ignore'
[16.955s] Level 1:colcon.colcon_core.package_identification:_identify(src/origincar) by extension 'ignore_ament_install'
[16.955s] Level 1:colcon.colcon_core.package_identification:_identify(src/origincar) by extensions ['colcon_pkg']
[16.955s] Level 1:colcon.colcon_core.package_identification:_identify(src/origincar) by extension 'colcon_pkg'
[16.956s] Level 1:colcon.colcon_core.package_identification:_identify(src/origincar) by extensions ['colcon_meta']
[16.956s] Level 1:colcon.colcon_core.package_identification:_identify(src/origincar) by extension 'colcon_meta'
[16.956s] Level 1:colcon.colcon_core.package_identification:_identify(src/origincar) by extensions ['ros']
[16.956s] Level 1:colcon.colcon_core.package_identification:_identify(src/origincar) by extension 'ros'
[16.957s] Level 1:colcon.colcon_core.package_identification:_identify(src/origincar) by extensions ['cmake', 'python']
[16.957s] Level 1:colcon.colcon_core.package_identification:_identify(src/origincar) by extension 'cmake'
[16.958s] Level 1:colcon.colcon_core.package_identification:_identify(src/origincar) by extension 'python'
[16.958s] Level 1:colcon.colcon_core.package_identification:_identify(src/origincar) by extensions ['python_setup_py']
[16.958s] Level 1:colcon.colcon_core.package_identification:_identify(src/origincar) by extension 'python_setup_py'
[16.959s] Level 1:colcon.colcon_core.package_identification:_identify(src/origincar/3rdparty) by extensions ['ignore', 'ignore_ament_install']
[16.960s] Level 1:colcon.colcon_core.package_identification:_identify(src/origincar/3rdparty) by extension 'ignore'
[16.960s] Level 1:colcon.colcon_core.package_identification:_identify(src/origincar/3rdparty) by extension 'ignore_ament_install'
[16.960s] Level 1:colcon.colcon_core.package_identification:_identify(src/origincar/3rdparty) by extensions ['colcon_pkg']
[16.961s] Level 1:colcon.colcon_core.package_identification:_identify(src/origincar/3rdparty) by extension 'colcon_pkg'
[16.961s] Level 1:colcon.colcon_core.package_identification:_identify(src/origincar/3rdparty) by extensions ['colcon_meta']
[16.961s] Level 1:colcon.colcon_core.package_identification:_identify(src/origincar/3rdparty) by extension 'colcon_meta'
[16.962s] Level 1:colcon.colcon_core.package_identification:_identify(src/origincar/3rdparty) by extensions ['ros']
[16.962s] Level 1:colcon.colcon_core.package_identification:_identify(src/origincar/3rdparty) by extension 'ros'
[16.962s] Level 1:colcon.colcon_core.package_identification:_identify(src/origincar/3rdparty) by extensions ['cmake', 'python']
[16.963s] Level 1:colcon.colcon_core.package_identification:_identify(src/origincar/3rdparty) by extension 'cmake'
[16.963s] Level 1:colcon.colcon_core.package_identification:_identify(src/origincar/3rdparty) by extension 'python'
[16.963s] Level 1:colcon.colcon_core.package_identification:_identify(src/origincar/3rdparty) by extensions ['python_setup_py']
[16.964s] Level 1:colcon.colcon_core.package_identification:_identify(src/origincar/3rdparty) by extension 'python_setup_py'
[16.964s] Level 1:colcon.colcon_core.package_identification:_identify(src/origincar/3rdparty/ackermann_msgs-ros2) by extensions ['ignore', 'ignore_ament_install']
[16.965s] Level 1:colcon.colcon_core.package_identification:_identify(src/origincar/3rdparty/ackermann_msgs-ros2) by extension 'ignore'
[16.965s] Level 1:colcon.colcon_core.package_identification:_identify(src/origincar/3rdparty/ackermann_msgs-ros2) by extension 'ignore_ament_install'
[16.966s] Level 1:colcon.colcon_core.package_identification:_identify(src/origincar/3rdparty/ackermann_msgs-ros2) by extensions ['colcon_pkg']
[16.966s] Level 1:colcon.colcon_core.package_identification:_identify(src/origincar/3rdparty/ackermann_msgs-ros2) by extension 'colcon_pkg'
[16.966s] Level 1:colcon.colcon_core.package_identification:_identify(src/origincar/3rdparty/ackermann_msgs-ros2) by extensions ['colcon_meta']
[16.967s] Level 1:colcon.colcon_core.package_identification:_identify(src/origincar/3rdparty/ackermann_msgs-ros2) by extension 'colcon_meta'
[16.967s] Level 1:colcon.colcon_core.package_identification:_identify(src/origincar/3rdparty/ackermann_msgs-ros2) by extensions ['ros']
[16.967s] Level 1:colcon.colcon_core.package_identification:_identify(src/origincar/3rdparty/ackermann_msgs-ros2) by extension 'ros'
[16.983s] DEBUG:colcon.colcon_core.package_identification:Package 'src/origincar/3rdparty/ackermann_msgs-ros2' with type 'ros.ament_cmake' and name 'ackermann_msgs'
[16.984s] Level 1:colcon.colcon_core.package_identification:_identify(src/origincar/3rdparty/serial_ros2) by extensions ['ignore', 'ignore_ament_install']
[16.984s] Level 1:colcon.colcon_core.package_identification:_identify(src/origincar/3rdparty/serial_ros2) by extension 'ignore'
[16.985s] Level 1:colcon.colcon_core.package_identification:_identify(src/origincar/3rdparty/serial_ros2) by extension 'ignore_ament_install'
[16.985s] Level 1:colcon.colcon_core.package_identification:_identify(src/origincar/3rdparty/serial_ros2) by extensions ['colcon_pkg']
[16.986s] Level 1:colcon.colcon_core.package_identification:_identify(src/origincar/3rdparty/serial_ros2) by extension 'colcon_pkg'
[16.986s] Level 1:colcon.colcon_core.package_identification:_identify(src/origincar/3rdparty/serial_ros2) by extensions ['colcon_meta']
[16.986s] Level 1:colcon.colcon_core.package_identification:_identify(src/origincar/3rdparty/serial_ros2) by extension 'colcon_meta'
[16.987s] Level 1:colcon.colcon_core.package_identification:_identify(src/origincar/3rdparty/serial_ros2) by extensions ['ros']
[16.987s] Level 1:colcon.colcon_core.package_identification:_identify(src/origincar/3rdparty/serial_ros2) by extension 'ros'
[16.991s] DEBUG:colcon.colcon_core.package_identification:Package 'src/origincar/3rdparty/serial_ros2' with type 'ros.ament_cmake' and name 'serial'
[16.992s] Level 1:colcon.colcon_core.package_identification:_identify(src/origincar/3rdparty/tf2_tools) by extensions ['ignore', 'ignore_ament_install']
[17.001s] Level 1:colcon.colcon_core.package_identification:_identify(src/origincar/3rdparty/tf2_tools) by extension 'ignore'
[17.002s] Level 1:colcon.colcon_core.package_identification:_identify(src/origincar/3rdparty/tf2_tools) by extension 'ignore_ament_install'
[17.002s] Level 1:colcon.colcon_core.package_identification:_identify(src/origincar/3rdparty/tf2_tools) by extensions ['colcon_pkg']
[17.003s] Level 1:colcon.colcon_core.package_identification:_identify(src/origincar/3rdparty/tf2_tools) by extension 'colcon_pkg'
[17.003s] Level 1:colcon.colcon_core.package_identification:_identify(src/origincar/3rdparty/tf2_tools) by extensions ['colcon_meta']
[17.003s] Level 1:colcon.colcon_core.package_identification:_identify(src/origincar/3rdparty/tf2_tools) by extension 'colcon_meta'
[17.003s] Level 1:colcon.colcon_core.package_identification:_identify(src/origincar/3rdparty/tf2_tools) by extensions ['ros']
[17.004s] Level 1:colcon.colcon_core.package_identification:_identify(src/origincar/3rdparty/tf2_tools) by extension 'ros'
[17.008s] DEBUG:colcon.colcon_core.package_identification:Package 'src/origincar/3rdparty/tf2_tools' with type 'ros.ament_python' and name 'tf2_tools'
[17.009s] Level 1:colcon.colcon_core.package_identification:_identify(src/origincar/config) by extensions ['ignore', 'ignore_ament_install']
[17.009s] Level 1:colcon.colcon_core.package_identification:_identify(src/origincar/config) by extension 'ignore'
[17.010s] Level 1:colcon.colcon_core.package_identification:_identify(src/origincar/config) by extension 'ignore_ament_install'
[17.010s] Level 1:colcon.colcon_core.package_identification:_identify(src/origincar/config) by extensions ['colcon_pkg']
[17.011s] Level 1:colcon.colcon_core.package_identification:_identify(src/origincar/config) by extension 'colcon_pkg'
[17.011s] Level 1:colcon.colcon_core.package_identification:_identify(src/origincar/config) by extensions ['colcon_meta']
[17.011s] Level 1:colcon.colcon_core.package_identification:_identify(src/origincar/config) by extension 'colcon_meta'
[17.011s] Level 1:colcon.colcon_core.package_identification:_identify(src/origincar/config) by extensions ['ros']
[17.012s] Level 1:colcon.colcon_core.package_identification:_identify(src/origincar/config) by extension 'ros'
[17.012s] Level 1:colcon.colcon_core.package_identification:_identify(src/origincar/config) by extensions ['cmake', 'python']
[17.012s] Level 1:colcon.colcon_core.package_identification:_identify(src/origincar/config) by extension 'cmake'
[17.013s] Level 1:colcon.colcon_core.package_identification:_identify(src/origincar/config) by extension 'python'
[17.013s] Level 1:colcon.colcon_core.package_identification:_identify(src/origincar/config) by extensions ['python_setup_py']
[17.013s] Level 1:colcon.colcon_core.package_identification:_identify(src/origincar/config) by extension 'python_setup_py'
[17.014s] Level 1:colcon.colcon_core.package_identification:_identify(src/origincar/config/config) by extensions ['ignore', 'ignore_ament_install']
[17.015s] Level 1:colcon.colcon_core.package_identification:_identify(src/origincar/config/config) by extension 'ignore'
[17.015s] Level 1:colcon.colcon_core.package_identification:_identify(src/origincar/config/config) by extension 'ignore_ament_install'
[17.016s] Level 1:colcon.colcon_core.package_identification:_identify(src/origincar/config/config) by extensions ['colcon_pkg']
[17.016s] Level 1:colcon.colcon_core.package_identification:_identify(src/origincar/config/config) by extension 'colcon_pkg'
[17.016s] Level 1:colcon.colcon_core.package_identification:_identify(src/origincar/config/config) by extensions ['colcon_meta']
[17.016s] Level 1:colcon.colcon_core.package_identification:_identify(src/origincar/config/config) by extension 'colcon_meta'
[17.017s] Level 1:colcon.colcon_core.package_identification:_identify(src/origincar/config/config) by extensions ['ros']
[17.017s] Level 1:colcon.colcon_core.package_identification:_identify(src/origincar/config/config) by extension 'ros'
[17.018s] Level 1:colcon.colcon_core.package_identification:_identify(src/origincar/config/config) by extensions ['cmake', 'python']
[17.018s] Level 1:colcon.colcon_core.package_identification:_identify(src/origincar/config/config) by extension 'cmake'
[17.018s] Level 1:colcon.colcon_core.package_identification:_identify(src/origincar/config/config) by extension 'python'
[17.019s] Level 1:colcon.colcon_core.package_identification:_identify(src/origincar/config/config) by extensions ['python_setup_py']
[17.019s] Level 1:colcon.colcon_core.package_identification:_identify(src/origincar/config/config) by extension 'python_setup_py'
[17.020s] Level 1:colcon.colcon_core.package_identification:_identify(src/origincar/config/config/efficient_det) by extensions ['ignore', 'ignore_ament_install']
[17.020s] Level 1:colcon.colcon_core.package_identification:_identify(src/origincar/config/config/efficient_det) by extension 'ignore'
[17.021s] Level 1:colcon.colcon_core.package_identification:_identify(src/origincar/config/config/efficient_det) by extension 'ignore_ament_install'
[17.021s] Level 1:colcon.colcon_core.package_identification:_identify(src/origincar/config/config/efficient_det) by extensions ['colcon_pkg']
[17.021s] Level 1:colcon.colcon_core.package_identification:_identify(src/origincar/config/config/efficient_det) by extension 'colcon_pkg'
[17.022s] Level 1:colcon.colcon_core.package_identification:_identify(src/origincar/config/config/efficient_det) by extensions ['colcon_meta']
[17.022s] Level 1:colcon.colcon_core.package_identification:_identify(src/origincar/config/config/efficient_det) by extension 'colcon_meta'
[17.022s] Level 1:colcon.colcon_core.package_identification:_identify(src/origincar/config/config/efficient_det) by extensions ['ros']
[17.023s] Level 1:colcon.colcon_core.package_identification:_identify(src/origincar/config/config/efficient_det) by extension 'ros'
[17.023s] Level 1:colcon.colcon_core.package_identification:_identify(src/origincar/config/config/efficient_det) by extensions ['cmake', 'python']
[17.023s] Level 1:colcon.colcon_core.package_identification:_identify(src/origincar/config/config/efficient_det) by extension 'cmake'
[17.024s] Level 1:colcon.colcon_core.package_identification:_identify(src/origincar/config/config/efficient_det) by extension 'python'
[17.024s] Level 1:colcon.colcon_core.package_identification:_identify(src/origincar/config/config/efficient_det) by extensions ['python_setup_py']
[17.024s] Level 1:colcon.colcon_core.package_identification:_identify(src/origincar/config/config/efficient_det) by extension 'python_setup_py'
[17.025s] Level 1:colcon.colcon_core.package_identification:_identify(src/origincar/origincar_base) by extensions ['ignore', 'ignore_ament_install']
[17.026s] Level 1:colcon.colcon_core.package_identification:_identify(src/origincar/origincar_base) by extension 'ignore'
[17.026s] Level 1:colcon.colcon_core.package_identification:_identify(src/origincar/origincar_base) by extension 'ignore_ament_install'
[17.027s] Level 1:colcon.colcon_core.package_identification:_identify(src/origincar/origincar_base) by extensions ['colcon_pkg']
[17.027s] Level 1:colcon.colcon_core.package_identification:_identify(src/origincar/origincar_base) by extension 'colcon_pkg'
[17.027s] Level 1:colcon.colcon_core.package_identification:_identify(src/origincar/origincar_base) by extensions ['colcon_meta']
[17.027s] Level 1:colcon.colcon_core.package_identification:_identify(src/origincar/origincar_base) by extension 'colcon_meta'
[17.028s] Level 1:colcon.colcon_core.package_identification:_identify(src/origincar/origincar_base) by extensions ['ros']
[17.028s] Level 1:colcon.colcon_core.package_identification:_identify(src/origincar/origincar_base) by extension 'ros'
[17.046s] DEBUG:colcon.colcon_core.package_identification:Package 'src/origincar/origincar_base' with type 'ros.ament_cmake' and name 'origincar_base'
[17.047s] Level 1:colcon.colcon_core.package_identification:_identify(src/origincar/origincar_bringup) by extensions ['ignore', 'ignore_ament_install']
[17.047s] Level 1:colcon.colcon_core.package_identification:_identify(src/origincar/origincar_bringup) by extension 'ignore'
[17.048s] Level 1:colcon.colcon_core.package_identification:_identify(src/origincar/origincar_bringup) by extension 'ignore_ament_install'
[17.048s] Level 1:colcon.colcon_core.package_identification:_identify(src/origincar/origincar_bringup) by extensions ['colcon_pkg']
[17.049s] Level 1:colcon.colcon_core.package_identification:_identify(src/origincar/origincar_bringup) by extension 'colcon_pkg'
[17.049s] Level 1:colcon.colcon_core.package_identification:_identify(src/origincar/origincar_bringup) by extensions ['colcon_meta']
[17.049s] Level 1:colcon.colcon_core.package_identification:_identify(src/origincar/origincar_bringup) by extension 'colcon_meta'
[17.050s] Level 1:colcon.colcon_core.package_identification:_identify(src/origincar/origincar_bringup) by extensions ['ros']
[17.050s] Level 1:colcon.colcon_core.package_identification:_identify(src/origincar/origincar_bringup) by extension 'ros'
[17.056s] DEBUG:colcon.colcon_core.package_identification:Package 'src/origincar/origincar_bringup' with type 'ros.ament_cmake' and name 'origincar_bringup'
[17.057s] Level 1:colcon.colcon_core.package_identification:_identify(src/origincar/origincar_description) by extensions ['ignore', 'ignore_ament_install']
[17.058s] Level 1:colcon.colcon_core.package_identification:_identify(src/origincar/origincar_description) by extension 'ignore'
[17.058s] Level 1:colcon.colcon_core.package_identification:_identify(src/origincar/origincar_description) by extension 'ignore_ament_install'
[17.059s] Level 1:colcon.colcon_core.package_identification:_identify(src/origincar/origincar_description) by extensions ['colcon_pkg']
[17.059s] Level 1:colcon.colcon_core.package_identification:_identify(src/origincar/origincar_description) by extension 'colcon_pkg'
[17.059s] Level 1:colcon.colcon_core.package_identification:_identify(src/origincar/origincar_description) by extensions ['colcon_meta']
[17.059s] Level 1:colcon.colcon_core.package_identification:_identify(src/origincar/origincar_description) by extension 'colcon_meta'
[17.060s] Level 1:colcon.colcon_core.package_identification:_identify(src/origincar/origincar_description) by extensions ['ros']
[17.060s] Level 1:colcon.colcon_core.package_identification:_identify(src/origincar/origincar_description) by extension 'ros'
[17.064s] DEBUG:colcon.colcon_core.package_identification:Package 'src/origincar/origincar_description' with type 'ros.ament_cmake' and name 'origincar_description'
[17.065s] Level 1:colcon.colcon_core.package_identification:_identify(src/origincar/origincar_msg) by extensions ['ignore', 'ignore_ament_install']
[17.065s] Level 1:colcon.colcon_core.package_identification:_identify(src/origincar/origincar_msg) by extension 'ignore'
[17.066s] Level 1:colcon.colcon_core.package_identification:_identify(src/origincar/origincar_msg) by extension 'ignore_ament_install'
[17.066s] Level 1:colcon.colcon_core.package_identification:_identify(src/origincar/origincar_msg) by extensions ['colcon_pkg']
[17.067s] Level 1:colcon.colcon_core.package_identification:_identify(src/origincar/origincar_msg) by extension 'colcon_pkg'
[17.067s] Level 1:colcon.colcon_core.package_identification:_identify(src/origincar/origincar_msg) by extensions ['colcon_meta']
[17.067s] Level 1:colcon.colcon_core.package_identification:_identify(src/origincar/origincar_msg) by extension 'colcon_meta'
[17.067s] Level 1:colcon.colcon_core.package_identification:_identify(src/origincar/origincar_msg) by extensions ['ros']
[17.068s] Level 1:colcon.colcon_core.package_identification:_identify(src/origincar/origincar_msg) by extension 'ros'
[17.072s] DEBUG:colcon.colcon_core.package_identification:Package 'src/origincar/origincar_msg' with type 'ros.ament_cmake' and name 'origincar_msg'
[17.072s] Level 1:colcon.colcon_core.package_discovery:discover_packages(recursive) using defaults
[17.073s] Level 1:colcon.colcon_core.package_discovery:discover_packages(ignore) discover
[17.073s] Level 1:colcon.colcon_core.package_discovery:discover_packages(ignore) using defaults
[17.073s] Level 1:colcon.colcon_core.package_discovery:discover_packages(path) discover
[17.074s] Level 1:colcon.colcon_core.package_discovery:discover_packages(path) using defaults
[18.565s] Level 1:colcon.colcon_core.package_discovery:discover_packages(prefix_path) check parameters
[18.566s] Level 1:colcon.colcon_core.package_discovery:discover_packages(prefix_path) discover
[19.098s] DEBUG:colcon.colcon_installed_package_information.package_discovery:Found 7 installed packages in /root/dev_ws/install
[19.403s] DEBUG:colcon.colcon_installed_package_information.package_discovery:Found 390 installed packages in /opt/tros
[19.688s] DEBUG:colcon.colcon_installed_package_information.package_discovery:Found 168 installed packages in /opt/ros/foxy
[19.740s] Level 1:colcon.colcon_core.package_discovery:discover_packages(prefix_path) using defaults
[20.903s] Level 5:colcon.colcon_core.verb:set package 'ackermann_msgs' build argument 'cmake_args' from command line to 'None'
[20.903s] Level 5:colcon.colcon_core.verb:set package 'ackermann_msgs' build argument 'cmake_target' from command line to 'None'
[20.904s] Level 5:colcon.colcon_core.verb:set package 'ackermann_msgs' build argument 'cmake_target_skip_unavailable' from command line to 'False'
[20.904s] Level 5:colcon.colcon_core.verb:set package 'ackermann_msgs' build argument 'cmake_clean_cache' from command line to 'False'
[20.904s] Level 5:colcon.colcon_core.verb:set package 'ackermann_msgs' build argument 'cmake_clean_first' from command line to 'False'
[20.904s] Level 5:colcon.colcon_core.verb:set package 'ackermann_msgs' build argument 'cmake_force_configure' from command line to 'False'
[20.904s] Level 5:colcon.colcon_core.verb:set package 'ackermann_msgs' build argument 'ament_cmake_args' from command line to 'None'
[20.905s] Level 5:colcon.colcon_core.verb:set package 'ackermann_msgs' build argument 'catkin_cmake_args' from command line to 'None'
[20.905s] Level 5:colcon.colcon_core.verb:set package 'ackermann_msgs' build argument 'catkin_skip_building_tests' from command line to 'False'
[20.905s] DEBUG:colcon.colcon_core.verb:Building package 'ackermann_msgs' with the following arguments: {'ament_cmake_args': None, 'build_base': '/root/dev_ws/build/ackermann_msgs', 'catkin_cmake_args': None, 'catkin_skip_building_tests': False, 'cmake_args': None, 'cmake_clean_cache': False, 'cmake_clean_first': False, 'cmake_force_configure': False, 'cmake_target': None, 'cmake_target_skip_unavailable': False, 'install_base': '/root/dev_ws/install/ackermann_msgs', 'merge_install': False, 'path': '/root/dev_ws/src/origincar/3rdparty/ackermann_msgs-ros2', 'symlink_install': False, 'test_result_base': None}
[21.193s] Level 5:colcon.colcon_core.verb:set package 'origincar_bringup' build argument 'cmake_args' from command line to 'None'
[21.194s] Level 5:colcon.colcon_core.verb:set package 'origincar_bringup' build argument 'cmake_target' from command line to 'None'
[21.194s] Level 5:colcon.colcon_core.verb:set package 'origincar_bringup' build argument 'cmake_target_skip_unavailable' from command line to 'False'
[21.194s] Level 5:colcon.colcon_core.verb:set package 'origincar_bringup' build argument 'cmake_clean_cache' from command line to 'False'
[21.195s] Level 5:colcon.colcon_core.verb:set package 'origincar_bringup' build argument 'cmake_clean_first' from command line to 'False'
[21.195s] Level 5:colcon.colcon_core.verb:set package 'origincar_bringup' build argument 'cmake_force_configure' from command line to 'False'
[21.195s] Level 5:colcon.colcon_core.verb:set package 'origincar_bringup' build argument 'ament_cmake_args' from command line to 'None'
[21.195s] Level 5:colcon.colcon_core.verb:set package 'origincar_bringup' build argument 'catkin_cmake_args' from command line to 'None'
[21.196s] Level 5:colcon.colcon_core.verb:set package 'origincar_bringup' build argument 'catkin_skip_building_tests' from command line to 'False'
[21.196s] DEBUG:colcon.colcon_core.verb:Building package 'origincar_bringup' with the following arguments: {'ament_cmake_args': None, 'build_base': '/root/dev_ws/build/origincar_bringup', 'catkin_cmake_args': None, 'catkin_skip_building_tests': False, 'cmake_args': None, 'cmake_clean_cache': False, 'cmake_clean_first': False, 'cmake_force_configure': False, 'cmake_target': None, 'cmake_target_skip_unavailable': False, 'install_base': '/root/dev_ws/install/origincar_bringup', 'merge_install': False, 'path': '/root/dev_ws/src/origincar/origincar_bringup', 'symlink_install': False, 'test_result_base': None}
[21.524s] Level 5:colcon.colcon_core.verb:set package 'origincar_description' build argument 'cmake_args' from command line to 'None'
[21.524s] Level 5:colcon.colcon_core.verb:set package 'origincar_description' build argument 'cmake_target' from command line to 'None'
[21.524s] Level 5:colcon.colcon_core.verb:set package 'origincar_description' build argument 'cmake_target_skip_unavailable' from command line to 'False'
[21.524s] Level 5:colcon.colcon_core.verb:set package 'origincar_description' build argument 'cmake_clean_cache' from command line to 'False'
[21.524s] Level 5:colcon.colcon_core.verb:set package 'origincar_description' build argument 'cmake_clean_first' from command line to 'False'
[21.525s] Level 5:colcon.colcon_core.verb:set package 'origincar_description' build argument 'cmake_force_configure' from command line to 'False'
[21.525s] Level 5:colcon.colcon_core.verb:set package 'origincar_description' build argument 'ament_cmake_args' from command line to 'None'
[21.525s] Level 5:colcon.colcon_core.verb:set package 'origincar_description' build argument 'catkin_cmake_args' from command line to 'None'
[21.525s] Level 5:colcon.colcon_core.verb:set package 'origincar_description' build argument 'catkin_skip_building_tests' from command line to 'False'
[21.526s] DEBUG:colcon.colcon_core.verb:Building package 'origincar_description' with the following arguments: {'ament_cmake_args': None, 'build_base': '/root/dev_ws/build/origincar_description', 'catkin_cmake_args': None, 'catkin_skip_building_tests': False, 'cmake_args': None, 'cmake_clean_cache': False, 'cmake_clean_first': False, 'cmake_force_configure': False, 'cmake_target': None, 'cmake_target_skip_unavailable': False, 'install_base': '/root/dev_ws/install/origincar_description', 'merge_install': False, 'path': '/root/dev_ws/src/origincar/origincar_description', 'symlink_install': False, 'test_result_base': None}
[21.789s] Level 5:colcon.colcon_core.verb:set package 'origincar_msg' build argument 'cmake_args' from command line to 'None'
[21.790s] Level 5:colcon.colcon_core.verb:set package 'origincar_msg' build argument 'cmake_target' from command line to 'None'
[21.790s] Level 5:colcon.colcon_core.verb:set package 'origincar_msg' build argument 'cmake_target_skip_unavailable' from command line to 'False'
[21.790s] Level 5:colcon.colcon_core.verb:set package 'origincar_msg' build argument 'cmake_clean_cache' from command line to 'False'
[21.790s] Level 5:colcon.colcon_core.verb:set package 'origincar_msg' build argument 'cmake_clean_first' from command line to 'False'
[21.791s] Level 5:colcon.colcon_core.verb:set package 'origincar_msg' build argument 'cmake_force_configure' from command line to 'False'
[21.791s] Level 5:colcon.colcon_core.verb:set package 'origincar_msg' build argument 'ament_cmake_args' from command line to 'None'
[21.791s] Level 5:colcon.colcon_core.verb:set package 'origincar_msg' build argument 'catkin_cmake_args' from command line to 'None'
[21.791s] Level 5:colcon.colcon_core.verb:set package 'origincar_msg' build argument 'catkin_skip_building_tests' from command line to 'False'
[21.791s] DEBUG:colcon.colcon_core.verb:Building package 'origincar_msg' with the following arguments: {'ament_cmake_args': None, 'build_base': '/root/dev_ws/build/origincar_msg', 'catkin_cmake_args': None, 'catkin_skip_building_tests': False, 'cmake_args': None, 'cmake_clean_cache': False, 'cmake_clean_first': False, 'cmake_force_configure': False, 'cmake_target': None, 'cmake_target_skip_unavailable': False, 'install_base': '/root/dev_ws/install/origincar_msg', 'merge_install': False, 'path': '/root/dev_ws/src/origincar/origincar_msg', 'symlink_install': False, 'test_result_base': None}
[22.055s] Level 5:colcon.colcon_core.verb:set package 'serial' build argument 'cmake_args' from command line to 'None'
[22.055s] Level 5:colcon.colcon_core.verb:set package 'serial' build argument 'cmake_target' from command line to 'None'
[22.056s] Level 5:colcon.colcon_core.verb:set package 'serial' build argument 'cmake_target_skip_unavailable' from command line to 'False'
[22.056s] Level 5:colcon.colcon_core.verb:set package 'serial' build argument 'cmake_clean_cache' from command line to 'False'
[22.056s] Level 5:colcon.colcon_core.verb:set package 'serial' build argument 'cmake_clean_first' from command line to 'False'
[22.056s] Level 5:colcon.colcon_core.verb:set package 'serial' build argument 'cmake_force_configure' from command line to 'False'
[22.056s] Level 5:colcon.colcon_core.verb:set package 'serial' build argument 'ament_cmake_args' from command line to 'None'
[22.057s] Level 5:colcon.colcon_core.verb:set package 'serial' build argument 'catkin_cmake_args' from command line to 'None'
[22.057s] Level 5:colcon.colcon_core.verb:set package 'serial' build argument 'catkin_skip_building_tests' from command line to 'False'
[22.057s] DEBUG:colcon.colcon_core.verb:Building package 'serial' with the following arguments: {'ament_cmake_args': None, 'build_base': '/root/dev_ws/build/serial', 'catkin_cmake_args': None, 'catkin_skip_building_tests': False, 'cmake_args': None, 'cmake_clean_cache': False, 'cmake_clean_first': False, 'cmake_force_configure': False, 'cmake_target': None, 'cmake_target_skip_unavailable': False, 'install_base': '/root/dev_ws/install/serial', 'merge_install': False, 'path': '/root/dev_ws/src/origincar/3rdparty/serial_ros2', 'symlink_install': False, 'test_result_base': None}
[22.320s] Level 5:colcon.colcon_core.verb:set package 'tf2_tools' build argument 'cmake_args' from command line to 'None'
[22.320s] Level 5:colcon.colcon_core.verb:set package 'tf2_tools' build argument 'cmake_target' from command line to 'None'
[22.320s] Level 5:colcon.colcon_core.verb:set package 'tf2_tools' build argument 'cmake_target_skip_unavailable' from command line to 'False'
[22.321s] Level 5:colcon.colcon_core.verb:set package 'tf2_tools' build argument 'cmake_clean_cache' from command line to 'False'
[22.321s] Level 5:colcon.colcon_core.verb:set package 'tf2_tools' build argument 'cmake_clean_first' from command line to 'False'
[22.321s] Level 5:colcon.colcon_core.verb:set package 'tf2_tools' build argument 'cmake_force_configure' from command line to 'False'
[22.321s] Level 5:colcon.colcon_core.verb:set package 'tf2_tools' build argument 'ament_cmake_args' from command line to 'None'
[22.321s] Level 5:colcon.colcon_core.verb:set package 'tf2_tools' build argument 'catkin_cmake_args' from command line to 'None'
[22.322s] Level 5:colcon.colcon_core.verb:set package 'tf2_tools' build argument 'catkin_skip_building_tests' from command line to 'False'
[22.322s] DEBUG:colcon.colcon_core.verb:Building package 'tf2_tools' with the following arguments: {'ament_cmake_args': None, 'build_base': '/root/dev_ws/build/tf2_tools', 'catkin_cmake_args': None, 'catkin_skip_building_tests': False, 'cmake_args': None, 'cmake_clean_cache': False, 'cmake_clean_first': False, 'cmake_force_configure': False, 'cmake_target': None, 'cmake_target_skip_unavailable': False, 'install_base': '/root/dev_ws/install/tf2_tools', 'merge_install': False, 'path': '/root/dev_ws/src/origincar/3rdparty/tf2_tools', 'symlink_install': False, 'test_result_base': None}
[22.585s] Level 5:colcon.colcon_core.verb:set package 'origincar_base' build argument 'cmake_args' from command line to 'None'
[22.586s] Level 5:colcon.colcon_core.verb:set package 'origincar_base' build argument 'cmake_target' from command line to 'None'
[22.586s] Level 5:colcon.colcon_core.verb:set package 'origincar_base' build argument 'cmake_target_skip_unavailable' from command line to 'False'
[22.586s] Level 5:colcon.colcon_core.verb:set package 'origincar_base' build argument 'cmake_clean_cache' from command line to 'False'
[22.586s] Level 5:colcon.colcon_core.verb:set package 'origincar_base' build argument 'cmake_clean_first' from command line to 'False'
[22.586s] Level 5:colcon.colcon_core.verb:set package 'origincar_base' build argument 'cmake_force_configure' from command line to 'False'
[22.587s] Level 5:colcon.colcon_core.verb:set package 'origincar_base' build argument 'ament_cmake_args' from command line to 'None'
[22.587s] Level 5:colcon.colcon_core.verb:set package 'origincar_base' build argument 'catkin_cmake_args' from command line to 'None'
[22.587s] Level 5:colcon.colcon_core.verb:set package 'origincar_base' build argument 'catkin_skip_building_tests' from command line to 'False'
[22.587s] DEBUG:colcon.colcon_core.verb:Building package 'origincar_base' with the following arguments: {'ament_cmake_args': None, 'build_base': '/root/dev_ws/build/origincar_base', 'catkin_cmake_args': None, 'catkin_skip_building_tests': False, 'cmake_args': None, 'cmake_clean_cache': False, 'cmake_clean_first': False, 'cmake_force_configure': False, 'cmake_target': None, 'cmake_target_skip_unavailable': False, 'install_base': '/root/dev_ws/install/origincar_base', 'merge_install': False, 'path': '/root/dev_ws/src/origincar/origincar_base', 'symlink_install': False, 'test_result_base': None}
[22.851s] INFO:colcon.colcon_core.executor:Executing jobs using 'parallel' executor
[23.116s] DEBUG:colcon.colcon_parallel_executor.executor.parallel:run_until_complete
[23.119s] INFO:colcon.colcon_ros.task.ament_cmake.build:Building ROS package in '/root/dev_ws/src/origincar/3rdparty/ackermann_msgs-ros2' with build type 'ament_cmake'
[23.120s] INFO:colcon.colcon_cmake.task.cmake.build:Building CMake package in '/root/dev_ws/src/origincar/3rdparty/ackermann_msgs-ros2'
[23.400s] INFO:colcon.colcon_core.plugin_system:Skipping extension 'colcon_core.shell.bat': Not used on non-Windows systems
[23.401s] INFO:colcon.colcon_core.shell:Skip shell extension 'powershell' for command environment: Not usable outside of PowerShell
[23.402s] DEBUG:colcon.colcon_core.shell:Skip shell extension 'dsv' for command environment
[24.633s] INFO:colcon.colcon_ros.task.ament_cmake.build:Building ROS package in '/root/dev_ws/src/origincar/origincar_description' with build type 'ament_cmake'
[24.634s] INFO:colcon.colcon_cmake.task.cmake.build:Building CMake package in '/root/dev_ws/src/origincar/origincar_description'
[24.906s] INFO:colcon.colcon_core.shell:Skip shell extension 'powershell' for command environment: Not usable outside of PowerShell
[24.907s] DEBUG:colcon.colcon_core.shell:Skip shell extension 'dsv' for command environment
[26.051s] INFO:colcon.colcon_ros.task.ament_cmake.build:Building ROS package in '/root/dev_ws/src/origincar/origincar_msg' with build type 'ament_cmake'
[26.052s] INFO:colcon.colcon_cmake.task.cmake.build:Building CMake package in '/root/dev_ws/src/origincar/origincar_msg'
[26.327s] INFO:colcon.colcon_core.shell:Skip shell extension 'powershell' for command environment: Not usable outside of PowerShell
[26.327s] DEBUG:colcon.colcon_core.shell:Skip shell extension 'dsv' for command environment
[27.549s] INFO:colcon.colcon_ros.task.ament_cmake.build:Building ROS package in '/root/dev_ws/src/origincar/3rdparty/serial_ros2' with build type 'ament_cmake'
[27.551s] INFO:colcon.colcon_cmake.task.cmake.build:Building CMake package in '/root/dev_ws/src/origincar/3rdparty/serial_ros2'
[27.824s] INFO:colcon.colcon_core.shell:Skip shell extension 'powershell' for command environment: Not usable outside of PowerShell
[27.825s] DEBUG:colcon.colcon_core.shell:Skip shell extension 'dsv' for command environment
[29.000s] DEBUG:colcon.colcon_core.event_handler.log_command:Invoking command in '/root/dev_ws/build/ackermann_msgs': CMAKE_PREFIX_PATH=${CMAKE_PREFIX_PATH}:/root/dev_ws/install/tf2_tools:/opt/ros/foxy /usr/bin/cmake --build /root/dev_ws/build/ackermann_msgs -- -j4 -l4
[29.037s] DEBUG:colcon.colcon_core.event_handler.log_command:Invoking command in '/root/dev_ws/build/origincar_description': CMAKE_PREFIX_PATH=${CMAKE_PREFIX_PATH}:/root/dev_ws/install/tf2_tools:/opt/ros/foxy /usr/bin/cmake --build /root/dev_ws/build/origincar_description -- -j4 -l4
[29.061s] DEBUG:colcon.colcon_core.event_handler.log_command:Invoking command in '/root/dev_ws/build/origincar_msg': CMAKE_PREFIX_PATH=${CMAKE_PREFIX_PATH}:/root/dev_ws/install/tf2_tools:/opt/ros/foxy /usr/bin/cmake --build /root/dev_ws/build/origincar_msg -- -j4 -l4
[29.096s] DEBUG:colcon.colcon_core.event_handler.log_command:Invoking command in '/root/dev_ws/build/serial': CMAKE_PREFIX_PATH=${CMAKE_PREFIX_PATH}:/root/dev_ws/install/tf2_tools:/opt/ros/foxy /usr/bin/cmake --build /root/dev_ws/build/serial -- -j4 -l4
[29.287s] DEBUG:colcon.colcon_core.event_handler.log_command:Invoked command in '/root/dev_ws/build/origincar_description' returned '0': CMAKE_PREFIX_PATH=${CMAKE_PREFIX_PATH}:/root/dev_ws/install/tf2_tools:/opt/ros/foxy /usr/bin/cmake --build /root/dev_ws/build/origincar_description -- -j4 -l4
[29.610s] DEBUG:colcon.colcon_core.event_handler.log_command:Invoking command in '/root/dev_ws/build/origincar_description': CMAKE_PREFIX_PATH=${CMAKE_PREFIX_PATH}:/root/dev_ws/install/tf2_tools:/opt/ros/foxy /usr/bin/cmake --install /root/dev_ws/build/origincar_description
[29.672s] DEBUG:colcon.colcon_core.event_handler.log_command:Invoked command in '/root/dev_ws/build/serial' returned '0': CMAKE_PREFIX_PATH=${CMAKE_PREFIX_PATH}:/root/dev_ws/install/tf2_tools:/opt/ros/foxy /usr/bin/cmake --build /root/dev_ws/build/serial -- -j4 -l4
[29.850s] Level 1:colcon.colcon_core.environment:create_environment_scripts_only(origincar_description)
[29.912s] DEBUG:colcon.colcon_core.event_handler.log_command:Invoked command in '/root/dev_ws/build/origincar_description' returned '0': CMAKE_PREFIX_PATH=${CMAKE_PREFIX_PATH}:/root/dev_ws/install/tf2_tools:/opt/ros/foxy /usr/bin/cmake --install /root/dev_ws/build/origincar_description
[30.377s] Level 1:colcon.colcon_core.environment:checking '/root/dev_ws/install/origincar_description' for CMake module files
[30.381s] Level 1:colcon.colcon_core.environment:checking '/root/dev_ws/install/origincar_description' for CMake config files
[30.383s] Level 1:colcon.colcon_core.shell:create_environment_hook('origincar_description', 'cmake_prefix_path')
[30.817s] INFO:colcon.colcon_core.shell:Creating environment hook '/root/dev_ws/install/origincar_description/share/origincar_description/hook/cmake_prefix_path.ps1'
[30.822s] INFO:colcon.colcon_core.shell:Creating environment descriptor '/root/dev_ws/install/origincar_description/share/origincar_description/hook/cmake_prefix_path.dsv'
[30.826s] INFO:colcon.colcon_core.shell:Creating environment hook '/root/dev_ws/install/origincar_description/share/origincar_description/hook/cmake_prefix_path.sh'
[30.832s] Level 1:colcon.colcon_core.environment:checking '/root/dev_ws/install/origincar_description/bin'
[30.832s] Level 1:colcon.colcon_core.environment:checking '/root/dev_ws/install/origincar_description/lib/pkgconfig/origincar_description.pc'
[30.834s] Level 1:colcon.colcon_core.environment:checking '/root/dev_ws/install/origincar_description/lib/python3.8/site-packages'
[30.836s] Level 1:colcon.colcon_core.environment:checking '/root/dev_ws/install/origincar_description/bin'
[31.110s] INFO:colcon.colcon_core.shell:Creating package script '/root/dev_ws/install/origincar_description/share/origincar_description/package.ps1'
[31.115s] INFO:colcon.colcon_core.shell:Creating package descriptor '/root/dev_ws/install/origincar_description/share/origincar_description/package.dsv'
[31.119s] INFO:colcon.colcon_core.shell:Creating package script '/root/dev_ws/install/origincar_description/share/origincar_description/package.sh'
[31.125s] INFO:colcon.colcon_core.shell:Creating package script '/root/dev_ws/install/origincar_description/share/origincar_description/package.bash'
[31.131s] INFO:colcon.colcon_core.shell:Creating package script '/root/dev_ws/install/origincar_description/share/origincar_description/package.zsh'
[31.137s] Level 1:colcon.colcon_core.environment:create_file_with_runtime_dependencies(/root/dev_ws/install/origincar_description/share/colcon-core/packages/origincar_description)
[31.159s] DEBUG:colcon.colcon_core.event_handler.log_command:Invoked command in '/root/dev_ws/build/origincar_msg' returned '0': CMAKE_PREFIX_PATH=${CMAKE_PREFIX_PATH}:/root/dev_ws/install/tf2_tools:/opt/ros/foxy /usr/bin/cmake --build /root/dev_ws/build/origincar_msg -- -j4 -l4
[31.176s] DEBUG:colcon.colcon_core.event_handler.log_command:Invoked command in '/root/dev_ws/build/ackermann_msgs' returned '0': CMAKE_PREFIX_PATH=${CMAKE_PREFIX_PATH}:/root/dev_ws/install/tf2_tools:/opt/ros/foxy /usr/bin/cmake --build /root/dev_ws/build/ackermann_msgs -- -j4 -l4
[31.197s] DEBUG:colcon.colcon_core.event_handler.log_command:Invoking command in '/root/dev_ws/build/serial': CMAKE_PREFIX_PATH=${CMAKE_PREFIX_PATH}:/root/dev_ws/install/tf2_tools:/opt/ros/foxy /usr/bin/cmake --install /root/dev_ws/build/serial
[31.610s] Level 1:colcon.colcon_core.environment:create_environment_scripts_only(origincar_description)
[31.884s] Level 1:colcon.colcon_core.environment:checking '/root/dev_ws/install/origincar_description' for CMake module files
[31.888s] Level 1:colcon.colcon_core.environment:checking '/root/dev_ws/install/origincar_description' for CMake config files
[31.889s] Level 1:colcon.colcon_core.shell:create_environment_hook('origincar_description', 'cmake_prefix_path')
[32.237s] INFO:colcon.colcon_core.shell:Creating environment hook '/root/dev_ws/install/origincar_description/share/origincar_description/hook/cmake_prefix_path.ps1'
[32.240s] INFO:colcon.colcon_core.shell:Creating environment descriptor '/root/dev_ws/install/origincar_description/share/origincar_description/hook/cmake_prefix_path.dsv'
[32.242s] INFO:colcon.colcon_core.shell:Creating environment hook '/root/dev_ws/install/origincar_description/share/origincar_description/hook/cmake_prefix_path.sh'
[32.245s] Level 1:colcon.colcon_core.environment:checking '/root/dev_ws/install/origincar_description/bin'
[32.246s] Level 1:colcon.colcon_core.environment:checking '/root/dev_ws/install/origincar_description/lib/pkgconfig/origincar_description.pc'
[32.247s] Level 1:colcon.colcon_core.environment:checking '/root/dev_ws/install/origincar_description/lib/python3.8/site-packages'
[32.249s] Level 1:colcon.colcon_core.environment:checking '/root/dev_ws/install/origincar_description/bin'
[32.520s] INFO:colcon.colcon_core.shell:Creating package script '/root/dev_ws/install/origincar_description/share/origincar_description/package.ps1'
[32.523s] INFO:colcon.colcon_core.shell:Creating package descriptor '/root/dev_ws/install/origincar_description/share/origincar_description/package.dsv'
[32.527s] INFO:colcon.colcon_core.shell:Creating package script '/root/dev_ws/install/origincar_description/share/origincar_description/package.sh'
[32.530s] INFO:colcon.colcon_core.shell:Creating package script '/root/dev_ws/install/origincar_description/share/origincar_description/package.bash'
[32.533s] INFO:colcon.colcon_core.shell:Creating package script '/root/dev_ws/install/origincar_description/share/origincar_description/package.zsh'
[32.535s] Level 1:colcon.colcon_core.environment:create_file_with_runtime_dependencies(/root/dev_ws/install/origincar_description/share/colcon-core/packages/origincar_description)
[32.541s] INFO:colcon.colcon_ros.task.ament_cmake.build:Building ROS package in '/root/dev_ws/src/origincar/origincar_bringup' with build type 'ament_cmake'
[32.543s] INFO:colcon.colcon_cmake.task.cmake.build:Building CMake package in '/root/dev_ws/src/origincar/origincar_bringup'
[32.859s] INFO:colcon.colcon_core.shell:Skip shell extension 'powershell' for command environment: Not usable outside of PowerShell
[32.859s] DEBUG:colcon.colcon_core.shell:Skip shell extension 'dsv' for command environment
[34.058s] Level 1:colcon.colcon_core.environment:create_environment_scripts_only(serial)
[34.061s] DEBUG:colcon.colcon_core.event_handler.log_command:Invoked command in '/root/dev_ws/build/serial' returned '0': CMAKE_PREFIX_PATH=${CMAKE_PREFIX_PATH}:/root/dev_ws/install/tf2_tools:/opt/ros/foxy /usr/bin/cmake --install /root/dev_ws/build/serial
[34.333s] Level 1:colcon.colcon_core.environment:checking '/root/dev_ws/install/serial' for CMake module files
[34.337s] Level 1:colcon.colcon_core.environment:checking '/root/dev_ws/install/serial' for CMake config files
[34.339s] Level 1:colcon.colcon_core.shell:create_environment_hook('serial', 'cmake_prefix_path')
[34.609s] INFO:colcon.colcon_core.shell:Creating environment hook '/root/dev_ws/install/serial/share/serial/hook/cmake_prefix_path.ps1'
[34.612s] INFO:colcon.colcon_core.shell:Creating environment descriptor '/root/dev_ws/install/serial/share/serial/hook/cmake_prefix_path.dsv'
[34.614s] INFO:colcon.colcon_core.shell:Creating environment hook '/root/dev_ws/install/serial/share/serial/hook/cmake_prefix_path.sh'
[34.618s] Level 1:colcon.colcon_core.environment:checking '/root/dev_ws/install/serial/lib'
[34.619s] Level 1:colcon.colcon_core.environment:checking '/root/dev_ws/install/serial/bin'
[34.620s] Level 1:colcon.colcon_core.environment:checking '/root/dev_ws/install/serial/lib/pkgconfig/serial.pc'
[34.621s] Level 1:colcon.colcon_core.environment:checking '/root/dev_ws/install/serial/lib/python3.8/site-packages'
[34.623s] Level 1:colcon.colcon_core.environment:checking '/root/dev_ws/install/serial/bin'
[34.899s] INFO:colcon.colcon_core.shell:Creating package script '/root/dev_ws/install/serial/share/serial/package.ps1'
[34.902s] INFO:colcon.colcon_core.shell:Creating package descriptor '/root/dev_ws/install/serial/share/serial/package.dsv'
[34.904s] INFO:colcon.colcon_core.shell:Creating package script '/root/dev_ws/install/serial/share/serial/package.sh'
[34.907s] INFO:colcon.colcon_core.shell:Creating package script '/root/dev_ws/install/serial/share/serial/package.bash'
[34.909s] INFO:colcon.colcon_core.shell:Creating package script '/root/dev_ws/install/serial/share/serial/package.zsh'
[34.912s] Level 1:colcon.colcon_core.environment:create_file_with_runtime_dependencies(/root/dev_ws/install/serial/share/colcon-core/packages/serial)
[34.940s] DEBUG:colcon.colcon_core.event_handler.log_command:Invoking command in '/root/dev_ws/build/origincar_msg': CMAKE_PREFIX_PATH=${CMAKE_PREFIX_PATH}:/root/dev_ws/install/tf2_tools:/opt/ros/foxy /usr/bin/cmake --install /root/dev_ws/build/origincar_msg
[34.958s] DEBUG:colcon.colcon_core.event_handler.log_command:Invoking command in '/root/dev_ws/build/ackermann_msgs': CMAKE_PREFIX_PATH=${CMAKE_PREFIX_PATH}:/root/dev_ws/install/tf2_tools:/opt/ros/foxy /usr/bin/cmake --install /root/dev_ws/build/ackermann_msgs
[34.999s] DEBUG:colcon.colcon_core.event_handler.log_command:Invoking command in '/root/dev_ws/build/origincar_bringup': CMAKE_PREFIX_PATH=${CMAKE_PREFIX_PATH}:/root/dev_ws/install/tf2_tools:/opt/ros/foxy /usr/bin/cmake --build /root/dev_ws/build/origincar_bringup -- -j4 -l4
[35.624s] Level 1:colcon.colcon_core.environment:create_environment_scripts_only(serial)
[35.983s] Level 1:colcon.colcon_core.environment:checking '/root/dev_ws/install/serial' for CMake module files
[35.987s] Level 1:colcon.colcon_core.environment:checking '/root/dev_ws/install/serial' for CMake config files
[35.989s] Level 1:colcon.colcon_core.shell:create_environment_hook('serial', 'cmake_prefix_path')
[36.261s] INFO:colcon.colcon_core.shell:Creating environment hook '/root/dev_ws/install/serial/share/serial/hook/cmake_prefix_path.ps1'
[36.263s] INFO:colcon.colcon_core.shell:Creating environment descriptor '/root/dev_ws/install/serial/share/serial/hook/cmake_prefix_path.dsv'
[36.266s] INFO:colcon.colcon_core.shell:Creating environment hook '/root/dev_ws/install/serial/share/serial/hook/cmake_prefix_path.sh'
[36.269s] Level 1:colcon.colcon_core.environment:checking '/root/dev_ws/install/serial/lib'
[36.270s] Level 1:colcon.colcon_core.environment:checking '/root/dev_ws/install/serial/bin'
[36.270s] Level 1:colcon.colcon_core.environment:checking '/root/dev_ws/install/serial/lib/pkgconfig/serial.pc'
[36.272s] Level 1:colcon.colcon_core.environment:checking '/root/dev_ws/install/serial/lib/python3.8/site-packages'
[36.273s] Level 1:colcon.colcon_core.environment:checking '/root/dev_ws/install/serial/bin'
[36.546s] INFO:colcon.colcon_core.shell:Creating package script '/root/dev_ws/install/serial/share/serial/package.ps1'
[36.549s] INFO:colcon.colcon_core.shell:Creating package descriptor '/root/dev_ws/install/serial/share/serial/package.dsv'
[36.553s] INFO:colcon.colcon_core.shell:Creating package script '/root/dev_ws/install/serial/share/serial/package.sh'
[36.556s] INFO:colcon.colcon_core.shell:Creating package script '/root/dev_ws/install/serial/share/serial/package.bash'
[36.558s] INFO:colcon.colcon_core.shell:Creating package script '/root/dev_ws/install/serial/share/serial/package.zsh'
[36.561s] Level 1:colcon.colcon_core.environment:create_file_with_runtime_dependencies(/root/dev_ws/install/serial/share/colcon-core/packages/serial)
[36.567s] INFO:colcon.colcon_ros.task.ament_python.build:Building ROS package in '/root/dev_ws/src/origincar/3rdparty/tf2_tools' with build type 'ament_python'
[36.568s] Level 1:colcon.colcon_core.shell:create_environment_hook('tf2_tools', 'ament_prefix_path')
[36.843s] INFO:colcon.colcon_core.shell:Creating environment hook '/root/dev_ws/install/tf2_tools/share/tf2_tools/hook/ament_prefix_path.ps1'
[36.845s] INFO:colcon.colcon_core.shell:Creating environment descriptor '/root/dev_ws/install/tf2_tools/share/tf2_tools/hook/ament_prefix_path.dsv'
[36.847s] INFO:colcon.colcon_core.shell:Creating environment hook '/root/dev_ws/install/tf2_tools/share/tf2_tools/hook/ament_prefix_path.sh'
[37.120s] INFO:colcon.colcon_core.shell:Skip shell extension 'powershell' for command environment: Not usable outside of PowerShell
[37.120s] DEBUG:colcon.colcon_core.shell:Skip shell extension 'dsv' for command environment
[38.279s] DEBUG:colcon.colcon_core.event_handler.log_command:Invoked command in '/root/dev_ws/build/origincar_bringup' returned '0': CMAKE_PREFIX_PATH=${CMAKE_PREFIX_PATH}:/root/dev_ws/install/tf2_tools:/opt/ros/foxy /usr/bin/cmake --build /root/dev_ws/build/origincar_bringup -- -j4 -l4
[38.292s] Level 1:colcon.colcon_core.environment:create_environment_scripts_only(ackermann_msgs)
[38.295s] DEBUG:colcon.colcon_core.event_handler.log_command:Invoked command in '/root/dev_ws/build/ackermann_msgs' returned '0': CMAKE_PREFIX_PATH=${CMAKE_PREFIX_PATH}:/root/dev_ws/install/tf2_tools:/opt/ros/foxy /usr/bin/cmake --install /root/dev_ws/build/ackermann_msgs
[38.658s] Level 1:colcon.colcon_core.environment:checking '/root/dev_ws/install/ackermann_msgs' for CMake module files
[38.663s] Level 1:colcon.colcon_core.environment:checking '/root/dev_ws/install/ackermann_msgs' for CMake config files
[38.665s] Level 1:colcon.colcon_core.shell:create_environment_hook('ackermann_msgs', 'cmake_prefix_path')
[38.949s] INFO:colcon.colcon_core.shell:Creating environment hook '/root/dev_ws/install/ackermann_msgs/share/ackermann_msgs/hook/cmake_prefix_path.ps1'
[38.951s] INFO:colcon.colcon_core.shell:Creating environment descriptor '/root/dev_ws/install/ackermann_msgs/share/ackermann_msgs/hook/cmake_prefix_path.dsv'
[38.954s] INFO:colcon.colcon_core.shell:Creating environment hook '/root/dev_ws/install/ackermann_msgs/share/ackermann_msgs/hook/cmake_prefix_path.sh'
[38.957s] Level 1:colcon.colcon_core.environment:checking '/root/dev_ws/install/ackermann_msgs/lib'
[38.958s] Level 1:colcon.colcon_core.shell:create_environment_hook('ackermann_msgs', 'ld_library_path_lib')
[39.233s] INFO:colcon.colcon_core.shell:Creating environment hook '/root/dev_ws/install/ackermann_msgs/share/ackermann_msgs/hook/ld_library_path_lib.ps1'
[39.235s] INFO:colcon.colcon_core.shell:Creating environment descriptor '/root/dev_ws/install/ackermann_msgs/share/ackermann_msgs/hook/ld_library_path_lib.dsv'
[39.237s] INFO:colcon.colcon_core.shell:Creating environment hook '/root/dev_ws/install/ackermann_msgs/share/ackermann_msgs/hook/ld_library_path_lib.sh'
[39.240s] Level 1:colcon.colcon_core.environment:checking '/root/dev_ws/install/ackermann_msgs/bin'
[39.241s] Level 1:colcon.colcon_core.environment:checking '/root/dev_ws/install/ackermann_msgs/lib/pkgconfig/ackermann_msgs.pc'
[39.242s] Level 1:colcon.colcon_core.environment:checking '/root/dev_ws/install/ackermann_msgs/lib/python3.8/site-packages'
[39.243s] Level 1:colcon.colcon_core.shell:create_environment_hook('ackermann_msgs', 'pythonpath')
[39.516s] INFO:colcon.colcon_core.shell:Creating environment hook '/root/dev_ws/install/ackermann_msgs/share/ackermann_msgs/hook/pythonpath.ps1'
[39.519s] INFO:colcon.colcon_core.shell:Creating environment descriptor '/root/dev_ws/install/ackermann_msgs/share/ackermann_msgs/hook/pythonpath.dsv'
[39.521s] INFO:colcon.colcon_core.shell:Creating environment hook '/root/dev_ws/install/ackermann_msgs/share/ackermann_msgs/hook/pythonpath.sh'
[39.525s] Level 1:colcon.colcon_core.environment:checking '/root/dev_ws/install/ackermann_msgs/bin'
[39.800s] INFO:colcon.colcon_core.shell:Creating package script '/root/dev_ws/install/ackermann_msgs/share/ackermann_msgs/package.ps1'
[39.803s] INFO:colcon.colcon_core.shell:Creating package descriptor '/root/dev_ws/install/ackermann_msgs/share/ackermann_msgs/package.dsv'
[39.807s] INFO:colcon.colcon_core.shell:Creating package script '/root/dev_ws/install/ackermann_msgs/share/ackermann_msgs/package.sh'
[39.810s] INFO:colcon.colcon_core.shell:Creating package script '/root/dev_ws/install/ackermann_msgs/share/ackermann_msgs/package.bash'
[39.814s] INFO:colcon.colcon_core.shell:Creating package script '/root/dev_ws/install/ackermann_msgs/share/ackermann_msgs/package.zsh'
[39.816s] Level 1:colcon.colcon_core.environment:create_file_with_runtime_dependencies(/root/dev_ws/install/ackermann_msgs/share/colcon-core/packages/ackermann_msgs)
[39.830s] Level 1:colcon.colcon_core.environment:create_environment_scripts_only(origincar_msg)
[39.833s] DEBUG:colcon.colcon_core.event_handler.log_command:Invoked command in '/root/dev_ws/build/origincar_msg' returned '0': CMAKE_PREFIX_PATH=${CMAKE_PREFIX_PATH}:/root/dev_ws/install/tf2_tools:/opt/ros/foxy /usr/bin/cmake --install /root/dev_ws/build/origincar_msg
[40.153s] Level 1:colcon.colcon_core.environment:checking '/root/dev_ws/install/origincar_msg' for CMake module files
[40.158s] Level 1:colcon.colcon_core.environment:checking '/root/dev_ws/install/origincar_msg' for CMake config files
[40.160s] Level 1:colcon.colcon_core.shell:create_environment_hook('origincar_msg', 'cmake_prefix_path')
[40.437s] INFO:colcon.colcon_core.shell:Creating environment hook '/root/dev_ws/install/origincar_msg/share/origincar_msg/hook/cmake_prefix_path.ps1'
[40.439s] INFO:colcon.colcon_core.shell:Creating environment descriptor '/root/dev_ws/install/origincar_msg/share/origincar_msg/hook/cmake_prefix_path.dsv'
[40.442s] INFO:colcon.colcon_core.shell:Creating environment hook '/root/dev_ws/install/origincar_msg/share/origincar_msg/hook/cmake_prefix_path.sh'
[40.445s] Level 1:colcon.colcon_core.environment:checking '/root/dev_ws/install/origincar_msg/lib'
[40.446s] Level 1:colcon.colcon_core.shell:create_environment_hook('origincar_msg', 'ld_library_path_lib')
[40.719s] INFO:colcon.colcon_core.shell:Creating environment hook '/root/dev_ws/install/origincar_msg/share/origincar_msg/hook/ld_library_path_lib.ps1'
[40.721s] INFO:colcon.colcon_core.shell:Creating environment descriptor '/root/dev_ws/install/origincar_msg/share/origincar_msg/hook/ld_library_path_lib.dsv'
[40.724s] INFO:colcon.colcon_core.shell:Creating environment hook '/root/dev_ws/install/origincar_msg/share/origincar_msg/hook/ld_library_path_lib.sh'
[40.726s] Level 1:colcon.colcon_core.environment:checking '/root/dev_ws/install/origincar_msg/bin'
[40.727s] Level 1:colcon.colcon_core.environment:checking '/root/dev_ws/install/origincar_msg/lib/pkgconfig/origincar_msg.pc'
[40.728s] Level 1:colcon.colcon_core.environment:checking '/root/dev_ws/install/origincar_msg/lib/python3.8/site-packages'
[40.729s] Level 1:colcon.colcon_core.shell:create_environment_hook('origincar_msg', 'pythonpath')
[41.004s] INFO:colcon.colcon_core.shell:Creating environment hook '/root/dev_ws/install/origincar_msg/share/origincar_msg/hook/pythonpath.ps1'
[41.006s] INFO:colcon.colcon_core.shell:Creating environment descriptor '/root/dev_ws/install/origincar_msg/share/origincar_msg/hook/pythonpath.dsv'
[41.008s] INFO:colcon.colcon_core.shell:Creating environment hook '/root/dev_ws/install/origincar_msg/share/origincar_msg/hook/pythonpath.sh'
[41.012s] Level 1:colcon.colcon_core.environment:checking '/root/dev_ws/install/origincar_msg/bin'
[41.312s] INFO:colcon.colcon_core.shell:Creating package script '/root/dev_ws/install/origincar_msg/share/origincar_msg/package.ps1'
[41.316s] INFO:colcon.colcon_core.shell:Creating package descriptor '/root/dev_ws/install/origincar_msg/share/origincar_msg/package.dsv'
[41.321s] INFO:colcon.colcon_core.shell:Creating package script '/root/dev_ws/install/origincar_msg/share/origincar_msg/package.sh'
[41.325s] INFO:colcon.colcon_core.shell:Creating package script '/root/dev_ws/install/origincar_msg/share/origincar_msg/package.bash'
[41.328s] INFO:colcon.colcon_core.shell:Creating package script '/root/dev_ws/install/origincar_msg/share/origincar_msg/package.zsh'
[41.330s] Level 1:colcon.colcon_core.environment:create_file_with_runtime_dependencies(/root/dev_ws/install/origincar_msg/share/colcon-core/packages/origincar_msg)
[43.025s] INFO:colcon.colcon_core.task.python.build:Building Python package in '/root/dev_ws/src/origincar/3rdparty/tf2_tools'
[43.303s] INFO:colcon.colcon_core.shell:Skip shell extension 'powershell' for command environment: Not usable outside of PowerShell
[43.303s] DEBUG:colcon.colcon_core.shell:Skip shell extension 'dsv' for command environment
[44.539s] DEBUG:colcon.colcon_core.event_handler.log_command:Invoking command in '/root/dev_ws/build/origincar_bringup': CMAKE_PREFIX_PATH=${CMAKE_PREFIX_PATH}:/root/dev_ws/install/tf2_tools:/opt/ros/foxy /usr/bin/cmake --install /root/dev_ws/build/origincar_bringup
[44.830s] Level 1:colcon.colcon_core.environment:create_environment_scripts_only(ackermann_msgs)
[45.103s] Level 1:colcon.colcon_core.environment:checking '/root/dev_ws/install/ackermann_msgs' for CMake module files
[45.107s] Level 1:colcon.colcon_core.environment:checking '/root/dev_ws/install/ackermann_msgs' for CMake config files
[45.110s] Level 1:colcon.colcon_core.shell:create_environment_hook('ackermann_msgs', 'cmake_prefix_path')
[45.381s] INFO:colcon.colcon_core.shell:Creating environment hook '/root/dev_ws/install/ackermann_msgs/share/ackermann_msgs/hook/cmake_prefix_path.ps1'
[45.383s] INFO:colcon.colcon_core.shell:Creating environment descriptor '/root/dev_ws/install/ackermann_msgs/share/ackermann_msgs/hook/cmake_prefix_path.dsv'
[45.386s] INFO:colcon.colcon_core.shell:Creating environment hook '/root/dev_ws/install/ackermann_msgs/share/ackermann_msgs/hook/cmake_prefix_path.sh'
[45.390s] Level 1:colcon.colcon_core.environment:checking '/root/dev_ws/install/ackermann_msgs/lib'
[45.391s] Level 1:colcon.colcon_core.shell:create_environment_hook('ackermann_msgs', 'ld_library_path_lib')
[45.664s] INFO:colcon.colcon_core.shell:Creating environment hook '/root/dev_ws/install/ackermann_msgs/share/ackermann_msgs/hook/ld_library_path_lib.ps1'
[45.667s] INFO:colcon.colcon_core.shell:Creating environment descriptor '/root/dev_ws/install/ackermann_msgs/share/ackermann_msgs/hook/ld_library_path_lib.dsv'
[45.669s] INFO:colcon.colcon_core.shell:Creating environment hook '/root/dev_ws/install/ackermann_msgs/share/ackermann_msgs/hook/ld_library_path_lib.sh'
[45.672s] Level 1:colcon.colcon_core.environment:checking '/root/dev_ws/install/ackermann_msgs/bin'
[45.672s] Level 1:colcon.colcon_core.environment:checking '/root/dev_ws/install/ackermann_msgs/lib/pkgconfig/ackermann_msgs.pc'
[45.674s] Level 1:colcon.colcon_core.environment:checking '/root/dev_ws/install/ackermann_msgs/lib/python3.8/site-packages'
[45.674s] Level 1:colcon.colcon_core.shell:create_environment_hook('ackermann_msgs', 'pythonpath')
[45.946s] INFO:colcon.colcon_core.shell:Creating environment hook '/root/dev_ws/install/ackermann_msgs/share/ackermann_msgs/hook/pythonpath.ps1'
[45.948s] INFO:colcon.colcon_core.shell:Creating environment descriptor '/root/dev_ws/install/ackermann_msgs/share/ackermann_msgs/hook/pythonpath.dsv'
[45.951s] INFO:colcon.colcon_core.shell:Creating environment hook '/root/dev_ws/install/ackermann_msgs/share/ackermann_msgs/hook/pythonpath.sh'
[45.955s] Level 1:colcon.colcon_core.environment:checking '/root/dev_ws/install/ackermann_msgs/bin'
[46.228s] INFO:colcon.colcon_core.shell:Creating package script '/root/dev_ws/install/ackermann_msgs/share/ackermann_msgs/package.ps1'
[46.232s] INFO:colcon.colcon_core.shell:Creating package descriptor '/root/dev_ws/install/ackermann_msgs/share/ackermann_msgs/package.dsv'
[46.236s] INFO:colcon.colcon_core.shell:Creating package script '/root/dev_ws/install/ackermann_msgs/share/ackermann_msgs/package.sh'
[46.239s] INFO:colcon.colcon_core.shell:Creating package script '/root/dev_ws/install/ackermann_msgs/share/ackermann_msgs/package.bash'
[46.242s] INFO:colcon.colcon_core.shell:Creating package script '/root/dev_ws/install/ackermann_msgs/share/ackermann_msgs/package.zsh'
[46.245s] Level 1:colcon.colcon_core.environment:create_file_with_runtime_dependencies(/root/dev_ws/install/ackermann_msgs/share/colcon-core/packages/ackermann_msgs)
[46.539s] Level 1:colcon.colcon_core.environment:create_environment_scripts_only(origincar_msg)
[46.889s] Level 1:colcon.colcon_core.environment:checking '/root/dev_ws/install/origincar_msg' for CMake module files
[46.894s] Level 1:colcon.colcon_core.environment:checking '/root/dev_ws/install/origincar_msg' for CMake config files
[46.897s] Level 1:colcon.colcon_core.shell:create_environment_hook('origincar_msg', 'cmake_prefix_path')
[47.244s] INFO:colcon.colcon_core.shell:Creating environment hook '/root/dev_ws/install/origincar_msg/share/origincar_msg/hook/cmake_prefix_path.ps1'
[47.247s] INFO:colcon.colcon_core.shell:Creating environment descriptor '/root/dev_ws/install/origincar_msg/share/origincar_msg/hook/cmake_prefix_path.dsv'
[47.249s] INFO:colcon.colcon_core.shell:Creating environment hook '/root/dev_ws/install/origincar_msg/share/origincar_msg/hook/cmake_prefix_path.sh'
[47.253s] Level 1:colcon.colcon_core.environment:checking '/root/dev_ws/install/origincar_msg/lib'
[47.253s] Level 1:colcon.colcon_core.shell:create_environment_hook('origincar_msg', 'ld_library_path_lib')
[47.524s] INFO:colcon.colcon_core.shell:Creating environment hook '/root/dev_ws/install/origincar_msg/share/origincar_msg/hook/ld_library_path_lib.ps1'
[47.527s] INFO:colcon.colcon_core.shell:Creating environment descriptor '/root/dev_ws/install/origincar_msg/share/origincar_msg/hook/ld_library_path_lib.dsv'
[47.529s] INFO:colcon.colcon_core.shell:Creating environment hook '/root/dev_ws/install/origincar_msg/share/origincar_msg/hook/ld_library_path_lib.sh'
[47.532s] Level 1:colcon.colcon_core.environment:checking '/root/dev_ws/install/origincar_msg/bin'
[47.532s] Level 1:colcon.colcon_core.environment:checking '/root/dev_ws/install/origincar_msg/lib/pkgconfig/origincar_msg.pc'
[47.534s] Level 1:colcon.colcon_core.environment:checking '/root/dev_ws/install/origincar_msg/lib/python3.8/site-packages'
[47.534s] Level 1:colcon.colcon_core.shell:create_environment_hook('origincar_msg', 'pythonpath')
[47.805s] INFO:colcon.colcon_core.shell:Creating environment hook '/root/dev_ws/install/origincar_msg/share/origincar_msg/hook/pythonpath.ps1'
[47.808s] INFO:colcon.colcon_core.shell:Creating environment descriptor '/root/dev_ws/install/origincar_msg/share/origincar_msg/hook/pythonpath.dsv'
[47.810s] INFO:colcon.colcon_core.shell:Creating environment hook '/root/dev_ws/install/origincar_msg/share/origincar_msg/hook/pythonpath.sh'
[47.813s] Level 1:colcon.colcon_core.environment:checking '/root/dev_ws/install/origincar_msg/bin'
[48.083s] INFO:colcon.colcon_core.shell:Creating package script '/root/dev_ws/install/origincar_msg/share/origincar_msg/package.ps1'
[48.087s] INFO:colcon.colcon_core.shell:Creating package descriptor '/root/dev_ws/install/origincar_msg/share/origincar_msg/package.dsv'
[48.092s] INFO:colcon.colcon_core.shell:Creating package script '/root/dev_ws/install/origincar_msg/share/origincar_msg/package.sh'
[48.096s] INFO:colcon.colcon_core.shell:Creating package script '/root/dev_ws/install/origincar_msg/share/origincar_msg/package.bash'
[48.099s] INFO:colcon.colcon_core.shell:Creating package script '/root/dev_ws/install/origincar_msg/share/origincar_msg/package.zsh'
[48.101s] Level 1:colcon.colcon_core.environment:create_file_with_runtime_dependencies(/root/dev_ws/install/origincar_msg/share/colcon-core/packages/origincar_msg)
[48.124s] INFO:colcon.colcon_ros.task.ament_cmake.build:Building ROS package in '/root/dev_ws/src/origincar/origincar_base' with build type 'ament_cmake'
[48.126s] INFO:colcon.colcon_cmake.task.cmake.build:Building CMake package in '/root/dev_ws/src/origincar/origincar_base'
[48.456s] INFO:colcon.colcon_core.shell:Skip shell extension 'powershell' for command environment: Not usable outside of PowerShell
[48.456s] DEBUG:colcon.colcon_core.shell:Skip shell extension 'dsv' for command environment
[49.820s] Level 1:colcon.colcon_core.environment:create_environment_scripts_only(origincar_bringup)
[49.832s] DEBUG:colcon.colcon_core.event_handler.log_command:Invoked command in '/root/dev_ws/build/origincar_bringup' returned '0': CMAKE_PREFIX_PATH=${CMAKE_PREFIX_PATH}:/root/dev_ws/install/tf2_tools:/opt/ros/foxy /usr/bin/cmake --install /root/dev_ws/build/origincar_bringup
[50.197s] Level 1:colcon.colcon_core.environment:checking '/root/dev_ws/install/origincar_bringup' for CMake module files
[50.201s] Level 1:colcon.colcon_core.environment:checking '/root/dev_ws/install/origincar_bringup' for CMake config files
[50.203s] Level 1:colcon.colcon_core.shell:create_environment_hook('origincar_bringup', 'cmake_prefix_path')
[50.517s] INFO:colcon.colcon_core.shell:Creating environment hook '/root/dev_ws/install/origincar_bringup/share/origincar_bringup/hook/cmake_prefix_path.ps1'
[50.520s] INFO:colcon.colcon_core.shell:Creating environment descriptor '/root/dev_ws/install/origincar_bringup/share/origincar_bringup/hook/cmake_prefix_path.dsv'
[50.523s] INFO:colcon.colcon_core.shell:Creating environment hook '/root/dev_ws/install/origincar_bringup/share/origincar_bringup/hook/cmake_prefix_path.sh'
[50.528s] Level 1:colcon.colcon_core.environment:checking '/root/dev_ws/install/origincar_bringup/bin'
[50.528s] Level 1:colcon.colcon_core.environment:checking '/root/dev_ws/install/origincar_bringup/lib/pkgconfig/origincar_bringup.pc'
[50.530s] Level 1:colcon.colcon_core.environment:checking '/root/dev_ws/install/origincar_bringup/lib/python3.8/site-packages'
[50.532s] Level 1:colcon.colcon_core.environment:checking '/root/dev_ws/install/origincar_bringup/bin'
[50.860s] INFO:colcon.colcon_core.shell:Creating package script '/root/dev_ws/install/origincar_bringup/share/origincar_bringup/package.ps1'
[50.864s] INFO:colcon.colcon_core.shell:Creating package descriptor '/root/dev_ws/install/origincar_bringup/share/origincar_bringup/package.dsv'
[50.867s] INFO:colcon.colcon_core.shell:Creating package script '/root/dev_ws/install/origincar_bringup/share/origincar_bringup/package.sh'
[50.870s] INFO:colcon.colcon_core.shell:Creating package script '/root/dev_ws/install/origincar_bringup/share/origincar_bringup/package.bash'
[50.874s] INFO:colcon.colcon_core.shell:Creating package script '/root/dev_ws/install/origincar_bringup/share/origincar_bringup/package.zsh'
[50.876s] Level 1:colcon.colcon_core.environment:create_file_with_runtime_dependencies(/root/dev_ws/install/origincar_bringup/share/colcon-core/packages/origincar_bringup)
[50.923s] DEBUG:colcon.colcon_core.event_handler.log_command:Invoking command in '/root/dev_ws/build/origincar_base': CMAKE_PREFIX_PATH=/root/dev_ws/install/serial:/root/dev_ws/install/origincar_msg:/root/dev_ws/install/origincar_description:/root/dev_ws/install/ackermann_msgs:/root/dev_ws/install/origincar_base:/root/dev_ws/install/origincar_bringup:/opt/tros:/root/dev_ws/install/tf2_tools:/opt/ros/foxy LD_LIBRARY_PATH=/root/dev_ws/install/origincar_msg/lib:/root/dev_ws/install/ackermann_msgs/lib:/root/dev_ws/install/origincar_base/lib:/root/dev_ws/install/serial/lib:/opt/tros/opt/yaml_cpp_vendor/lib:/opt/tros/lib:/opt/ros/foxy/opt/yaml_cpp_vendor/lib:/opt/ros/foxy/opt/rviz_ogre_vendor/lib:/opt/ros/foxy/lib/aarch64-linux-gnu:/opt/ros/foxy/lib PYTHONPATH=/root/dev_ws/install/origincar_msg/lib/python3.8/site-packages:/root/dev_ws/install/ackermann_msgs/lib/python3.8/site-packages:/root/dev_ws/install/tf2_tools/lib/python3.8/site-packages:/root/dev_ws/install/origincar_base/lib/python3.8/site-packages:/opt/tros/lib/python3.8/site-packages:/opt/ros/foxy/lib/python3.8/site-packages /usr/bin/cmake --build /root/dev_ws/build/origincar_base -- -j4 -l4
[51.381s] Level 1:colcon.colcon_core.environment:create_environment_scripts_only(origincar_bringup)
[51.737s] Level 1:colcon.colcon_core.environment:checking '/root/dev_ws/install/origincar_bringup' for CMake module files
[51.742s] Level 1:colcon.colcon_core.environment:checking '/root/dev_ws/install/origincar_bringup' for CMake config files
[51.744s] Level 1:colcon.colcon_core.shell:create_environment_hook('origincar_bringup', 'cmake_prefix_path')
[52.100s] INFO:colcon.colcon_core.shell:Creating environment hook '/root/dev_ws/install/origincar_bringup/share/origincar_bringup/hook/cmake_prefix_path.ps1'
[52.103s] INFO:colcon.colcon_core.shell:Creating environment descriptor '/root/dev_ws/install/origincar_bringup/share/origincar_bringup/hook/cmake_prefix_path.dsv'
[52.106s] INFO:colcon.colcon_core.shell:Creating environment hook '/root/dev_ws/install/origincar_bringup/share/origincar_bringup/hook/cmake_prefix_path.sh'
[52.110s] Level 1:colcon.colcon_core.environment:checking '/root/dev_ws/install/origincar_bringup/bin'
[52.111s] Level 1:colcon.colcon_core.environment:checking '/root/dev_ws/install/origincar_bringup/lib/pkgconfig/origincar_bringup.pc'
[52.114s] Level 1:colcon.colcon_core.environment:checking '/root/dev_ws/install/origincar_bringup/lib/python3.8/site-packages'
[52.116s] Level 1:colcon.colcon_core.environment:checking '/root/dev_ws/install/origincar_bringup/bin'
[52.398s] INFO:colcon.colcon_core.shell:Creating package script '/root/dev_ws/install/origincar_bringup/share/origincar_bringup/package.ps1'
[52.402s] INFO:colcon.colcon_core.shell:Creating package descriptor '/root/dev_ws/install/origincar_bringup/share/origincar_bringup/package.dsv'
[52.406s] INFO:colcon.colcon_core.shell:Creating package script '/root/dev_ws/install/origincar_bringup/share/origincar_bringup/package.sh'
[52.410s] INFO:colcon.colcon_core.shell:Creating package script '/root/dev_ws/install/origincar_bringup/share/origincar_bringup/package.bash'
[52.413s] INFO:colcon.colcon_core.shell:Creating package script '/root/dev_ws/install/origincar_bringup/share/origincar_bringup/package.zsh'
[52.416s] Level 1:colcon.colcon_core.environment:create_file_with_runtime_dependencies(/root/dev_ws/install/origincar_bringup/share/colcon-core/packages/origincar_bringup)
[52.424s] DEBUG:colcon.colcon_core.event_handler.log_command:Invoked command in '/root/dev_ws/build/origincar_base' returned '0': CMAKE_PREFIX_PATH=/root/dev_ws/install/serial:/root/dev_ws/install/origincar_msg:/root/dev_ws/install/origincar_description:/root/dev_ws/install/ackermann_msgs:/root/dev_ws/install/origincar_base:/root/dev_ws/install/origincar_bringup:/opt/tros:/root/dev_ws/install/tf2_tools:/opt/ros/foxy LD_LIBRARY_PATH=/root/dev_ws/install/origincar_msg/lib:/root/dev_ws/install/ackermann_msgs/lib:/root/dev_ws/install/origincar_base/lib:/root/dev_ws/install/serial/lib:/opt/tros/opt/yaml_cpp_vendor/lib:/opt/tros/lib:/opt/ros/foxy/opt/yaml_cpp_vendor/lib:/opt/ros/foxy/opt/rviz_ogre_vendor/lib:/opt/ros/foxy/lib/aarch64-linux-gnu:/opt/ros/foxy/lib PYTHONPATH=/root/dev_ws/install/origincar_msg/lib/python3.8/site-packages:/root/dev_ws/install/ackermann_msgs/lib/python3.8/site-packages:/root/dev_ws/install/tf2_tools/lib/python3.8/site-packages:/root/dev_ws/install/origincar_base/lib/python3.8/site-packages:/opt/tros/lib/python3.8/site-packages:/opt/ros/foxy/lib/python3.8/site-packages /usr/bin/cmake --build /root/dev_ws/build/origincar_base -- -j4 -l4
[52.453s] DEBUG:colcon.colcon_core.event_handler.log_command:Invoking command in '/root/dev_ws/src/origincar/3rdparty/tf2_tools': PYTHONPATH=/root/dev_ws/build/tf2_tools/prefix_override:/root/dev_ws/install/tf2_tools/lib/python3.8/site-packages:${PYTHONPATH} /usr/bin/python3 setup.py egg_info --egg-base ../../../../build/tf2_tools build --build-base /root/dev_ws/build/tf2_tools/build install --record /root/dev_ws/build/tf2_tools/install.log --single-version-externally-managed
[52.653s] DEBUG:colcon.colcon_core.event_handler.log_command:Invoking command in '/root/dev_ws/build/origincar_base': CMAKE_PREFIX_PATH=/root/dev_ws/install/serial:/root/dev_ws/install/origincar_msg:/root/dev_ws/install/origincar_description:/root/dev_ws/install/ackermann_msgs:/root/dev_ws/install/origincar_base:/root/dev_ws/install/origincar_bringup:/opt/tros:/root/dev_ws/install/tf2_tools:/opt/ros/foxy LD_LIBRARY_PATH=/root/dev_ws/install/origincar_msg/lib:/root/dev_ws/install/ackermann_msgs/lib:/root/dev_ws/install/origincar_base/lib:/root/dev_ws/install/serial/lib:/opt/tros/opt/yaml_cpp_vendor/lib:/opt/tros/lib:/opt/ros/foxy/opt/yaml_cpp_vendor/lib:/opt/ros/foxy/opt/rviz_ogre_vendor/lib:/opt/ros/foxy/lib/aarch64-linux-gnu:/opt/ros/foxy/lib PYTHONPATH=/root/dev_ws/install/origincar_msg/lib/python3.8/site-packages:/root/dev_ws/install/ackermann_msgs/lib/python3.8/site-packages:/root/dev_ws/install/tf2_tools/lib/python3.8/site-packages:/root/dev_ws/install/origincar_base/lib/python3.8/site-packages:/opt/tros/lib/python3.8/site-packages:/opt/ros/foxy/lib/python3.8/site-packages /usr/bin/cmake --install /root/dev_ws/build/origincar_base
[53.094s] Level 1:colcon.colcon_core.environment:create_environment_scripts_only(origincar_base)
[53.111s] DEBUG:colcon.colcon_core.event_handler.log_command:Invoked command in '/root/dev_ws/build/origincar_base' returned '0': CMAKE_PREFIX_PATH=/root/dev_ws/install/serial:/root/dev_ws/install/origincar_msg:/root/dev_ws/install/origincar_description:/root/dev_ws/install/ackermann_msgs:/root/dev_ws/install/origincar_base:/root/dev_ws/install/origincar_bringup:/opt/tros:/root/dev_ws/install/tf2_tools:/opt/ros/foxy LD_LIBRARY_PATH=/root/dev_ws/install/origincar_msg/lib:/root/dev_ws/install/ackermann_msgs/lib:/root/dev_ws/install/origincar_base/lib:/root/dev_ws/install/serial/lib:/opt/tros/opt/yaml_cpp_vendor/lib:/opt/tros/lib:/opt/ros/foxy/opt/yaml_cpp_vendor/lib:/opt/ros/foxy/opt/rviz_ogre_vendor/lib:/opt/ros/foxy/lib/aarch64-linux-gnu:/opt/ros/foxy/lib PYTHONPATH=/root/dev_ws/install/origincar_msg/lib/python3.8/site-packages:/root/dev_ws/install/ackermann_msgs/lib/python3.8/site-packages:/root/dev_ws/install/tf2_tools/lib/python3.8/site-packages:/root/dev_ws/install/origincar_base/lib/python3.8/site-packages:/opt/tros/lib/python3.8/site-packages:/opt/ros/foxy/lib/python3.8/site-packages /usr/bin/cmake --install /root/dev_ws/build/origincar_base
[53.424s] Level 1:colcon.colcon_core.environment:checking '/root/dev_ws/install/origincar_base' for CMake module files
[53.429s] Level 1:colcon.colcon_core.environment:checking '/root/dev_ws/install/origincar_base' for CMake config files
[53.432s] Level 1:colcon.colcon_core.shell:create_environment_hook('origincar_base', 'cmake_prefix_path')
[53.748s] INFO:colcon.colcon_core.shell:Creating environment hook '/root/dev_ws/install/origincar_base/share/origincar_base/hook/cmake_prefix_path.ps1'
[53.757s] INFO:colcon.colcon_core.shell:Creating environment descriptor '/root/dev_ws/install/origincar_base/share/origincar_base/hook/cmake_prefix_path.dsv'
[53.760s] INFO:colcon.colcon_core.shell:Creating environment hook '/root/dev_ws/install/origincar_base/share/origincar_base/hook/cmake_prefix_path.sh'
[53.763s] Level 1:colcon.colcon_core.environment:checking '/root/dev_ws/install/origincar_base/lib'
[53.764s] Level 1:colcon.colcon_core.shell:create_environment_hook('origincar_base', 'ld_library_path_lib')
[54.085s] INFO:colcon.colcon_core.shell:Creating environment hook '/root/dev_ws/install/origincar_base/share/origincar_base/hook/ld_library_path_lib.ps1'
[54.088s] INFO:colcon.colcon_core.shell:Creating environment descriptor '/root/dev_ws/install/origincar_base/share/origincar_base/hook/ld_library_path_lib.dsv'
[54.090s] INFO:colcon.colcon_core.shell:Creating environment hook '/root/dev_ws/install/origincar_base/share/origincar_base/hook/ld_library_path_lib.sh'
[54.093s] Level 1:colcon.colcon_core.environment:checking '/root/dev_ws/install/origincar_base/bin'
[54.094s] Level 1:colcon.colcon_core.environment:checking '/root/dev_ws/install/origincar_base/lib/pkgconfig/origincar_base.pc'
[54.095s] Level 1:colcon.colcon_core.environment:checking '/root/dev_ws/install/origincar_base/lib/python3.8/site-packages'
[54.096s] Level 1:colcon.colcon_core.shell:create_environment_hook('origincar_base', 'pythonpath')
[54.417s] INFO:colcon.colcon_core.shell:Creating environment hook '/root/dev_ws/install/origincar_base/share/origincar_base/hook/pythonpath.ps1'
[54.420s] INFO:colcon.colcon_core.shell:Creating environment descriptor '/root/dev_ws/install/origincar_base/share/origincar_base/hook/pythonpath.dsv'
[54.422s] INFO:colcon.colcon_core.shell:Creating environment hook '/root/dev_ws/install/origincar_base/share/origincar_base/hook/pythonpath.sh'
[54.426s] Level 1:colcon.colcon_core.environment:checking '/root/dev_ws/install/origincar_base/bin'
[54.778s] INFO:colcon.colcon_core.shell:Creating package script '/root/dev_ws/install/origincar_base/share/origincar_base/package.ps1'
[54.782s] INFO:colcon.colcon_core.shell:Creating package descriptor '/root/dev_ws/install/origincar_base/share/origincar_base/package.dsv'
[54.787s] INFO:colcon.colcon_core.shell:Creating package script '/root/dev_ws/install/origincar_base/share/origincar_base/package.sh'
[54.791s] INFO:colcon.colcon_core.shell:Creating package script '/root/dev_ws/install/origincar_base/share/origincar_base/package.bash'
[54.795s] INFO:colcon.colcon_core.shell:Creating package script '/root/dev_ws/install/origincar_base/share/origincar_base/package.zsh'
[54.798s] Level 1:colcon.colcon_core.environment:create_file_with_runtime_dependencies(/root/dev_ws/install/origincar_base/share/colcon-core/packages/origincar_base)
[54.863s] DEBUG:colcon.colcon_core.event_handler.log_command:Invoked command in '/root/dev_ws/src/origincar/3rdparty/tf2_tools' returned '0': PYTHONPATH=/root/dev_ws/build/tf2_tools/prefix_override:/root/dev_ws/install/tf2_tools/lib/python3.8/site-packages:${PYTHONPATH} /usr/bin/python3 setup.py egg_info --egg-base ../../../../build/tf2_tools build --build-base /root/dev_ws/build/tf2_tools/build install --record /root/dev_ws/build/tf2_tools/install.log --single-version-externally-managed
[55.169s] Level 1:colcon.colcon_core.environment:checking '/root/dev_ws/install/tf2_tools' for CMake module files
[55.173s] Level 1:colcon.colcon_core.environment:checking '/root/dev_ws/install/tf2_tools' for CMake config files
[55.175s] Level 1:colcon.colcon_core.environment:checking '/root/dev_ws/install/tf2_tools/lib'
[55.176s] Level 1:colcon.colcon_core.environment:checking '/root/dev_ws/install/tf2_tools/bin'
[55.177s] Level 1:colcon.colcon_core.environment:checking '/root/dev_ws/install/tf2_tools/lib/pkgconfig/tf2_tools.pc'
[55.178s] Level 1:colcon.colcon_core.environment:checking '/root/dev_ws/install/tf2_tools/lib/python3.8/site-packages'
[55.179s] Level 1:colcon.colcon_core.shell:create_environment_hook('tf2_tools', 'pythonpath')
[55.455s] INFO:colcon.colcon_core.shell:Creating environment hook '/root/dev_ws/install/tf2_tools/share/tf2_tools/hook/pythonpath.ps1'
[55.457s] INFO:colcon.colcon_core.shell:Creating environment descriptor '/root/dev_ws/install/tf2_tools/share/tf2_tools/hook/pythonpath.dsv'
[55.460s] INFO:colcon.colcon_core.shell:Creating environment hook '/root/dev_ws/install/tf2_tools/share/tf2_tools/hook/pythonpath.sh'
[55.463s] Level 1:colcon.colcon_core.environment:checking '/root/dev_ws/install/tf2_tools/bin'
[55.464s] Level 1:colcon.colcon_core.environment:create_environment_scripts_only(tf2_tools)
[55.810s] INFO:colcon.colcon_core.shell:Creating package script '/root/dev_ws/install/tf2_tools/share/tf2_tools/package.ps1'
[55.813s] INFO:colcon.colcon_core.shell:Creating package descriptor '/root/dev_ws/install/tf2_tools/share/tf2_tools/package.dsv'
[55.816s] INFO:colcon.colcon_core.shell:Creating package script '/root/dev_ws/install/tf2_tools/share/tf2_tools/package.sh'
[55.820s] INFO:colcon.colcon_core.shell:Creating package script '/root/dev_ws/install/tf2_tools/share/tf2_tools/package.bash'
[55.823s] INFO:colcon.colcon_core.shell:Creating package script '/root/dev_ws/install/tf2_tools/share/tf2_tools/package.zsh'
[55.825s] Level 1:colcon.colcon_core.environment:create_file_with_runtime_dependencies(/root/dev_ws/install/tf2_tools/share/colcon-core/packages/tf2_tools)
[56.115s] Level 1:colcon.colcon_core.environment:create_environment_scripts_only(origincar_base)
[56.390s] Level 1:colcon.colcon_core.environment:checking '/root/dev_ws/install/origincar_base' for CMake module files
[56.394s] Level 1:colcon.colcon_core.environment:checking '/root/dev_ws/install/origincar_base' for CMake config files
[56.396s] Level 1:colcon.colcon_core.shell:create_environment_hook('origincar_base', 'cmake_prefix_path')
[56.671s] INFO:colcon.colcon_core.shell:Creating environment hook '/root/dev_ws/install/origincar_base/share/origincar_base/hook/cmake_prefix_path.ps1'
[56.673s] INFO:colcon.colcon_core.shell:Creating environment descriptor '/root/dev_ws/install/origincar_base/share/origincar_base/hook/cmake_prefix_path.dsv'
[56.676s] INFO:colcon.colcon_core.shell:Creating environment hook '/root/dev_ws/install/origincar_base/share/origincar_base/hook/cmake_prefix_path.sh'
[56.679s] Level 1:colcon.colcon_core.environment:checking '/root/dev_ws/install/origincar_base/lib'
[56.680s] Level 1:colcon.colcon_core.shell:create_environment_hook('origincar_base', 'ld_library_path_lib')
[56.954s] INFO:colcon.colcon_core.shell:Creating environment hook '/root/dev_ws/install/origincar_base/share/origincar_base/hook/ld_library_path_lib.ps1'
[56.957s] INFO:colcon.colcon_core.shell:Creating environment descriptor '/root/dev_ws/install/origincar_base/share/origincar_base/hook/ld_library_path_lib.dsv'
[56.959s] INFO:colcon.colcon_core.shell:Creating environment hook '/root/dev_ws/install/origincar_base/share/origincar_base/hook/ld_library_path_lib.sh'
[56.962s] Level 1:colcon.colcon_core.environment:checking '/root/dev_ws/install/origincar_base/bin'
[56.963s] Level 1:colcon.colcon_core.environment:checking '/root/dev_ws/install/origincar_base/lib/pkgconfig/origincar_base.pc'
[56.964s] Level 1:colcon.colcon_core.environment:checking '/root/dev_ws/install/origincar_base/lib/python3.8/site-packages'
[56.964s] Level 1:colcon.colcon_core.shell:create_environment_hook('origincar_base', 'pythonpath')
[57.237s] INFO:colcon.colcon_core.shell:Creating environment hook '/root/dev_ws/install/origincar_base/share/origincar_base/hook/pythonpath.ps1'
[57.240s] INFO:colcon.colcon_core.shell:Creating environment descriptor '/root/dev_ws/install/origincar_base/share/origincar_base/hook/pythonpath.dsv'
[57.242s] INFO:colcon.colcon_core.shell:Creating environment hook '/root/dev_ws/install/origincar_base/share/origincar_base/hook/pythonpath.sh'
[57.245s] Level 1:colcon.colcon_core.environment:checking '/root/dev_ws/install/origincar_base/bin'
[57.515s] INFO:colcon.colcon_core.shell:Creating package script '/root/dev_ws/install/origincar_base/share/origincar_base/package.ps1'
[57.519s] INFO:colcon.colcon_core.shell:Creating package descriptor '/root/dev_ws/install/origincar_base/share/origincar_base/package.dsv'
[57.523s] INFO:colcon.colcon_core.shell:Creating package script '/root/dev_ws/install/origincar_base/share/origincar_base/package.sh'
[57.527s] INFO:colcon.colcon_core.shell:Creating package script '/root/dev_ws/install/origincar_base/share/origincar_base/package.bash'
[57.530s] INFO:colcon.colcon_core.shell:Creating package script '/root/dev_ws/install/origincar_base/share/origincar_base/package.zsh'
[57.533s] Level 1:colcon.colcon_core.environment:create_file_with_runtime_dependencies(/root/dev_ws/install/origincar_base/share/colcon-core/packages/origincar_base)
[57.534s] DEBUG:colcon.colcon_parallel_executor.executor.parallel:closing loop
[57.536s] DEBUG:colcon.colcon_parallel_executor.executor.parallel:loop closed
[57.536s] DEBUG:colcon.colcon_parallel_executor.executor.parallel:run_until_complete finished with '0'
[57.537s] DEBUG:colcon.colcon_core.event_reactor:joining thread
[57.836s] INFO:colcon.colcon_core.plugin_system:Skipping extension 'colcon_notification.desktop_notification.notify_send': Could not find 'notify-send'
[57.836s] INFO:colcon.colcon_core.plugin_system:Skipping extension 'colcon_notification.desktop_notification.terminal_notifier': Not used on non-Darwin systems
[57.837s] INFO:colcon.colcon_core.plugin_system:Skipping extension 'colcon_notification.desktop_notification.win32': Not used on non-Windows systems
[57.837s] INFO:colcon.colcon_notification.desktop_notification:Sending desktop notification using 'notify2'
[57.842s] DEBUG:colcon.colcon_notification.desktop_notification.notify2:Failed to initialize notify2: org.freedesktop.DBus.Error.ServiceUnknown: The name org.freedesktop.Notifications was not provided by any .service files
[57.842s] DEBUG:colcon.colcon_core.event_reactor:joined thread
[58.109s] INFO:colcon.colcon_core.shell:Creating prefix script '/root/dev_ws/install/local_setup.ps1'
[58.115s] INFO:colcon.colcon_core.shell:Creating prefix util module '/root/dev_ws/install/_local_setup_util_ps1.py'
[58.126s] INFO:colcon.colcon_core.shell:Creating prefix chain script '/root/dev_ws/install/setup.ps1'
[58.405s] INFO:colcon.colcon_core.shell:Creating prefix script '/root/dev_ws/install/local_setup.sh'
[58.409s] INFO:colcon.colcon_core.shell:Creating prefix util module '/root/dev_ws/install/_local_setup_util_sh.py'
[58.413s] INFO:colcon.colcon_core.shell:Creating prefix chain script '/root/dev_ws/install/setup.sh'
[58.759s] INFO:colcon.colcon_core.shell:Creating prefix script '/root/dev_ws/install/local_setup.bash'
[58.763s] INFO:colcon.colcon_core.shell:Creating prefix chain script '/root/dev_ws/install/setup.bash'
[59.034s] INFO:colcon.colcon_core.shell:Creating prefix script '/root/dev_ws/install/local_setup.zsh'
[59.038s] INFO:colcon.colcon_core.shell:Creating prefix chain script '/root/dev_ws/install/setup.zsh'
