[4.573s] Invoking command in '/root/dev_ws/build/origincar_msg': CMAKE_PREFIX_PATH=${CMAKE_PREFIX_PATH}:/userdata/dev_ws/install/qr_code_detection:/userdata/dev_ws/install/qr_code_control:/userdata/dev_ws/install/originbot_linefollower:/userdata/dev_ws/install/originbot_demo:/opt/ros/foxy /usr/bin/cmake /root/dev_ws/src/origincar/origincar_msg -DCMAKE_INSTALL_PREFIX=/root/dev_ws/install/origincar_msg
[6.033s] -- The C compiler identification is GNU 9.3.0
[7.285s] -- The CXX compiler identification is GNU 9.3.0
[7.328s] -- Check for working C compiler: /usr/bin/cc
[7.810s] -- Check for working C compiler: /usr/bin/cc -- works
[7.822s] -- Detecting C compiler ABI info
[8.312s] -- Detecting C compiler ABI info - done
[8.408s] -- Detecting C compile features
[8.410s] -- Detecting C compile features - done
[8.428s] -- Check for working CXX compiler: /usr/bin/c++
[8.947s] -- Check for working CXX compiler: /usr/bin/c++ -- works
[8.956s] -- Detecting CXX compiler ABI info
[9.477s] -- Detecting CXX compiler ABI info - done
[9.587s] -- Detecting CXX compile features
[9.593s] -- Detecting CXX compile features - done
[9.661s] -- Found ament_cmake: 0.9.12 (/opt/tros/share/ament_cmake/cmake)
[9.972s] -- Found PythonInterp: /usr/bin/python3 (found suitable version "3.8.10", minimum required is "3") 
[9.974s] -- Using PYTHON_EXECUTABLE: /usr/bin/python3
[12.004s] -- Found rosidl_default_generators: 1.0.1 (/opt/tros/share/rosidl_default_generators/cmake)
[12.066s] -- Using all available rosidl_typesupport_c: rosidl_typesupport_fastrtps_c;rosidl_typesupport_introspection_c
[12.128s] -- Found rosidl_adapter: 1.3.1 (/opt/tros/share/rosidl_adapter/cmake)
[12.468s] -- Found FastRTPS: /opt/tros/include  
[13.232s] -- Using all available rosidl_typesupport_cpp: rosidl_typesupport_fastrtps_cpp;rosidl_typesupport_introspection_cpp
[13.500s] -- Found std_msgs: 2.0.5 (/opt/tros/share/std_msgs/cmake)
[14.097s] -- Found PythonInterp: /usr/bin/python3 (found version "3.8.10") 
[15.712s] -- Found ament_cmake_cppcheck: 0.9.8 (/opt/tros/share/ament_cmake_cppcheck/cmake)
[15.758s] -- Found ament_cmake_cpplint: 0.9.8 (/opt/tros/share/ament_cmake_cpplint/cmake)
[15.787s] -- Found ament_cmake_uncrustify: 0.9.8 (/opt/tros/share/ament_cmake_uncrustify/cmake)
[15.808s] -- Found ament_cmake_ros: 0.9.2 (/opt/tros/share/ament_cmake_ros/cmake)
[18.323s] -- Using all available rosidl_typesupport_c: rosidl_typesupport_fastrtps_c;rosidl_typesupport_introspection_c
[19.738s] -- Using all available rosidl_typesupport_cpp: rosidl_typesupport_fastrtps_cpp;rosidl_typesupport_introspection_cpp
[20.211s] -- Found PythonInterp: /usr/bin/python3 (found suitable version "3.8.10", minimum required is "3.5") 
[20.246s] -- Found python_cmake_module: 0.8.1 (/opt/tros/share/python_cmake_module/cmake)
[20.620s] -- Found PythonLibs: /usr/lib/aarch64-linux-gnu/libpython3.8.so (found suitable version "3.8.10", minimum required is "3.5") 
[20.631s] -- Using PYTHON_EXECUTABLE: /usr/bin/python3
[20.632s] -- Using PYTHON_INCLUDE_DIRS: /usr/include/python3.8
[20.635s] -- Using PYTHON_LIBRARIES: /usr/lib/aarch64-linux-gnu/libpython3.8.so
[20.855s] -- Found PythonExtra: .so  
[21.689s] -- Found ament_cmake_flake8: 0.9.8 (/opt/tros/share/ament_cmake_flake8/cmake)
[21.711s] -- Found ament_cmake_pep257: 0.9.8 (/opt/tros/share/ament_cmake_pep257/cmake)
[21.791s] -- Configuring done
[22.101s] -- Generating done
[22.123s] -- Build files have been written to: /root/dev_ws/build/origincar_msg
[24.960s] Invoked command in '/root/dev_ws/build/origincar_msg' returned '0': CMAKE_PREFIX_PATH=${CMAKE_PREFIX_PATH}:/userdata/dev_ws/install/qr_code_detection:/userdata/dev_ws/install/qr_code_control:/userdata/dev_ws/install/originbot_linefollower:/userdata/dev_ws/install/originbot_demo:/opt/ros/foxy /usr/bin/cmake /root/dev_ws/src/origincar/origincar_msg -DCMAKE_INSTALL_PREFIX=/root/dev_ws/install/origincar_msg
[24.972s] Invoking command in '/root/dev_ws/build/origincar_msg': CMAKE_PREFIX_PATH=${CMAKE_PREFIX_PATH}:/userdata/dev_ws/install/qr_code_detection:/userdata/dev_ws/install/qr_code_control:/userdata/dev_ws/install/originbot_linefollower:/userdata/dev_ws/install/originbot_demo:/opt/ros/foxy /usr/bin/cmake --build /root/dev_ws/build/origincar_msg -- -j4 -l4
[25.271s] [35m[1mScanning dependencies of target origincar_msg__cpp[0m
[25.305s] [  2%] [34m[1mGenerating C code for ROS interfaces[0m
[25.388s] [  5%] [34m[1mGenerating C++ code for ROS interfaces[0m
[29.829s] [  5%] Built target origincar_msg__cpp
[29.980s] [  7%] [34m[1mGenerating C++ type support for eProsima Fast-RTPS[0m
[30.024s] [ 10%] [34m[1mGenerating C++ type support dispatch for ROS interfaces[0m
[30.085s] [ 12%] [34m[1mGenerating C++ introspection for ROS interfaces[0m
[31.031s] [35m[1mScanning dependencies of target origincar_msg__rosidl_generator_c[0m
[31.214s] [ 15%] [32mBuilding C object CMakeFiles/origincar_msg__rosidl_generator_c.dir/rosidl_generator_c/origincar_msg/msg/detail/data__functions.c.o[0m
[31.894s] [ 17%] [32mBuilding C object CMakeFiles/origincar_msg__rosidl_generator_c.dir/rosidl_generator_c/origincar_msg/msg/detail/sign__functions.c.o[0m
[32.613s] [ 20%] [32m[1mLinking C shared library liborigincar_msg__rosidl_generator_c.so[0m
[33.241s] [ 20%] Built target origincar_msg__rosidl_generator_c
[33.417s] [ 23%] [34m[1mGenerating C introspection for ROS interfaces[0m
[34.678s] [35m[1mScanning dependencies of target origincar_msg__rosidl_typesupport_cpp[0m
[34.892s] [ 25%] [32mBuilding CXX object CMakeFiles/origincar_msg__rosidl_typesupport_cpp.dir/rosidl_typesupport_cpp/origincar_msg/msg/data__type_support.cpp.o[0m
[35.361s] [35m[1mScanning dependencies of target origincar_msg__rosidl_typesupport_introspection_cpp[0m
[35.643s] [ 28%] [32mBuilding CXX object CMakeFiles/origincar_msg__rosidl_typesupport_introspection_cpp.dir/rosidl_typesupport_introspection_cpp/origincar_msg/msg/detail/data__type_support.cpp.o[0m
[35.645s] [35m[1mScanning dependencies of target origincar_msg__rosidl_typesupport_fastrtps_cpp[0m
[35.914s] [ 30%] [32mBuilding CXX object CMakeFiles/origincar_msg__rosidl_typesupport_fastrtps_cpp.dir/rosidl_typesupport_fastrtps_cpp/origincar_msg/msg/detail/dds_fastrtps/data__type_support.cpp.o[0m
[39.311s] [35m[1mScanning dependencies of target origincar_msg__rosidl_typesupport_introspection_c[0m
[39.557s] [ 33%] [32mBuilding C object CMakeFiles/origincar_msg__rosidl_typesupport_introspection_c.dir/rosidl_typesupport_introspection_c/origincar_msg/msg/detail/data__type_support.c.o[0m
[40.046s] [ 35%] [32mBuilding C object CMakeFiles/origincar_msg__rosidl_typesupport_introspection_c.dir/rosidl_typesupport_introspection_c/origincar_msg/msg/detail/sign__type_support.c.o[0m
[40.326s] [ 38%] [32mBuilding CXX object CMakeFiles/origincar_msg__rosidl_typesupport_introspection_cpp.dir/rosidl_typesupport_introspection_cpp/origincar_msg/msg/detail/sign__type_support.cpp.o[0m
[40.487s] [ 41%] [32mBuilding CXX object CMakeFiles/origincar_msg__rosidl_typesupport_cpp.dir/rosidl_typesupport_cpp/origincar_msg/msg/sign__type_support.cpp.o[0m
[40.574s] [ 43%] [32m[1mLinking C shared library liborigincar_msg__rosidl_typesupport_introspection_c.so[0m
[40.891s] [ 43%] Built target origincar_msg__rosidl_typesupport_introspection_c
[43.028s] [ 46%] [32mBuilding CXX object CMakeFiles/origincar_msg__rosidl_typesupport_fastrtps_cpp.dir/rosidl_typesupport_fastrtps_cpp/origincar_msg/msg/detail/dds_fastrtps/sign__type_support.cpp.o[0m
[44.417s] [ 48%] [32m[1mLinking CXX shared library liborigincar_msg__rosidl_typesupport_introspection_cpp.so[0m
[44.425s] [ 51%] [32m[1mLinking CXX shared library liborigincar_msg__rosidl_typesupport_cpp.so[0m
[44.956s] [ 51%] Built target origincar_msg__rosidl_typesupport_introspection_cpp
[44.972s] [ 51%] Built target origincar_msg__rosidl_typesupport_cpp
[46.995s] [ 53%] [32m[1mLinking CXX shared library liborigincar_msg__rosidl_typesupport_fastrtps_cpp.so[0m
[47.632s] [ 53%] Built target origincar_msg__rosidl_typesupport_fastrtps_cpp
[47.685s] [ 56%] [34m[1mGenerating C type support dispatch for ROS interfaces[0m
[49.716s] [35m[1mScanning dependencies of target origincar_msg__rosidl_typesupport_c[0m
[49.777s] [ 58%] [32mBuilding CXX object CMakeFiles/origincar_msg__rosidl_typesupport_c.dir/rosidl_typesupport_c/origincar_msg/msg/data__type_support.cpp.o[0m
[49.948s] [ 61%] [32mBuilding CXX object CMakeFiles/origincar_msg__rosidl_typesupport_c.dir/rosidl_typesupport_c/origincar_msg/msg/sign__type_support.cpp.o[0m
[50.118s] [ 64%] [32m[1mLinking CXX shared library liborigincar_msg__rosidl_typesupport_c.so[0m
[50.329s] [ 64%] Built target origincar_msg__rosidl_typesupport_c
[50.380s] [ 66%] [34m[1mGenerating C type support for eProsima Fast-RTPS[0m
[52.658s] [35m[1mScanning dependencies of target origincar_msg__rosidl_typesupport_fastrtps_c[0m
[52.798s] [ 69%] [32mBuilding CXX object CMakeFiles/origincar_msg__rosidl_typesupport_fastrtps_c.dir/rosidl_typesupport_fastrtps_c/origincar_msg/msg/detail/data__type_support_c.cpp.o[0m
[55.379s] [ 71%] [32mBuilding CXX object CMakeFiles/origincar_msg__rosidl_typesupport_fastrtps_c.dir/rosidl_typesupport_fastrtps_c/origincar_msg/msg/detail/sign__type_support_c.cpp.o[0m
[57.873s] [ 74%] [32m[1mLinking CXX shared library liborigincar_msg__rosidl_typesupport_fastrtps_c.so[0m
[58.463s] [ 74%] Built target origincar_msg__rosidl_typesupport_fastrtps_c
[58.514s] [35m[1mScanning dependencies of target origincar_msg[0m
[58.568s] [ 74%] Built target origincar_msg
[58.621s] [35m[1mScanning dependencies of target origincar_msg__py[0m
[58.676s] [ 76%] [34m[1mGenerating Python code for ROS interfaces[0m
[63.050s] [ 76%] Built target origincar_msg__py
[63.109s] [35m[1mScanning dependencies of target origincar_msg__python[0m
[63.296s] [ 79%] [32mBuilding C object CMakeFiles/origincar_msg__python.dir/rosidl_generator_py/origincar_msg/msg/_data_s.c.o[0m
[63.940s] [ 82%] [32mBuilding C object CMakeFiles/origincar_msg__python.dir/rosidl_generator_py/origincar_msg/msg/_sign_s.c.o[0m
[64.548s] [ 84%] [32m[1mLinking C shared library rosidl_generator_py/origincar_msg/liborigincar_msg__python.so[0m
[64.832s] [ 84%] Built target origincar_msg__python
[64.881s] [35m[1mScanning dependencies of target origincar_msg__rosidl_typesupport_introspection_c__pyext[0m
[64.973s] [ 87%] [32mBuilding C object CMakeFiles/origincar_msg__rosidl_typesupport_introspection_c__pyext.dir/rosidl_generator_py/origincar_msg/_origincar_msg_s.ep.rosidl_typesupport_introspection_c.c.o[0m
[65.526s] [ 89%] [32m[1mLinking C shared library rosidl_generator_py/origincar_msg/origincar_msg_s__rosidl_typesupport_introspection_c.cpython-38-aarch64-linux-gnu.so[0m
[65.762s] [ 89%] Built target origincar_msg__rosidl_typesupport_introspection_c__pyext
[65.816s] [35m[1mScanning dependencies of target origincar_msg__rosidl_typesupport_c__pyext[0m
[65.918s] [ 92%] [32mBuilding C object CMakeFiles/origincar_msg__rosidl_typesupport_c__pyext.dir/rosidl_generator_py/origincar_msg/_origincar_msg_s.ep.rosidl_typesupport_c.c.o[0m
[66.506s] [ 94%] [32m[1mLinking C shared library rosidl_generator_py/origincar_msg/origincar_msg_s__rosidl_typesupport_c.cpython-38-aarch64-linux-gnu.so[0m
[66.744s] [ 94%] Built target origincar_msg__rosidl_typesupport_c__pyext
[66.795s] [35m[1mScanning dependencies of target origincar_msg__rosidl_typesupport_fastrtps_c__pyext[0m
[66.894s] [ 97%] [32mBuilding C object CMakeFiles/origincar_msg__rosidl_typesupport_fastrtps_c__pyext.dir/rosidl_generator_py/origincar_msg/_origincar_msg_s.ep.rosidl_typesupport_fastrtps_c.c.o[0m
[67.483s] [100%] [32m[1mLinking CXX shared library rosidl_generator_py/origincar_msg/origincar_msg_s__rosidl_typesupport_fastrtps_c.cpython-38-aarch64-linux-gnu.so[0m
[67.880s] [100%] Built target origincar_msg__rosidl_typesupport_fastrtps_c__pyext
[67.938s] Invoked command in '/root/dev_ws/build/origincar_msg' returned '0': CMAKE_PREFIX_PATH=${CMAKE_PREFIX_PATH}:/userdata/dev_ws/install/qr_code_detection:/userdata/dev_ws/install/qr_code_control:/userdata/dev_ws/install/originbot_linefollower:/userdata/dev_ws/install/originbot_demo:/opt/ros/foxy /usr/bin/cmake --build /root/dev_ws/build/origincar_msg -- -j4 -l4
[68.192s] Invoking command in '/root/dev_ws/build/origincar_msg': CMAKE_PREFIX_PATH=${CMAKE_PREFIX_PATH}:/userdata/dev_ws/install/qr_code_detection:/userdata/dev_ws/install/qr_code_control:/userdata/dev_ws/install/originbot_linefollower:/userdata/dev_ws/install/originbot_demo:/opt/ros/foxy /usr/bin/cmake --install /root/dev_ws/build/origincar_msg
[68.242s] -- Install configuration: ""
[68.243s] -- Installing: /root/dev_ws/install/origincar_msg/share/ament_index/resource_index/rosidl_interfaces/origincar_msg
[68.245s] -- Installing: /root/dev_ws/install/origincar_msg/include/origincar_msg
[68.246s] -- Installing: /root/dev_ws/install/origincar_msg/include/origincar_msg/msg
[68.247s] -- Installing: /root/dev_ws/install/origincar_msg/include/origincar_msg/msg/data.h
[68.248s] -- Installing: /root/dev_ws/install/origincar_msg/include/origincar_msg/msg/rosidl_generator_c__visibility_control.h
[68.249s] -- Installing: /root/dev_ws/install/origincar_msg/include/origincar_msg/msg/sign.h
[68.250s] -- Installing: /root/dev_ws/install/origincar_msg/include/origincar_msg/msg/detail
[68.251s] -- Installing: /root/dev_ws/install/origincar_msg/include/origincar_msg/msg/detail/sign__type_support.h
[68.252s] -- Installing: /root/dev_ws/install/origincar_msg/include/origincar_msg/msg/detail/sign__functions.h
[68.254s] -- Installing: /root/dev_ws/install/origincar_msg/include/origincar_msg/msg/detail/data__functions.h
[68.255s] -- Installing: /root/dev_ws/install/origincar_msg/include/origincar_msg/msg/detail/data__functions.c
[68.255s] -- Installing: /root/dev_ws/install/origincar_msg/include/origincar_msg/msg/detail/data__type_support.h
[68.256s] -- Installing: /root/dev_ws/install/origincar_msg/include/origincar_msg/msg/detail/sign__functions.c
[68.258s] -- Installing: /root/dev_ws/install/origincar_msg/include/origincar_msg/msg/detail/data__struct.h
[68.259s] -- Installing: /root/dev_ws/install/origincar_msg/include/origincar_msg/msg/detail/sign__struct.h
[68.260s] -- Installing: /root/dev_ws/install/origincar_msg/share/origincar_msg/environment/library_path.sh
[68.261s] -- Installing: /root/dev_ws/install/origincar_msg/share/origincar_msg/environment/library_path.dsv
[68.262s] -- Installing: /root/dev_ws/install/origincar_msg/lib/liborigincar_msg__rosidl_generator_c.so
[68.263s] -- Set runtime path of "/root/dev_ws/install/origincar_msg/lib/liborigincar_msg__rosidl_generator_c.so" to ""
[68.264s] -- Up-to-date: /root/dev_ws/install/origincar_msg/include/origincar_msg
[68.265s] -- Up-to-date: /root/dev_ws/install/origincar_msg/include/origincar_msg/msg
[68.266s] -- Installing: /root/dev_ws/install/origincar_msg/include/origincar_msg/msg/rosidl_typesupport_fastrtps_c__visibility_control.h
[68.267s] -- Up-to-date: /root/dev_ws/install/origincar_msg/include/origincar_msg/msg/detail
[68.268s] -- Installing: /root/dev_ws/install/origincar_msg/include/origincar_msg/msg/detail/data__rosidl_typesupport_fastrtps_c.h
[68.270s] -- Installing: /root/dev_ws/install/origincar_msg/include/origincar_msg/msg/detail/sign__rosidl_typesupport_fastrtps_c.h
[68.271s] -- Installing: /root/dev_ws/install/origincar_msg/lib/liborigincar_msg__rosidl_typesupport_fastrtps_c.so
[68.272s] -- Set runtime path of "/root/dev_ws/install/origincar_msg/lib/liborigincar_msg__rosidl_typesupport_fastrtps_c.so" to ""
[68.273s] -- Up-to-date: /root/dev_ws/install/origincar_msg/include/origincar_msg
[68.274s] -- Up-to-date: /root/dev_ws/install/origincar_msg/include/origincar_msg/msg
[68.275s] -- Installing: /root/dev_ws/install/origincar_msg/include/origincar_msg/msg/rosidl_typesupport_fastrtps_cpp__visibility_control.h
[68.276s] -- Up-to-date: /root/dev_ws/install/origincar_msg/include/origincar_msg/msg/detail
[68.277s] -- Installing: /root/dev_ws/install/origincar_msg/include/origincar_msg/msg/detail/data__rosidl_typesupport_fastrtps_cpp.hpp
[68.278s] -- Installing: /root/dev_ws/install/origincar_msg/include/origincar_msg/msg/detail/sign__rosidl_typesupport_fastrtps_cpp.hpp
[68.279s] -- Installing: /root/dev_ws/install/origincar_msg/include/origincar_msg/msg/detail/dds_fastrtps
[68.281s] -- Installing: /root/dev_ws/install/origincar_msg/lib/liborigincar_msg__rosidl_typesupport_fastrtps_cpp.so
[68.282s] -- Set runtime path of "/root/dev_ws/install/origincar_msg/lib/liborigincar_msg__rosidl_typesupport_fastrtps_cpp.so" to ""
[68.283s] -- Up-to-date: /root/dev_ws/install/origincar_msg/include/origincar_msg
[68.284s] -- Up-to-date: /root/dev_ws/install/origincar_msg/include/origincar_msg/msg
[68.286s] -- Installing: /root/dev_ws/install/origincar_msg/include/origincar_msg/msg/rosidl_typesupport_introspection_c__visibility_control.h
[68.287s] -- Up-to-date: /root/dev_ws/install/origincar_msg/include/origincar_msg/msg/detail
[68.288s] -- Installing: /root/dev_ws/install/origincar_msg/include/origincar_msg/msg/detail/data__rosidl_typesupport_introspection_c.h
[68.289s] -- Installing: /root/dev_ws/install/origincar_msg/include/origincar_msg/msg/detail/sign__type_support.c
[68.289s] -- Installing: /root/dev_ws/install/origincar_msg/include/origincar_msg/msg/detail/data__type_support.c
[68.291s] -- Installing: /root/dev_ws/install/origincar_msg/include/origincar_msg/msg/detail/sign__rosidl_typesupport_introspection_c.h
[68.291s] -- Installing: /root/dev_ws/install/origincar_msg/lib/liborigincar_msg__rosidl_typesupport_introspection_c.so
[68.292s] -- Set runtime path of "/root/dev_ws/install/origincar_msg/lib/liborigincar_msg__rosidl_typesupport_introspection_c.so" to ""
[68.293s] -- Installing: /root/dev_ws/install/origincar_msg/lib/liborigincar_msg__rosidl_typesupport_c.so
[68.294s] -- Set runtime path of "/root/dev_ws/install/origincar_msg/lib/liborigincar_msg__rosidl_typesupport_c.so" to ""
[68.295s] -- Up-to-date: /root/dev_ws/install/origincar_msg/include/origincar_msg
[68.297s] -- Up-to-date: /root/dev_ws/install/origincar_msg/include/origincar_msg/msg
[68.298s] -- Installing: /root/dev_ws/install/origincar_msg/include/origincar_msg/msg/data.hpp
[68.299s] -- Installing: /root/dev_ws/install/origincar_msg/include/origincar_msg/msg/rosidl_generator_cpp__visibility_control.hpp
[68.300s] -- Up-to-date: /root/dev_ws/install/origincar_msg/include/origincar_msg/msg/detail
[68.301s] -- Installing: /root/dev_ws/install/origincar_msg/include/origincar_msg/msg/detail/sign__builder.hpp
[68.302s] -- Installing: /root/dev_ws/install/origincar_msg/include/origincar_msg/msg/detail/data__traits.hpp
[68.302s] -- Installing: /root/dev_ws/install/origincar_msg/include/origincar_msg/msg/detail/data__builder.hpp
[68.303s] -- Installing: /root/dev_ws/install/origincar_msg/include/origincar_msg/msg/detail/sign__traits.hpp
[68.304s] -- Installing: /root/dev_ws/install/origincar_msg/include/origincar_msg/msg/detail/sign__struct.hpp
[68.305s] -- Installing: /root/dev_ws/install/origincar_msg/include/origincar_msg/msg/detail/sign__type_support.hpp
[68.306s] -- Installing: /root/dev_ws/install/origincar_msg/include/origincar_msg/msg/detail/data__type_support.hpp
[68.307s] -- Installing: /root/dev_ws/install/origincar_msg/include/origincar_msg/msg/detail/data__struct.hpp
[68.308s] -- Installing: /root/dev_ws/install/origincar_msg/include/origincar_msg/msg/sign.hpp
[68.308s] -- Up-to-date: /root/dev_ws/install/origincar_msg/include/origincar_msg
[68.309s] -- Up-to-date: /root/dev_ws/install/origincar_msg/include/origincar_msg/msg
[68.310s] -- Up-to-date: /root/dev_ws/install/origincar_msg/include/origincar_msg/msg/detail
[68.311s] -- Installing: /root/dev_ws/install/origincar_msg/include/origincar_msg/msg/detail/sign__type_support.cpp
[68.312s] -- Installing: /root/dev_ws/install/origincar_msg/include/origincar_msg/msg/detail/data__type_support.cpp
[68.313s] -- Installing: /root/dev_ws/install/origincar_msg/include/origincar_msg/msg/detail/data__rosidl_typesupport_introspection_cpp.hpp
[68.314s] -- Installing: /root/dev_ws/install/origincar_msg/include/origincar_msg/msg/detail/sign__rosidl_typesupport_introspection_cpp.hpp
[68.314s] -- Installing: /root/dev_ws/install/origincar_msg/lib/liborigincar_msg__rosidl_typesupport_introspection_cpp.so
[68.315s] -- Set runtime path of "/root/dev_ws/install/origincar_msg/lib/liborigincar_msg__rosidl_typesupport_introspection_cpp.so" to ""
[68.316s] -- Installing: /root/dev_ws/install/origincar_msg/lib/liborigincar_msg__rosidl_typesupport_cpp.so
[68.317s] -- Set runtime path of "/root/dev_ws/install/origincar_msg/lib/liborigincar_msg__rosidl_typesupport_cpp.so" to ""
[68.318s] -- Installing: /root/dev_ws/install/origincar_msg/share/origincar_msg/environment/pythonpath.sh
[68.319s] -- Installing: /root/dev_ws/install/origincar_msg/share/origincar_msg/environment/pythonpath.dsv
[68.319s] -- Installing: /root/dev_ws/install/origincar_msg/lib/python3.8/site-packages/origincar_msg/__init__.py
[68.531s] Compiling '/root/dev_ws/install/origincar_msg/lib/python3.8/site-packages/origincar_msg/__init__.py'...
[68.572s] -- Installing: /root/dev_ws/install/origincar_msg/lib/python3.8/site-packages/origincar_msg/msg
[68.574s] -- Installing: /root/dev_ws/install/origincar_msg/lib/python3.8/site-packages/origincar_msg/msg/_data_s.c
[68.575s] -- Installing: /root/dev_ws/install/origincar_msg/lib/python3.8/site-packages/origincar_msg/msg/_sign.py
[68.576s] -- Installing: /root/dev_ws/install/origincar_msg/lib/python3.8/site-packages/origincar_msg/msg/_sign_s.c
[68.577s] -- Installing: /root/dev_ws/install/origincar_msg/lib/python3.8/site-packages/origincar_msg/msg/__init__.py
[68.578s] -- Installing: /root/dev_ws/install/origincar_msg/lib/python3.8/site-packages/origincar_msg/msg/_data.py
[68.578s] -- Installing: /root/dev_ws/install/origincar_msg/lib/python3.8/site-packages/origincar_msg/origincar_msg_s__rosidl_typesupport_fastrtps_c.cpython-38-aarch64-linux-gnu.so
[68.580s] -- Set runtime path of "/root/dev_ws/install/origincar_msg/lib/python3.8/site-packages/origincar_msg/origincar_msg_s__rosidl_typesupport_fastrtps_c.cpython-38-aarch64-linux-gnu.so" to ""
[68.581s] -- Installing: /root/dev_ws/install/origincar_msg/lib/python3.8/site-packages/origincar_msg/origincar_msg_s__rosidl_typesupport_introspection_c.cpython-38-aarch64-linux-gnu.so
[68.584s] -- Set runtime path of "/root/dev_ws/install/origincar_msg/lib/python3.8/site-packages/origincar_msg/origincar_msg_s__rosidl_typesupport_introspection_c.cpython-38-aarch64-linux-gnu.so" to ""
[68.585s] -- Installing: /root/dev_ws/install/origincar_msg/lib/python3.8/site-packages/origincar_msg/origincar_msg_s__rosidl_typesupport_c.cpython-38-aarch64-linux-gnu.so
[68.587s] -- Set runtime path of "/root/dev_ws/install/origincar_msg/lib/python3.8/site-packages/origincar_msg/origincar_msg_s__rosidl_typesupport_c.cpython-38-aarch64-linux-gnu.so" to ""
[68.588s] -- Installing: /root/dev_ws/install/origincar_msg/lib/liborigincar_msg__python.so
[68.590s] -- Set runtime path of "/root/dev_ws/install/origincar_msg/lib/liborigincar_msg__python.so" to ""
[68.591s] -- Installing: /root/dev_ws/install/origincar_msg/share/origincar_msg/msg/Data.idl
[68.592s] -- Installing: /root/dev_ws/install/origincar_msg/share/origincar_msg/msg/Sign.idl
[68.593s] -- Installing: /root/dev_ws/install/origincar_msg/share/origincar_msg/msg/Data.msg
[68.594s] -- Installing: /root/dev_ws/install/origincar_msg/share/origincar_msg/msg/Sign.msg
[68.595s] -- Installing: /root/dev_ws/install/origincar_msg/share/ament_index/resource_index/package_run_dependencies/origincar_msg
[68.596s] -- Installing: /root/dev_ws/install/origincar_msg/share/ament_index/resource_index/parent_prefix_path/origincar_msg
[68.598s] -- Installing: /root/dev_ws/install/origincar_msg/share/origincar_msg/environment/ament_prefix_path.sh
[68.600s] -- Installing: /root/dev_ws/install/origincar_msg/share/origincar_msg/environment/ament_prefix_path.dsv
[68.601s] -- Installing: /root/dev_ws/install/origincar_msg/share/origincar_msg/environment/path.sh
[68.602s] -- Installing: /root/dev_ws/install/origincar_msg/share/origincar_msg/environment/path.dsv
[68.603s] -- Installing: /root/dev_ws/install/origincar_msg/share/origincar_msg/local_setup.bash
[68.605s] -- Installing: /root/dev_ws/install/origincar_msg/share/origincar_msg/local_setup.sh
[68.606s] -- Installing: /root/dev_ws/install/origincar_msg/share/origincar_msg/local_setup.zsh
[68.607s] -- Installing: /root/dev_ws/install/origincar_msg/share/origincar_msg/local_setup.dsv
[68.608s] -- Installing: /root/dev_ws/install/origincar_msg/share/origincar_msg/package.dsv
[68.609s] -- Installing: /root/dev_ws/install/origincar_msg/share/ament_index/resource_index/packages/origincar_msg
[68.610s] -- Installing: /root/dev_ws/install/origincar_msg/share/origincar_msg/cmake/origincar_msg__rosidl_generator_cExport.cmake
[68.611s] -- Installing: /root/dev_ws/install/origincar_msg/share/origincar_msg/cmake/origincar_msg__rosidl_generator_cExport-noconfig.cmake
[68.612s] -- Installing: /root/dev_ws/install/origincar_msg/share/origincar_msg/cmake/origincar_msg__rosidl_typesupport_introspection_cExport.cmake
[68.613s] -- Installing: /root/dev_ws/install/origincar_msg/share/origincar_msg/cmake/origincar_msg__rosidl_typesupport_introspection_cExport-noconfig.cmake
[68.614s] -- Installing: /root/dev_ws/install/origincar_msg/share/origincar_msg/cmake/origincar_msg__rosidl_typesupport_cExport.cmake
[68.620s] -- Installing: /root/dev_ws/install/origincar_msg/share/origincar_msg/cmake/origincar_msg__rosidl_typesupport_cExport-noconfig.cmake
[68.621s] -- Installing: /root/dev_ws/install/origincar_msg/share/origincar_msg/cmake/origincar_msg__rosidl_generator_cppExport.cmake
[68.623s] -- Installing: /root/dev_ws/install/origincar_msg/share/origincar_msg/cmake/origincar_msg__rosidl_typesupport_introspection_cppExport.cmake
[68.624s] -- Installing: /root/dev_ws/install/origincar_msg/share/origincar_msg/cmake/origincar_msg__rosidl_typesupport_introspection_cppExport-noconfig.cmake
[68.626s] -- Installing: /root/dev_ws/install/origincar_msg/share/origincar_msg/cmake/origincar_msg__rosidl_typesupport_cppExport.cmake
[68.628s] -- Installing: /root/dev_ws/install/origincar_msg/share/origincar_msg/cmake/origincar_msg__rosidl_typesupport_cppExport-noconfig.cmake
[68.629s] -- Installing: /root/dev_ws/install/origincar_msg/share/origincar_msg/cmake/rosidl_cmake-extras.cmake
[68.631s] -- Installing: /root/dev_ws/install/origincar_msg/share/origincar_msg/cmake/ament_cmake_export_dependencies-extras.cmake
[68.632s] -- Installing: /root/dev_ws/install/origincar_msg/share/origincar_msg/cmake/ament_cmake_export_libraries-extras.cmake
[68.633s] -- Installing: /root/dev_ws/install/origincar_msg/share/origincar_msg/cmake/ament_cmake_export_targets-extras.cmake
[68.634s] -- Installing: /root/dev_ws/install/origincar_msg/share/origincar_msg/cmake/ament_cmake_export_include_directories-extras.cmake
[68.635s] -- Installing: /root/dev_ws/install/origincar_msg/share/origincar_msg/cmake/rosidl_cmake_export_typesupport_libraries-extras.cmake
[68.636s] -- Installing: /root/dev_ws/install/origincar_msg/share/origincar_msg/cmake/rosidl_cmake_export_typesupport_targets-extras.cmake
[68.637s] -- Installing: /root/dev_ws/install/origincar_msg/share/origincar_msg/cmake/origincar_msgConfig.cmake
[68.639s] -- Installing: /root/dev_ws/install/origincar_msg/share/origincar_msg/cmake/origincar_msgConfig-version.cmake
[68.641s] -- Installing: /root/dev_ws/install/origincar_msg/share/origincar_msg/package.xml
[68.646s] Invoked command in '/root/dev_ws/build/origincar_msg' returned '0': CMAKE_PREFIX_PATH=${CMAKE_PREFIX_PATH}:/userdata/dev_ws/install/qr_code_detection:/userdata/dev_ws/install/qr_code_control:/userdata/dev_ws/install/originbot_linefollower:/userdata/dev_ws/install/originbot_demo:/opt/ros/foxy /usr/bin/cmake --install /root/dev_ws/build/origincar_msg
