[2.588s] Invoking command in '/root/dev_ws/Horizen-SmartCar-DGDZ/src/build/origincar_msg': CMAKE_PREFIX_PATH=${CMAKE_PREFIX_PATH}:/opt/ros/foxy /usr/bin/cmake /root/dev_ws/Horizen-SmartCar-DGDZ/src/origincar/origincar_msg -DCMAKE_INSTALL_PREFIX=/root/dev_ws/Horizen-SmartCar-DGDZ/src/install/origincar_msg
[3.084s] -- The C compiler identification is GNU 9.3.0
[3.538s] -- The CXX compiler identification is GNU 9.3.0
[3.576s] -- Check for working C compiler: /usr/bin/cc
[4.051s] -- Check for working C compiler: /usr/bin/cc -- works
[4.059s] -- Detecting C compiler ABI info
[4.539s] -- Detecting C compiler ABI info - done
[4.633s] -- Detecting C compile features
[4.636s] -- Detecting C compile features - done
[4.653s] -- Check for working CXX compiler: /usr/bin/c++
[5.166s] -- Check for working CXX compiler: /usr/bin/c++ -- works
[5.176s] -- Detecting CXX compiler ABI info
[5.786s] -- Detecting CXX compiler ABI info - done
[5.931s] -- Detecting CXX compile features
[5.939s] -- Detecting CXX compile features - done
[5.958s] -- Found ament_cmake: 0.9.12 (/opt/tros/share/ament_cmake/cmake)
[6.219s] -- Found PythonInterp: /usr/bin/python3 (found suitable version "3.8.10", minimum required is "3") 
[6.221s] -- Using PYTHON_EXECUTABLE: /usr/bin/python3
[8.150s] -- Found rosidl_default_generators: 1.0.1 (/opt/tros/share/rosidl_default_generators/cmake)
[8.177s] -- Using all available rosidl_typesupport_c: rosidl_typesupport_fastrtps_c;rosidl_typesupport_introspection_c
[8.223s] -- Found rosidl_adapter: 1.3.1 (/opt/tros/share/rosidl_adapter/cmake)
[8.531s] -- Found FastRTPS: /opt/tros/include  
[9.093s] -- Using all available rosidl_typesupport_cpp: rosidl_typesupport_fastrtps_cpp;rosidl_typesupport_introspection_cpp
[9.334s] -- Found std_msgs: 2.0.5 (/opt/tros/share/std_msgs/cmake)
[9.886s] -- Found PythonInterp: /usr/bin/python3 (found version "3.8.10") 
[11.385s] -- Found ament_cmake_cppcheck: 0.9.8 (/opt/tros/share/ament_cmake_cppcheck/cmake)
[11.399s] -- Found ament_cmake_cpplint: 0.9.8 (/opt/tros/share/ament_cmake_cpplint/cmake)
[11.412s] -- Found ament_cmake_uncrustify: 0.9.8 (/opt/tros/share/ament_cmake_uncrustify/cmake)
[11.427s] -- Found ament_cmake_ros: 0.9.2 (/opt/tros/share/ament_cmake_ros/cmake)
[13.333s] -- Using all available rosidl_typesupport_c: rosidl_typesupport_fastrtps_c;rosidl_typesupport_introspection_c
[14.429s] -- Using all available rosidl_typesupport_cpp: rosidl_typesupport_fastrtps_cpp;rosidl_typesupport_introspection_cpp
[14.944s] -- Found PythonInterp: /usr/bin/python3 (found suitable version "3.8.10", minimum required is "3.5") 
[14.952s] -- Found python_cmake_module: 0.8.1 (/opt/tros/share/python_cmake_module/cmake)
[15.248s] -- Found PythonLibs: /usr/lib/aarch64-linux-gnu/libpython3.8.so (found suitable version "3.8.10", minimum required is "3.5") 
[15.249s] -- Using PYTHON_EXECUTABLE: /usr/bin/python3
[15.252s] -- Using PYTHON_INCLUDE_DIRS: /usr/include/python3.8
[15.256s] -- Using PYTHON_LIBRARIES: /usr/lib/aarch64-linux-gnu/libpython3.8.so
[15.685s] -- Found PythonExtra: .so  
[16.857s] -- Found ament_cmake_flake8: 0.9.8 (/opt/tros/share/ament_cmake_flake8/cmake)
[16.863s] -- Found ament_cmake_pep257: 0.9.8 (/opt/tros/share/ament_cmake_pep257/cmake)
[16.946s] -- Configuring done
[17.336s] -- Generating done
[17.367s] -- Build files have been written to: /root/dev_ws/Horizen-SmartCar-DGDZ/src/build/origincar_msg
[17.728s] Invoked command in '/root/dev_ws/Horizen-SmartCar-DGDZ/src/build/origincar_msg' returned '0': CMAKE_PREFIX_PATH=${CMAKE_PREFIX_PATH}:/opt/ros/foxy /usr/bin/cmake /root/dev_ws/Horizen-SmartCar-DGDZ/src/origincar/origincar_msg -DCMAKE_INSTALL_PREFIX=/root/dev_ws/Horizen-SmartCar-DGDZ/src/install/origincar_msg
[17.736s] Invoking command in '/root/dev_ws/Horizen-SmartCar-DGDZ/src/build/origincar_msg': CMAKE_PREFIX_PATH=${CMAKE_PREFIX_PATH}:/opt/ros/foxy /usr/bin/cmake --build /root/dev_ws/Horizen-SmartCar-DGDZ/src/build/origincar_msg -- -j4 -l4
[18.084s] [35m[1mScanning dependencies of target origincar_msg__cpp[0m
[18.113s] [  2%] [34m[1mGenerating C code for ROS interfaces[0m
[18.246s] [  5%] [34m[1mGenerating C++ code for ROS interfaces[0m
[21.820s] [  5%] Built target origincar_msg__cpp
[21.970s] [ 10%] [34m[1mGenerating C++ type support dispatch for ROS interfaces[0m
[21.971s] [ 10%] [34m[1mGenerating C++ type support for eProsima Fast-RTPS[0m
[23.288s] [35m[1mScanning dependencies of target origincar_msg__rosidl_generator_c[0m
[23.465s] [ 12%] [32mBuilding C object CMakeFiles/origincar_msg__rosidl_generator_c.dir/rosidl_generator_c/origincar_msg/msg/detail/data__functions.c.o[0m
[24.076s] [ 15%] [32mBuilding C object CMakeFiles/origincar_msg__rosidl_generator_c.dir/rosidl_generator_c/origincar_msg/msg/detail/sign__functions.c.o[0m
[24.756s] [ 17%] [32m[1mLinking C shared library liborigincar_msg__rosidl_generator_c.so[0m
[25.184s] [ 17%] Built target origincar_msg__rosidl_generator_c
[26.084s] [35m[1mScanning dependencies of target origincar_msg__rosidl_typesupport_cpp[0m
[26.302s] [ 20%] [32mBuilding CXX object CMakeFiles/origincar_msg__rosidl_typesupport_cpp.dir/rosidl_typesupport_cpp/origincar_msg/msg/data__type_support.cpp.o[0m
[26.427s] [35m[1mScanning dependencies of target origincar_msg__rosidl_typesupport_fastrtps_cpp[0m
[26.578s] [ 23%] [32mBuilding CXX object CMakeFiles/origincar_msg__rosidl_typesupport_fastrtps_cpp.dir/rosidl_typesupport_fastrtps_cpp/origincar_msg/msg/detail/dds_fastrtps/data__type_support.cpp.o[0m
[29.520s] [ 25%] [32mBuilding CXX object CMakeFiles/origincar_msg__rosidl_typesupport_cpp.dir/rosidl_typesupport_cpp/origincar_msg/msg/sign__type_support.cpp.o[0m
[31.100s] [ 28%] [32mBuilding CXX object CMakeFiles/origincar_msg__rosidl_typesupport_fastrtps_cpp.dir/rosidl_typesupport_fastrtps_cpp/origincar_msg/msg/detail/dds_fastrtps/sign__type_support.cpp.o[0m
[32.674s] [ 30%] [32m[1mLinking CXX shared library liborigincar_msg__rosidl_typesupport_cpp.so[0m
[33.107s] [ 30%] Built target origincar_msg__rosidl_typesupport_cpp
[35.518s] [ 33%] [32m[1mLinking CXX shared library liborigincar_msg__rosidl_typesupport_fastrtps_cpp.so[0m
[36.349s] [ 33%] Built target origincar_msg__rosidl_typesupport_fastrtps_cpp
[36.514s] [ 35%] [34m[1mGenerating C type support dispatch for ROS interfaces[0m
[38.807s] [35m[1mScanning dependencies of target origincar_msg__rosidl_typesupport_c[0m
[38.890s] [ 38%] [32mBuilding CXX object CMakeFiles/origincar_msg__rosidl_typesupport_c.dir/rosidl_typesupport_c/origincar_msg/msg/data__type_support.cpp.o[0m
[39.106s] [ 41%] [32mBuilding CXX object CMakeFiles/origincar_msg__rosidl_typesupport_c.dir/rosidl_typesupport_c/origincar_msg/msg/sign__type_support.cpp.o[0m
[39.328s] [ 43%] [32m[1mLinking CXX shared library liborigincar_msg__rosidl_typesupport_c.so[0m
[39.583s] [ 43%] Built target origincar_msg__rosidl_typesupport_c
[39.645s] [ 46%] [34m[1mGenerating C type support for eProsima Fast-RTPS[0m
[42.545s] [35m[1mScanning dependencies of target origincar_msg__rosidl_typesupport_fastrtps_c[0m
[42.642s] [ 48%] [32mBuilding CXX object CMakeFiles/origincar_msg__rosidl_typesupport_fastrtps_c.dir/rosidl_typesupport_fastrtps_c/origincar_msg/msg/detail/data__type_support_c.cpp.o[0m
[45.825s] [ 51%] [32mBuilding CXX object CMakeFiles/origincar_msg__rosidl_typesupport_fastrtps_c.dir/rosidl_typesupport_fastrtps_c/origincar_msg/msg/detail/sign__type_support_c.cpp.o[0m
[49.405s] [ 53%] [32m[1mLinking CXX shared library liborigincar_msg__rosidl_typesupport_fastrtps_c.so[0m
[50.099s] [ 53%] Built target origincar_msg__rosidl_typesupport_fastrtps_c
[50.156s] [ 56%] [34m[1mGenerating C introspection for ROS interfaces[0m
[52.557s] [35m[1mScanning dependencies of target origincar_msg__rosidl_typesupport_introspection_c[0m
[52.625s] [ 58%] [32mBuilding C object CMakeFiles/origincar_msg__rosidl_typesupport_introspection_c.dir/rosidl_typesupport_introspection_c/origincar_msg/msg/detail/data__type_support.c.o[0m
[52.818s] [ 61%] [32mBuilding C object CMakeFiles/origincar_msg__rosidl_typesupport_introspection_c.dir/rosidl_typesupport_introspection_c/origincar_msg/msg/detail/sign__type_support.c.o[0m
[53.008s] [ 64%] [32m[1mLinking C shared library liborigincar_msg__rosidl_typesupport_introspection_c.so[0m
[53.171s] [ 64%] Built target origincar_msg__rosidl_typesupport_introspection_c
[53.230s] [ 66%] [34m[1mGenerating C++ introspection for ROS interfaces[0m
[55.582s] [35m[1mScanning dependencies of target origincar_msg__rosidl_typesupport_introspection_cpp[0m
[55.647s] [ 69%] [32mBuilding CXX object CMakeFiles/origincar_msg__rosidl_typesupport_introspection_cpp.dir/rosidl_typesupport_introspection_cpp/origincar_msg/msg/detail/data__type_support.cpp.o[0m
[57.669s] [ 71%] [32mBuilding CXX object CMakeFiles/origincar_msg__rosidl_typesupport_introspection_cpp.dir/rosidl_typesupport_introspection_cpp/origincar_msg/msg/detail/sign__type_support.cpp.o[0m
[59.711s] [ 74%] [32m[1mLinking CXX shared library liborigincar_msg__rosidl_typesupport_introspection_cpp.so[0m
[59.924s] [ 74%] Built target origincar_msg__rosidl_typesupport_introspection_cpp
[59.974s] [35m[1mScanning dependencies of target origincar_msg[0m
[60.028s] [ 74%] Built target origincar_msg
[60.081s] [35m[1mScanning dependencies of target origincar_msg__py[0m
[60.136s] [ 76%] [34m[1mGenerating Python code for ROS interfaces[0m
[64.079s] [ 76%] Built target origincar_msg__py
[64.130s] [35m[1mScanning dependencies of target origincar_msg__python[0m
[64.243s] [ 79%] [32mBuilding C object CMakeFiles/origincar_msg__python.dir/rosidl_generator_py/origincar_msg/msg/_data_s.c.o[0m
[64.898s] [ 82%] [32mBuilding C object CMakeFiles/origincar_msg__python.dir/rosidl_generator_py/origincar_msg/msg/_sign_s.c.o[0m
[65.530s] [ 84%] [32m[1mLinking C shared library rosidl_generator_py/origincar_msg/liborigincar_msg__python.so[0m
[65.824s] [ 84%] Built target origincar_msg__python
[65.877s] [35m[1mScanning dependencies of target origincar_msg__rosidl_typesupport_introspection_c__pyext[0m
[65.972s] [ 87%] [32mBuilding C object CMakeFiles/origincar_msg__rosidl_typesupport_introspection_c__pyext.dir/rosidl_generator_py/origincar_msg/_origincar_msg_s.ep.rosidl_typesupport_introspection_c.c.o[0m
[66.603s] [ 89%] [32m[1mLinking C shared library rosidl_generator_py/origincar_msg/origincar_msg_s__rosidl_typesupport_introspection_c.cpython-38-aarch64-linux-gnu.so[0m
[66.869s] [ 89%] Built target origincar_msg__rosidl_typesupport_introspection_c__pyext
[66.922s] [35m[1mScanning dependencies of target origincar_msg__rosidl_typesupport_c__pyext[0m
[67.017s] [ 92%] [32mBuilding C object CMakeFiles/origincar_msg__rosidl_typesupport_c__pyext.dir/rosidl_generator_py/origincar_msg/_origincar_msg_s.ep.rosidl_typesupport_c.c.o[0m
[68.176s] [ 94%] [32m[1mLinking C shared library rosidl_generator_py/origincar_msg/origincar_msg_s__rosidl_typesupport_c.cpython-38-aarch64-linux-gnu.so[0m
[68.448s] [ 94%] Built target origincar_msg__rosidl_typesupport_c__pyext
[68.501s] [35m[1mScanning dependencies of target origincar_msg__rosidl_typesupport_fastrtps_c__pyext[0m
[68.604s] [ 97%] [32mBuilding C object CMakeFiles/origincar_msg__rosidl_typesupport_fastrtps_c__pyext.dir/rosidl_generator_py/origincar_msg/_origincar_msg_s.ep.rosidl_typesupport_fastrtps_c.c.o[0m
[69.199s] [100%] [32m[1mLinking CXX shared library rosidl_generator_py/origincar_msg/origincar_msg_s__rosidl_typesupport_fastrtps_c.cpython-38-aarch64-linux-gnu.so[0m
[69.639s] [100%] Built target origincar_msg__rosidl_typesupport_fastrtps_c__pyext
[69.699s] Invoked command in '/root/dev_ws/Horizen-SmartCar-DGDZ/src/build/origincar_msg' returned '0': CMAKE_PREFIX_PATH=${CMAKE_PREFIX_PATH}:/opt/ros/foxy /usr/bin/cmake --build /root/dev_ws/Horizen-SmartCar-DGDZ/src/build/origincar_msg -- -j4 -l4
[69.948s] Invoking command in '/root/dev_ws/Horizen-SmartCar-DGDZ/src/build/origincar_msg': CMAKE_PREFIX_PATH=${CMAKE_PREFIX_PATH}:/opt/ros/foxy /usr/bin/cmake --install /root/dev_ws/Horizen-SmartCar-DGDZ/src/build/origincar_msg
[69.997s] -- Install configuration: ""
[69.999s] -- Installing: /root/dev_ws/Horizen-SmartCar-DGDZ/src/install/origincar_msg/share/ament_index/resource_index/rosidl_interfaces/origincar_msg
[70.000s] -- Installing: /root/dev_ws/Horizen-SmartCar-DGDZ/src/install/origincar_msg/include/origincar_msg
[70.001s] -- Installing: /root/dev_ws/Horizen-SmartCar-DGDZ/src/install/origincar_msg/include/origincar_msg/msg
[70.002s] -- Installing: /root/dev_ws/Horizen-SmartCar-DGDZ/src/install/origincar_msg/include/origincar_msg/msg/data.h
[70.004s] -- Installing: /root/dev_ws/Horizen-SmartCar-DGDZ/src/install/origincar_msg/include/origincar_msg/msg/rosidl_generator_c__visibility_control.h
[70.005s] -- Installing: /root/dev_ws/Horizen-SmartCar-DGDZ/src/install/origincar_msg/include/origincar_msg/msg/sign.h
[70.006s] -- Installing: /root/dev_ws/Horizen-SmartCar-DGDZ/src/install/origincar_msg/include/origincar_msg/msg/detail
[70.007s] -- Installing: /root/dev_ws/Horizen-SmartCar-DGDZ/src/install/origincar_msg/include/origincar_msg/msg/detail/sign__type_support.h
[70.009s] -- Installing: /root/dev_ws/Horizen-SmartCar-DGDZ/src/install/origincar_msg/include/origincar_msg/msg/detail/sign__functions.h
[70.010s] -- Installing: /root/dev_ws/Horizen-SmartCar-DGDZ/src/install/origincar_msg/include/origincar_msg/msg/detail/data__functions.h
[70.011s] -- Installing: /root/dev_ws/Horizen-SmartCar-DGDZ/src/install/origincar_msg/include/origincar_msg/msg/detail/data__functions.c
[70.012s] -- Installing: /root/dev_ws/Horizen-SmartCar-DGDZ/src/install/origincar_msg/include/origincar_msg/msg/detail/data__type_support.h
[70.013s] -- Installing: /root/dev_ws/Horizen-SmartCar-DGDZ/src/install/origincar_msg/include/origincar_msg/msg/detail/sign__functions.c
[70.014s] -- Installing: /root/dev_ws/Horizen-SmartCar-DGDZ/src/install/origincar_msg/include/origincar_msg/msg/detail/data__struct.h
[70.015s] -- Installing: /root/dev_ws/Horizen-SmartCar-DGDZ/src/install/origincar_msg/include/origincar_msg/msg/detail/sign__struct.h
[70.016s] -- Installing: /root/dev_ws/Horizen-SmartCar-DGDZ/src/install/origincar_msg/share/origincar_msg/environment/library_path.sh
[70.017s] -- Installing: /root/dev_ws/Horizen-SmartCar-DGDZ/src/install/origincar_msg/share/origincar_msg/environment/library_path.dsv
[70.018s] -- Installing: /root/dev_ws/Horizen-SmartCar-DGDZ/src/install/origincar_msg/lib/liborigincar_msg__rosidl_generator_c.so
[70.019s] -- Set runtime path of "/root/dev_ws/Horizen-SmartCar-DGDZ/src/install/origincar_msg/lib/liborigincar_msg__rosidl_generator_c.so" to ""
[70.021s] -- Up-to-date: /root/dev_ws/Horizen-SmartCar-DGDZ/src/install/origincar_msg/include/origincar_msg
[70.024s] -- Up-to-date: /root/dev_ws/Horizen-SmartCar-DGDZ/src/install/origincar_msg/include/origincar_msg/msg
[70.025s] -- Installing: /root/dev_ws/Horizen-SmartCar-DGDZ/src/install/origincar_msg/include/origincar_msg/msg/rosidl_typesupport_fastrtps_c__visibility_control.h
[70.026s] -- Up-to-date: /root/dev_ws/Horizen-SmartCar-DGDZ/src/install/origincar_msg/include/origincar_msg/msg/detail
[70.028s] -- Installing: /root/dev_ws/Horizen-SmartCar-DGDZ/src/install/origincar_msg/include/origincar_msg/msg/detail/data__rosidl_typesupport_fastrtps_c.h
[70.029s] -- Installing: /root/dev_ws/Horizen-SmartCar-DGDZ/src/install/origincar_msg/include/origincar_msg/msg/detail/sign__rosidl_typesupport_fastrtps_c.h
[70.030s] -- Installing: /root/dev_ws/Horizen-SmartCar-DGDZ/src/install/origincar_msg/lib/liborigincar_msg__rosidl_typesupport_fastrtps_c.so
[70.031s] -- Set runtime path of "/root/dev_ws/Horizen-SmartCar-DGDZ/src/install/origincar_msg/lib/liborigincar_msg__rosidl_typesupport_fastrtps_c.so" to ""
[70.032s] -- Up-to-date: /root/dev_ws/Horizen-SmartCar-DGDZ/src/install/origincar_msg/include/origincar_msg
[70.033s] -- Up-to-date: /root/dev_ws/Horizen-SmartCar-DGDZ/src/install/origincar_msg/include/origincar_msg/msg
[70.034s] -- Installing: /root/dev_ws/Horizen-SmartCar-DGDZ/src/install/origincar_msg/include/origincar_msg/msg/rosidl_typesupport_fastrtps_cpp__visibility_control.h
[70.035s] -- Up-to-date: /root/dev_ws/Horizen-SmartCar-DGDZ/src/install/origincar_msg/include/origincar_msg/msg/detail
[70.036s] -- Installing: /root/dev_ws/Horizen-SmartCar-DGDZ/src/install/origincar_msg/include/origincar_msg/msg/detail/data__rosidl_typesupport_fastrtps_cpp.hpp
[70.037s] -- Installing: /root/dev_ws/Horizen-SmartCar-DGDZ/src/install/origincar_msg/include/origincar_msg/msg/detail/sign__rosidl_typesupport_fastrtps_cpp.hpp
[70.038s] -- Installing: /root/dev_ws/Horizen-SmartCar-DGDZ/src/install/origincar_msg/include/origincar_msg/msg/detail/dds_fastrtps
[70.039s] -- Installing: /root/dev_ws/Horizen-SmartCar-DGDZ/src/install/origincar_msg/lib/liborigincar_msg__rosidl_typesupport_fastrtps_cpp.so
[70.041s] -- Set runtime path of "/root/dev_ws/Horizen-SmartCar-DGDZ/src/install/origincar_msg/lib/liborigincar_msg__rosidl_typesupport_fastrtps_cpp.so" to ""
[70.042s] -- Up-to-date: /root/dev_ws/Horizen-SmartCar-DGDZ/src/install/origincar_msg/include/origincar_msg
[70.043s] -- Up-to-date: /root/dev_ws/Horizen-SmartCar-DGDZ/src/install/origincar_msg/include/origincar_msg/msg
[70.044s] -- Installing: /root/dev_ws/Horizen-SmartCar-DGDZ/src/install/origincar_msg/include/origincar_msg/msg/rosidl_typesupport_introspection_c__visibility_control.h
[70.045s] -- Up-to-date: /root/dev_ws/Horizen-SmartCar-DGDZ/src/install/origincar_msg/include/origincar_msg/msg/detail
[70.046s] -- Installing: /root/dev_ws/Horizen-SmartCar-DGDZ/src/install/origincar_msg/include/origincar_msg/msg/detail/data__rosidl_typesupport_introspection_c.h
[70.047s] -- Installing: /root/dev_ws/Horizen-SmartCar-DGDZ/src/install/origincar_msg/include/origincar_msg/msg/detail/sign__type_support.c
[70.048s] -- Installing: /root/dev_ws/Horizen-SmartCar-DGDZ/src/install/origincar_msg/include/origincar_msg/msg/detail/data__type_support.c
[70.049s] -- Installing: /root/dev_ws/Horizen-SmartCar-DGDZ/src/install/origincar_msg/include/origincar_msg/msg/detail/sign__rosidl_typesupport_introspection_c.h
[70.050s] -- Installing: /root/dev_ws/Horizen-SmartCar-DGDZ/src/install/origincar_msg/lib/liborigincar_msg__rosidl_typesupport_introspection_c.so
[70.051s] -- Set runtime path of "/root/dev_ws/Horizen-SmartCar-DGDZ/src/install/origincar_msg/lib/liborigincar_msg__rosidl_typesupport_introspection_c.so" to ""
[70.051s] -- Installing: /root/dev_ws/Horizen-SmartCar-DGDZ/src/install/origincar_msg/lib/liborigincar_msg__rosidl_typesupport_c.so
[70.052s] -- Set runtime path of "/root/dev_ws/Horizen-SmartCar-DGDZ/src/install/origincar_msg/lib/liborigincar_msg__rosidl_typesupport_c.so" to ""
[70.053s] -- Up-to-date: /root/dev_ws/Horizen-SmartCar-DGDZ/src/install/origincar_msg/include/origincar_msg
[70.054s] -- Up-to-date: /root/dev_ws/Horizen-SmartCar-DGDZ/src/install/origincar_msg/include/origincar_msg/msg
[70.055s] -- Installing: /root/dev_ws/Horizen-SmartCar-DGDZ/src/install/origincar_msg/include/origincar_msg/msg/data.hpp
[70.056s] -- Installing: /root/dev_ws/Horizen-SmartCar-DGDZ/src/install/origincar_msg/include/origincar_msg/msg/rosidl_generator_cpp__visibility_control.hpp
[70.057s] -- Up-to-date: /root/dev_ws/Horizen-SmartCar-DGDZ/src/install/origincar_msg/include/origincar_msg/msg/detail
[70.058s] -- Installing: /root/dev_ws/Horizen-SmartCar-DGDZ/src/install/origincar_msg/include/origincar_msg/msg/detail/sign__builder.hpp
[70.059s] -- Installing: /root/dev_ws/Horizen-SmartCar-DGDZ/src/install/origincar_msg/include/origincar_msg/msg/detail/data__traits.hpp
[70.060s] -- Installing: /root/dev_ws/Horizen-SmartCar-DGDZ/src/install/origincar_msg/include/origincar_msg/msg/detail/data__builder.hpp
[70.061s] -- Installing: /root/dev_ws/Horizen-SmartCar-DGDZ/src/install/origincar_msg/include/origincar_msg/msg/detail/sign__traits.hpp
[70.061s] -- Installing: /root/dev_ws/Horizen-SmartCar-DGDZ/src/install/origincar_msg/include/origincar_msg/msg/detail/sign__struct.hpp
[70.062s] -- Installing: /root/dev_ws/Horizen-SmartCar-DGDZ/src/install/origincar_msg/include/origincar_msg/msg/detail/sign__type_support.hpp
[70.063s] -- Installing: /root/dev_ws/Horizen-SmartCar-DGDZ/src/install/origincar_msg/include/origincar_msg/msg/detail/data__type_support.hpp
[70.064s] -- Installing: /root/dev_ws/Horizen-SmartCar-DGDZ/src/install/origincar_msg/include/origincar_msg/msg/detail/data__struct.hpp
[70.065s] -- Installing: /root/dev_ws/Horizen-SmartCar-DGDZ/src/install/origincar_msg/include/origincar_msg/msg/sign.hpp
[70.066s] -- Up-to-date: /root/dev_ws/Horizen-SmartCar-DGDZ/src/install/origincar_msg/include/origincar_msg
[70.067s] -- Up-to-date: /root/dev_ws/Horizen-SmartCar-DGDZ/src/install/origincar_msg/include/origincar_msg/msg
[70.067s] -- Up-to-date: /root/dev_ws/Horizen-SmartCar-DGDZ/src/install/origincar_msg/include/origincar_msg/msg/detail
[70.068s] -- Installing: /root/dev_ws/Horizen-SmartCar-DGDZ/src/install/origincar_msg/include/origincar_msg/msg/detail/sign__type_support.cpp
[70.069s] -- Installing: /root/dev_ws/Horizen-SmartCar-DGDZ/src/install/origincar_msg/include/origincar_msg/msg/detail/data__type_support.cpp
[70.070s] -- Installing: /root/dev_ws/Horizen-SmartCar-DGDZ/src/install/origincar_msg/include/origincar_msg/msg/detail/data__rosidl_typesupport_introspection_cpp.hpp
[70.071s] -- Installing: /root/dev_ws/Horizen-SmartCar-DGDZ/src/install/origincar_msg/include/origincar_msg/msg/detail/sign__rosidl_typesupport_introspection_cpp.hpp
[70.071s] -- Installing: /root/dev_ws/Horizen-SmartCar-DGDZ/src/install/origincar_msg/lib/liborigincar_msg__rosidl_typesupport_introspection_cpp.so
[70.072s] -- Set runtime path of "/root/dev_ws/Horizen-SmartCar-DGDZ/src/install/origincar_msg/lib/liborigincar_msg__rosidl_typesupport_introspection_cpp.so" to ""
[70.073s] -- Installing: /root/dev_ws/Horizen-SmartCar-DGDZ/src/install/origincar_msg/lib/liborigincar_msg__rosidl_typesupport_cpp.so
[70.074s] -- Set runtime path of "/root/dev_ws/Horizen-SmartCar-DGDZ/src/install/origincar_msg/lib/liborigincar_msg__rosidl_typesupport_cpp.so" to ""
[70.075s] -- Installing: /root/dev_ws/Horizen-SmartCar-DGDZ/src/install/origincar_msg/share/origincar_msg/environment/pythonpath.sh
[70.076s] -- Installing: /root/dev_ws/Horizen-SmartCar-DGDZ/src/install/origincar_msg/share/origincar_msg/environment/pythonpath.dsv
[70.076s] -- Installing: /root/dev_ws/Horizen-SmartCar-DGDZ/src/install/origincar_msg/lib/python3.8/site-packages/origincar_msg/__init__.py
[70.264s] Compiling '/root/dev_ws/Horizen-SmartCar-DGDZ/src/install/origincar_msg/lib/python3.8/site-packages/origincar_msg/__init__.py'...
[70.305s] -- Installing: /root/dev_ws/Horizen-SmartCar-DGDZ/src/install/origincar_msg/lib/python3.8/site-packages/origincar_msg/msg
[70.306s] -- Installing: /root/dev_ws/Horizen-SmartCar-DGDZ/src/install/origincar_msg/lib/python3.8/site-packages/origincar_msg/msg/_data_s.c
[70.308s] -- Installing: /root/dev_ws/Horizen-SmartCar-DGDZ/src/install/origincar_msg/lib/python3.8/site-packages/origincar_msg/msg/_sign.py
[70.308s] -- Installing: /root/dev_ws/Horizen-SmartCar-DGDZ/src/install/origincar_msg/lib/python3.8/site-packages/origincar_msg/msg/_sign_s.c
[70.309s] -- Installing: /root/dev_ws/Horizen-SmartCar-DGDZ/src/install/origincar_msg/lib/python3.8/site-packages/origincar_msg/msg/__init__.py
[70.310s] -- Installing: /root/dev_ws/Horizen-SmartCar-DGDZ/src/install/origincar_msg/lib/python3.8/site-packages/origincar_msg/msg/_data.py
[70.311s] -- Installing: /root/dev_ws/Horizen-SmartCar-DGDZ/src/install/origincar_msg/lib/python3.8/site-packages/origincar_msg/origincar_msg_s__rosidl_typesupport_fastrtps_c.cpython-38-aarch64-linux-gnu.so
[70.312s] -- Set runtime path of "/root/dev_ws/Horizen-SmartCar-DGDZ/src/install/origincar_msg/lib/python3.8/site-packages/origincar_msg/origincar_msg_s__rosidl_typesupport_fastrtps_c.cpython-38-aarch64-linux-gnu.so" to ""
[70.314s] -- Installing: /root/dev_ws/Horizen-SmartCar-DGDZ/src/install/origincar_msg/lib/python3.8/site-packages/origincar_msg/origincar_msg_s__rosidl_typesupport_introspection_c.cpython-38-aarch64-linux-gnu.so
[70.316s] -- Set runtime path of "/root/dev_ws/Horizen-SmartCar-DGDZ/src/install/origincar_msg/lib/python3.8/site-packages/origincar_msg/origincar_msg_s__rosidl_typesupport_introspection_c.cpython-38-aarch64-linux-gnu.so" to ""
[70.317s] -- Installing: /root/dev_ws/Horizen-SmartCar-DGDZ/src/install/origincar_msg/lib/python3.8/site-packages/origincar_msg/origincar_msg_s__rosidl_typesupport_c.cpython-38-aarch64-linux-gnu.so
[70.320s] -- Set runtime path of "/root/dev_ws/Horizen-SmartCar-DGDZ/src/install/origincar_msg/lib/python3.8/site-packages/origincar_msg/origincar_msg_s__rosidl_typesupport_c.cpython-38-aarch64-linux-gnu.so" to ""
[70.321s] -- Installing: /root/dev_ws/Horizen-SmartCar-DGDZ/src/install/origincar_msg/lib/liborigincar_msg__python.so
[70.323s] -- Set runtime path of "/root/dev_ws/Horizen-SmartCar-DGDZ/src/install/origincar_msg/lib/liborigincar_msg__python.so" to ""
[70.325s] -- Installing: /root/dev_ws/Horizen-SmartCar-DGDZ/src/install/origincar_msg/share/origincar_msg/msg/Data.idl
[70.326s] -- Installing: /root/dev_ws/Horizen-SmartCar-DGDZ/src/install/origincar_msg/share/origincar_msg/msg/Sign.idl
[70.328s] -- Installing: /root/dev_ws/Horizen-SmartCar-DGDZ/src/install/origincar_msg/share/origincar_msg/msg/Data.msg
[70.328s] -- Installing: /root/dev_ws/Horizen-SmartCar-DGDZ/src/install/origincar_msg/share/origincar_msg/msg/Sign.msg
[70.330s] -- Installing: /root/dev_ws/Horizen-SmartCar-DGDZ/src/install/origincar_msg/share/ament_index/resource_index/package_run_dependencies/origincar_msg
[70.331s] -- Installing: /root/dev_ws/Horizen-SmartCar-DGDZ/src/install/origincar_msg/share/ament_index/resource_index/parent_prefix_path/origincar_msg
[70.332s] -- Installing: /root/dev_ws/Horizen-SmartCar-DGDZ/src/install/origincar_msg/share/origincar_msg/environment/ament_prefix_path.sh
[70.333s] -- Installing: /root/dev_ws/Horizen-SmartCar-DGDZ/src/install/origincar_msg/share/origincar_msg/environment/ament_prefix_path.dsv
[70.334s] -- Installing: /root/dev_ws/Horizen-SmartCar-DGDZ/src/install/origincar_msg/share/origincar_msg/environment/path.sh
[70.335s] -- Installing: /root/dev_ws/Horizen-SmartCar-DGDZ/src/install/origincar_msg/share/origincar_msg/environment/path.dsv
[70.336s] -- Installing: /root/dev_ws/Horizen-SmartCar-DGDZ/src/install/origincar_msg/share/origincar_msg/local_setup.bash
[70.337s] -- Installing: /root/dev_ws/Horizen-SmartCar-DGDZ/src/install/origincar_msg/share/origincar_msg/local_setup.sh
[70.338s] -- Installing: /root/dev_ws/Horizen-SmartCar-DGDZ/src/install/origincar_msg/share/origincar_msg/local_setup.zsh
[70.339s] -- Installing: /root/dev_ws/Horizen-SmartCar-DGDZ/src/install/origincar_msg/share/origincar_msg/local_setup.dsv
[70.340s] -- Installing: /root/dev_ws/Horizen-SmartCar-DGDZ/src/install/origincar_msg/share/origincar_msg/package.dsv
[70.341s] -- Installing: /root/dev_ws/Horizen-SmartCar-DGDZ/src/install/origincar_msg/share/ament_index/resource_index/packages/origincar_msg
[70.342s] -- Installing: /root/dev_ws/Horizen-SmartCar-DGDZ/src/install/origincar_msg/share/origincar_msg/cmake/origincar_msg__rosidl_generator_cExport.cmake
[70.343s] -- Installing: /root/dev_ws/Horizen-SmartCar-DGDZ/src/install/origincar_msg/share/origincar_msg/cmake/origincar_msg__rosidl_generator_cExport-noconfig.cmake
[70.344s] -- Installing: /root/dev_ws/Horizen-SmartCar-DGDZ/src/install/origincar_msg/share/origincar_msg/cmake/origincar_msg__rosidl_typesupport_introspection_cExport.cmake
[70.345s] -- Installing: /root/dev_ws/Horizen-SmartCar-DGDZ/src/install/origincar_msg/share/origincar_msg/cmake/origincar_msg__rosidl_typesupport_introspection_cExport-noconfig.cmake
[70.346s] -- Installing: /root/dev_ws/Horizen-SmartCar-DGDZ/src/install/origincar_msg/share/origincar_msg/cmake/origincar_msg__rosidl_typesupport_cExport.cmake
[70.348s] -- Installing: /root/dev_ws/Horizen-SmartCar-DGDZ/src/install/origincar_msg/share/origincar_msg/cmake/origincar_msg__rosidl_typesupport_cExport-noconfig.cmake
[70.348s] -- Installing: /root/dev_ws/Horizen-SmartCar-DGDZ/src/install/origincar_msg/share/origincar_msg/cmake/origincar_msg__rosidl_generator_cppExport.cmake
[70.349s] -- Installing: /root/dev_ws/Horizen-SmartCar-DGDZ/src/install/origincar_msg/share/origincar_msg/cmake/origincar_msg__rosidl_typesupport_introspection_cppExport.cmake
[70.350s] -- Installing: /root/dev_ws/Horizen-SmartCar-DGDZ/src/install/origincar_msg/share/origincar_msg/cmake/origincar_msg__rosidl_typesupport_introspection_cppExport-noconfig.cmake
[70.352s] -- Installing: /root/dev_ws/Horizen-SmartCar-DGDZ/src/install/origincar_msg/share/origincar_msg/cmake/origincar_msg__rosidl_typesupport_cppExport.cmake
[70.353s] -- Installing: /root/dev_ws/Horizen-SmartCar-DGDZ/src/install/origincar_msg/share/origincar_msg/cmake/origincar_msg__rosidl_typesupport_cppExport-noconfig.cmake
[70.354s] -- Installing: /root/dev_ws/Horizen-SmartCar-DGDZ/src/install/origincar_msg/share/origincar_msg/cmake/rosidl_cmake-extras.cmake
[70.355s] -- Installing: /root/dev_ws/Horizen-SmartCar-DGDZ/src/install/origincar_msg/share/origincar_msg/cmake/ament_cmake_export_dependencies-extras.cmake
[70.356s] -- Installing: /root/dev_ws/Horizen-SmartCar-DGDZ/src/install/origincar_msg/share/origincar_msg/cmake/ament_cmake_export_libraries-extras.cmake
[70.357s] -- Installing: /root/dev_ws/Horizen-SmartCar-DGDZ/src/install/origincar_msg/share/origincar_msg/cmake/ament_cmake_export_targets-extras.cmake
[70.358s] -- Installing: /root/dev_ws/Horizen-SmartCar-DGDZ/src/install/origincar_msg/share/origincar_msg/cmake/ament_cmake_export_include_directories-extras.cmake
[70.359s] -- Installing: /root/dev_ws/Horizen-SmartCar-DGDZ/src/install/origincar_msg/share/origincar_msg/cmake/rosidl_cmake_export_typesupport_libraries-extras.cmake
[70.360s] -- Installing: /root/dev_ws/Horizen-SmartCar-DGDZ/src/install/origincar_msg/share/origincar_msg/cmake/rosidl_cmake_export_typesupport_targets-extras.cmake
[70.361s] -- Installing: /root/dev_ws/Horizen-SmartCar-DGDZ/src/install/origincar_msg/share/origincar_msg/cmake/origincar_msgConfig.cmake
[70.363s] -- Installing: /root/dev_ws/Horizen-SmartCar-DGDZ/src/install/origincar_msg/share/origincar_msg/cmake/origincar_msgConfig-version.cmake
[70.363s] -- Installing: /root/dev_ws/Horizen-SmartCar-DGDZ/src/install/origincar_msg/share/origincar_msg/package.xml
[70.374s] Invoked command in '/root/dev_ws/Horizen-SmartCar-DGDZ/src/build/origincar_msg' returned '0': CMAKE_PREFIX_PATH=${CMAKE_PREFIX_PATH}:/opt/ros/foxy /usr/bin/cmake --install /root/dev_ws/Horizen-SmartCar-DGDZ/src/build/origincar_msg
