[0.000000] (-) TimerEvent: {}
[0.001672] (my_package) JobQueued: {'identifier': 'my_package', 'dependencies': OrderedDict()}
[0.003328] (my_package) JobStarted: {'identifier': 'my_package'}
[0.098964] (-) TimerEvent: {}
[0.246579] (-) TimerEvent: {}
[0.353837] (-) TimerEvent: {}
[0.459860] (-) TimerEvent: {}
[0.561424] (-) TimerEvent: {}
[0.663371] (-) TimerEvent: {}
[0.768496] (-) TimerEvent: {}
[0.870428] (-) TimerEvent: {}
[0.975049] (-) TimerEvent: {}
[1.077982] (-) TimerEvent: {}
[1.179490] (-) TimerEvent: {}
[1.282923] (-) TimerEvent: {}
[1.386794] (-) TimerEvent: {}
[1.489171] (-) TimerEvent: {}
[1.595020] (-) TimerEvent: {}
[1.697806] (-) TimerEvent: {}
[1.801970] (-) TimerEvent: {}
[1.904412] (-) TimerEvent: {}
[2.007502] (-) TimerEvent: {}
[2.110195] (-) TimerEvent: {}
[2.211493] (-) TimerEvent: {}
[2.312595] (-) TimerEvent: {}
[2.413645] (-) TimerEvent: {}
[2.514674] (-) TimerEvent: {}
[2.615701] (-) TimerEvent: {}
[2.716734] (-) TimerEvent: {}
[2.817948] (-) TimerEvent: {}
[2.918850] (-) TimerEvent: {}
[3.019780] (-) TimerEvent: {}
[3.120711] (-) TimerEvent: {}
[3.221669] (-) TimerEvent: {}
[3.322627] (-) TimerEvent: {}
[3.423528] (-) TimerEvent: {}
[3.524482] (-) TimerEvent: {}
[3.625426] (-) TimerEvent: {}
[3.726375] (-) TimerEvent: {}
[3.785550] (my_package) StderrLine: {'line': b'Traceback (most recent call last):\n  File "/usr/lib/python3/dist-packages/colcon_core/executor/__init__.py", line 91, in __call__\n    rc = await self.task(*args, **kwargs)\n  File "/usr/lib/python3/dist-packages/colcon_core/task/__init__.py", line 93, in __call__\n    return await task_method(*args, **kwargs)\n  File "/usr/lib/python3/dist-packages/colcon_ros/task/ament_python/build.py", line 51, in build\n    setup_py_data = get_setup_data(self.context.pkg, env)\n  File "/usr/lib/python3/dist-packages/colcon_core/task/python/__init__.py", line 20, in get_setup_data\n    return dict(pkg.metadata[key](env))\n  File "/usr/lib/python3/dist-packages/colcon_ros/package_augmentation/ros_ament_python.py", line 57, in getter\n    return get_setup_information(\n  File "/usr/lib/python3/dist-packages/colcon_python_setup_py/package_identification/python_setup_py.py", line 241, in get_setup_information\n    _setup_information_cache[hashable_env] = _get_setup_information(\n  File "/usr/lib/python3/dist-packages/colcon_python_setup_py/package_identification/python_setup_py.py", line 288, in _get_setup_information\n    result = subprocess.run(\n  File "/usr/lib/python3.8/subprocess.py", line 516, in run\n    raise CalledProcessError(retcode, process.args,\nsubprocess.CalledProcessError: Command \'[\'/usr/bin/python3\', \'-c\', \'import sys;from contextlib import suppress;exec("with suppress(ImportError):    from setuptools.extern.packaging.specifiers    import SpecifierSet");exec("with suppress(ImportError):    from packaging.specifiers import SpecifierSet");from distutils.core import run_setup;dist = run_setup(    \\\'setup.py\\\', script_args=(\\\'--dry-run\\\',), stop_after=\\\'config\\\');skip_keys = (\\\'cmdclass\\\', \\\'distclass\\\', \\\'ext_modules\\\', \\\'metadata\\\');data = {    key: value for key, value in dist.__dict__.items()     if (        not key.startswith(\\\'_\\\') and         not callable(value) and         key not in skip_keys and         key not in dist.display_option_names    )};data[\\\'metadata\\\'] = {    k: v for k, v in dist.metadata.__dict__.items()     if k not in (\\\'license_files\\\', \\\'provides_extras\\\')};sys.stdout.buffer.write(repr(data).encode(\\\'utf-8\\\'))\']\' returned non-zero exit status 1.\n'}
[3.788639] (my_package) JobEnded: {'identifier': 'my_package', 'rc': 1}
[3.798916] (-) EventReactorShutdown: {}
