[18.744s] DEBUG:colcon:Command line arguments: ['/usr/bin/colcon', 'build']
[18.745s] DEBUG:colcon:Parsed command line arguments: Namespace(allow_overriding=[], ament_cmake_args=None, base_paths=['.'], build_base='build', catkin_cmake_args=None, catkin_skip_building_tests=False, cmake_args=None, cmake_clean_cache=False, cmake_clean_first=False, cmake_force_configure=False, cmake_target=None, cmake_target_skip_unavailable=False, continue_on_error=False, event_handlers=None, executor='parallel', ignore_user_meta=False, install_base='install', log_base=None, log_level=None, main=<bound method BuildVerb.main of <colcon_core.verb.build.BuildVerb object at 0x7fab69e430>>, merge_install=False, metas=['./colcon.meta'], packages_above=None, packages_above_and_dependencies=None, packages_above_depth=None, packages_end=None, packages_ignore=None, packages_ignore_regex=None, packages_select=None, packages_select_build_failed=False, packages_select_by_dep=None, packages_select_regex=None, packages_select_test_failures=False, packages_skip=None, packages_skip_build_finished=False, packages_skip_by_dep=None, packages_skip_regex=None, packages_skip_test_passed=False, packages_skip_up_to=None, packages_start=None, packages_up_to=None, packages_up_to_regex=None, parallel_workers=4, paths=None, symlink_install=False, test_result_base=None, verb_extension=<colcon_core.verb.build.BuildVerb object at 0x7fab69e430>, verb_name='build', verb_parser=<colcon_defaults.argument_parser.defaults.DefaultArgumentsDecorator object at 0x7fab2f40a0>)
[19.564s] Level 1:colcon.colcon_core.package_discovery:discover_packages(colcon_meta) check parameters
[19.564s] Level 1:colcon.colcon_core.package_discovery:discover_packages(recursive) check parameters
[19.564s] Level 1:colcon.colcon_core.package_discovery:discover_packages(ignore) check parameters
[19.565s] Level 1:colcon.colcon_core.package_discovery:discover_packages(path) check parameters
[19.565s] Level 1:colcon.colcon_core.package_discovery:discover_packages(colcon_meta) discover
[19.565s] Level 1:colcon.colcon_core.package_discovery:discover_packages(recursive) discover
[19.566s] INFO:colcon.colcon_core.package_discovery:Crawling recursively for packages in '/root/dev_ws/Horizen-SmartCar-DGDZ/src/origincar/my_package'
[19.566s] Level 1:colcon.colcon_core.package_identification:_identify(.) by extensions ['ignore', 'ignore_ament_install']
[19.567s] Level 1:colcon.colcon_core.package_identification:_identify(.) by extension 'ignore'
[19.567s] Level 1:colcon.colcon_core.package_identification:_identify(.) by extension 'ignore_ament_install'
[19.568s] Level 1:colcon.colcon_core.package_identification:_identify(.) by extensions ['colcon_pkg']
[19.568s] Level 1:colcon.colcon_core.package_identification:_identify(.) by extension 'colcon_pkg'
[19.568s] Level 1:colcon.colcon_core.package_identification:_identify(.) by extensions ['colcon_meta']
[19.569s] Level 1:colcon.colcon_core.package_identification:_identify(.) by extension 'colcon_meta'
[19.569s] Level 1:colcon.colcon_core.package_identification:_identify(.) by extensions ['ros']
[19.569s] Level 1:colcon.colcon_core.package_identification:_identify(.) by extension 'ros'
[19.741s] DEBUG:colcon.colcon_core.package_identification:Package '.' with type 'ros.ament_python' and name 'my_package'
[19.742s] Level 1:colcon.colcon_core.package_discovery:discover_packages(recursive) using defaults
[19.742s] Level 1:colcon.colcon_core.package_discovery:discover_packages(ignore) discover
[19.742s] Level 1:colcon.colcon_core.package_discovery:discover_packages(ignore) using defaults
[19.743s] Level 1:colcon.colcon_core.package_discovery:discover_packages(path) discover
[19.743s] Level 1:colcon.colcon_core.package_discovery:discover_packages(path) using defaults
[21.467s] Level 1:colcon.colcon_core.package_discovery:discover_packages(prefix_path) check parameters
[21.467s] Level 1:colcon.colcon_core.package_discovery:discover_packages(prefix_path) discover
[22.177s] DEBUG:colcon.colcon_installed_package_information.package_discovery:Found 1 installed packages in /root/dev_ws/Horizen-SmartCar-DGDZ/src/origincar/my_package/install
[22.531s] DEBUG:colcon.colcon_installed_package_information.package_discovery:Found 390 installed packages in /opt/tros
[22.890s] DEBUG:colcon.colcon_installed_package_information.package_discovery:Found 194 installed packages in /opt/ros/foxy
[22.944s] Level 1:colcon.colcon_core.package_discovery:discover_packages(prefix_path) using defaults
[24.255s] Level 5:colcon.colcon_core.verb:set package 'my_package' build argument 'cmake_args' from command line to 'None'
[24.256s] Level 5:colcon.colcon_core.verb:set package 'my_package' build argument 'cmake_target' from command line to 'None'
[24.256s] Level 5:colcon.colcon_core.verb:set package 'my_package' build argument 'cmake_target_skip_unavailable' from command line to 'False'
[24.256s] Level 5:colcon.colcon_core.verb:set package 'my_package' build argument 'cmake_clean_cache' from command line to 'False'
[24.256s] Level 5:colcon.colcon_core.verb:set package 'my_package' build argument 'cmake_clean_first' from command line to 'False'
[24.256s] Level 5:colcon.colcon_core.verb:set package 'my_package' build argument 'cmake_force_configure' from command line to 'False'
[24.257s] Level 5:colcon.colcon_core.verb:set package 'my_package' build argument 'ament_cmake_args' from command line to 'None'
[24.257s] Level 5:colcon.colcon_core.verb:set package 'my_package' build argument 'catkin_cmake_args' from command line to 'None'
[24.257s] Level 5:colcon.colcon_core.verb:set package 'my_package' build argument 'catkin_skip_building_tests' from command line to 'False'
[24.257s] DEBUG:colcon.colcon_core.verb:Building package 'my_package' with the following arguments: {'ament_cmake_args': None, 'build_base': '/root/dev_ws/Horizen-SmartCar-DGDZ/src/origincar/my_package/build/my_package', 'catkin_cmake_args': None, 'catkin_skip_building_tests': False, 'cmake_args': None, 'cmake_clean_cache': False, 'cmake_clean_first': False, 'cmake_force_configure': False, 'cmake_target': None, 'cmake_target_skip_unavailable': False, 'install_base': '/root/dev_ws/Horizen-SmartCar-DGDZ/src/origincar/my_package/install/my_package', 'merge_install': False, 'path': '/root/dev_ws/Horizen-SmartCar-DGDZ/src/origincar/my_package', 'symlink_install': False, 'test_result_base': None}
[24.618s] INFO:colcon.colcon_core.executor:Executing jobs using 'parallel' executor
[24.965s] DEBUG:colcon.colcon_parallel_executor.executor.parallel:run_until_complete
[24.967s] INFO:colcon.colcon_ros.task.ament_python.build:Building ROS package in '/root/dev_ws/Horizen-SmartCar-DGDZ/src/origincar/my_package' with build type 'ament_python'
[24.968s] Level 1:colcon.colcon_core.shell:create_environment_hook('my_package', 'ament_prefix_path')
[25.396s] INFO:colcon.colcon_core.plugin_system:Skipping extension 'colcon_core.shell.bat': Not used on non-Windows systems
[25.398s] INFO:colcon.colcon_core.shell:Creating environment hook '/root/dev_ws/Horizen-SmartCar-DGDZ/src/origincar/my_package/install/my_package/share/my_package/hook/ament_prefix_path.ps1'
[25.402s] INFO:colcon.colcon_core.shell:Creating environment descriptor '/root/dev_ws/Horizen-SmartCar-DGDZ/src/origincar/my_package/install/my_package/share/my_package/hook/ament_prefix_path.dsv'
[25.406s] INFO:colcon.colcon_core.shell:Creating environment hook '/root/dev_ws/Horizen-SmartCar-DGDZ/src/origincar/my_package/install/my_package/share/my_package/hook/ament_prefix_path.sh'
[25.729s] INFO:colcon.colcon_core.shell:Skip shell extension 'powershell' for command environment: Not usable outside of PowerShell
[25.729s] DEBUG:colcon.colcon_core.shell:Skip shell extension 'dsv' for command environment
[28.760s] DEBUG:colcon.colcon_parallel_executor.executor.parallel:closing loop
[28.761s] DEBUG:colcon.colcon_parallel_executor.executor.parallel:loop closed
[28.762s] DEBUG:colcon.colcon_parallel_executor.executor.parallel:run_until_complete finished with 'Command '['/usr/bin/python3', '-c', 'import sys;from contextlib import suppress;exec("with suppress(ImportError):    from setuptools.extern.packaging.specifiers    import SpecifierSet");exec("with suppress(ImportError):    from packaging.specifiers import SpecifierSet");from distutils.core import run_setup;dist = run_setup(    \'setup.py\', script_args=(\'--dry-run\',), stop_after=\'config\');skip_keys = (\'cmdclass\', \'distclass\', \'ext_modules\', \'metadata\');data = {    key: value for key, value in dist.__dict__.items()     if (        not key.startswith(\'_\') and         not callable(value) and         key not in skip_keys and         key not in dist.display_option_names    )};data[\'metadata\'] = {    k: v for k, v in dist.metadata.__dict__.items()     if k not in (\'license_files\', \'provides_extras\')};sys.stdout.buffer.write(repr(data).encode(\'utf-8\'))']' returned non-zero exit status 1.'
[28.762s] DEBUG:colcon.colcon_core.event_reactor:joining thread
[29.102s] INFO:colcon.colcon_core.plugin_system:Skipping extension 'colcon_notification.desktop_notification.notify_send': Could not find 'notify-send'
[29.103s] INFO:colcon.colcon_core.plugin_system:Skipping extension 'colcon_notification.desktop_notification.terminal_notifier': Not used on non-Darwin systems
[29.103s] INFO:colcon.colcon_core.plugin_system:Skipping extension 'colcon_notification.desktop_notification.win32': Not used on non-Windows systems
[29.104s] INFO:colcon.colcon_notification.desktop_notification:Sending desktop notification using 'notify2'
[29.107s] DEBUG:colcon.colcon_notification.desktop_notification.notify2:Failed to initialize notify2: org.freedesktop.DBus.Error.ServiceUnknown: The name org.freedesktop.Notifications was not provided by any .service files
[29.107s] DEBUG:colcon.colcon_core.event_reactor:joined thread
[29.420s] INFO:colcon.colcon_core.shell:Creating prefix script '/root/dev_ws/Horizen-SmartCar-DGDZ/src/origincar/my_package/install/local_setup.ps1'
[29.427s] INFO:colcon.colcon_core.shell:Creating prefix util module '/root/dev_ws/Horizen-SmartCar-DGDZ/src/origincar/my_package/install/_local_setup_util_ps1.py'
[29.439s] INFO:colcon.colcon_core.shell:Creating prefix chain script '/root/dev_ws/Horizen-SmartCar-DGDZ/src/origincar/my_package/install/setup.ps1'
[29.757s] INFO:colcon.colcon_core.shell:Creating prefix script '/root/dev_ws/Horizen-SmartCar-DGDZ/src/origincar/my_package/install/local_setup.sh'
[29.762s] INFO:colcon.colcon_core.shell:Creating prefix util module '/root/dev_ws/Horizen-SmartCar-DGDZ/src/origincar/my_package/install/_local_setup_util_sh.py'
[29.766s] INFO:colcon.colcon_core.shell:Creating prefix chain script '/root/dev_ws/Horizen-SmartCar-DGDZ/src/origincar/my_package/install/setup.sh'
[30.084s] INFO:colcon.colcon_core.shell:Creating prefix script '/root/dev_ws/Horizen-SmartCar-DGDZ/src/origincar/my_package/install/local_setup.bash'
[30.088s] INFO:colcon.colcon_core.shell:Creating prefix chain script '/root/dev_ws/Horizen-SmartCar-DGDZ/src/origincar/my_package/install/setup.bash'
[30.468s] INFO:colcon.colcon_core.shell:Creating prefix script '/root/dev_ws/Horizen-SmartCar-DGDZ/src/origincar/my_package/install/local_setup.zsh'
[30.473s] INFO:colcon.colcon_core.shell:Creating prefix chain script '/root/dev_ws/Horizen-SmartCar-DGDZ/src/origincar/my_package/install/setup.zsh'
