[5.170s] Invoking command in '/root/dev_ws/Horizen-SmartCar-DGDZ/build/ackermann_msgs': CMAKE_PREFIX_PATH=${CMAKE_PREFIX_PATH}:/opt/ros/foxy /usr/bin/cmake /root/dev_ws/Horizen-SmartCar-DGDZ/src/origincar/3rdparty/ackermann_msgs-ros2 -DCMAKE_INSTALL_PREFIX=/root/dev_ws/Horizen-SmartCar-DGDZ/install/ackermann_msgs
[5.295s] -- Found ament_cmake: 0.9.12 (/opt/tros/share/ament_cmake/cmake)
[5.474s] -- Found PythonInterp: /usr/bin/python3 (found suitable version "3.8.10", minimum required is "3") 
[5.475s] -- Using PYTHON_EXECUTABLE: /usr/bin/python3
[7.335s] -- Override CMake install command with custom implementation using symlinks instead of copying resources
[7.426s] -- Found rosidl_default_generators: 1.0.1 (/opt/tros/share/rosidl_default_generators/cmake)
[7.461s] -- Using all available rosidl_typesupport_c: rosidl_typesupport_fastrtps_c;rosidl_typesupport_introspection_c
[7.502s] -- Found rosidl_adapter: 1.3.1 (/opt/tros/share/rosidl_adapter/cmake)
[8.261s] -- Using all available rosidl_typesupport_cpp: rosidl_typesupport_fastrtps_cpp;rosidl_typesupport_introspection_cpp
[8.443s] -- Found std_msgs: 2.0.5 (/opt/tros/share/std_msgs/cmake)
[8.924s] -- Found PythonInterp: /usr/bin/python3 (found version "3.8.10") 
[10.480s] -- Found ament_cmake_cppcheck: 0.9.8 (/opt/tros/share/ament_cmake_cppcheck/cmake)
[10.493s] -- Found ament_cmake_cpplint: 0.9.8 (/opt/tros/share/ament_cmake_cpplint/cmake)
[10.494s] -- Found ament_cmake_uncrustify: 0.9.8 (/opt/tros/share/ament_cmake_uncrustify/cmake)
[10.500s] -- Found ament_cmake_ros: 0.9.2 (/opt/tros/share/ament_cmake_ros/cmake)
[11.758s] -- Using all available rosidl_typesupport_c: rosidl_typesupport_fastrtps_c;rosidl_typesupport_introspection_c
[12.709s] -- Using all available rosidl_typesupport_cpp: rosidl_typesupport_fastrtps_cpp;rosidl_typesupport_introspection_cpp
[12.998s] -- Found PythonInterp: /usr/bin/python3 (found suitable version "3.8.10", minimum required is "3.5") 
[12.999s] -- Found python_cmake_module: 0.8.1 (/opt/tros/share/python_cmake_module/cmake)
[13.475s] -- Using PYTHON_EXECUTABLE: /usr/bin/python3
[13.477s] -- Using PYTHON_INCLUDE_DIRS: /usr/include/python3.8
[13.478s] -- Using PYTHON_LIBRARIES: /usr/lib/aarch64-linux-gnu/libpython3.8.so
[14.219s] -- Found ament_cmake_flake8: 0.9.8 (/opt/tros/share/ament_cmake_flake8/cmake)
[14.222s] -- Found ament_cmake_pep257: 0.9.8 (/opt/tros/share/ament_cmake_pep257/cmake)
[14.330s] -- Configuring done
[14.935s] -- Generating done
[14.971s] -- Build files have been written to: /root/dev_ws/Horizen-SmartCar-DGDZ/build/ackermann_msgs
[16.695s] Invoked command in '/root/dev_ws/Horizen-SmartCar-DGDZ/build/ackermann_msgs' returned '0': CMAKE_PREFIX_PATH=${CMAKE_PREFIX_PATH}:/opt/ros/foxy /usr/bin/cmake /root/dev_ws/Horizen-SmartCar-DGDZ/src/origincar/3rdparty/ackermann_msgs-ros2 -DCMAKE_INSTALL_PREFIX=/root/dev_ws/Horizen-SmartCar-DGDZ/install/ackermann_msgs
[16.699s] Invoking command in '/root/dev_ws/Horizen-SmartCar-DGDZ/build/ackermann_msgs': CMAKE_PREFIX_PATH=${CMAKE_PREFIX_PATH}:/opt/ros/foxy /usr/bin/cmake --build /root/dev_ws/Horizen-SmartCar-DGDZ/build/ackermann_msgs --clean-first -- -j4 -l4
[18.058s] [  2%] [34m[1mGenerating C code for ROS interfaces[0m
[18.221s] [  5%] [34m[1mGenerating C++ code for ROS interfaces[0m
[24.797s] [  5%] Built target ackermann_msgs__cpp
[24.884s] [35m[1mScanning dependencies of target ackermann_msgs__rosidl_generator_c[0m
[24.924s] [  7%] [34m[1mGenerating C++ introspection for ROS interfaces[0m
[24.990s] [ 10%] [34m[1mGenerating C++ type support dispatch for ROS interfaces[0m
[25.037s] [ 12%] [34m[1mGenerating C++ type support for eProsima Fast-RTPS[0m
[25.105s] [ 15%] [32mBuilding C object CMakeFiles/ackermann_msgs__rosidl_generator_c.dir/rosidl_generator_c/ackermann_msgs/msg/detail/ackermann_drive__functions.c.o[0m
[26.017s] [ 17%] [32mBuilding C object CMakeFiles/ackermann_msgs__rosidl_generator_c.dir/rosidl_generator_c/ackermann_msgs/msg/detail/ackermann_drive_stamped__functions.c.o[0m
[27.192s] [ 20%] [32m[1mLinking C shared library libackermann_msgs__rosidl_generator_c.so[0m
[27.885s] [ 20%] Built target ackermann_msgs__rosidl_generator_c
[33.472s] [35m[1mScanning dependencies of target ackermann_msgs__rosidl_typesupport_introspection_cpp[0m
[33.697s] [ 23%] [32mBuilding CXX object CMakeFiles/ackermann_msgs__rosidl_typesupport_introspection_cpp.dir/rosidl_typesupport_introspection_cpp/ackermann_msgs/msg/detail/ackermann_drive__type_support.cpp.o[0m
[33.986s] [35m[1mScanning dependencies of target ackermann_msgs__rosidl_typesupport_cpp[0m
[34.078s] [ 25%] [32mBuilding CXX object CMakeFiles/ackermann_msgs__rosidl_typesupport_cpp.dir/rosidl_typesupport_cpp/ackermann_msgs/msg/ackermann_drive__type_support.cpp.o[0m
[34.543s] [35m[1mScanning dependencies of target ackermann_msgs__rosidl_typesupport_fastrtps_cpp[0m
[34.621s] [ 28%] [32mBuilding CXX object CMakeFiles/ackermann_msgs__rosidl_typesupport_fastrtps_cpp.dir/rosidl_typesupport_fastrtps_cpp/ackermann_msgs/msg/detail/dds_fastrtps/ackermann_drive__type_support.cpp.o[0m
[38.307s] [ 30%] [32mBuilding CXX object CMakeFiles/ackermann_msgs__rosidl_typesupport_cpp.dir/rosidl_typesupport_cpp/ackermann_msgs/msg/ackermann_drive_stamped__type_support.cpp.o[0m
[38.658s] [ 33%] [32mBuilding CXX object CMakeFiles/ackermann_msgs__rosidl_typesupport_introspection_cpp.dir/rosidl_typesupport_introspection_cpp/ackermann_msgs/msg/detail/ackermann_drive_stamped__type_support.cpp.o[0m
[40.485s] [ 35%] [32mBuilding CXX object CMakeFiles/ackermann_msgs__rosidl_typesupport_fastrtps_cpp.dir/rosidl_typesupport_fastrtps_cpp/ackermann_msgs/msg/detail/dds_fastrtps/ackermann_drive_stamped__type_support.cpp.o[0m
[42.066s] [ 38%] [32m[1mLinking CXX shared library libackermann_msgs__rosidl_typesupport_cpp.so[0m
[42.447s] [ 38%] Built target ackermann_msgs__rosidl_typesupport_cpp
[42.580s] [ 41%] [32m[1mLinking CXX shared library libackermann_msgs__rosidl_typesupport_introspection_cpp.so[0m
[43.356s] [ 41%] Built target ackermann_msgs__rosidl_typesupport_introspection_cpp
[45.063s] [ 43%] [32m[1mLinking CXX shared library libackermann_msgs__rosidl_typesupport_fastrtps_cpp.so[0m
[45.742s] [ 43%] Built target ackermann_msgs__rosidl_typesupport_fastrtps_cpp
[45.802s] [ 46%] [34m[1mGenerating C type support dispatch for ROS interfaces[0m
[49.213s] [35m[1mScanning dependencies of target ackermann_msgs__rosidl_typesupport_c[0m
[49.270s] [ 48%] [32mBuilding CXX object CMakeFiles/ackermann_msgs__rosidl_typesupport_c.dir/rosidl_typesupport_c/ackermann_msgs/msg/ackermann_drive__type_support.cpp.o[0m
[49.479s] [ 51%] [32mBuilding CXX object CMakeFiles/ackermann_msgs__rosidl_typesupport_c.dir/rosidl_typesupport_c/ackermann_msgs/msg/ackermann_drive_stamped__type_support.cpp.o[0m
[49.680s] [ 53%] [32m[1mLinking CXX shared library libackermann_msgs__rosidl_typesupport_c.so[0m
[49.927s] [ 53%] Built target ackermann_msgs__rosidl_typesupport_c
[49.986s] [ 56%] [34m[1mGenerating C type support for eProsima Fast-RTPS[0m
[53.922s] [35m[1mScanning dependencies of target ackermann_msgs__rosidl_typesupport_fastrtps_c[0m
[53.991s] [ 58%] [32mBuilding CXX object CMakeFiles/ackermann_msgs__rosidl_typesupport_fastrtps_c.dir/rosidl_typesupport_fastrtps_c/ackermann_msgs/msg/detail/ackermann_drive__type_support_c.cpp.o[0m
[56.665s] [ 61%] [32mBuilding CXX object CMakeFiles/ackermann_msgs__rosidl_typesupport_fastrtps_c.dir/rosidl_typesupport_fastrtps_c/ackermann_msgs/msg/detail/ackermann_drive_stamped__type_support_c.cpp.o[0m
[59.261s] [ 64%] [32m[1mLinking CXX shared library libackermann_msgs__rosidl_typesupport_fastrtps_c.so[0m
[59.858s] [ 64%] Built target ackermann_msgs__rosidl_typesupport_fastrtps_c
[59.911s] [ 66%] [34m[1mGenerating C introspection for ROS interfaces[0m
[63.403s] [35m[1mScanning dependencies of target ackermann_msgs__rosidl_typesupport_introspection_c[0m
[63.469s] [ 69%] [32mBuilding C object CMakeFiles/ackermann_msgs__rosidl_typesupport_introspection_c.dir/rosidl_typesupport_introspection_c/ackermann_msgs/msg/detail/ackermann_drive__type_support.c.o[0m
[63.645s] [ 71%] [32mBuilding C object CMakeFiles/ackermann_msgs__rosidl_typesupport_introspection_c.dir/rosidl_typesupport_introspection_c/ackermann_msgs/msg/detail/ackermann_drive_stamped__type_support.c.o[0m
[63.834s] [ 74%] [32m[1mLinking C shared library libackermann_msgs__rosidl_typesupport_introspection_c.so[0m
[64.012s] [ 74%] Built target ackermann_msgs__rosidl_typesupport_introspection_c
[64.132s] [ 74%] Built target ackermann_msgs
[64.253s] [ 76%] [34m[1mGenerating Python code for ROS interfaces[0m
[70.271s] [ 76%] Built target ackermann_msgs__py
[70.325s] [35m[1mScanning dependencies of target ackermann_msgs__python[0m
[70.405s] [ 79%] [32mBuilding C object CMakeFiles/ackermann_msgs__python.dir/rosidl_generator_py/ackermann_msgs/msg/_ackermann_drive_s.c.o[0m
[71.017s] [ 82%] [32mBuilding C object CMakeFiles/ackermann_msgs__python.dir/rosidl_generator_py/ackermann_msgs/msg/_ackermann_drive_stamped_s.c.o[0m
[71.612s] [ 84%] [32m[1mLinking C shared library rosidl_generator_py/ackermann_msgs/libackermann_msgs__python.so[0m
[71.888s] [ 84%] Built target ackermann_msgs__python
[71.940s] [35m[1mScanning dependencies of target ackermann_msgs__rosidl_typesupport_c__pyext[0m
[72.012s] [ 87%] [32mBuilding C object CMakeFiles/ackermann_msgs__rosidl_typesupport_c__pyext.dir/rosidl_generator_py/ackermann_msgs/_ackermann_msgs_s.ep.rosidl_typesupport_c.c.o[0m
[72.573s] [ 89%] [32m[1mLinking C shared library rosidl_generator_py/ackermann_msgs/ackermann_msgs_s__rosidl_typesupport_c.cpython-38-aarch64-linux-gnu.so[0m
[72.831s] [ 89%] Built target ackermann_msgs__rosidl_typesupport_c__pyext
[72.882s] [35m[1mScanning dependencies of target ackermann_msgs__rosidl_typesupport_introspection_c__pyext[0m
[72.956s] [ 92%] [32mBuilding C object CMakeFiles/ackermann_msgs__rosidl_typesupport_introspection_c__pyext.dir/rosidl_generator_py/ackermann_msgs/_ackermann_msgs_s.ep.rosidl_typesupport_introspection_c.c.o[0m
[73.502s] [ 94%] [32m[1mLinking C shared library rosidl_generator_py/ackermann_msgs/ackermann_msgs_s__rosidl_typesupport_introspection_c.cpython-38-aarch64-linux-gnu.so[0m
[73.721s] [ 94%] Built target ackermann_msgs__rosidl_typesupport_introspection_c__pyext
[73.773s] [35m[1mScanning dependencies of target ackermann_msgs__rosidl_typesupport_fastrtps_c__pyext[0m
[73.854s] [ 97%] [32mBuilding C object CMakeFiles/ackermann_msgs__rosidl_typesupport_fastrtps_c__pyext.dir/rosidl_generator_py/ackermann_msgs/_ackermann_msgs_s.ep.rosidl_typesupport_fastrtps_c.c.o[0m
[74.404s] [100%] [32m[1mLinking CXX shared library rosidl_generator_py/ackermann_msgs/ackermann_msgs_s__rosidl_typesupport_fastrtps_c.cpython-38-aarch64-linux-gnu.so[0m
[74.766s] [100%] Built target ackermann_msgs__rosidl_typesupport_fastrtps_c__pyext
