[3.120s] Invoking command in '/root/dev_ws/build/origincar_msg': CMAKE_PREFIX_PATH=${CMAKE_PREFIX_PATH}:/root/dev_ws/install/tf2_tools:/opt/ros/foxy /usr/bin/cmake --build /root/dev_ws/build/origincar_msg -- -j4 -l4
[3.638s] [ 10%] Built target origincar_msg__rosidl_generator_c
[3.683s] [ 12%] Built target origincar_msg__cpp
[3.927s] [ 23%] Built target origincar_msg__rosidl_typesupport_c
[3.983s] [ 33%] Built target origincar_msg__rosidl_typesupport_introspection_c
[4.005s] [ 43%] Built target origincar_msg__rosidl_typesupport_cpp
[4.010s] [ 53%] Built target origincar_msg__rosidl_typesupport_fastrtps_cpp
[4.130s] [ 64%] Built target origincar_msg__rosidl_typesupport_introspection_cpp
[4.173s] [ 74%] Built target origincar_msg__rosidl_typesupport_fastrtps_c
[4.285s] [ 74%] Built target origincar_msg
[4.402s] [ 76%] Built target origincar_msg__py
[4.559s] [ 84%] Built target origincar_msg__python
[4.809s] [ 89%] Built target origincar_msg__rosidl_typesupport_introspection_c__pyext
[4.817s] [ 94%] Built target origincar_msg__rosidl_typesupport_fastrtps_c__pyext
[4.871s] [100%] Built target origincar_msg__rosidl_typesupport_c__pyext
[5.231s] Invoked command in '/root/dev_ws/build/origincar_msg' returned '0': CMAKE_PREFIX_PATH=${CMAKE_PREFIX_PATH}:/root/dev_ws/install/tf2_tools:/opt/ros/foxy /usr/bin/cmake --build /root/dev_ws/build/origincar_msg -- -j4 -l4
[9.098s] Invoking command in '/root/dev_ws/build/origincar_msg': CMAKE_PREFIX_PATH=${CMAKE_PREFIX_PATH}:/root/dev_ws/install/tf2_tools:/opt/ros/foxy /usr/bin/cmake --install /root/dev_ws/build/origincar_msg
[9.213s] -- Install configuration: ""
[9.220s] -- Up-to-date: /root/dev_ws/install/origincar_msg/share/ament_index/resource_index/rosidl_interfaces/origincar_msg
[9.222s] -- Up-to-date: /root/dev_ws/install/origincar_msg/include/origincar_msg
[9.224s] -- Up-to-date: /root/dev_ws/install/origincar_msg/include/origincar_msg/msg
[9.225s] -- Up-to-date: /root/dev_ws/install/origincar_msg/include/origincar_msg/msg/data.h
[9.226s] -- Up-to-date: /root/dev_ws/install/origincar_msg/include/origincar_msg/msg/rosidl_generator_c__visibility_control.h
[9.228s] -- Up-to-date: /root/dev_ws/install/origincar_msg/include/origincar_msg/msg/sign.h
[9.229s] -- Up-to-date: /root/dev_ws/install/origincar_msg/include/origincar_msg/msg/detail
[9.230s] -- Up-to-date: /root/dev_ws/install/origincar_msg/include/origincar_msg/msg/detail/sign__type_support.h
[9.232s] -- Up-to-date: /root/dev_ws/install/origincar_msg/include/origincar_msg/msg/detail/sign__functions.h
[9.233s] -- Up-to-date: /root/dev_ws/install/origincar_msg/include/origincar_msg/msg/detail/data__functions.h
[9.235s] -- Up-to-date: /root/dev_ws/install/origincar_msg/include/origincar_msg/msg/detail/data__functions.c
[9.236s] -- Up-to-date: /root/dev_ws/install/origincar_msg/include/origincar_msg/msg/detail/data__type_support.h
[9.237s] -- Up-to-date: /root/dev_ws/install/origincar_msg/include/origincar_msg/msg/detail/sign__functions.c
[9.243s] -- Up-to-date: /root/dev_ws/install/origincar_msg/include/origincar_msg/msg/detail/data__struct.h
[9.244s] -- Up-to-date: /root/dev_ws/install/origincar_msg/include/origincar_msg/msg/detail/sign__struct.h
[9.246s] -- Up-to-date: /root/dev_ws/install/origincar_msg/share/origincar_msg/environment/library_path.sh
[9.247s] -- Up-to-date: /root/dev_ws/install/origincar_msg/share/origincar_msg/environment/library_path.dsv
[9.249s] -- Up-to-date: /root/dev_ws/install/origincar_msg/lib/liborigincar_msg__rosidl_generator_c.so
[9.251s] -- Up-to-date: /root/dev_ws/install/origincar_msg/include/origincar_msg
[9.252s] -- Up-to-date: /root/dev_ws/install/origincar_msg/include/origincar_msg/msg
[9.259s] -- Up-to-date: /root/dev_ws/install/origincar_msg/include/origincar_msg/msg/rosidl_typesupport_fastrtps_c__visibility_control.h
[9.261s] -- Up-to-date: /root/dev_ws/install/origincar_msg/include/origincar_msg/msg/detail
[9.273s] -- Up-to-date: /root/dev_ws/install/origincar_msg/include/origincar_msg/msg/detail/data__rosidl_typesupport_fastrtps_c.h
[9.274s] -- Up-to-date: /root/dev_ws/install/origincar_msg/include/origincar_msg/msg/detail/sign__rosidl_typesupport_fastrtps_c.h
[9.283s] -- Up-to-date: /root/dev_ws/install/origincar_msg/lib/liborigincar_msg__rosidl_typesupport_fastrtps_c.so
[9.286s] -- Up-to-date: /root/dev_ws/install/origincar_msg/include/origincar_msg
[9.287s] -- Up-to-date: /root/dev_ws/install/origincar_msg/include/origincar_msg/msg
[9.288s] -- Up-to-date: /root/dev_ws/install/origincar_msg/include/origincar_msg/msg/rosidl_typesupport_fastrtps_cpp__visibility_control.h
[9.289s] -- Up-to-date: /root/dev_ws/install/origincar_msg/include/origincar_msg/msg/detail
[9.298s] -- Up-to-date: /root/dev_ws/install/origincar_msg/include/origincar_msg/msg/detail/data__rosidl_typesupport_fastrtps_cpp.hpp
[9.314s] -- Up-to-date: /root/dev_ws/install/origincar_msg/include/origincar_msg/msg/detail/sign__rosidl_typesupport_fastrtps_cpp.hpp
[9.315s] -- Up-to-date: /root/dev_ws/install/origincar_msg/include/origincar_msg/msg/detail/dds_fastrtps
[9.321s] -- Up-to-date: /root/dev_ws/install/origincar_msg/lib/liborigincar_msg__rosidl_typesupport_fastrtps_cpp.so
[9.323s] -- Up-to-date: /root/dev_ws/install/origincar_msg/include/origincar_msg
[9.324s] -- Up-to-date: /root/dev_ws/install/origincar_msg/include/origincar_msg/msg
[9.325s] -- Up-to-date: /root/dev_ws/install/origincar_msg/include/origincar_msg/msg/rosidl_typesupport_introspection_c__visibility_control.h
[9.326s] -- Up-to-date: /root/dev_ws/install/origincar_msg/include/origincar_msg/msg/detail
[9.327s] -- Up-to-date: /root/dev_ws/install/origincar_msg/include/origincar_msg/msg/detail/data__rosidl_typesupport_introspection_c.h
[9.328s] -- Up-to-date: /root/dev_ws/install/origincar_msg/include/origincar_msg/msg/detail/sign__type_support.c
[9.352s] -- Up-to-date: /root/dev_ws/install/origincar_msg/include/origincar_msg/msg/detail/data__type_support.c
[9.354s] -- Up-to-date: /root/dev_ws/install/origincar_msg/include/origincar_msg/msg/detail/sign__rosidl_typesupport_introspection_c.h
[9.355s] -- Up-to-date: /root/dev_ws/install/origincar_msg/lib/liborigincar_msg__rosidl_typesupport_introspection_c.so
[9.356s] -- Up-to-date: /root/dev_ws/install/origincar_msg/lib/liborigincar_msg__rosidl_typesupport_c.so
[9.357s] -- Up-to-date: /root/dev_ws/install/origincar_msg/include/origincar_msg
[9.358s] -- Up-to-date: /root/dev_ws/install/origincar_msg/include/origincar_msg/msg
[9.359s] -- Up-to-date: /root/dev_ws/install/origincar_msg/include/origincar_msg/msg/data.hpp
[9.361s] -- Up-to-date: /root/dev_ws/install/origincar_msg/include/origincar_msg/msg/rosidl_generator_cpp__visibility_control.hpp
[9.362s] -- Up-to-date: /root/dev_ws/install/origincar_msg/include/origincar_msg/msg/detail
[9.363s] -- Up-to-date: /root/dev_ws/install/origincar_msg/include/origincar_msg/msg/detail/sign__builder.hpp
[9.364s] -- Up-to-date: /root/dev_ws/install/origincar_msg/include/origincar_msg/msg/detail/data__traits.hpp
[9.365s] -- Up-to-date: /root/dev_ws/install/origincar_msg/include/origincar_msg/msg/detail/data__builder.hpp
[9.366s] -- Up-to-date: /root/dev_ws/install/origincar_msg/include/origincar_msg/msg/detail/sign__traits.hpp
[9.367s] -- Up-to-date: /root/dev_ws/install/origincar_msg/include/origincar_msg/msg/detail/sign__struct.hpp
[9.368s] -- Up-to-date: /root/dev_ws/install/origincar_msg/include/origincar_msg/msg/detail/sign__type_support.hpp
[9.369s] -- Up-to-date: /root/dev_ws/install/origincar_msg/include/origincar_msg/msg/detail/data__type_support.hpp
[9.372s] -- Up-to-date: /root/dev_ws/install/origincar_msg/include/origincar_msg/msg/detail/data__struct.hpp
[9.377s] -- Up-to-date: /root/dev_ws/install/origincar_msg/include/origincar_msg/msg/sign.hpp
[9.378s] -- Up-to-date: /root/dev_ws/install/origincar_msg/include/origincar_msg
[9.379s] -- Up-to-date: /root/dev_ws/install/origincar_msg/include/origincar_msg/msg
[9.382s] -- Up-to-date: /root/dev_ws/install/origincar_msg/include/origincar_msg/msg/detail
[9.385s] -- Up-to-date: /root/dev_ws/install/origincar_msg/include/origincar_msg/msg/detail/sign__type_support.cpp
[9.393s] -- Up-to-date: /root/dev_ws/install/origincar_msg/include/origincar_msg/msg/detail/data__type_support.cpp
[9.394s] -- Up-to-date: /root/dev_ws/install/origincar_msg/include/origincar_msg/msg/detail/data__rosidl_typesupport_introspection_cpp.hpp
[9.395s] -- Up-to-date: /root/dev_ws/install/origincar_msg/include/origincar_msg/msg/detail/sign__rosidl_typesupport_introspection_cpp.hpp
[9.397s] -- Up-to-date: /root/dev_ws/install/origincar_msg/lib/liborigincar_msg__rosidl_typesupport_introspection_cpp.so
[9.398s] -- Up-to-date: /root/dev_ws/install/origincar_msg/lib/liborigincar_msg__rosidl_typesupport_cpp.so
[9.399s] -- Up-to-date: /root/dev_ws/install/origincar_msg/share/origincar_msg/environment/pythonpath.sh
[9.400s] -- Up-to-date: /root/dev_ws/install/origincar_msg/share/origincar_msg/environment/pythonpath.dsv
[9.401s] -- Up-to-date: /root/dev_ws/install/origincar_msg/lib/python3.8/site-packages/origincar_msg/__init__.py
[9.588s] -- Up-to-date: /root/dev_ws/install/origincar_msg/lib/python3.8/site-packages/origincar_msg/msg
[9.596s] -- Up-to-date: /root/dev_ws/install/origincar_msg/lib/python3.8/site-packages/origincar_msg/msg/_data_s.c
[9.598s] -- Up-to-date: /root/dev_ws/install/origincar_msg/lib/python3.8/site-packages/origincar_msg/msg/_sign.py
[9.602s] -- Up-to-date: /root/dev_ws/install/origincar_msg/lib/python3.8/site-packages/origincar_msg/msg/_sign_s.c
[9.606s] -- Up-to-date: /root/dev_ws/install/origincar_msg/lib/python3.8/site-packages/origincar_msg/msg/__init__.py
[9.610s] -- Up-to-date: /root/dev_ws/install/origincar_msg/lib/python3.8/site-packages/origincar_msg/msg/_data.py
[9.615s] -- Up-to-date: /root/dev_ws/install/origincar_msg/lib/python3.8/site-packages/origincar_msg/origincar_msg_s__rosidl_typesupport_fastrtps_c.cpython-38-aarch64-linux-gnu.so
[9.626s] -- Up-to-date: /root/dev_ws/install/origincar_msg/lib/python3.8/site-packages/origincar_msg/origincar_msg_s__rosidl_typesupport_introspection_c.cpython-38-aarch64-linux-gnu.so
[9.629s] -- Up-to-date: /root/dev_ws/install/origincar_msg/lib/python3.8/site-packages/origincar_msg/origincar_msg_s__rosidl_typesupport_c.cpython-38-aarch64-linux-gnu.so
[9.637s] -- Up-to-date: /root/dev_ws/install/origincar_msg/lib/liborigincar_msg__python.so
[9.690s] -- Up-to-date: /root/dev_ws/install/origincar_msg/share/origincar_msg/msg/Data.idl
[9.695s] -- Up-to-date: /root/dev_ws/install/origincar_msg/share/origincar_msg/msg/Sign.idl
[9.702s] -- Up-to-date: /root/dev_ws/install/origincar_msg/share/origincar_msg/msg/Data.msg
[9.704s] -- Up-to-date: /root/dev_ws/install/origincar_msg/share/origincar_msg/msg/Sign.msg
[9.706s] -- Up-to-date: /root/dev_ws/install/origincar_msg/share/ament_index/resource_index/package_run_dependencies/origincar_msg
[9.709s] -- Up-to-date: /root/dev_ws/install/origincar_msg/share/ament_index/resource_index/parent_prefix_path/origincar_msg
[9.711s] -- Up-to-date: /root/dev_ws/install/origincar_msg/share/origincar_msg/environment/ament_prefix_path.sh
[9.714s] -- Up-to-date: /root/dev_ws/install/origincar_msg/share/origincar_msg/environment/ament_prefix_path.dsv
[9.719s] -- Up-to-date: /root/dev_ws/install/origincar_msg/share/origincar_msg/environment/path.sh
[9.722s] -- Up-to-date: /root/dev_ws/install/origincar_msg/share/origincar_msg/environment/path.dsv
[9.726s] -- Up-to-date: /root/dev_ws/install/origincar_msg/share/origincar_msg/local_setup.bash
[9.729s] -- Up-to-date: /root/dev_ws/install/origincar_msg/share/origincar_msg/local_setup.sh
[9.733s] -- Up-to-date: /root/dev_ws/install/origincar_msg/share/origincar_msg/local_setup.zsh
[9.737s] -- Up-to-date: /root/dev_ws/install/origincar_msg/share/origincar_msg/local_setup.dsv
[9.740s] -- Installing: /root/dev_ws/install/origincar_msg/share/origincar_msg/package.dsv
[9.744s] -- Up-to-date: /root/dev_ws/install/origincar_msg/share/ament_index/resource_index/packages/origincar_msg
[9.747s] -- Up-to-date: /root/dev_ws/install/origincar_msg/share/origincar_msg/cmake/origincar_msg__rosidl_generator_cExport.cmake
[9.750s] -- Up-to-date: /root/dev_ws/install/origincar_msg/share/origincar_msg/cmake/origincar_msg__rosidl_generator_cExport-noconfig.cmake
[9.753s] -- Up-to-date: /root/dev_ws/install/origincar_msg/share/origincar_msg/cmake/origincar_msg__rosidl_typesupport_introspection_cExport.cmake
[9.755s] -- Up-to-date: /root/dev_ws/install/origincar_msg/share/origincar_msg/cmake/origincar_msg__rosidl_typesupport_introspection_cExport-noconfig.cmake
[9.757s] -- Up-to-date: /root/dev_ws/install/origincar_msg/share/origincar_msg/cmake/origincar_msg__rosidl_typesupport_cExport.cmake
[9.763s] -- Up-to-date: /root/dev_ws/install/origincar_msg/share/origincar_msg/cmake/origincar_msg__rosidl_typesupport_cExport-noconfig.cmake
[9.767s] -- Up-to-date: /root/dev_ws/install/origincar_msg/share/origincar_msg/cmake/origincar_msg__rosidl_generator_cppExport.cmake
[9.771s] -- Up-to-date: /root/dev_ws/install/origincar_msg/share/origincar_msg/cmake/origincar_msg__rosidl_typesupport_introspection_cppExport.cmake
[9.773s] -- Up-to-date: /root/dev_ws/install/origincar_msg/share/origincar_msg/cmake/origincar_msg__rosidl_typesupport_introspection_cppExport-noconfig.cmake
[9.778s] -- Up-to-date: /root/dev_ws/install/origincar_msg/share/origincar_msg/cmake/origincar_msg__rosidl_typesupport_cppExport.cmake
[9.781s] -- Up-to-date: /root/dev_ws/install/origincar_msg/share/origincar_msg/cmake/origincar_msg__rosidl_typesupport_cppExport-noconfig.cmake
[9.783s] -- Up-to-date: /root/dev_ws/install/origincar_msg/share/origincar_msg/cmake/rosidl_cmake-extras.cmake
[9.786s] -- Up-to-date: /root/dev_ws/install/origincar_msg/share/origincar_msg/cmake/ament_cmake_export_dependencies-extras.cmake
[9.790s] -- Up-to-date: /root/dev_ws/install/origincar_msg/share/origincar_msg/cmake/ament_cmake_export_libraries-extras.cmake
[9.791s] -- Up-to-date: /root/dev_ws/install/origincar_msg/share/origincar_msg/cmake/ament_cmake_export_targets-extras.cmake
[9.792s] -- Up-to-date: /root/dev_ws/install/origincar_msg/share/origincar_msg/cmake/ament_cmake_export_include_directories-extras.cmake
[9.792s] -- Up-to-date: /root/dev_ws/install/origincar_msg/share/origincar_msg/cmake/rosidl_cmake_export_typesupport_libraries-extras.cmake
[9.793s] -- Up-to-date: /root/dev_ws/install/origincar_msg/share/origincar_msg/cmake/rosidl_cmake_export_typesupport_targets-extras.cmake
[9.794s] -- Up-to-date: /root/dev_ws/install/origincar_msg/share/origincar_msg/cmake/origincar_msgConfig.cmake
[9.794s] -- Up-to-date: /root/dev_ws/install/origincar_msg/share/origincar_msg/cmake/origincar_msgConfig-version.cmake
[9.795s] -- Up-to-date: /root/dev_ws/install/origincar_msg/share/origincar_msg/package.xml
[12.483s] Invoked command in '/root/dev_ws/build/origincar_msg' returned '0': CMAKE_PREFIX_PATH=${CMAKE_PREFIX_PATH}:/root/dev_ws/install/tf2_tools:/opt/ros/foxy /usr/bin/cmake --install /root/dev_ws/build/origincar_msg
