[18.506s] DEBUG:colcon:Command line arguments: ['/usr/bin/colcon', 'build']
[18.507s] DEBUG:colcon:Parsed command line arguments: Namespace(allow_overriding=[], ament_cmake_args=None, base_paths=['.'], build_base='build', catkin_cmake_args=None, catkin_skip_building_tests=False, cmake_args=None, cmake_clean_cache=False, cmake_clean_first=False, cmake_force_configure=False, cmake_target=None, cmake_target_skip_unavailable=False, continue_on_error=False, event_handlers=None, executor='parallel', ignore_user_meta=False, install_base='install', log_base=None, log_level=None, main=<bound method BuildVerb.main of <colcon_core.verb.build.BuildVerb object at 0x7f89bcfb50>>, merge_install=False, metas=['./colcon.meta'], packages_above=None, packages_above_and_dependencies=None, packages_above_depth=None, packages_end=None, packages_ignore=None, packages_ignore_regex=None, packages_select=None, packages_select_build_failed=False, packages_select_by_dep=None, packages_select_regex=None, packages_select_test_failures=False, packages_skip=None, packages_skip_build_finished=False, packages_skip_by_dep=None, packages_skip_regex=None, packages_skip_test_passed=False, packages_skip_up_to=None, packages_start=None, packages_up_to=None, packages_up_to_regex=None, parallel_workers=4, paths=None, symlink_install=False, test_result_base=None, verb_extension=<colcon_core.verb.build.BuildVerb object at 0x7f89bcfb50>, verb_name='build', verb_parser=<colcon_defaults.argument_parser.defaults.DefaultArgumentsDecorator object at 0x7f898b0f40>)
[19.342s] Level 1:colcon.colcon_core.package_discovery:discover_packages(colcon_meta) check parameters
[19.343s] Level 1:colcon.colcon_core.package_discovery:discover_packages(recursive) check parameters
[19.343s] Level 1:colcon.colcon_core.package_discovery:discover_packages(ignore) check parameters
[19.343s] Level 1:colcon.colcon_core.package_discovery:discover_packages(path) check parameters
[19.343s] Level 1:colcon.colcon_core.package_discovery:discover_packages(colcon_meta) discover
[19.344s] Level 1:colcon.colcon_core.package_discovery:discover_packages(recursive) discover
[19.344s] INFO:colcon.colcon_core.package_discovery:Crawling recursively for packages in '/root/dev_ws/Horizen-SmartCar-DGDZ/src/origincar/my_package'
[19.345s] Level 1:colcon.colcon_core.package_identification:_identify(.) by extensions ['ignore', 'ignore_ament_install']
[19.345s] Level 1:colcon.colcon_core.package_identification:_identify(.) by extension 'ignore'
[19.346s] Level 1:colcon.colcon_core.package_identification:_identify(.) by extension 'ignore_ament_install'
[19.346s] Level 1:colcon.colcon_core.package_identification:_identify(.) by extensions ['colcon_pkg']
[19.346s] Level 1:colcon.colcon_core.package_identification:_identify(.) by extension 'colcon_pkg'
[19.347s] Level 1:colcon.colcon_core.package_identification:_identify(.) by extensions ['colcon_meta']
[19.347s] Level 1:colcon.colcon_core.package_identification:_identify(.) by extension 'colcon_meta'
[19.347s] Level 1:colcon.colcon_core.package_identification:_identify(.) by extensions ['ros']
[19.348s] Level 1:colcon.colcon_core.package_identification:_identify(.) by extension 'ros'
[19.519s] DEBUG:colcon.colcon_core.package_identification:Package '.' with type 'ros.ament_python' and name 'my_package'
[19.520s] Level 1:colcon.colcon_core.package_discovery:discover_packages(recursive) using defaults
[19.520s] Level 1:colcon.colcon_core.package_discovery:discover_packages(ignore) discover
[19.520s] Level 1:colcon.colcon_core.package_discovery:discover_packages(ignore) using defaults
[19.520s] Level 1:colcon.colcon_core.package_discovery:discover_packages(path) discover
[19.521s] Level 1:colcon.colcon_core.package_discovery:discover_packages(path) using defaults
[21.220s] Level 1:colcon.colcon_core.package_discovery:discover_packages(prefix_path) check parameters
[21.221s] Level 1:colcon.colcon_core.package_discovery:discover_packages(prefix_path) discover
[21.890s] DEBUG:colcon.colcon_installed_package_information.package_discovery:Found 390 installed packages in /opt/tros
[22.284s] DEBUG:colcon.colcon_installed_package_information.package_discovery:Found 194 installed packages in /opt/ros/foxy
[22.339s] Level 1:colcon.colcon_core.package_discovery:discover_packages(prefix_path) using defaults
[23.649s] Level 5:colcon.colcon_core.verb:set package 'my_package' build argument 'cmake_args' from command line to 'None'
[23.650s] Level 5:colcon.colcon_core.verb:set package 'my_package' build argument 'cmake_target' from command line to 'None'
[23.650s] Level 5:colcon.colcon_core.verb:set package 'my_package' build argument 'cmake_target_skip_unavailable' from command line to 'False'
[23.650s] Level 5:colcon.colcon_core.verb:set package 'my_package' build argument 'cmake_clean_cache' from command line to 'False'
[23.650s] Level 5:colcon.colcon_core.verb:set package 'my_package' build argument 'cmake_clean_first' from command line to 'False'
[23.651s] Level 5:colcon.colcon_core.verb:set package 'my_package' build argument 'cmake_force_configure' from command line to 'False'
[23.651s] Level 5:colcon.colcon_core.verb:set package 'my_package' build argument 'ament_cmake_args' from command line to 'None'
[23.651s] Level 5:colcon.colcon_core.verb:set package 'my_package' build argument 'catkin_cmake_args' from command line to 'None'
[23.651s] Level 5:colcon.colcon_core.verb:set package 'my_package' build argument 'catkin_skip_building_tests' from command line to 'False'
[23.652s] DEBUG:colcon.colcon_core.verb:Building package 'my_package' with the following arguments: {'ament_cmake_args': None, 'build_base': '/root/dev_ws/Horizen-SmartCar-DGDZ/src/origincar/my_package/build/my_package', 'catkin_cmake_args': None, 'catkin_skip_building_tests': False, 'cmake_args': None, 'cmake_clean_cache': False, 'cmake_clean_first': False, 'cmake_force_configure': False, 'cmake_target': None, 'cmake_target_skip_unavailable': False, 'install_base': '/root/dev_ws/Horizen-SmartCar-DGDZ/src/origincar/my_package/install/my_package', 'merge_install': False, 'path': '/root/dev_ws/Horizen-SmartCar-DGDZ/src/origincar/my_package', 'symlink_install': False, 'test_result_base': None}
[23.953s] INFO:colcon.colcon_core.executor:Executing jobs using 'parallel' executor
[24.260s] DEBUG:colcon.colcon_parallel_executor.executor.parallel:run_until_complete
[24.263s] INFO:colcon.colcon_ros.task.ament_python.build:Building ROS package in '/root/dev_ws/Horizen-SmartCar-DGDZ/src/origincar/my_package' with build type 'ament_python'
[24.264s] Level 1:colcon.colcon_core.shell:create_environment_hook('my_package', 'ament_prefix_path')
[24.588s] INFO:colcon.colcon_core.plugin_system:Skipping extension 'colcon_core.shell.bat': Not used on non-Windows systems
[24.590s] INFO:colcon.colcon_core.shell:Creating environment hook '/root/dev_ws/Horizen-SmartCar-DGDZ/src/origincar/my_package/install/my_package/share/my_package/hook/ament_prefix_path.ps1'
[24.594s] INFO:colcon.colcon_core.shell:Creating environment descriptor '/root/dev_ws/Horizen-SmartCar-DGDZ/src/origincar/my_package/install/my_package/share/my_package/hook/ament_prefix_path.dsv'
[24.597s] INFO:colcon.colcon_core.shell:Creating environment hook '/root/dev_ws/Horizen-SmartCar-DGDZ/src/origincar/my_package/install/my_package/share/my_package/hook/ament_prefix_path.sh'
[25.059s] INFO:colcon.colcon_core.shell:Skip shell extension 'powershell' for command environment: Not usable outside of PowerShell
[25.060s] DEBUG:colcon.colcon_core.shell:Skip shell extension 'dsv' for command environment
[27.827s] INFO:colcon.colcon_core.task.python.build:Building Python package in '/root/dev_ws/Horizen-SmartCar-DGDZ/src/origincar/my_package'
[28.177s] INFO:colcon.colcon_core.shell:Skip shell extension 'powershell' for command environment: Not usable outside of PowerShell
[28.177s] DEBUG:colcon.colcon_core.shell:Skip shell extension 'dsv' for command environment
[32.057s] DEBUG:colcon.colcon_core.event_handler.log_command:Invoking command in '/root/dev_ws/Horizen-SmartCar-DGDZ/src/origincar/my_package': PYTHONPATH=/root/dev_ws/Horizen-SmartCar-DGDZ/src/origincar/my_package/build/my_package/prefix_override:/root/dev_ws/Horizen-SmartCar-DGDZ/src/origincar/my_package/install/my_package/lib/python3.8/site-packages:${PYTHONPATH} /usr/bin/python3 setup.py egg_info --egg-base build/my_package build --build-base /root/dev_ws/Horizen-SmartCar-DGDZ/src/origincar/my_package/build/my_package/build install --record /root/dev_ws/Horizen-SmartCar-DGDZ/src/origincar/my_package/build/my_package/install.log --install-scripts $base/lib/my_package --single-version-externally-managed
[34.326s] DEBUG:colcon.colcon_core.event_handler.log_command:Invoked command in '/root/dev_ws/Horizen-SmartCar-DGDZ/src/origincar/my_package' returned '0': PYTHONPATH=/root/dev_ws/Horizen-SmartCar-DGDZ/src/origincar/my_package/build/my_package/prefix_override:/root/dev_ws/Horizen-SmartCar-DGDZ/src/origincar/my_package/install/my_package/lib/python3.8/site-packages:${PYTHONPATH} /usr/bin/python3 setup.py egg_info --egg-base build/my_package build --build-base /root/dev_ws/Horizen-SmartCar-DGDZ/src/origincar/my_package/build/my_package/build install --record /root/dev_ws/Horizen-SmartCar-DGDZ/src/origincar/my_package/build/my_package/install.log --install-scripts $base/lib/my_package --single-version-externally-managed
[34.656s] Level 1:colcon.colcon_core.environment:checking '/root/dev_ws/Horizen-SmartCar-DGDZ/src/origincar/my_package/install/my_package' for CMake module files
[34.659s] Level 1:colcon.colcon_core.environment:checking '/root/dev_ws/Horizen-SmartCar-DGDZ/src/origincar/my_package/install/my_package' for CMake config files
[34.663s] Level 1:colcon.colcon_core.environment:checking '/root/dev_ws/Horizen-SmartCar-DGDZ/src/origincar/my_package/install/my_package/lib'
[34.665s] Level 1:colcon.colcon_core.environment:checking '/root/dev_ws/Horizen-SmartCar-DGDZ/src/origincar/my_package/install/my_package/bin'
[34.666s] Level 1:colcon.colcon_core.environment:checking '/root/dev_ws/Horizen-SmartCar-DGDZ/src/origincar/my_package/install/my_package/lib/pkgconfig/my_package.pc'
[34.667s] Level 1:colcon.colcon_core.environment:checking '/root/dev_ws/Horizen-SmartCar-DGDZ/src/origincar/my_package/install/my_package/lib/python3.8/site-packages'
[34.668s] Level 1:colcon.colcon_core.shell:create_environment_hook('my_package', 'pythonpath')
[34.982s] INFO:colcon.colcon_core.shell:Creating environment hook '/root/dev_ws/Horizen-SmartCar-DGDZ/src/origincar/my_package/install/my_package/share/my_package/hook/pythonpath.ps1'
[34.984s] INFO:colcon.colcon_core.shell:Creating environment descriptor '/root/dev_ws/Horizen-SmartCar-DGDZ/src/origincar/my_package/install/my_package/share/my_package/hook/pythonpath.dsv'
[34.986s] INFO:colcon.colcon_core.shell:Creating environment hook '/root/dev_ws/Horizen-SmartCar-DGDZ/src/origincar/my_package/install/my_package/share/my_package/hook/pythonpath.sh'
[34.990s] Level 1:colcon.colcon_core.environment:checking '/root/dev_ws/Horizen-SmartCar-DGDZ/src/origincar/my_package/install/my_package/bin'
[34.990s] Level 1:colcon.colcon_core.environment:create_environment_scripts_only(my_package)
[35.307s] INFO:colcon.colcon_core.shell:Creating package script '/root/dev_ws/Horizen-SmartCar-DGDZ/src/origincar/my_package/install/my_package/share/my_package/package.ps1'
[35.314s] INFO:colcon.colcon_core.shell:Creating package descriptor '/root/dev_ws/Horizen-SmartCar-DGDZ/src/origincar/my_package/install/my_package/share/my_package/package.dsv'
[35.319s] INFO:colcon.colcon_core.shell:Creating package script '/root/dev_ws/Horizen-SmartCar-DGDZ/src/origincar/my_package/install/my_package/share/my_package/package.sh'
[35.325s] INFO:colcon.colcon_core.shell:Creating package script '/root/dev_ws/Horizen-SmartCar-DGDZ/src/origincar/my_package/install/my_package/share/my_package/package.bash'
[35.331s] INFO:colcon.colcon_core.shell:Creating package script '/root/dev_ws/Horizen-SmartCar-DGDZ/src/origincar/my_package/install/my_package/share/my_package/package.zsh'
[35.337s] Level 1:colcon.colcon_core.environment:create_file_with_runtime_dependencies(/root/dev_ws/Horizen-SmartCar-DGDZ/src/origincar/my_package/install/my_package/share/colcon-core/packages/my_package)
[35.339s] DEBUG:colcon.colcon_parallel_executor.executor.parallel:closing loop
[35.341s] DEBUG:colcon.colcon_parallel_executor.executor.parallel:loop closed
[35.341s] DEBUG:colcon.colcon_parallel_executor.executor.parallel:run_until_complete finished with '0'
[35.342s] DEBUG:colcon.colcon_core.event_reactor:joining thread
[35.675s] INFO:colcon.colcon_core.plugin_system:Skipping extension 'colcon_notification.desktop_notification.notify_send': Could not find 'notify-send'
[35.676s] INFO:colcon.colcon_core.plugin_system:Skipping extension 'colcon_notification.desktop_notification.terminal_notifier': Not used on non-Darwin systems
[35.677s] INFO:colcon.colcon_core.plugin_system:Skipping extension 'colcon_notification.desktop_notification.win32': Not used on non-Windows systems
[35.677s] INFO:colcon.colcon_notification.desktop_notification:Sending desktop notification using 'notify2'
[35.680s] DEBUG:colcon.colcon_notification.desktop_notification.notify2:Failed to initialize notify2: org.freedesktop.DBus.Error.ServiceUnknown: The name org.freedesktop.Notifications was not provided by any .service files
[35.681s] DEBUG:colcon.colcon_core.event_reactor:joined thread
[35.990s] INFO:colcon.colcon_core.shell:Creating prefix script '/root/dev_ws/Horizen-SmartCar-DGDZ/src/origincar/my_package/install/local_setup.ps1'
[35.997s] INFO:colcon.colcon_core.shell:Creating prefix util module '/root/dev_ws/Horizen-SmartCar-DGDZ/src/origincar/my_package/install/_local_setup_util_ps1.py'
[36.007s] INFO:colcon.colcon_core.shell:Creating prefix chain script '/root/dev_ws/Horizen-SmartCar-DGDZ/src/origincar/my_package/install/setup.ps1'
[36.334s] INFO:colcon.colcon_core.shell:Creating prefix script '/root/dev_ws/Horizen-SmartCar-DGDZ/src/origincar/my_package/install/local_setup.sh'
[36.338s] INFO:colcon.colcon_core.shell:Creating prefix util module '/root/dev_ws/Horizen-SmartCar-DGDZ/src/origincar/my_package/install/_local_setup_util_sh.py'
[36.342s] INFO:colcon.colcon_core.shell:Creating prefix chain script '/root/dev_ws/Horizen-SmartCar-DGDZ/src/origincar/my_package/install/setup.sh'
[36.726s] INFO:colcon.colcon_core.shell:Creating prefix script '/root/dev_ws/Horizen-SmartCar-DGDZ/src/origincar/my_package/install/local_setup.bash'
[36.730s] INFO:colcon.colcon_core.shell:Creating prefix chain script '/root/dev_ws/Horizen-SmartCar-DGDZ/src/origincar/my_package/install/setup.bash'
[37.040s] INFO:colcon.colcon_core.shell:Creating prefix script '/root/dev_ws/Horizen-SmartCar-DGDZ/src/origincar/my_package/install/local_setup.zsh'
[37.044s] INFO:colcon.colcon_core.shell:Creating prefix chain script '/root/dev_ws/Horizen-SmartCar-DGDZ/src/origincar/my_package/install/setup.zsh'
