[1.560s] Invoking command in '/root/dev_ws/build/serial': CMAKE_PREFIX_PATH=${CMAKE_PREFIX_PATH}:/userdata/dev_ws/install/qr_code_detection:/userdata/dev_ws/install/qr_code_control:/userdata/dev_ws/install/originbot_linefollower:/userdata/dev_ws/install/originbot_demo:/opt/ros/foxy /usr/bin/cmake --build /root/dev_ws/build/serial -- -j4 -l4
[1.914s] [100%] Built target serial
[2.105s] Invoked command in '/root/dev_ws/build/serial' returned '0': CMAKE_PREFIX_PATH=${CMAKE_PREFIX_PATH}:/userdata/dev_ws/install/qr_code_detection:/userdata/dev_ws/install/qr_code_control:/userdata/dev_ws/install/originbot_linefollower:/userdata/dev_ws/install/originbot_demo:/opt/ros/foxy /usr/bin/cmake --build /root/dev_ws/build/serial -- -j4 -l4
[2.611s] Invoking command in '/root/dev_ws/build/serial': CMAKE_PREFIX_PATH=${CMAKE_PREFIX_PATH}:/userdata/dev_ws/install/qr_code_detection:/userdata/dev_ws/install/qr_code_control:/userdata/dev_ws/install/originbot_linefollower:/userdata/dev_ws/install/originbot_demo:/opt/ros/foxy /usr/bin/cmake --install /root/dev_ws/build/serial
[2.686s] -- Install configuration: ""
[2.688s] -- Up-to-date: /root/dev_ws/install/serial/lib/libserial.a
[2.690s] -- Up-to-date: /root/dev_ws/install/serial/share/serial/environment/library_path.sh
[2.693s] -- Up-to-date: /root/dev_ws/install/serial/share/serial/environment/library_path.dsv
[2.694s] -- Up-to-date: /root/dev_ws/install/serial/include/serial
[2.696s] -- Up-to-date: /root/dev_ws/install/serial/include/serial/v8stdint.h
[2.698s] -- Up-to-date: /root/dev_ws/install/serial/include/serial/serial.h
[2.700s] -- Up-to-date: /root/dev_ws/install/serial/include/serial/impl
[2.702s] -- Up-to-date: /root/dev_ws/install/serial/include/serial/impl/win.h
[2.704s] -- Up-to-date: /root/dev_ws/install/serial/include/serial/impl/unix.h
[2.706s] -- Up-to-date: /root/dev_ws/install/serial/share/ament_index/resource_index/package_run_dependencies/serial
[2.708s] -- Up-to-date: /root/dev_ws/install/serial/share/ament_index/resource_index/parent_prefix_path/serial
[2.710s] -- Up-to-date: /root/dev_ws/install/serial/share/serial/environment/ament_prefix_path.sh
[2.716s] -- Up-to-date: /root/dev_ws/install/serial/share/serial/environment/ament_prefix_path.dsv
[2.721s] -- Up-to-date: /root/dev_ws/install/serial/share/serial/environment/path.sh
[2.722s] -- Up-to-date: /root/dev_ws/install/serial/share/serial/environment/path.dsv
[2.740s] -- Up-to-date: /root/dev_ws/install/serial/share/serial/local_setup.bash
[2.743s] -- Up-to-date: /root/dev_ws/install/serial/share/serial/local_setup.sh
[2.744s] -- Up-to-date: /root/dev_ws/install/serial/share/serial/local_setup.zsh
[2.745s] -- Up-to-date: /root/dev_ws/install/serial/share/serial/local_setup.dsv
[2.746s] -- Installing: /root/dev_ws/install/serial/share/serial/package.dsv
[2.748s] -- Up-to-date: /root/dev_ws/install/serial/share/ament_index/resource_index/packages/serial
[2.751s] -- Up-to-date: /root/dev_ws/install/serial/share/serial/cmake/ament_cmake_export_include_directories-extras.cmake
[2.752s] -- Up-to-date: /root/dev_ws/install/serial/share/serial/cmake/ament_cmake_export_libraries-extras.cmake
[2.755s] -- Up-to-date: /root/dev_ws/install/serial/share/serial/cmake/ament_cmake_export_dependencies-extras.cmake
[2.759s] -- Up-to-date: /root/dev_ws/install/serial/share/serial/cmake/serialConfig.cmake
[2.764s] -- Up-to-date: /root/dev_ws/install/serial/share/serial/cmake/serialConfig-version.cmake
[2.765s] -- Up-to-date: /root/dev_ws/install/serial/share/serial/package.xml
[2.768s] Invoked command in '/root/dev_ws/build/serial' returned '0': CMAKE_PREFIX_PATH=${CMAKE_PREFIX_PATH}:/userdata/dev_ws/install/qr_code_detection:/userdata/dev_ws/install/qr_code_control:/userdata/dev_ws/install/originbot_linefollower:/userdata/dev_ws/install/originbot_demo:/opt/ros/foxy /usr/bin/cmake --install /root/dev_ws/build/serial
