[6.042s] Invoking command in '/root/dev_ws/build/ackermann_msgs': CMAKE_PREFIX_PATH=${CMAKE_PREFIX_PATH}:/userdata/dev_ws/install/qr_code_detection:/userdata/dev_ws/install/qr_code_control:/userdata/dev_ws/install/originbot_linefollower:/userdata/dev_ws/install/originbot_demo:/opt/ros/foxy /usr/bin/cmake --build /root/dev_ws/build/ackermann_msgs -- -j4 -l4
[6.505s] [ 10%] Built target ackermann_msgs__rosidl_generator_c
[6.521s] [ 12%] Built target ackermann_msgs__cpp
[6.798s] [ 23%] Built target ackermann_msgs__rosidl_typesupport_cpp
[6.808s] [ 33%] Built target ackermann_msgs__rosidl_typesupport_c
[6.935s] [ 43%] Built target ackermann_msgs__rosidl_typesupport_introspection_c
[6.988s] [ 53%] Built target ackermann_msgs__rosidl_typesupport_introspection_cpp
[7.026s] [ 64%] Built target ackermann_msgs__rosidl_typesupport_fastrtps_cpp
[7.215s] [ 74%] Built target ackermann_msgs__rosidl_typesupport_fastrtps_c
[7.338s] [ 74%] Built target ackermann_msgs
[7.456s] [ 76%] Built target ackermann_msgs__py
[7.693s] [ 84%] Built target ackermann_msgs__python
[7.971s] [ 89%] Built target ackermann_msgs__rosidl_typesupport_c__pyext
[7.978s] [ 94%] Built target ackermann_msgs__rosidl_typesupport_fastrtps_c__pyext
[8.025s] [100%] Built target ackermann_msgs__rosidl_typesupport_introspection_c__pyext
[8.637s] Invoked command in '/root/dev_ws/build/ackermann_msgs' returned '0': CMAKE_PREFIX_PATH=${CMAKE_PREFIX_PATH}:/userdata/dev_ws/install/qr_code_detection:/userdata/dev_ws/install/qr_code_control:/userdata/dev_ws/install/originbot_linefollower:/userdata/dev_ws/install/originbot_demo:/opt/ros/foxy /usr/bin/cmake --build /root/dev_ws/build/ackermann_msgs -- -j4 -l4
[11.989s] Invoking command in '/root/dev_ws/build/ackermann_msgs': CMAKE_PREFIX_PATH=${CMAKE_PREFIX_PATH}:/userdata/dev_ws/install/qr_code_detection:/userdata/dev_ws/install/qr_code_control:/userdata/dev_ws/install/originbot_linefollower:/userdata/dev_ws/install/originbot_demo:/opt/ros/foxy /usr/bin/cmake --install /root/dev_ws/build/ackermann_msgs
[12.051s] -- Install configuration: ""
[12.052s] -- Up-to-date: /root/dev_ws/install/ackermann_msgs/share/ament_index/resource_index/rosidl_interfaces/ackermann_msgs
[12.054s] -- Up-to-date: /root/dev_ws/install/ackermann_msgs/include/ackermann_msgs
[12.055s] -- Up-to-date: /root/dev_ws/install/ackermann_msgs/include/ackermann_msgs/msg
[12.057s] -- Up-to-date: /root/dev_ws/install/ackermann_msgs/include/ackermann_msgs/msg/ackermann_drive.h
[12.059s] -- Up-to-date: /root/dev_ws/install/ackermann_msgs/include/ackermann_msgs/msg/rosidl_generator_c__visibility_control.h
[12.060s] -- Up-to-date: /root/dev_ws/install/ackermann_msgs/include/ackermann_msgs/msg/ackermann_drive_stamped.h
[12.061s] -- Up-to-date: /root/dev_ws/install/ackermann_msgs/include/ackermann_msgs/msg/detail
[12.065s] -- Up-to-date: /root/dev_ws/install/ackermann_msgs/include/ackermann_msgs/msg/detail/ackermann_drive_stamped__functions.c
[12.067s] -- Up-to-date: /root/dev_ws/install/ackermann_msgs/include/ackermann_msgs/msg/detail/ackermann_drive__struct.h
[12.071s] -- Up-to-date: /root/dev_ws/install/ackermann_msgs/include/ackermann_msgs/msg/detail/ackermann_drive_stamped__type_support.h
[12.073s] -- Up-to-date: /root/dev_ws/install/ackermann_msgs/include/ackermann_msgs/msg/detail/ackermann_drive__functions.c
[12.079s] -- Up-to-date: /root/dev_ws/install/ackermann_msgs/include/ackermann_msgs/msg/detail/ackermann_drive__type_support.h
[12.080s] -- Up-to-date: /root/dev_ws/install/ackermann_msgs/include/ackermann_msgs/msg/detail/ackermann_drive__functions.h
[12.082s] -- Up-to-date: /root/dev_ws/install/ackermann_msgs/include/ackermann_msgs/msg/detail/ackermann_drive_stamped__functions.h
[12.085s] -- Up-to-date: /root/dev_ws/install/ackermann_msgs/include/ackermann_msgs/msg/detail/ackermann_drive_stamped__struct.h
[12.087s] -- Up-to-date: /root/dev_ws/install/ackermann_msgs/share/ackermann_msgs/environment/library_path.sh
[12.088s] -- Up-to-date: /root/dev_ws/install/ackermann_msgs/share/ackermann_msgs/environment/library_path.dsv
[12.089s] -- Up-to-date: /root/dev_ws/install/ackermann_msgs/lib/libackermann_msgs__rosidl_generator_c.so
[12.091s] -- Up-to-date: /root/dev_ws/install/ackermann_msgs/include/ackermann_msgs
[12.093s] -- Up-to-date: /root/dev_ws/install/ackermann_msgs/include/ackermann_msgs/msg
[12.094s] -- Up-to-date: /root/dev_ws/install/ackermann_msgs/include/ackermann_msgs/msg/rosidl_typesupport_fastrtps_c__visibility_control.h
[12.095s] -- Up-to-date: /root/dev_ws/install/ackermann_msgs/include/ackermann_msgs/msg/detail
[12.096s] -- Up-to-date: /root/dev_ws/install/ackermann_msgs/include/ackermann_msgs/msg/detail/ackermann_drive__rosidl_typesupport_fastrtps_c.h
[12.097s] -- Up-to-date: /root/dev_ws/install/ackermann_msgs/include/ackermann_msgs/msg/detail/ackermann_drive_stamped__rosidl_typesupport_fastrtps_c.h
[12.098s] -- Up-to-date: /root/dev_ws/install/ackermann_msgs/lib/libackermann_msgs__rosidl_typesupport_fastrtps_c.so
[12.099s] -- Up-to-date: /root/dev_ws/install/ackermann_msgs/include/ackermann_msgs
[12.100s] -- Up-to-date: /root/dev_ws/install/ackermann_msgs/include/ackermann_msgs/msg
[12.101s] -- Up-to-date: /root/dev_ws/install/ackermann_msgs/include/ackermann_msgs/msg/rosidl_typesupport_fastrtps_cpp__visibility_control.h
[12.102s] -- Up-to-date: /root/dev_ws/install/ackermann_msgs/include/ackermann_msgs/msg/detail
[12.103s] -- Up-to-date: /root/dev_ws/install/ackermann_msgs/include/ackermann_msgs/msg/detail/ackermann_drive_stamped__rosidl_typesupport_fastrtps_cpp.hpp
[12.104s] -- Up-to-date: /root/dev_ws/install/ackermann_msgs/include/ackermann_msgs/msg/detail/ackermann_drive__rosidl_typesupport_fastrtps_cpp.hpp
[12.105s] -- Up-to-date: /root/dev_ws/install/ackermann_msgs/include/ackermann_msgs/msg/detail/dds_fastrtps
[12.106s] -- Up-to-date: /root/dev_ws/install/ackermann_msgs/lib/libackermann_msgs__rosidl_typesupport_fastrtps_cpp.so
[12.107s] -- Up-to-date: /root/dev_ws/install/ackermann_msgs/include/ackermann_msgs
[12.108s] -- Up-to-date: /root/dev_ws/install/ackermann_msgs/include/ackermann_msgs/msg
[12.109s] -- Up-to-date: /root/dev_ws/install/ackermann_msgs/include/ackermann_msgs/msg/rosidl_typesupport_introspection_c__visibility_control.h
[12.111s] -- Up-to-date: /root/dev_ws/install/ackermann_msgs/include/ackermann_msgs/msg/detail
[12.112s] -- Up-to-date: /root/dev_ws/install/ackermann_msgs/include/ackermann_msgs/msg/detail/ackermann_drive__rosidl_typesupport_introspection_c.h
[12.113s] -- Up-to-date: /root/dev_ws/install/ackermann_msgs/include/ackermann_msgs/msg/detail/ackermann_drive_stamped__type_support.c
[12.114s] -- Up-to-date: /root/dev_ws/install/ackermann_msgs/include/ackermann_msgs/msg/detail/ackermann_drive_stamped__rosidl_typesupport_introspection_c.h
[12.115s] -- Up-to-date: /root/dev_ws/install/ackermann_msgs/include/ackermann_msgs/msg/detail/ackermann_drive__type_support.c
[12.116s] -- Up-to-date: /root/dev_ws/install/ackermann_msgs/lib/libackermann_msgs__rosidl_typesupport_introspection_c.so
[12.118s] -- Up-to-date: /root/dev_ws/install/ackermann_msgs/lib/libackermann_msgs__rosidl_typesupport_c.so
[12.129s] -- Up-to-date: /root/dev_ws/install/ackermann_msgs/include/ackermann_msgs
[12.136s] -- Up-to-date: /root/dev_ws/install/ackermann_msgs/include/ackermann_msgs/msg
[12.137s] -- Up-to-date: /root/dev_ws/install/ackermann_msgs/include/ackermann_msgs/msg/rosidl_generator_cpp__visibility_control.hpp
[12.138s] -- Up-to-date: /root/dev_ws/install/ackermann_msgs/include/ackermann_msgs/msg/ackermann_drive.hpp
[12.140s] -- Up-to-date: /root/dev_ws/install/ackermann_msgs/include/ackermann_msgs/msg/ackermann_drive_stamped.hpp
[12.141s] -- Up-to-date: /root/dev_ws/install/ackermann_msgs/include/ackermann_msgs/msg/detail
[12.145s] -- Up-to-date: /root/dev_ws/install/ackermann_msgs/include/ackermann_msgs/msg/detail/ackermann_drive__builder.hpp
[12.147s] -- Up-to-date: /root/dev_ws/install/ackermann_msgs/include/ackermann_msgs/msg/detail/ackermann_drive_stamped__builder.hpp
[12.148s] -- Up-to-date: /root/dev_ws/install/ackermann_msgs/include/ackermann_msgs/msg/detail/ackermann_drive__traits.hpp
[12.149s] -- Up-to-date: /root/dev_ws/install/ackermann_msgs/include/ackermann_msgs/msg/detail/ackermann_drive_stamped__traits.hpp
[12.150s] -- Up-to-date: /root/dev_ws/install/ackermann_msgs/include/ackermann_msgs/msg/detail/ackermann_drive__struct.hpp
[12.151s] -- Up-to-date: /root/dev_ws/install/ackermann_msgs/include/ackermann_msgs/msg/detail/ackermann_drive_stamped__struct.hpp
[12.155s] -- Up-to-date: /root/dev_ws/install/ackermann_msgs/include/ackermann_msgs/msg/detail/ackermann_drive_stamped__type_support.hpp
[12.156s] -- Up-to-date: /root/dev_ws/install/ackermann_msgs/include/ackermann_msgs/msg/detail/ackermann_drive__type_support.hpp
[12.157s] -- Up-to-date: /root/dev_ws/install/ackermann_msgs/include/ackermann_msgs
[12.158s] -- Up-to-date: /root/dev_ws/install/ackermann_msgs/include/ackermann_msgs/msg
[12.159s] -- Up-to-date: /root/dev_ws/install/ackermann_msgs/include/ackermann_msgs/msg/detail
[12.160s] -- Up-to-date: /root/dev_ws/install/ackermann_msgs/include/ackermann_msgs/msg/detail/ackermann_drive__rosidl_typesupport_introspection_cpp.hpp
[12.161s] -- Up-to-date: /root/dev_ws/install/ackermann_msgs/include/ackermann_msgs/msg/detail/ackermann_drive_stamped__type_support.cpp
[12.162s] -- Up-to-date: /root/dev_ws/install/ackermann_msgs/include/ackermann_msgs/msg/detail/ackermann_drive_stamped__rosidl_typesupport_introspection_cpp.hpp
[12.163s] -- Up-to-date: /root/dev_ws/install/ackermann_msgs/include/ackermann_msgs/msg/detail/ackermann_drive__type_support.cpp
[12.164s] -- Up-to-date: /root/dev_ws/install/ackermann_msgs/lib/libackermann_msgs__rosidl_typesupport_introspection_cpp.so
[12.172s] -- Up-to-date: /root/dev_ws/install/ackermann_msgs/lib/libackermann_msgs__rosidl_typesupport_cpp.so
[12.175s] -- Up-to-date: /root/dev_ws/install/ackermann_msgs/share/ackermann_msgs/environment/pythonpath.sh
[12.182s] -- Up-to-date: /root/dev_ws/install/ackermann_msgs/share/ackermann_msgs/environment/pythonpath.dsv
[12.185s] -- Up-to-date: /root/dev_ws/install/ackermann_msgs/lib/python3.8/site-packages/ackermann_msgs/__init__.py
[12.400s] -- Up-to-date: /root/dev_ws/install/ackermann_msgs/lib/python3.8/site-packages/ackermann_msgs/msg
[12.404s] -- Up-to-date: /root/dev_ws/install/ackermann_msgs/lib/python3.8/site-packages/ackermann_msgs/msg/__init__.py
[12.405s] -- Up-to-date: /root/dev_ws/install/ackermann_msgs/lib/python3.8/site-packages/ackermann_msgs/msg/_ackermann_drive_stamped_s.c
[12.408s] -- Up-to-date: /root/dev_ws/install/ackermann_msgs/lib/python3.8/site-packages/ackermann_msgs/msg/_ackermann_drive_stamped.py
[12.413s] -- Up-to-date: /root/dev_ws/install/ackermann_msgs/lib/python3.8/site-packages/ackermann_msgs/msg/_ackermann_drive.py
[12.414s] -- Up-to-date: /root/dev_ws/install/ackermann_msgs/lib/python3.8/site-packages/ackermann_msgs/msg/_ackermann_drive_s.c
[12.415s] -- Up-to-date: /root/dev_ws/install/ackermann_msgs/lib/python3.8/site-packages/ackermann_msgs/ackermann_msgs_s__rosidl_typesupport_fastrtps_c.cpython-38-aarch64-linux-gnu.so
[12.416s] -- Up-to-date: /root/dev_ws/install/ackermann_msgs/lib/python3.8/site-packages/ackermann_msgs/ackermann_msgs_s__rosidl_typesupport_introspection_c.cpython-38-aarch64-linux-gnu.so
[12.421s] -- Up-to-date: /root/dev_ws/install/ackermann_msgs/lib/python3.8/site-packages/ackermann_msgs/ackermann_msgs_s__rosidl_typesupport_c.cpython-38-aarch64-linux-gnu.so
[12.428s] -- Up-to-date: /root/dev_ws/install/ackermann_msgs/lib/libackermann_msgs__python.so
[12.431s] -- Up-to-date: /root/dev_ws/install/ackermann_msgs/share/ackermann_msgs/msg/AckermannDrive.idl
[12.434s] -- Up-to-date: /root/dev_ws/install/ackermann_msgs/share/ackermann_msgs/msg/AckermannDriveStamped.idl
[12.436s] -- Up-to-date: /root/dev_ws/install/ackermann_msgs/share/ackermann_msgs/msg/AckermannDrive.msg
[12.437s] -- Up-to-date: /root/dev_ws/install/ackermann_msgs/share/ackermann_msgs/msg/AckermannDriveStamped.msg
[12.439s] -- Up-to-date: /root/dev_ws/install/ackermann_msgs/share/ament_index/resource_index/package_run_dependencies/ackermann_msgs
[12.440s] -- Up-to-date: /root/dev_ws/install/ackermann_msgs/share/ament_index/resource_index/parent_prefix_path/ackermann_msgs
[12.442s] -- Up-to-date: /root/dev_ws/install/ackermann_msgs/share/ackermann_msgs/environment/ament_prefix_path.sh
[12.444s] -- Up-to-date: /root/dev_ws/install/ackermann_msgs/share/ackermann_msgs/environment/ament_prefix_path.dsv
[12.445s] -- Up-to-date: /root/dev_ws/install/ackermann_msgs/share/ackermann_msgs/environment/path.sh
[12.446s] -- Up-to-date: /root/dev_ws/install/ackermann_msgs/share/ackermann_msgs/environment/path.dsv
[12.448s] -- Up-to-date: /root/dev_ws/install/ackermann_msgs/share/ackermann_msgs/local_setup.bash
[12.450s] -- Up-to-date: /root/dev_ws/install/ackermann_msgs/share/ackermann_msgs/local_setup.sh
[12.451s] -- Up-to-date: /root/dev_ws/install/ackermann_msgs/share/ackermann_msgs/local_setup.zsh
[12.453s] -- Up-to-date: /root/dev_ws/install/ackermann_msgs/share/ackermann_msgs/local_setup.dsv
[12.455s] -- Installing: /root/dev_ws/install/ackermann_msgs/share/ackermann_msgs/package.dsv
[12.457s] -- Up-to-date: /root/dev_ws/install/ackermann_msgs/share/ament_index/resource_index/packages/ackermann_msgs
[12.459s] -- Up-to-date: /root/dev_ws/install/ackermann_msgs/share/ackermann_msgs/cmake/ackermann_msgs__rosidl_generator_cExport.cmake
[12.461s] -- Up-to-date: /root/dev_ws/install/ackermann_msgs/share/ackermann_msgs/cmake/ackermann_msgs__rosidl_generator_cExport-noconfig.cmake
[12.462s] -- Up-to-date: /root/dev_ws/install/ackermann_msgs/share/ackermann_msgs/cmake/ackermann_msgs__rosidl_typesupport_introspection_cExport.cmake
[12.464s] -- Up-to-date: /root/dev_ws/install/ackermann_msgs/share/ackermann_msgs/cmake/ackermann_msgs__rosidl_typesupport_introspection_cExport-noconfig.cmake
[12.466s] -- Up-to-date: /root/dev_ws/install/ackermann_msgs/share/ackermann_msgs/cmake/ackermann_msgs__rosidl_typesupport_cExport.cmake
[12.467s] -- Up-to-date: /root/dev_ws/install/ackermann_msgs/share/ackermann_msgs/cmake/ackermann_msgs__rosidl_typesupport_cExport-noconfig.cmake
[12.468s] -- Up-to-date: /root/dev_ws/install/ackermann_msgs/share/ackermann_msgs/cmake/ackermann_msgs__rosidl_generator_cppExport.cmake
[12.471s] -- Up-to-date: /root/dev_ws/install/ackermann_msgs/share/ackermann_msgs/cmake/ackermann_msgs__rosidl_typesupport_introspection_cppExport.cmake
[12.487s] -- Up-to-date: /root/dev_ws/install/ackermann_msgs/share/ackermann_msgs/cmake/ackermann_msgs__rosidl_typesupport_introspection_cppExport-noconfig.cmake
[12.488s] -- Up-to-date: /root/dev_ws/install/ackermann_msgs/share/ackermann_msgs/cmake/ackermann_msgs__rosidl_typesupport_cppExport.cmake
[12.490s] -- Up-to-date: /root/dev_ws/install/ackermann_msgs/share/ackermann_msgs/cmake/ackermann_msgs__rosidl_typesupport_cppExport-noconfig.cmake
[12.491s] -- Up-to-date: /root/dev_ws/install/ackermann_msgs/share/ackermann_msgs/cmake/rosidl_cmake-extras.cmake
[12.499s] -- Up-to-date: /root/dev_ws/install/ackermann_msgs/share/ackermann_msgs/cmake/ament_cmake_export_dependencies-extras.cmake
[12.501s] -- Up-to-date: /root/dev_ws/install/ackermann_msgs/share/ackermann_msgs/cmake/ament_cmake_export_libraries-extras.cmake
[12.504s] -- Up-to-date: /root/dev_ws/install/ackermann_msgs/share/ackermann_msgs/cmake/ament_cmake_export_targets-extras.cmake
[12.507s] -- Up-to-date: /root/dev_ws/install/ackermann_msgs/share/ackermann_msgs/cmake/ament_cmake_export_include_directories-extras.cmake
[12.509s] -- Up-to-date: /root/dev_ws/install/ackermann_msgs/share/ackermann_msgs/cmake/rosidl_cmake_export_typesupport_libraries-extras.cmake
[12.511s] -- Up-to-date: /root/dev_ws/install/ackermann_msgs/share/ackermann_msgs/cmake/rosidl_cmake_export_typesupport_targets-extras.cmake
[12.512s] -- Up-to-date: /root/dev_ws/install/ackermann_msgs/share/ackermann_msgs/cmake/ackermann_msgsConfig.cmake
[12.515s] -- Up-to-date: /root/dev_ws/install/ackermann_msgs/share/ackermann_msgs/cmake/ackermann_msgsConfig-version.cmake
[12.518s] -- Up-to-date: /root/dev_ws/install/ackermann_msgs/share/ackermann_msgs/package.xml
[12.522s] Invoked command in '/root/dev_ws/build/ackermann_msgs' returned '0': CMAKE_PREFIX_PATH=${CMAKE_PREFIX_PATH}:/userdata/dev_ws/install/qr_code_detection:/userdata/dev_ws/install/qr_code_control:/userdata/dev_ws/install/originbot_linefollower:/userdata/dev_ws/install/originbot_demo:/opt/ros/foxy /usr/bin/cmake --install /root/dev_ws/build/ackermann_msgs
