[6.045s] Invoking command in '/root/dev_ws/build/ackermann_msgs': CMAKE_PREFIX_PATH=${CMAKE_PREFIX_PATH}:/root/dev_ws/install/tf2_tools:/opt/ros/foxy /usr/bin/cmake --build /root/dev_ws/build/ackermann_msgs -- -j4 -l4
[6.517s] [ 10%] Built target ackermann_msgs__rosidl_generator_c
[6.561s] [ 12%] Built target ackermann_msgs__cpp
[6.752s] [ 23%] Built target ackermann_msgs__rosidl_typesupport_introspection_c
[6.819s] [ 33%] Built target ackermann_msgs__rosidl_typesupport_c
[6.831s] [ 43%] Built target ackermann_msgs__rosidl_typesupport_cpp
[6.958s] [ 53%] Built target ackermann_msgs__rosidl_typesupport_introspection_cpp
[7.053s] [ 64%] Built target ackermann_msgs__rosidl_typesupport_fastrtps_cpp
[7.209s] [ 74%] Built target ackermann_msgs__rosidl_typesupport_fastrtps_c
[7.319s] [ 74%] Built target ackermann_msgs
[7.441s] [ 76%] Built target ackermann_msgs__py
[7.596s] [ 84%] Built target ackermann_msgs__python
[7.857s] [ 89%] Built target ackermann_msgs__rosidl_typesupport_c__pyext
[7.869s] [ 94%] Built target ackermann_msgs__rosidl_typesupport_introspection_c__pyext
[7.912s] [100%] Built target ackermann_msgs__rosidl_typesupport_fastrtps_c__pyext
[8.254s] Invoked command in '/root/dev_ws/build/ackermann_msgs' returned '0': CMAKE_PREFIX_PATH=${CMAKE_PREFIX_PATH}:/root/dev_ws/install/tf2_tools:/opt/ros/foxy /usr/bin/cmake --build /root/dev_ws/build/ackermann_msgs -- -j4 -l4
[12.088s] Invoking command in '/root/dev_ws/build/ackermann_msgs': CMAKE_PREFIX_PATH=${CMAKE_PREFIX_PATH}:/root/dev_ws/install/tf2_tools:/opt/ros/foxy /usr/bin/cmake --install /root/dev_ws/build/ackermann_msgs
[12.153s] -- Install configuration: ""
[12.155s] -- Up-to-date: /root/dev_ws/install/ackermann_msgs/share/ament_index/resource_index/rosidl_interfaces/ackermann_msgs
[12.157s] -- Up-to-date: /root/dev_ws/install/ackermann_msgs/include/ackermann_msgs
[12.158s] -- Up-to-date: /root/dev_ws/install/ackermann_msgs/include/ackermann_msgs/msg
[12.159s] -- Up-to-date: /root/dev_ws/install/ackermann_msgs/include/ackermann_msgs/msg/ackermann_drive.h
[12.162s] -- Up-to-date: /root/dev_ws/install/ackermann_msgs/include/ackermann_msgs/msg/rosidl_generator_c__visibility_control.h
[12.165s] -- Up-to-date: /root/dev_ws/install/ackermann_msgs/include/ackermann_msgs/msg/ackermann_drive_stamped.h
[12.173s] -- Up-to-date: /root/dev_ws/install/ackermann_msgs/include/ackermann_msgs/msg/detail
[12.176s] -- Up-to-date: /root/dev_ws/install/ackermann_msgs/include/ackermann_msgs/msg/detail/ackermann_drive_stamped__functions.c
[12.177s] -- Up-to-date: /root/dev_ws/install/ackermann_msgs/include/ackermann_msgs/msg/detail/ackermann_drive__struct.h
[12.180s] -- Up-to-date: /root/dev_ws/install/ackermann_msgs/include/ackermann_msgs/msg/detail/ackermann_drive_stamped__type_support.h
[12.182s] -- Up-to-date: /root/dev_ws/install/ackermann_msgs/include/ackermann_msgs/msg/detail/ackermann_drive__functions.c
[12.184s] -- Up-to-date: /root/dev_ws/install/ackermann_msgs/include/ackermann_msgs/msg/detail/ackermann_drive__type_support.h
[12.187s] -- Up-to-date: /root/dev_ws/install/ackermann_msgs/include/ackermann_msgs/msg/detail/ackermann_drive__functions.h
[12.189s] -- Up-to-date: /root/dev_ws/install/ackermann_msgs/include/ackermann_msgs/msg/detail/ackermann_drive_stamped__functions.h
[12.191s] -- Up-to-date: /root/dev_ws/install/ackermann_msgs/include/ackermann_msgs/msg/detail/ackermann_drive_stamped__struct.h
[12.193s] -- Up-to-date: /root/dev_ws/install/ackermann_msgs/share/ackermann_msgs/environment/library_path.sh
[12.195s] -- Up-to-date: /root/dev_ws/install/ackermann_msgs/share/ackermann_msgs/environment/library_path.dsv
[12.198s] -- Up-to-date: /root/dev_ws/install/ackermann_msgs/lib/libackermann_msgs__rosidl_generator_c.so
[12.199s] -- Up-to-date: /root/dev_ws/install/ackermann_msgs/include/ackermann_msgs
[12.200s] -- Up-to-date: /root/dev_ws/install/ackermann_msgs/include/ackermann_msgs/msg
[12.204s] -- Up-to-date: /root/dev_ws/install/ackermann_msgs/include/ackermann_msgs/msg/rosidl_typesupport_fastrtps_c__visibility_control.h
[12.206s] -- Up-to-date: /root/dev_ws/install/ackermann_msgs/include/ackermann_msgs/msg/detail
[12.207s] -- Up-to-date: /root/dev_ws/install/ackermann_msgs/include/ackermann_msgs/msg/detail/ackermann_drive__rosidl_typesupport_fastrtps_c.h
[12.209s] -- Up-to-date: /root/dev_ws/install/ackermann_msgs/include/ackermann_msgs/msg/detail/ackermann_drive_stamped__rosidl_typesupport_fastrtps_c.h
[12.210s] -- Up-to-date: /root/dev_ws/install/ackermann_msgs/lib/libackermann_msgs__rosidl_typesupport_fastrtps_c.so
[12.212s] -- Up-to-date: /root/dev_ws/install/ackermann_msgs/include/ackermann_msgs
[12.213s] -- Up-to-date: /root/dev_ws/install/ackermann_msgs/include/ackermann_msgs/msg
[12.214s] -- Up-to-date: /root/dev_ws/install/ackermann_msgs/include/ackermann_msgs/msg/rosidl_typesupport_fastrtps_cpp__visibility_control.h
[12.216s] -- Up-to-date: /root/dev_ws/install/ackermann_msgs/include/ackermann_msgs/msg/detail
[12.217s] -- Up-to-date: /root/dev_ws/install/ackermann_msgs/include/ackermann_msgs/msg/detail/ackermann_drive_stamped__rosidl_typesupport_fastrtps_cpp.hpp
[12.218s] -- Up-to-date: /root/dev_ws/install/ackermann_msgs/include/ackermann_msgs/msg/detail/ackermann_drive__rosidl_typesupport_fastrtps_cpp.hpp
[12.219s] -- Up-to-date: /root/dev_ws/install/ackermann_msgs/include/ackermann_msgs/msg/detail/dds_fastrtps
[12.220s] -- Up-to-date: /root/dev_ws/install/ackermann_msgs/lib/libackermann_msgs__rosidl_typesupport_fastrtps_cpp.so
[12.223s] -- Up-to-date: /root/dev_ws/install/ackermann_msgs/include/ackermann_msgs
[12.224s] -- Up-to-date: /root/dev_ws/install/ackermann_msgs/include/ackermann_msgs/msg
[12.225s] -- Up-to-date: /root/dev_ws/install/ackermann_msgs/include/ackermann_msgs/msg/rosidl_typesupport_introspection_c__visibility_control.h
[12.226s] -- Up-to-date: /root/dev_ws/install/ackermann_msgs/include/ackermann_msgs/msg/detail
[12.246s] -- Up-to-date: /root/dev_ws/install/ackermann_msgs/include/ackermann_msgs/msg/detail/ackermann_drive__rosidl_typesupport_introspection_c.h
[12.247s] -- Up-to-date: /root/dev_ws/install/ackermann_msgs/include/ackermann_msgs/msg/detail/ackermann_drive_stamped__type_support.c
[12.249s] -- Up-to-date: /root/dev_ws/install/ackermann_msgs/include/ackermann_msgs/msg/detail/ackermann_drive_stamped__rosidl_typesupport_introspection_c.h
[12.250s] -- Up-to-date: /root/dev_ws/install/ackermann_msgs/include/ackermann_msgs/msg/detail/ackermann_drive__type_support.c
[12.255s] -- Up-to-date: /root/dev_ws/install/ackermann_msgs/lib/libackermann_msgs__rosidl_typesupport_introspection_c.so
[12.257s] -- Up-to-date: /root/dev_ws/install/ackermann_msgs/lib/libackermann_msgs__rosidl_typesupport_c.so
[12.263s] -- Up-to-date: /root/dev_ws/install/ackermann_msgs/include/ackermann_msgs
[12.264s] -- Up-to-date: /root/dev_ws/install/ackermann_msgs/include/ackermann_msgs/msg
[12.266s] -- Up-to-date: /root/dev_ws/install/ackermann_msgs/include/ackermann_msgs/msg/rosidl_generator_cpp__visibility_control.hpp
[12.268s] -- Up-to-date: /root/dev_ws/install/ackermann_msgs/include/ackermann_msgs/msg/ackermann_drive.hpp
[12.270s] -- Up-to-date: /root/dev_ws/install/ackermann_msgs/include/ackermann_msgs/msg/ackermann_drive_stamped.hpp
[12.271s] -- Up-to-date: /root/dev_ws/install/ackermann_msgs/include/ackermann_msgs/msg/detail
[12.272s] -- Up-to-date: /root/dev_ws/install/ackermann_msgs/include/ackermann_msgs/msg/detail/ackermann_drive__builder.hpp
[12.273s] -- Up-to-date: /root/dev_ws/install/ackermann_msgs/include/ackermann_msgs/msg/detail/ackermann_drive_stamped__builder.hpp
[12.274s] -- Up-to-date: /root/dev_ws/install/ackermann_msgs/include/ackermann_msgs/msg/detail/ackermann_drive__traits.hpp
[12.275s] -- Up-to-date: /root/dev_ws/install/ackermann_msgs/include/ackermann_msgs/msg/detail/ackermann_drive_stamped__traits.hpp
[12.276s] -- Up-to-date: /root/dev_ws/install/ackermann_msgs/include/ackermann_msgs/msg/detail/ackermann_drive__struct.hpp
[12.277s] -- Up-to-date: /root/dev_ws/install/ackermann_msgs/include/ackermann_msgs/msg/detail/ackermann_drive_stamped__struct.hpp
[12.278s] -- Up-to-date: /root/dev_ws/install/ackermann_msgs/include/ackermann_msgs/msg/detail/ackermann_drive_stamped__type_support.hpp
[12.279s] -- Up-to-date: /root/dev_ws/install/ackermann_msgs/include/ackermann_msgs/msg/detail/ackermann_drive__type_support.hpp
[12.283s] -- Up-to-date: /root/dev_ws/install/ackermann_msgs/include/ackermann_msgs
[12.284s] -- Up-to-date: /root/dev_ws/install/ackermann_msgs/include/ackermann_msgs/msg
[12.285s] -- Up-to-date: /root/dev_ws/install/ackermann_msgs/include/ackermann_msgs/msg/detail
[12.286s] -- Up-to-date: /root/dev_ws/install/ackermann_msgs/include/ackermann_msgs/msg/detail/ackermann_drive__rosidl_typesupport_introspection_cpp.hpp
[12.288s] -- Up-to-date: /root/dev_ws/install/ackermann_msgs/include/ackermann_msgs/msg/detail/ackermann_drive_stamped__type_support.cpp
[12.289s] -- Up-to-date: /root/dev_ws/install/ackermann_msgs/include/ackermann_msgs/msg/detail/ackermann_drive_stamped__rosidl_typesupport_introspection_cpp.hpp
[12.290s] -- Up-to-date: /root/dev_ws/install/ackermann_msgs/include/ackermann_msgs/msg/detail/ackermann_drive__type_support.cpp
[12.292s] -- Up-to-date: /root/dev_ws/install/ackermann_msgs/lib/libackermann_msgs__rosidl_typesupport_introspection_cpp.so
[12.324s] -- Up-to-date: /root/dev_ws/install/ackermann_msgs/lib/libackermann_msgs__rosidl_typesupport_cpp.so
[12.325s] -- Up-to-date: /root/dev_ws/install/ackermann_msgs/share/ackermann_msgs/environment/pythonpath.sh
[12.326s] -- Up-to-date: /root/dev_ws/install/ackermann_msgs/share/ackermann_msgs/environment/pythonpath.dsv
[12.328s] -- Up-to-date: /root/dev_ws/install/ackermann_msgs/lib/python3.8/site-packages/ackermann_msgs/__init__.py
[12.515s] -- Up-to-date: /root/dev_ws/install/ackermann_msgs/lib/python3.8/site-packages/ackermann_msgs/msg
[12.516s] -- Up-to-date: /root/dev_ws/install/ackermann_msgs/lib/python3.8/site-packages/ackermann_msgs/msg/__init__.py
[12.517s] -- Up-to-date: /root/dev_ws/install/ackermann_msgs/lib/python3.8/site-packages/ackermann_msgs/msg/_ackermann_drive_stamped_s.c
[12.518s] -- Up-to-date: /root/dev_ws/install/ackermann_msgs/lib/python3.8/site-packages/ackermann_msgs/msg/_ackermann_drive_stamped.py
[12.519s] -- Up-to-date: /root/dev_ws/install/ackermann_msgs/lib/python3.8/site-packages/ackermann_msgs/msg/_ackermann_drive.py
[12.523s] -- Up-to-date: /root/dev_ws/install/ackermann_msgs/lib/python3.8/site-packages/ackermann_msgs/msg/_ackermann_drive_s.c
[12.527s] -- Up-to-date: /root/dev_ws/install/ackermann_msgs/lib/python3.8/site-packages/ackermann_msgs/ackermann_msgs_s__rosidl_typesupport_fastrtps_c.cpython-38-aarch64-linux-gnu.so
[12.533s] -- Up-to-date: /root/dev_ws/install/ackermann_msgs/lib/python3.8/site-packages/ackermann_msgs/ackermann_msgs_s__rosidl_typesupport_introspection_c.cpython-38-aarch64-linux-gnu.so
[12.537s] -- Up-to-date: /root/dev_ws/install/ackermann_msgs/lib/python3.8/site-packages/ackermann_msgs/ackermann_msgs_s__rosidl_typesupport_c.cpython-38-aarch64-linux-gnu.so
[12.539s] -- Up-to-date: /root/dev_ws/install/ackermann_msgs/lib/libackermann_msgs__python.so
[12.547s] -- Up-to-date: /root/dev_ws/install/ackermann_msgs/share/ackermann_msgs/msg/AckermannDrive.idl
[12.550s] -- Up-to-date: /root/dev_ws/install/ackermann_msgs/share/ackermann_msgs/msg/AckermannDriveStamped.idl
[12.555s] -- Up-to-date: /root/dev_ws/install/ackermann_msgs/share/ackermann_msgs/msg/AckermannDrive.msg
[12.557s] -- Up-to-date: /root/dev_ws/install/ackermann_msgs/share/ackermann_msgs/msg/AckermannDriveStamped.msg
[12.562s] -- Up-to-date: /root/dev_ws/install/ackermann_msgs/share/ament_index/resource_index/package_run_dependencies/ackermann_msgs
[12.574s] -- Up-to-date: /root/dev_ws/install/ackermann_msgs/share/ament_index/resource_index/parent_prefix_path/ackermann_msgs
[12.575s] -- Up-to-date: /root/dev_ws/install/ackermann_msgs/share/ackermann_msgs/environment/ament_prefix_path.sh
[12.576s] -- Up-to-date: /root/dev_ws/install/ackermann_msgs/share/ackermann_msgs/environment/ament_prefix_path.dsv
[12.577s] -- Up-to-date: /root/dev_ws/install/ackermann_msgs/share/ackermann_msgs/environment/path.sh
[12.579s] -- Up-to-date: /root/dev_ws/install/ackermann_msgs/share/ackermann_msgs/environment/path.dsv
[12.581s] -- Up-to-date: /root/dev_ws/install/ackermann_msgs/share/ackermann_msgs/local_setup.bash
[12.583s] -- Up-to-date: /root/dev_ws/install/ackermann_msgs/share/ackermann_msgs/local_setup.sh
[12.584s] -- Up-to-date: /root/dev_ws/install/ackermann_msgs/share/ackermann_msgs/local_setup.zsh
[12.587s] -- Up-to-date: /root/dev_ws/install/ackermann_msgs/share/ackermann_msgs/local_setup.dsv
[12.591s] -- Installing: /root/dev_ws/install/ackermann_msgs/share/ackermann_msgs/package.dsv
[12.600s] -- Up-to-date: /root/dev_ws/install/ackermann_msgs/share/ament_index/resource_index/packages/ackermann_msgs
[12.627s] -- Up-to-date: /root/dev_ws/install/ackermann_msgs/share/ackermann_msgs/cmake/ackermann_msgs__rosidl_generator_cExport.cmake
[12.628s] -- Up-to-date: /root/dev_ws/install/ackermann_msgs/share/ackermann_msgs/cmake/ackermann_msgs__rosidl_generator_cExport-noconfig.cmake
[12.632s] -- Up-to-date: /root/dev_ws/install/ackermann_msgs/share/ackermann_msgs/cmake/ackermann_msgs__rosidl_typesupport_introspection_cExport.cmake
[12.633s] -- Up-to-date: /root/dev_ws/install/ackermann_msgs/share/ackermann_msgs/cmake/ackermann_msgs__rosidl_typesupport_introspection_cExport-noconfig.cmake
[12.634s] -- Up-to-date: /root/dev_ws/install/ackermann_msgs/share/ackermann_msgs/cmake/ackermann_msgs__rosidl_typesupport_cExport.cmake
[12.635s] -- Up-to-date: /root/dev_ws/install/ackermann_msgs/share/ackermann_msgs/cmake/ackermann_msgs__rosidl_typesupport_cExport-noconfig.cmake
[12.635s] -- Up-to-date: /root/dev_ws/install/ackermann_msgs/share/ackermann_msgs/cmake/ackermann_msgs__rosidl_generator_cppExport.cmake
[12.641s] -- Up-to-date: /root/dev_ws/install/ackermann_msgs/share/ackermann_msgs/cmake/ackermann_msgs__rosidl_typesupport_introspection_cppExport.cmake
[12.643s] -- Up-to-date: /root/dev_ws/install/ackermann_msgs/share/ackermann_msgs/cmake/ackermann_msgs__rosidl_typesupport_introspection_cppExport-noconfig.cmake
[12.652s] -- Up-to-date: /root/dev_ws/install/ackermann_msgs/share/ackermann_msgs/cmake/ackermann_msgs__rosidl_typesupport_cppExport.cmake
[12.655s] -- Up-to-date: /root/dev_ws/install/ackermann_msgs/share/ackermann_msgs/cmake/ackermann_msgs__rosidl_typesupport_cppExport-noconfig.cmake
[12.658s] -- Up-to-date: /root/dev_ws/install/ackermann_msgs/share/ackermann_msgs/cmake/rosidl_cmake-extras.cmake
[12.661s] -- Up-to-date: /root/dev_ws/install/ackermann_msgs/share/ackermann_msgs/cmake/ament_cmake_export_dependencies-extras.cmake
[12.665s] -- Up-to-date: /root/dev_ws/install/ackermann_msgs/share/ackermann_msgs/cmake/ament_cmake_export_libraries-extras.cmake
[12.671s] -- Up-to-date: /root/dev_ws/install/ackermann_msgs/share/ackermann_msgs/cmake/ament_cmake_export_targets-extras.cmake
[12.677s] -- Up-to-date: /root/dev_ws/install/ackermann_msgs/share/ackermann_msgs/cmake/ament_cmake_export_include_directories-extras.cmake
[12.681s] -- Up-to-date: /root/dev_ws/install/ackermann_msgs/share/ackermann_msgs/cmake/rosidl_cmake_export_typesupport_libraries-extras.cmake
[12.685s] -- Up-to-date: /root/dev_ws/install/ackermann_msgs/share/ackermann_msgs/cmake/rosidl_cmake_export_typesupport_targets-extras.cmake
[12.688s] -- Up-to-date: /root/dev_ws/install/ackermann_msgs/share/ackermann_msgs/cmake/ackermann_msgsConfig.cmake
[12.693s] -- Up-to-date: /root/dev_ws/install/ackermann_msgs/share/ackermann_msgs/cmake/ackermann_msgsConfig-version.cmake
[12.695s] -- Up-to-date: /root/dev_ws/install/ackermann_msgs/share/ackermann_msgs/package.xml
[16.954s] Invoked command in '/root/dev_ws/build/ackermann_msgs' returned '0': CMAKE_PREFIX_PATH=${CMAKE_PREFIX_PATH}:/root/dev_ws/install/tf2_tools:/opt/ros/foxy /usr/bin/cmake --install /root/dev_ws/build/ackermann_msgs
