[2.620s] Invoking command in '/root/dev_ws/Horizen-SmartCar-DGDZ/src/origincar/build/origincar_msg': CMAKE_PREFIX_PATH=${CMAKE_PREFIX_PATH}:/opt/ros/foxy /usr/bin/cmake --build /root/dev_ws/Horizen-SmartCar-DGDZ/src/origincar/build/origincar_msg -- -j4 -l4
[3.059s] [ 10%] Built target origincar_msg__rosidl_generator_c
[3.139s] [ 12%] Built target origincar_msg__cpp
[3.275s] [ 23%] Built target origincar_msg__rosidl_typesupport_introspection_c
[3.344s] [ 33%] Built target origincar_msg__rosidl_typesupport_c
[3.472s] [ 43%] Built target origincar_msg__rosidl_typesupport_fastrtps_cpp
[3.502s] [ 53%] Built target origincar_msg__rosidl_typesupport_cpp
[3.507s] [ 64%] Built target origincar_msg__rosidl_typesupport_introspection_cpp
[3.601s] [ 74%] Built target origincar_msg__rosidl_typesupport_fastrtps_c
[3.713s] [ 74%] Built target origincar_msg
[3.827s] [ 76%] Built target origincar_msg__py
[4.006s] [ 84%] Built target origincar_msg__python
[4.205s] [ 89%] Built target origincar_msg__rosidl_typesupport_c__pyext
[4.210s] [100%] Built target origincar_msg__rosidl_typesupport_introspection_c__pyext
[4.211s] [100%] Built target origincar_msg__rosidl_typesupport_fastrtps_c__pyext
[4.715s] Invoked command in '/root/dev_ws/Horizen-SmartCar-DGDZ/src/origincar/build/origincar_msg' returned '0': CMAKE_PREFIX_PATH=${CMAKE_PREFIX_PATH}:/opt/ros/foxy /usr/bin/cmake --build /root/dev_ws/Horizen-SmartCar-DGDZ/src/origincar/build/origincar_msg -- -j4 -l4
[8.526s] Invoking command in '/root/dev_ws/Horizen-SmartCar-DGDZ/src/origincar/build/origincar_msg': CMAKE_PREFIX_PATH=${CMAKE_PREFIX_PATH}:/opt/ros/foxy /usr/bin/cmake --install /root/dev_ws/Horizen-SmartCar-DGDZ/src/origincar/build/origincar_msg
[8.593s] -- Install configuration: ""
[8.597s] -- Up-to-date: /root/dev_ws/Horizen-SmartCar-DGDZ/src/origincar/install/origincar_msg/share/ament_index/resource_index/rosidl_interfaces/origincar_msg
[8.598s] -- Up-to-date: /root/dev_ws/Horizen-SmartCar-DGDZ/src/origincar/install/origincar_msg/include/origincar_msg
[8.599s] -- Up-to-date: /root/dev_ws/Horizen-SmartCar-DGDZ/src/origincar/install/origincar_msg/include/origincar_msg/msg
[8.600s] -- Up-to-date: /root/dev_ws/Horizen-SmartCar-DGDZ/src/origincar/install/origincar_msg/include/origincar_msg/msg/data.h
[8.601s] -- Up-to-date: /root/dev_ws/Horizen-SmartCar-DGDZ/src/origincar/install/origincar_msg/include/origincar_msg/msg/rosidl_generator_c__visibility_control.h
[8.602s] -- Up-to-date: /root/dev_ws/Horizen-SmartCar-DGDZ/src/origincar/install/origincar_msg/include/origincar_msg/msg/sign.h
[8.610s] -- Up-to-date: /root/dev_ws/Horizen-SmartCar-DGDZ/src/origincar/install/origincar_msg/include/origincar_msg/msg/detail
[8.612s] -- Up-to-date: /root/dev_ws/Horizen-SmartCar-DGDZ/src/origincar/install/origincar_msg/include/origincar_msg/msg/detail/sign__type_support.h
[8.621s] -- Up-to-date: /root/dev_ws/Horizen-SmartCar-DGDZ/src/origincar/install/origincar_msg/include/origincar_msg/msg/detail/sign__functions.h
[8.624s] -- Up-to-date: /root/dev_ws/Horizen-SmartCar-DGDZ/src/origincar/install/origincar_msg/include/origincar_msg/msg/detail/data__functions.h
[8.625s] -- Up-to-date: /root/dev_ws/Horizen-SmartCar-DGDZ/src/origincar/install/origincar_msg/include/origincar_msg/msg/detail/data__functions.c
[8.627s] -- Up-to-date: /root/dev_ws/Horizen-SmartCar-DGDZ/src/origincar/install/origincar_msg/include/origincar_msg/msg/detail/data__type_support.h
[8.628s] -- Up-to-date: /root/dev_ws/Horizen-SmartCar-DGDZ/src/origincar/install/origincar_msg/include/origincar_msg/msg/detail/sign__functions.c
[8.630s] -- Up-to-date: /root/dev_ws/Horizen-SmartCar-DGDZ/src/origincar/install/origincar_msg/include/origincar_msg/msg/detail/data__struct.h
[8.633s] -- Up-to-date: /root/dev_ws/Horizen-SmartCar-DGDZ/src/origincar/install/origincar_msg/include/origincar_msg/msg/detail/sign__struct.h
[8.637s] -- Up-to-date: /root/dev_ws/Horizen-SmartCar-DGDZ/src/origincar/install/origincar_msg/share/origincar_msg/environment/library_path.sh
[8.638s] -- Up-to-date: /root/dev_ws/Horizen-SmartCar-DGDZ/src/origincar/install/origincar_msg/share/origincar_msg/environment/library_path.dsv
[8.639s] -- Up-to-date: /root/dev_ws/Horizen-SmartCar-DGDZ/src/origincar/install/origincar_msg/lib/liborigincar_msg__rosidl_generator_c.so
[8.641s] -- Up-to-date: /root/dev_ws/Horizen-SmartCar-DGDZ/src/origincar/install/origincar_msg/include/origincar_msg
[8.642s] -- Up-to-date: /root/dev_ws/Horizen-SmartCar-DGDZ/src/origincar/install/origincar_msg/include/origincar_msg/msg
[8.644s] -- Up-to-date: /root/dev_ws/Horizen-SmartCar-DGDZ/src/origincar/install/origincar_msg/include/origincar_msg/msg/rosidl_typesupport_fastrtps_c__visibility_control.h
[8.645s] -- Up-to-date: /root/dev_ws/Horizen-SmartCar-DGDZ/src/origincar/install/origincar_msg/include/origincar_msg/msg/detail
[8.646s] -- Up-to-date: /root/dev_ws/Horizen-SmartCar-DGDZ/src/origincar/install/origincar_msg/include/origincar_msg/msg/detail/data__rosidl_typesupport_fastrtps_c.h
[8.649s] -- Up-to-date: /root/dev_ws/Horizen-SmartCar-DGDZ/src/origincar/install/origincar_msg/include/origincar_msg/msg/detail/sign__rosidl_typesupport_fastrtps_c.h
[8.650s] -- Up-to-date: /root/dev_ws/Horizen-SmartCar-DGDZ/src/origincar/install/origincar_msg/lib/liborigincar_msg__rosidl_typesupport_fastrtps_c.so
[8.651s] -- Up-to-date: /root/dev_ws/Horizen-SmartCar-DGDZ/src/origincar/install/origincar_msg/include/origincar_msg
[8.652s] -- Up-to-date: /root/dev_ws/Horizen-SmartCar-DGDZ/src/origincar/install/origincar_msg/include/origincar_msg/msg
[8.653s] -- Up-to-date: /root/dev_ws/Horizen-SmartCar-DGDZ/src/origincar/install/origincar_msg/include/origincar_msg/msg/rosidl_typesupport_fastrtps_cpp__visibility_control.h
[8.654s] -- Up-to-date: /root/dev_ws/Horizen-SmartCar-DGDZ/src/origincar/install/origincar_msg/include/origincar_msg/msg/detail
[8.655s] -- Up-to-date: /root/dev_ws/Horizen-SmartCar-DGDZ/src/origincar/install/origincar_msg/include/origincar_msg/msg/detail/data__rosidl_typesupport_fastrtps_cpp.hpp
[8.657s] -- Up-to-date: /root/dev_ws/Horizen-SmartCar-DGDZ/src/origincar/install/origincar_msg/include/origincar_msg/msg/detail/sign__rosidl_typesupport_fastrtps_cpp.hpp
[8.658s] -- Up-to-date: /root/dev_ws/Horizen-SmartCar-DGDZ/src/origincar/install/origincar_msg/include/origincar_msg/msg/detail/dds_fastrtps
[8.659s] -- Up-to-date: /root/dev_ws/Horizen-SmartCar-DGDZ/src/origincar/install/origincar_msg/lib/liborigincar_msg__rosidl_typesupport_fastrtps_cpp.so
[8.670s] -- Up-to-date: /root/dev_ws/Horizen-SmartCar-DGDZ/src/origincar/install/origincar_msg/include/origincar_msg
[8.671s] -- Up-to-date: /root/dev_ws/Horizen-SmartCar-DGDZ/src/origincar/install/origincar_msg/include/origincar_msg/msg
[8.672s] -- Up-to-date: /root/dev_ws/Horizen-SmartCar-DGDZ/src/origincar/install/origincar_msg/include/origincar_msg/msg/rosidl_typesupport_introspection_c__visibility_control.h
[8.673s] -- Up-to-date: /root/dev_ws/Horizen-SmartCar-DGDZ/src/origincar/install/origincar_msg/include/origincar_msg/msg/detail
[8.674s] -- Up-to-date: /root/dev_ws/Horizen-SmartCar-DGDZ/src/origincar/install/origincar_msg/include/origincar_msg/msg/detail/data__rosidl_typesupport_introspection_c.h
[8.688s] -- Up-to-date: /root/dev_ws/Horizen-SmartCar-DGDZ/src/origincar/install/origincar_msg/include/origincar_msg/msg/detail/sign__type_support.c
[8.689s] -- Up-to-date: /root/dev_ws/Horizen-SmartCar-DGDZ/src/origincar/install/origincar_msg/include/origincar_msg/msg/detail/data__type_support.c
[8.690s] -- Up-to-date: /root/dev_ws/Horizen-SmartCar-DGDZ/src/origincar/install/origincar_msg/include/origincar_msg/msg/detail/sign__rosidl_typesupport_introspection_c.h
[8.702s] -- Up-to-date: /root/dev_ws/Horizen-SmartCar-DGDZ/src/origincar/install/origincar_msg/lib/liborigincar_msg__rosidl_typesupport_introspection_c.so
[8.703s] -- Up-to-date: /root/dev_ws/Horizen-SmartCar-DGDZ/src/origincar/install/origincar_msg/lib/liborigincar_msg__rosidl_typesupport_c.so
[8.707s] -- Up-to-date: /root/dev_ws/Horizen-SmartCar-DGDZ/src/origincar/install/origincar_msg/include/origincar_msg
[8.708s] -- Up-to-date: /root/dev_ws/Horizen-SmartCar-DGDZ/src/origincar/install/origincar_msg/include/origincar_msg/msg
[8.710s] -- Up-to-date: /root/dev_ws/Horizen-SmartCar-DGDZ/src/origincar/install/origincar_msg/include/origincar_msg/msg/data.hpp
[8.711s] -- Up-to-date: /root/dev_ws/Horizen-SmartCar-DGDZ/src/origincar/install/origincar_msg/include/origincar_msg/msg/rosidl_generator_cpp__visibility_control.hpp
[8.712s] -- Up-to-date: /root/dev_ws/Horizen-SmartCar-DGDZ/src/origincar/install/origincar_msg/include/origincar_msg/msg/detail
[8.713s] -- Up-to-date: /root/dev_ws/Horizen-SmartCar-DGDZ/src/origincar/install/origincar_msg/include/origincar_msg/msg/detail/sign__builder.hpp
[8.714s] -- Up-to-date: /root/dev_ws/Horizen-SmartCar-DGDZ/src/origincar/install/origincar_msg/include/origincar_msg/msg/detail/data__traits.hpp
[8.716s] -- Up-to-date: /root/dev_ws/Horizen-SmartCar-DGDZ/src/origincar/install/origincar_msg/include/origincar_msg/msg/detail/data__builder.hpp
[8.717s] -- Up-to-date: /root/dev_ws/Horizen-SmartCar-DGDZ/src/origincar/install/origincar_msg/include/origincar_msg/msg/detail/sign__traits.hpp
[8.718s] -- Up-to-date: /root/dev_ws/Horizen-SmartCar-DGDZ/src/origincar/install/origincar_msg/include/origincar_msg/msg/detail/sign__struct.hpp
[8.720s] -- Up-to-date: /root/dev_ws/Horizen-SmartCar-DGDZ/src/origincar/install/origincar_msg/include/origincar_msg/msg/detail/sign__type_support.hpp
[8.721s] -- Up-to-date: /root/dev_ws/Horizen-SmartCar-DGDZ/src/origincar/install/origincar_msg/include/origincar_msg/msg/detail/data__type_support.hpp
[8.722s] -- Up-to-date: /root/dev_ws/Horizen-SmartCar-DGDZ/src/origincar/install/origincar_msg/include/origincar_msg/msg/detail/data__struct.hpp
[8.723s] -- Up-to-date: /root/dev_ws/Horizen-SmartCar-DGDZ/src/origincar/install/origincar_msg/include/origincar_msg/msg/sign.hpp
[8.724s] -- Up-to-date: /root/dev_ws/Horizen-SmartCar-DGDZ/src/origincar/install/origincar_msg/include/origincar_msg
[8.725s] -- Up-to-date: /root/dev_ws/Horizen-SmartCar-DGDZ/src/origincar/install/origincar_msg/include/origincar_msg/msg
[8.726s] -- Up-to-date: /root/dev_ws/Horizen-SmartCar-DGDZ/src/origincar/install/origincar_msg/include/origincar_msg/msg/detail
[8.727s] -- Up-to-date: /root/dev_ws/Horizen-SmartCar-DGDZ/src/origincar/install/origincar_msg/include/origincar_msg/msg/detail/sign__type_support.cpp
[8.729s] -- Up-to-date: /root/dev_ws/Horizen-SmartCar-DGDZ/src/origincar/install/origincar_msg/include/origincar_msg/msg/detail/data__type_support.cpp
[8.730s] -- Up-to-date: /root/dev_ws/Horizen-SmartCar-DGDZ/src/origincar/install/origincar_msg/include/origincar_msg/msg/detail/data__rosidl_typesupport_introspection_cpp.hpp
[8.732s] -- Up-to-date: /root/dev_ws/Horizen-SmartCar-DGDZ/src/origincar/install/origincar_msg/include/origincar_msg/msg/detail/sign__rosidl_typesupport_introspection_cpp.hpp
[8.752s] -- Up-to-date: /root/dev_ws/Horizen-SmartCar-DGDZ/src/origincar/install/origincar_msg/lib/liborigincar_msg__rosidl_typesupport_introspection_cpp.so
[8.753s] -- Up-to-date: /root/dev_ws/Horizen-SmartCar-DGDZ/src/origincar/install/origincar_msg/lib/liborigincar_msg__rosidl_typesupport_cpp.so
[8.755s] -- Up-to-date: /root/dev_ws/Horizen-SmartCar-DGDZ/src/origincar/install/origincar_msg/share/origincar_msg/environment/pythonpath.sh
[8.757s] -- Up-to-date: /root/dev_ws/Horizen-SmartCar-DGDZ/src/origincar/install/origincar_msg/share/origincar_msg/environment/pythonpath.dsv
[8.774s] -- Up-to-date: /root/dev_ws/Horizen-SmartCar-DGDZ/src/origincar/install/origincar_msg/lib/python3.8/site-packages/origincar_msg/__init__.py
[8.931s] -- Up-to-date: /root/dev_ws/Horizen-SmartCar-DGDZ/src/origincar/install/origincar_msg/lib/python3.8/site-packages/origincar_msg/msg
[8.935s] -- Up-to-date: /root/dev_ws/Horizen-SmartCar-DGDZ/src/origincar/install/origincar_msg/lib/python3.8/site-packages/origincar_msg/msg/_data_s.c
[8.939s] -- Up-to-date: /root/dev_ws/Horizen-SmartCar-DGDZ/src/origincar/install/origincar_msg/lib/python3.8/site-packages/origincar_msg/msg/_sign.py
[8.944s] -- Up-to-date: /root/dev_ws/Horizen-SmartCar-DGDZ/src/origincar/install/origincar_msg/lib/python3.8/site-packages/origincar_msg/msg/_sign_s.c
[8.946s] -- Up-to-date: /root/dev_ws/Horizen-SmartCar-DGDZ/src/origincar/install/origincar_msg/lib/python3.8/site-packages/origincar_msg/msg/__init__.py
[8.948s] -- Up-to-date: /root/dev_ws/Horizen-SmartCar-DGDZ/src/origincar/install/origincar_msg/lib/python3.8/site-packages/origincar_msg/msg/_data.py
[8.950s] -- Up-to-date: /root/dev_ws/Horizen-SmartCar-DGDZ/src/origincar/install/origincar_msg/lib/python3.8/site-packages/origincar_msg/origincar_msg_s__rosidl_typesupport_fastrtps_c.cpython-38-aarch64-linux-gnu.so
[8.959s] -- Up-to-date: /root/dev_ws/Horizen-SmartCar-DGDZ/src/origincar/install/origincar_msg/lib/python3.8/site-packages/origincar_msg/origincar_msg_s__rosidl_typesupport_introspection_c.cpython-38-aarch64-linux-gnu.so
[8.965s] -- Up-to-date: /root/dev_ws/Horizen-SmartCar-DGDZ/src/origincar/install/origincar_msg/lib/python3.8/site-packages/origincar_msg/origincar_msg_s__rosidl_typesupport_c.cpython-38-aarch64-linux-gnu.so
[8.972s] -- Up-to-date: /root/dev_ws/Horizen-SmartCar-DGDZ/src/origincar/install/origincar_msg/lib/liborigincar_msg__python.so
[8.975s] -- Up-to-date: /root/dev_ws/Horizen-SmartCar-DGDZ/src/origincar/install/origincar_msg/share/origincar_msg/msg/Data.idl
[8.978s] -- Up-to-date: /root/dev_ws/Horizen-SmartCar-DGDZ/src/origincar/install/origincar_msg/share/origincar_msg/msg/Sign.idl
[8.983s] -- Up-to-date: /root/dev_ws/Horizen-SmartCar-DGDZ/src/origincar/install/origincar_msg/share/origincar_msg/msg/Data.msg
[8.986s] -- Up-to-date: /root/dev_ws/Horizen-SmartCar-DGDZ/src/origincar/install/origincar_msg/share/origincar_msg/msg/Sign.msg
[8.991s] -- Up-to-date: /root/dev_ws/Horizen-SmartCar-DGDZ/src/origincar/install/origincar_msg/share/ament_index/resource_index/package_run_dependencies/origincar_msg
[8.996s] -- Up-to-date: /root/dev_ws/Horizen-SmartCar-DGDZ/src/origincar/install/origincar_msg/share/ament_index/resource_index/parent_prefix_path/origincar_msg
[8.998s] -- Up-to-date: /root/dev_ws/Horizen-SmartCar-DGDZ/src/origincar/install/origincar_msg/share/origincar_msg/environment/ament_prefix_path.sh
[8.999s] -- Up-to-date: /root/dev_ws/Horizen-SmartCar-DGDZ/src/origincar/install/origincar_msg/share/origincar_msg/environment/ament_prefix_path.dsv
[9.000s] -- Up-to-date: /root/dev_ws/Horizen-SmartCar-DGDZ/src/origincar/install/origincar_msg/share/origincar_msg/environment/path.sh
[9.001s] -- Up-to-date: /root/dev_ws/Horizen-SmartCar-DGDZ/src/origincar/install/origincar_msg/share/origincar_msg/environment/path.dsv
[9.005s] -- Up-to-date: /root/dev_ws/Horizen-SmartCar-DGDZ/src/origincar/install/origincar_msg/share/origincar_msg/local_setup.bash
[9.006s] -- Up-to-date: /root/dev_ws/Horizen-SmartCar-DGDZ/src/origincar/install/origincar_msg/share/origincar_msg/local_setup.sh
[9.033s] -- Up-to-date: /root/dev_ws/Horizen-SmartCar-DGDZ/src/origincar/install/origincar_msg/share/origincar_msg/local_setup.zsh
[9.037s] -- Up-to-date: /root/dev_ws/Horizen-SmartCar-DGDZ/src/origincar/install/origincar_msg/share/origincar_msg/local_setup.dsv
[9.042s] -- Installing: /root/dev_ws/Horizen-SmartCar-DGDZ/src/origincar/install/origincar_msg/share/origincar_msg/package.dsv
[9.043s] -- Up-to-date: /root/dev_ws/Horizen-SmartCar-DGDZ/src/origincar/install/origincar_msg/share/ament_index/resource_index/packages/origincar_msg
[9.044s] -- Up-to-date: /root/dev_ws/Horizen-SmartCar-DGDZ/src/origincar/install/origincar_msg/share/origincar_msg/cmake/origincar_msg__rosidl_generator_cExport.cmake
[9.045s] -- Up-to-date: /root/dev_ws/Horizen-SmartCar-DGDZ/src/origincar/install/origincar_msg/share/origincar_msg/cmake/origincar_msg__rosidl_generator_cExport-noconfig.cmake
[9.045s] -- Up-to-date: /root/dev_ws/Horizen-SmartCar-DGDZ/src/origincar/install/origincar_msg/share/origincar_msg/cmake/origincar_msg__rosidl_typesupport_introspection_cExport.cmake
[9.047s] -- Up-to-date: /root/dev_ws/Horizen-SmartCar-DGDZ/src/origincar/install/origincar_msg/share/origincar_msg/cmake/origincar_msg__rosidl_typesupport_introspection_cExport-noconfig.cmake
[9.048s] -- Up-to-date: /root/dev_ws/Horizen-SmartCar-DGDZ/src/origincar/install/origincar_msg/share/origincar_msg/cmake/origincar_msg__rosidl_typesupport_cExport.cmake
[9.049s] -- Up-to-date: /root/dev_ws/Horizen-SmartCar-DGDZ/src/origincar/install/origincar_msg/share/origincar_msg/cmake/origincar_msg__rosidl_typesupport_cExport-noconfig.cmake
[9.050s] -- Up-to-date: /root/dev_ws/Horizen-SmartCar-DGDZ/src/origincar/install/origincar_msg/share/origincar_msg/cmake/origincar_msg__rosidl_generator_cppExport.cmake
[9.052s] -- Up-to-date: /root/dev_ws/Horizen-SmartCar-DGDZ/src/origincar/install/origincar_msg/share/origincar_msg/cmake/origincar_msg__rosidl_typesupport_introspection_cppExport.cmake
[9.055s] -- Up-to-date: /root/dev_ws/Horizen-SmartCar-DGDZ/src/origincar/install/origincar_msg/share/origincar_msg/cmake/origincar_msg__rosidl_typesupport_introspection_cppExport-noconfig.cmake
[9.060s] -- Up-to-date: /root/dev_ws/Horizen-SmartCar-DGDZ/src/origincar/install/origincar_msg/share/origincar_msg/cmake/origincar_msg__rosidl_typesupport_cppExport.cmake
[9.064s] -- Up-to-date: /root/dev_ws/Horizen-SmartCar-DGDZ/src/origincar/install/origincar_msg/share/origincar_msg/cmake/origincar_msg__rosidl_typesupport_cppExport-noconfig.cmake
[9.067s] -- Up-to-date: /root/dev_ws/Horizen-SmartCar-DGDZ/src/origincar/install/origincar_msg/share/origincar_msg/cmake/rosidl_cmake-extras.cmake
[9.074s] -- Up-to-date: /root/dev_ws/Horizen-SmartCar-DGDZ/src/origincar/install/origincar_msg/share/origincar_msg/cmake/ament_cmake_export_dependencies-extras.cmake
[9.079s] -- Up-to-date: /root/dev_ws/Horizen-SmartCar-DGDZ/src/origincar/install/origincar_msg/share/origincar_msg/cmake/ament_cmake_export_libraries-extras.cmake
[9.083s] -- Up-to-date: /root/dev_ws/Horizen-SmartCar-DGDZ/src/origincar/install/origincar_msg/share/origincar_msg/cmake/ament_cmake_export_targets-extras.cmake
[9.087s] -- Up-to-date: /root/dev_ws/Horizen-SmartCar-DGDZ/src/origincar/install/origincar_msg/share/origincar_msg/cmake/ament_cmake_export_include_directories-extras.cmake
[9.089s] -- Up-to-date: /root/dev_ws/Horizen-SmartCar-DGDZ/src/origincar/install/origincar_msg/share/origincar_msg/cmake/rosidl_cmake_export_typesupport_libraries-extras.cmake
[9.094s] -- Up-to-date: /root/dev_ws/Horizen-SmartCar-DGDZ/src/origincar/install/origincar_msg/share/origincar_msg/cmake/rosidl_cmake_export_typesupport_targets-extras.cmake
[9.095s] -- Up-to-date: /root/dev_ws/Horizen-SmartCar-DGDZ/src/origincar/install/origincar_msg/share/origincar_msg/cmake/origincar_msgConfig.cmake
[9.096s] -- Up-to-date: /root/dev_ws/Horizen-SmartCar-DGDZ/src/origincar/install/origincar_msg/share/origincar_msg/cmake/origincar_msgConfig-version.cmake
[9.096s] -- Up-to-date: /root/dev_ws/Horizen-SmartCar-DGDZ/src/origincar/install/origincar_msg/share/origincar_msg/package.xml
[11.808s] Invoked command in '/root/dev_ws/Horizen-SmartCar-DGDZ/src/origincar/build/origincar_msg' returned '0': CMAKE_PREFIX_PATH=${CMAKE_PREFIX_PATH}:/opt/ros/foxy /usr/bin/cmake --install /root/dev_ws/Horizen-SmartCar-DGDZ/src/origincar/build/origincar_msg
