[1.294s] Invoking command in '/root/dev_ws/Horizen-SmartCar-DGDZ/src/origincar/build/origincar_base': AMENT_PREFIX_PATH=/root/dev_ws/Horizen-SmartCar-DGDZ/src/origincar/install/serial:/root/dev_ws/Horizen-SmartCar-DGDZ/src/origincar/install/origincar_msg:/root/dev_ws/Horizen-SmartCar-DGDZ/src/origincar/install/origincar_description:/root/dev_ws/Horizen-SmartCar-DGDZ/src/origincar/install/ackermann_msgs:${AMENT_PREFIX_PATH} CMAKE_PREFIX_PATH=/root/dev_ws/Horizen-SmartCar-DGDZ/src/origincar/install/serial:/root/dev_ws/Horizen-SmartCar-DGDZ/src/origincar/install/origincar_msg:/root/dev_ws/Horizen-SmartCar-DGDZ/src/origincar/install/origincar_description:/root/dev_ws/Horizen-SmartCar-DGDZ/src/origincar/install/ackermann_msgs:/opt/tros:/opt/ros/foxy LD_LIBRARY_PATH=/root/dev_ws/Horizen-SmartCar-DGDZ/src/origincar/install/serial/lib:/root/dev_ws/Horizen-SmartCar-DGDZ/src/origincar/install/origincar_msg/lib:/root/dev_ws/Horizen-SmartCar-DGDZ/src/origincar/install/ackermann_msgs/lib:${LD_LIBRARY_PATH} PYTHONPATH=/root/dev_ws/Horizen-SmartCar-DGDZ/src/origincar/install/origincar_msg/lib/python3.8/site-packages:/root/dev_ws/Horizen-SmartCar-DGDZ/src/origincar/install/ackermann_msgs/lib/python3.8/site-packages:${PYTHONPATH} /usr/bin/cmake /root/dev_ws/Horizen-SmartCar-DGDZ/src/origincar/origincar_base -DCMAKE_INSTALL_PREFIX=/root/dev_ws/Horizen-SmartCar-DGDZ/src/origincar/install/origincar_base
[1.636s] -- The C compiler identification is GNU 9.3.0
[1.961s] -- The CXX compiler identification is GNU 9.3.0
[1.990s] -- Check for working C compiler: /usr/bin/cc
[2.356s] -- Check for working C compiler: /usr/bin/cc -- works
[2.361s] -- Detecting C compiler ABI info
[2.726s] -- Detecting C compiler ABI info - done
[2.812s] -- Detecting C compile features
[2.814s] -- Detecting C compile features - done
[2.830s] -- Check for working CXX compiler: /usr/bin/c++
[3.251s] -- Check for working CXX compiler: /usr/bin/c++ -- works
[3.258s] -- Detecting CXX compiler ABI info
[3.679s] -- Detecting CXX compiler ABI info - done
[3.770s] -- Detecting CXX compile features
[3.773s] -- Detecting CXX compile features - done
[3.786s] -- Found ament_cmake: 0.9.12 (/opt/tros/share/ament_cmake/cmake)
[3.950s] -- Found PythonInterp: /usr/bin/python3 (found suitable version "3.8.10", minimum required is "3") 
[3.951s] -- Using PYTHON_EXECUTABLE: /usr/bin/python3
[5.402s] -- Found geometry_msgs: 2.0.5 (/opt/tros/share/geometry_msgs/cmake)
[5.587s] -- Using all available rosidl_typesupport_c: rosidl_typesupport_fastrtps_c;rosidl_typesupport_introspection_c
[5.631s] -- Found rosidl_adapter: 1.3.1 (/opt/tros/share/rosidl_adapter/cmake)
[5.862s] -- Found FastRTPS: /opt/tros/include  
[6.267s] -- Using all available rosidl_typesupport_cpp: rosidl_typesupport_fastrtps_cpp;rosidl_typesupport_introspection_cpp
[6.998s] -- Found tf2_geometry_msgs: 0.13.14 (/opt/tros/share/tf2_geometry_msgs/cmake)
[7.074s] -- Found eigen3_cmake_module: 0.1.1 (/opt/tros/share/eigen3_cmake_module/cmake)
[7.102s] -- Found Eigen3: TRUE (found version "3.3.7") 
[7.740s] -- Found rmw_implementation_cmake: 1.0.4 (/opt/tros/share/rmw_implementation_cmake/cmake)
[7.755s] -- Using RMW implementation 'rmw_fastrtps_cpp' as default
[7.763s] -- Looking for pthread.h
[8.153s] -- Looking for pthread.h - found
[8.155s] -- Performing Test CMAKE_HAVE_LIBC_PTHREAD
[8.540s] -- Performing Test CMAKE_HAVE_LIBC_PTHREAD - Failed
[8.541s] -- Looking for pthread_create in pthreads
[8.840s] -- Looking for pthread_create in pthreads - not found
[8.841s] -- Looking for pthread_create in pthread
[9.224s] -- Looking for pthread_create in pthread - found
[9.231s] -- Found Threads: TRUE  
[13.313s] -- Found nav2_msgs: 0.4.7 (/opt/tros/share/nav2_msgs/cmake)
[16.023s] -- Found rclpy: 1.0.13 (/opt/tros/share/rclpy/cmake)
[16.034s] -- Found sensor_msgs: 2.0.5 (/opt/tros/share/sensor_msgs/cmake)
[16.683s] -- Found std_srvs: 2.0.5 (/opt/tros/share/std_srvs/cmake)
[16.769s] -- Found ackermann_msgs: 2.0.2 (/root/dev_ws/Horizen-SmartCar-DGDZ/src/origincar/install/ackermann_msgs/share/ackermann_msgs/cmake)
[17.060s] -- Found origincar_msg: 0.0.0 (/root/dev_ws/Horizen-SmartCar-DGDZ/src/origincar/install/origincar_msg/share/origincar_msg/cmake)
[17.346s] -- Found serial: 1.2.1 (/root/dev_ws/Horizen-SmartCar-DGDZ/src/origincar/install/serial/share/serial/cmake)
[17.385s] -- Found rosidl_default_generators: 1.0.1 (/opt/tros/share/rosidl_default_generators/cmake)
[17.459s] -- Found origincar_description: 0.0.0 (/root/dev_ws/Horizen-SmartCar-DGDZ/src/origincar/install/origincar_description/share/origincar_description/cmake)
[17.473s] -- Found robot_localization: 3.1.2 (/opt/ros/foxy/share/robot_localization/cmake)
[20.697s] -- Found PythonInterp: /usr/bin/python3 (found version "3.8.10") 
[21.697s] -- Found ament_cmake_ros: 0.9.2 (/opt/tros/share/ament_cmake_ros/cmake)
[22.099s] -- Using all available rosidl_typesupport_c: rosidl_typesupport_fastrtps_c;rosidl_typesupport_introspection_c
[22.147s] -- Using all available rosidl_typesupport_cpp: rosidl_typesupport_fastrtps_cpp;rosidl_typesupport_introspection_cpp
[22.306s] -- Found PythonInterp: /usr/bin/python3 (found suitable version "3.8.10", minimum required is "3.5") 
[22.315s] -- Found python_cmake_module: 0.8.1 (/opt/tros/share/python_cmake_module/cmake)
[22.494s] -- Found PythonLibs: /usr/lib/aarch64-linux-gnu/libpython3.8.so (found suitable version "3.8.10", minimum required is "3.5") 
[22.495s] -- Using PYTHON_EXECUTABLE: /usr/bin/python3
[22.496s] -- Using PYTHON_INCLUDE_DIRS: /usr/include/python3.8
[22.496s] -- Using PYTHON_LIBRARIES: /usr/lib/aarch64-linux-gnu/libpython3.8.so
[22.644s] -- Found PythonExtra: .so  
[22.917s] -- Found ament_lint_auto: 0.9.8 (/opt/tros/share/ament_lint_auto/cmake)
[23.157s] -- Added test 'copyright' to check source files copyright and LICENSE
[23.167s] -- Added test 'cppcheck' to perform static code analysis on C / C++ code
[23.180s] -- Configured cppcheck include dirs: /root/dev_ws/Horizen-SmartCar-DGDZ/src/origincar/origincar_base/include
[23.181s] -- Configured cppcheck exclude dirs and/or files: 
[23.188s] -- Added test 'cpplint' to check C / C++ code against the Google style
[23.189s] -- Configured cpplint exclude dirs and/or files: 
[23.192s] -- Added test 'flake8' to check Python code syntax and style conventions
[23.197s] -- Added test 'lint_cmake' to check CMake code style
[23.201s] -- Added test 'pep257' to check Python code against some of the style conventions in PEP 257
[23.209s] -- Added test 'uncrustify' to check C / C++ code style
[23.209s] -- Configured uncrustify additional arguments: 
[23.213s] -- Added test 'xmllint' to check XML markup files
[23.246s] -- Configuring done
[23.519s] -- Generating done
[23.544s] -- Build files have been written to: /root/dev_ws/Horizen-SmartCar-DGDZ/src/origincar/build/origincar_base
[23.632s] Invoked command in '/root/dev_ws/Horizen-SmartCar-DGDZ/src/origincar/build/origincar_base' returned '0': AMENT_PREFIX_PATH=/root/dev_ws/Horizen-SmartCar-DGDZ/src/origincar/install/serial:/root/dev_ws/Horizen-SmartCar-DGDZ/src/origincar/install/origincar_msg:/root/dev_ws/Horizen-SmartCar-DGDZ/src/origincar/install/origincar_description:/root/dev_ws/Horizen-SmartCar-DGDZ/src/origincar/install/ackermann_msgs:${AMENT_PREFIX_PATH} CMAKE_PREFIX_PATH=/root/dev_ws/Horizen-SmartCar-DGDZ/src/origincar/install/serial:/root/dev_ws/Horizen-SmartCar-DGDZ/src/origincar/install/origincar_msg:/root/dev_ws/Horizen-SmartCar-DGDZ/src/origincar/install/origincar_description:/root/dev_ws/Horizen-SmartCar-DGDZ/src/origincar/install/ackermann_msgs:/opt/tros:/opt/ros/foxy LD_LIBRARY_PATH=/root/dev_ws/Horizen-SmartCar-DGDZ/src/origincar/install/serial/lib:/root/dev_ws/Horizen-SmartCar-DGDZ/src/origincar/install/origincar_msg/lib:/root/dev_ws/Horizen-SmartCar-DGDZ/src/origincar/install/ackermann_msgs/lib:${LD_LIBRARY_PATH} PYTHONPATH=/root/dev_ws/Horizen-SmartCar-DGDZ/src/origincar/install/origincar_msg/lib/python3.8/site-packages:/root/dev_ws/Horizen-SmartCar-DGDZ/src/origincar/install/ackermann_msgs/lib/python3.8/site-packages:${PYTHONPATH} /usr/bin/cmake /root/dev_ws/Horizen-SmartCar-DGDZ/src/origincar/origincar_base -DCMAKE_INSTALL_PREFIX=/root/dev_ws/Horizen-SmartCar-DGDZ/src/origincar/install/origincar_base
[23.643s] Invoking command in '/root/dev_ws/Horizen-SmartCar-DGDZ/src/origincar/build/origincar_base': AMENT_PREFIX_PATH=/root/dev_ws/Horizen-SmartCar-DGDZ/src/origincar/install/serial:/root/dev_ws/Horizen-SmartCar-DGDZ/src/origincar/install/origincar_msg:/root/dev_ws/Horizen-SmartCar-DGDZ/src/origincar/install/origincar_description:/root/dev_ws/Horizen-SmartCar-DGDZ/src/origincar/install/ackermann_msgs:${AMENT_PREFIX_PATH} CMAKE_PREFIX_PATH=/root/dev_ws/Horizen-SmartCar-DGDZ/src/origincar/install/serial:/root/dev_ws/Horizen-SmartCar-DGDZ/src/origincar/install/origincar_msg:/root/dev_ws/Horizen-SmartCar-DGDZ/src/origincar/install/origincar_description:/root/dev_ws/Horizen-SmartCar-DGDZ/src/origincar/install/ackermann_msgs:/opt/tros:/opt/ros/foxy LD_LIBRARY_PATH=/root/dev_ws/Horizen-SmartCar-DGDZ/src/origincar/install/serial/lib:/root/dev_ws/Horizen-SmartCar-DGDZ/src/origincar/install/origincar_msg/lib:/root/dev_ws/Horizen-SmartCar-DGDZ/src/origincar/install/ackermann_msgs/lib:${LD_LIBRARY_PATH} PYTHONPATH=/root/dev_ws/Horizen-SmartCar-DGDZ/src/origincar/install/origincar_msg/lib/python3.8/site-packages:/root/dev_ws/Horizen-SmartCar-DGDZ/src/origincar/install/ackermann_msgs/lib/python3.8/site-packages:${PYTHONPATH} /usr/bin/cmake --build /root/dev_ws/Horizen-SmartCar-DGDZ/src/origincar/build/origincar_base -- -j4 -l4
[23.867s] [  2%] [34m[1mGenerating C code for ROS interfaces[0m
[23.869s] [35m[1mScanning dependencies of target origincar_base__cpp[0m
[23.870s] [35m[1mScanning dependencies of target origincar_base_node[0m
[23.929s] [  5%] [34m[1mGenerating C++ code for ROS interfaces[0m
[24.742s] [  8%] [32mBuilding CXX object CMakeFiles/origincar_base_node.dir/src/origincar_base.cpp.o[0m
[24.760s] [ 11%] [32mBuilding CXX object CMakeFiles/origincar_base_node.dir/src/Quaternion_Solution.cpp.o[0m
[26.334s] [ 11%] Built target origincar_base__cpp
[26.352s] [35m[1mScanning dependencies of target origincar_base__rosidl_generator_c[0m
[26.397s] [ 14%] [34m[1mGenerating C++ type support dispatch for ROS interfaces[0m
[26.426s] [ 17%] [32mBuilding C object CMakeFiles/origincar_base__rosidl_generator_c.dir/rosidl_generator_c/origincar_base/msg/detail/position__functions.c.o[0m
[26.758s] [ 20%] [32m[1mLinking C shared library liborigincar_base__rosidl_generator_c.so[0m
[27.074s] [ 20%] Built target origincar_base__rosidl_generator_c
[27.235s] [ 23%] [34m[1mGenerating C++ introspection for ROS interfaces[0m
[28.588s] [35m[1mScanning dependencies of target origincar_base__rosidl_typesupport_cpp[0m
[28.665s] [ 26%] [32mBuilding CXX object CMakeFiles/origincar_base__rosidl_typesupport_cpp.dir/rosidl_typesupport_cpp/origincar_base/msg/position__type_support.cpp.o[0m
[29.588s] [35m[1mScanning dependencies of target origincar_base__rosidl_typesupport_introspection_cpp[0m
[29.663s] [ 29%] [32mBuilding CXX object CMakeFiles/origincar_base__rosidl_typesupport_introspection_cpp.dir/rosidl_typesupport_introspection_cpp/origincar_base/msg/detail/position__type_support.cpp.o[0m
[31.187s] [ 32%] [32m[1mLinking CXX shared library liborigincar_base__rosidl_typesupport_cpp.so[0m
[31.427s] [ 32%] Built target origincar_base__rosidl_typesupport_cpp
[31.492s] [ 35%] [34m[1mGenerating C++ type support for eProsima Fast-RTPS[0m
[32.396s] [ 38%] [32m[1mLinking CXX shared library liborigincar_base__rosidl_typesupport_introspection_cpp.so[0m
[32.637s] [ 38%] Built target origincar_base__rosidl_typesupport_introspection_cpp
[32.703s] [ 41%] [34m[1mGenerating C type support dispatch for ROS interfaces[0m
[33.918s] [35m[1mScanning dependencies of target origincar_base__rosidl_typesupport_fastrtps_cpp[0m
[34.072s] [ 44%] [32mBuilding CXX object CMakeFiles/origincar_base__rosidl_typesupport_fastrtps_cpp.dir/rosidl_typesupport_fastrtps_cpp/origincar_base/msg/detail/dds_fastrtps/position__type_support.cpp.o[0m
[35.002s] [35m[1mScanning dependencies of target origincar_base__rosidl_typesupport_c[0m
[35.076s] [ 47%] [32mBuilding CXX object CMakeFiles/origincar_base__rosidl_typesupport_c.dir/rosidl_typesupport_c/origincar_base/msg/position__type_support.cpp.o[0m
[35.269s] [ 50%] [32m[1mLinking CXX shared library liborigincar_base__rosidl_typesupport_c.so[0m
[35.502s] [ 50%] Built target origincar_base__rosidl_typesupport_c
[37.631s] [ 52%] [32m[1mLinking CXX shared library liborigincar_base__rosidl_typesupport_fastrtps_cpp.so[0m
[38.247s] [ 52%] Built target origincar_base__rosidl_typesupport_fastrtps_cpp
[39.161s] [01m[K/root/dev_ws/Horizen-SmartCar-DGDZ/src/origincar/origincar_base/src/origincar_base.cpp:[m[K In member function ‘[01m[Kvoid origincar_base::Sign_Switch_Callback(std_msgs::msg::Int32_<std::allocator<void> >::SharedPtr)[m[K’:
[39.162s] [01m[K/root/dev_ws/Horizen-SmartCar-DGDZ/src/origincar/origincar_base/src/origincar_base.cpp:106:81:[m[K [01;35m[Kwarning: [m[Kunused parameter ‘[01m[Ksign_switch[m[K’ [[01;35m[K-Wunused-parameter[m[K]
[39.163s]   106 | void origincar_base::Sign_Switch_Callback([01;35m[Kconst std_msgs::msg::Int32::SharedPtr sign_switch[m[K)
[39.164s]       |                                           [01;35m[K~~~~~~~~~~~~~~~~~~~~~~~~~~~~~~~~~~~~~~^~~~~~~~~~~[m[K
[84.985s] [ 55%] [32m[1mLinking CXX executable origincar_base_node[0m
[91.918s] [ 55%] Built target origincar_base_node
[91.970s] [ 61%] [34m[1mGenerating C introspection for ROS interfaces[0m
[91.970s] [ 61%] [34m[1mGenerating C type support for eProsima Fast-RTPS[0m
[93.807s] [35m[1mScanning dependencies of target origincar_base__rosidl_typesupport_introspection_c[0m
[93.865s] [ 64%] [32mBuilding C object CMakeFiles/origincar_base__rosidl_typesupport_introspection_c.dir/rosidl_typesupport_introspection_c/origincar_base/msg/detail/position__type_support.c.o[0m
[93.868s] [35m[1mScanning dependencies of target origincar_base__rosidl_typesupport_fastrtps_c[0m
[93.939s] [ 67%] [32mBuilding CXX object CMakeFiles/origincar_base__rosidl_typesupport_fastrtps_c.dir/rosidl_typesupport_fastrtps_c/origincar_base/msg/detail/position__type_support_c.cpp.o[0m
[94.046s] [ 70%] [32m[1mLinking C shared library liborigincar_base__rosidl_typesupport_introspection_c.so[0m
[94.204s] [ 70%] Built target origincar_base__rosidl_typesupport_introspection_c
[96.231s] [ 73%] [32m[1mLinking CXX shared library liborigincar_base__rosidl_typesupport_fastrtps_c.so[0m
[96.773s] [ 73%] Built target origincar_base__rosidl_typesupport_fastrtps_c
[96.820s] [35m[1mScanning dependencies of target origincar_base[0m
[96.869s] [ 73%] Built target origincar_base
[96.917s] [35m[1mScanning dependencies of target origincar_base__py[0m
[96.969s] [ 76%] [34m[1mGenerating Python code for ROS interfaces[0m
[99.772s] [ 76%] Built target origincar_base__py
[99.823s] [35m[1mScanning dependencies of target origincar_base__python[0m
[99.930s] [ 79%] [32mBuilding C object CMakeFiles/origincar_base__python.dir/rosidl_generator_py/origincar_base/msg/_position_s.c.o[0m
[100.546s] [ 82%] [32m[1mLinking C shared library rosidl_generator_py/origincar_base/liborigincar_base__python.so[0m
[100.779s] [ 82%] Built target origincar_base__python
[100.831s] [35m[1mScanning dependencies of target origincar_base__rosidl_typesupport_fastrtps_c__pyext[0m
[100.832s] [35m[1mScanning dependencies of target origincar_base__rosidl_typesupport_introspection_c__pyext[0m
[100.833s] [35m[1mScanning dependencies of target origincar_base__rosidl_typesupport_c__pyext[0m
[100.929s] [ 85%] [32mBuilding C object CMakeFiles/origincar_base__rosidl_typesupport_introspection_c__pyext.dir/rosidl_generator_py/origincar_base/_origincar_base_s.ep.rosidl_typesupport_introspection_c.c.o[0m
[100.942s] [ 88%] [32mBuilding C object CMakeFiles/origincar_base__rosidl_typesupport_fastrtps_c__pyext.dir/rosidl_generator_py/origincar_base/_origincar_base_s.ep.rosidl_typesupport_fastrtps_c.c.o[0m
[100.948s] [ 91%] [32mBuilding C object CMakeFiles/origincar_base__rosidl_typesupport_c__pyext.dir/rosidl_generator_py/origincar_base/_origincar_base_s.ep.rosidl_typesupport_c.c.o[0m
[101.489s] [ 94%] [32m[1mLinking C shared library rosidl_generator_py/origincar_base/origincar_base_s__rosidl_typesupport_introspection_c.cpython-38-aarch64-linux-gnu.so[0m
[101.501s] [ 97%] [32m[1mLinking C shared library rosidl_generator_py/origincar_base/origincar_base_s__rosidl_typesupport_c.cpython-38-aarch64-linux-gnu.so[0m
[101.507s] [100%] [32m[1mLinking CXX shared library rosidl_generator_py/origincar_base/origincar_base_s__rosidl_typesupport_fastrtps_c.cpython-38-aarch64-linux-gnu.so[0m
[101.728s] [100%] Built target origincar_base__rosidl_typesupport_introspection_c__pyext
[101.733s] [100%] Built target origincar_base__rosidl_typesupport_c__pyext
[101.851s] [100%] Built target origincar_base__rosidl_typesupport_fastrtps_c__pyext
[101.908s] Invoked command in '/root/dev_ws/Horizen-SmartCar-DGDZ/src/origincar/build/origincar_base' returned '0': AMENT_PREFIX_PATH=/root/dev_ws/Horizen-SmartCar-DGDZ/src/origincar/install/serial:/root/dev_ws/Horizen-SmartCar-DGDZ/src/origincar/install/origincar_msg:/root/dev_ws/Horizen-SmartCar-DGDZ/src/origincar/install/origincar_description:/root/dev_ws/Horizen-SmartCar-DGDZ/src/origincar/install/ackermann_msgs:${AMENT_PREFIX_PATH} CMAKE_PREFIX_PATH=/root/dev_ws/Horizen-SmartCar-DGDZ/src/origincar/install/serial:/root/dev_ws/Horizen-SmartCar-DGDZ/src/origincar/install/origincar_msg:/root/dev_ws/Horizen-SmartCar-DGDZ/src/origincar/install/origincar_description:/root/dev_ws/Horizen-SmartCar-DGDZ/src/origincar/install/ackermann_msgs:/opt/tros:/opt/ros/foxy LD_LIBRARY_PATH=/root/dev_ws/Horizen-SmartCar-DGDZ/src/origincar/install/serial/lib:/root/dev_ws/Horizen-SmartCar-DGDZ/src/origincar/install/origincar_msg/lib:/root/dev_ws/Horizen-SmartCar-DGDZ/src/origincar/install/ackermann_msgs/lib:${LD_LIBRARY_PATH} PYTHONPATH=/root/dev_ws/Horizen-SmartCar-DGDZ/src/origincar/install/origincar_msg/lib/python3.8/site-packages:/root/dev_ws/Horizen-SmartCar-DGDZ/src/origincar/install/ackermann_msgs/lib/python3.8/site-packages:${PYTHONPATH} /usr/bin/cmake --build /root/dev_ws/Horizen-SmartCar-DGDZ/src/origincar/build/origincar_base -- -j4 -l4
[102.107s] Invoking command in '/root/dev_ws/Horizen-SmartCar-DGDZ/src/origincar/build/origincar_base': AMENT_PREFIX_PATH=/root/dev_ws/Horizen-SmartCar-DGDZ/src/origincar/install/serial:/root/dev_ws/Horizen-SmartCar-DGDZ/src/origincar/install/origincar_msg:/root/dev_ws/Horizen-SmartCar-DGDZ/src/origincar/install/origincar_description:/root/dev_ws/Horizen-SmartCar-DGDZ/src/origincar/install/ackermann_msgs:${AMENT_PREFIX_PATH} CMAKE_PREFIX_PATH=/root/dev_ws/Horizen-SmartCar-DGDZ/src/origincar/install/serial:/root/dev_ws/Horizen-SmartCar-DGDZ/src/origincar/install/origincar_msg:/root/dev_ws/Horizen-SmartCar-DGDZ/src/origincar/install/origincar_description:/root/dev_ws/Horizen-SmartCar-DGDZ/src/origincar/install/ackermann_msgs:/opt/tros:/opt/ros/foxy LD_LIBRARY_PATH=/root/dev_ws/Horizen-SmartCar-DGDZ/src/origincar/install/serial/lib:/root/dev_ws/Horizen-SmartCar-DGDZ/src/origincar/install/origincar_msg/lib:/root/dev_ws/Horizen-SmartCar-DGDZ/src/origincar/install/ackermann_msgs/lib:${LD_LIBRARY_PATH} PYTHONPATH=/root/dev_ws/Horizen-SmartCar-DGDZ/src/origincar/install/origincar_msg/lib/python3.8/site-packages:/root/dev_ws/Horizen-SmartCar-DGDZ/src/origincar/install/ackermann_msgs/lib/python3.8/site-packages:${PYTHONPATH} /usr/bin/cmake --install /root/dev_ws/Horizen-SmartCar-DGDZ/src/origincar/build/origincar_base
[102.155s] -- Install configuration: ""
[102.156s] -- Installing: /root/dev_ws/Horizen-SmartCar-DGDZ/src/origincar/install/origincar_base/share/ament_index/resource_index/rosidl_interfaces/origincar_base
[102.157s] -- Installing: /root/dev_ws/Horizen-SmartCar-DGDZ/src/origincar/install/origincar_base/include/origincar_base
[102.158s] -- Installing: /root/dev_ws/Horizen-SmartCar-DGDZ/src/origincar/install/origincar_base/include/origincar_base/msg
[102.159s] -- Installing: /root/dev_ws/Horizen-SmartCar-DGDZ/src/origincar/install/origincar_base/include/origincar_base/msg/rosidl_generator_c__visibility_control.h
[102.160s] -- Installing: /root/dev_ws/Horizen-SmartCar-DGDZ/src/origincar/install/origincar_base/include/origincar_base/msg/position.h
[102.161s] -- Installing: /root/dev_ws/Horizen-SmartCar-DGDZ/src/origincar/install/origincar_base/include/origincar_base/msg/detail
[102.162s] -- Installing: /root/dev_ws/Horizen-SmartCar-DGDZ/src/origincar/install/origincar_base/include/origincar_base/msg/detail/position__type_support.h
[102.163s] -- Installing: /root/dev_ws/Horizen-SmartCar-DGDZ/src/origincar/install/origincar_base/include/origincar_base/msg/detail/position__struct.h
[102.164s] -- Installing: /root/dev_ws/Horizen-SmartCar-DGDZ/src/origincar/install/origincar_base/include/origincar_base/msg/detail/position__functions.c
[102.165s] -- Installing: /root/dev_ws/Horizen-SmartCar-DGDZ/src/origincar/install/origincar_base/include/origincar_base/msg/detail/position__functions.h
[102.166s] -- Installing: /root/dev_ws/Horizen-SmartCar-DGDZ/src/origincar/install/origincar_base/share/origincar_base/environment/library_path.sh
[102.167s] -- Installing: /root/dev_ws/Horizen-SmartCar-DGDZ/src/origincar/install/origincar_base/share/origincar_base/environment/library_path.dsv
[102.168s] -- Installing: /root/dev_ws/Horizen-SmartCar-DGDZ/src/origincar/install/origincar_base/lib/liborigincar_base__rosidl_generator_c.so
[102.169s] -- Set runtime path of "/root/dev_ws/Horizen-SmartCar-DGDZ/src/origincar/install/origincar_base/lib/liborigincar_base__rosidl_generator_c.so" to ""
[102.170s] -- Up-to-date: /root/dev_ws/Horizen-SmartCar-DGDZ/src/origincar/install/origincar_base/include/origincar_base
[102.170s] -- Up-to-date: /root/dev_ws/Horizen-SmartCar-DGDZ/src/origincar/install/origincar_base/include/origincar_base/msg
[102.172s] -- Installing: /root/dev_ws/Horizen-SmartCar-DGDZ/src/origincar/install/origincar_base/include/origincar_base/msg/rosidl_typesupport_fastrtps_c__visibility_control.h
[102.173s] -- Up-to-date: /root/dev_ws/Horizen-SmartCar-DGDZ/src/origincar/install/origincar_base/include/origincar_base/msg/detail
[102.174s] -- Installing: /root/dev_ws/Horizen-SmartCar-DGDZ/src/origincar/install/origincar_base/include/origincar_base/msg/detail/position__rosidl_typesupport_fastrtps_c.h
[102.175s] -- Installing: /root/dev_ws/Horizen-SmartCar-DGDZ/src/origincar/install/origincar_base/lib/liborigincar_base__rosidl_typesupport_fastrtps_c.so
[102.175s] -- Set runtime path of "/root/dev_ws/Horizen-SmartCar-DGDZ/src/origincar/install/origincar_base/lib/liborigincar_base__rosidl_typesupport_fastrtps_c.so" to ""
[102.176s] -- Up-to-date: /root/dev_ws/Horizen-SmartCar-DGDZ/src/origincar/install/origincar_base/include/origincar_base
[102.177s] -- Up-to-date: /root/dev_ws/Horizen-SmartCar-DGDZ/src/origincar/install/origincar_base/include/origincar_base/msg
[102.179s] -- Installing: /root/dev_ws/Horizen-SmartCar-DGDZ/src/origincar/install/origincar_base/include/origincar_base/msg/rosidl_typesupport_fastrtps_cpp__visibility_control.h
[102.179s] -- Up-to-date: /root/dev_ws/Horizen-SmartCar-DGDZ/src/origincar/install/origincar_base/include/origincar_base/msg/detail
[102.180s] -- Installing: /root/dev_ws/Horizen-SmartCar-DGDZ/src/origincar/install/origincar_base/include/origincar_base/msg/detail/position__rosidl_typesupport_fastrtps_cpp.hpp
[102.181s] -- Installing: /root/dev_ws/Horizen-SmartCar-DGDZ/src/origincar/install/origincar_base/include/origincar_base/msg/detail/dds_fastrtps
[102.182s] -- Installing: /root/dev_ws/Horizen-SmartCar-DGDZ/src/origincar/install/origincar_base/lib/liborigincar_base__rosidl_typesupport_fastrtps_cpp.so
[102.183s] -- Set runtime path of "/root/dev_ws/Horizen-SmartCar-DGDZ/src/origincar/install/origincar_base/lib/liborigincar_base__rosidl_typesupport_fastrtps_cpp.so" to ""
[102.184s] -- Up-to-date: /root/dev_ws/Horizen-SmartCar-DGDZ/src/origincar/install/origincar_base/include/origincar_base
[102.185s] -- Up-to-date: /root/dev_ws/Horizen-SmartCar-DGDZ/src/origincar/install/origincar_base/include/origincar_base/msg
[102.186s] -- Installing: /root/dev_ws/Horizen-SmartCar-DGDZ/src/origincar/install/origincar_base/include/origincar_base/msg/rosidl_typesupport_introspection_c__visibility_control.h
[102.187s] -- Up-to-date: /root/dev_ws/Horizen-SmartCar-DGDZ/src/origincar/install/origincar_base/include/origincar_base/msg/detail
[102.188s] -- Installing: /root/dev_ws/Horizen-SmartCar-DGDZ/src/origincar/install/origincar_base/include/origincar_base/msg/detail/position__type_support.c
[102.189s] -- Installing: /root/dev_ws/Horizen-SmartCar-DGDZ/src/origincar/install/origincar_base/include/origincar_base/msg/detail/position__rosidl_typesupport_introspection_c.h
[102.190s] -- Installing: /root/dev_ws/Horizen-SmartCar-DGDZ/src/origincar/install/origincar_base/lib/liborigincar_base__rosidl_typesupport_introspection_c.so
[102.191s] -- Set runtime path of "/root/dev_ws/Horizen-SmartCar-DGDZ/src/origincar/install/origincar_base/lib/liborigincar_base__rosidl_typesupport_introspection_c.so" to ""
[102.192s] -- Installing: /root/dev_ws/Horizen-SmartCar-DGDZ/src/origincar/install/origincar_base/lib/liborigincar_base__rosidl_typesupport_c.so
[102.193s] -- Set runtime path of "/root/dev_ws/Horizen-SmartCar-DGDZ/src/origincar/install/origincar_base/lib/liborigincar_base__rosidl_typesupport_c.so" to ""
[102.194s] -- Up-to-date: /root/dev_ws/Horizen-SmartCar-DGDZ/src/origincar/install/origincar_base/include/origincar_base
[102.195s] -- Up-to-date: /root/dev_ws/Horizen-SmartCar-DGDZ/src/origincar/install/origincar_base/include/origincar_base/msg
[102.196s] -- Installing: /root/dev_ws/Horizen-SmartCar-DGDZ/src/origincar/install/origincar_base/include/origincar_base/msg/rosidl_generator_cpp__visibility_control.hpp
[102.197s] -- Up-to-date: /root/dev_ws/Horizen-SmartCar-DGDZ/src/origincar/install/origincar_base/include/origincar_base/msg/detail
[102.198s] -- Installing: /root/dev_ws/Horizen-SmartCar-DGDZ/src/origincar/install/origincar_base/include/origincar_base/msg/detail/position__type_support.hpp
[102.198s] -- Installing: /root/dev_ws/Horizen-SmartCar-DGDZ/src/origincar/install/origincar_base/include/origincar_base/msg/detail/position__struct.hpp
[102.199s] -- Installing: /root/dev_ws/Horizen-SmartCar-DGDZ/src/origincar/install/origincar_base/include/origincar_base/msg/detail/position__traits.hpp
[102.200s] -- Installing: /root/dev_ws/Horizen-SmartCar-DGDZ/src/origincar/install/origincar_base/include/origincar_base/msg/detail/position__builder.hpp
[102.201s] -- Installing: /root/dev_ws/Horizen-SmartCar-DGDZ/src/origincar/install/origincar_base/include/origincar_base/msg/position.hpp
[102.202s] -- Up-to-date: /root/dev_ws/Horizen-SmartCar-DGDZ/src/origincar/install/origincar_base/include/origincar_base
[102.203s] -- Up-to-date: /root/dev_ws/Horizen-SmartCar-DGDZ/src/origincar/install/origincar_base/include/origincar_base/msg
[102.203s] -- Up-to-date: /root/dev_ws/Horizen-SmartCar-DGDZ/src/origincar/install/origincar_base/include/origincar_base/msg/detail
[102.204s] -- Installing: /root/dev_ws/Horizen-SmartCar-DGDZ/src/origincar/install/origincar_base/include/origincar_base/msg/detail/position__rosidl_typesupport_introspection_cpp.hpp
[102.205s] -- Installing: /root/dev_ws/Horizen-SmartCar-DGDZ/src/origincar/install/origincar_base/include/origincar_base/msg/detail/position__type_support.cpp
[102.206s] -- Installing: /root/dev_ws/Horizen-SmartCar-DGDZ/src/origincar/install/origincar_base/lib/liborigincar_base__rosidl_typesupport_introspection_cpp.so
[102.206s] -- Set runtime path of "/root/dev_ws/Horizen-SmartCar-DGDZ/src/origincar/install/origincar_base/lib/liborigincar_base__rosidl_typesupport_introspection_cpp.so" to ""
[102.207s] -- Installing: /root/dev_ws/Horizen-SmartCar-DGDZ/src/origincar/install/origincar_base/lib/liborigincar_base__rosidl_typesupport_cpp.so
[102.208s] -- Set runtime path of "/root/dev_ws/Horizen-SmartCar-DGDZ/src/origincar/install/origincar_base/lib/liborigincar_base__rosidl_typesupport_cpp.so" to ""
[102.209s] -- Installing: /root/dev_ws/Horizen-SmartCar-DGDZ/src/origincar/install/origincar_base/share/origincar_base/environment/pythonpath.sh
[102.210s] -- Installing: /root/dev_ws/Horizen-SmartCar-DGDZ/src/origincar/install/origincar_base/share/origincar_base/environment/pythonpath.dsv
[102.211s] -- Installing: /root/dev_ws/Horizen-SmartCar-DGDZ/src/origincar/install/origincar_base/lib/python3.8/site-packages/origincar_base/__init__.py
[102.407s] Compiling '/root/dev_ws/Horizen-SmartCar-DGDZ/src/origincar/install/origincar_base/lib/python3.8/site-packages/origincar_base/__init__.py'...
[102.447s] -- Installing: /root/dev_ws/Horizen-SmartCar-DGDZ/src/origincar/install/origincar_base/lib/python3.8/site-packages/origincar_base/msg
[102.448s] -- Installing: /root/dev_ws/Horizen-SmartCar-DGDZ/src/origincar/install/origincar_base/lib/python3.8/site-packages/origincar_base/msg/__init__.py
[102.449s] -- Installing: /root/dev_ws/Horizen-SmartCar-DGDZ/src/origincar/install/origincar_base/lib/python3.8/site-packages/origincar_base/msg/_position.py
[102.450s] -- Installing: /root/dev_ws/Horizen-SmartCar-DGDZ/src/origincar/install/origincar_base/lib/python3.8/site-packages/origincar_base/msg/_position_s.c
[102.451s] -- Installing: /root/dev_ws/Horizen-SmartCar-DGDZ/src/origincar/install/origincar_base/lib/python3.8/site-packages/origincar_base/origincar_base_s__rosidl_typesupport_fastrtps_c.cpython-38-aarch64-linux-gnu.so
[102.453s] -- Set runtime path of "/root/dev_ws/Horizen-SmartCar-DGDZ/src/origincar/install/origincar_base/lib/python3.8/site-packages/origincar_base/origincar_base_s__rosidl_typesupport_fastrtps_c.cpython-38-aarch64-linux-gnu.so" to ""
[102.455s] -- Installing: /root/dev_ws/Horizen-SmartCar-DGDZ/src/origincar/install/origincar_base/lib/python3.8/site-packages/origincar_base/origincar_base_s__rosidl_typesupport_introspection_c.cpython-38-aarch64-linux-gnu.so
[102.457s] -- Set runtime path of "/root/dev_ws/Horizen-SmartCar-DGDZ/src/origincar/install/origincar_base/lib/python3.8/site-packages/origincar_base/origincar_base_s__rosidl_typesupport_introspection_c.cpython-38-aarch64-linux-gnu.so" to ""
[102.458s] -- Installing: /root/dev_ws/Horizen-SmartCar-DGDZ/src/origincar/install/origincar_base/lib/python3.8/site-packages/origincar_base/origincar_base_s__rosidl_typesupport_c.cpython-38-aarch64-linux-gnu.so
[102.461s] -- Set runtime path of "/root/dev_ws/Horizen-SmartCar-DGDZ/src/origincar/install/origincar_base/lib/python3.8/site-packages/origincar_base/origincar_base_s__rosidl_typesupport_c.cpython-38-aarch64-linux-gnu.so" to ""
[102.462s] -- Installing: /root/dev_ws/Horizen-SmartCar-DGDZ/src/origincar/install/origincar_base/lib/liborigincar_base__python.so
[102.463s] -- Set runtime path of "/root/dev_ws/Horizen-SmartCar-DGDZ/src/origincar/install/origincar_base/lib/liborigincar_base__python.so" to ""
[102.464s] -- Installing: /root/dev_ws/Horizen-SmartCar-DGDZ/src/origincar/install/origincar_base/share/origincar_base/msg/Position.idl
[102.465s] -- Installing: /root/dev_ws/Horizen-SmartCar-DGDZ/src/origincar/install/origincar_base/share/origincar_base/msg/Position.msg
[102.466s] -- Installing: /root/dev_ws/Horizen-SmartCar-DGDZ/src/origincar/install/origincar_base/lib/origincar_base/cmd_vel_to_ackermann_drive.py
[102.468s] -- Installing: /root/dev_ws/Horizen-SmartCar-DGDZ/src/origincar/install/origincar_base/lib/origincar_base/origincar_base_node
[102.490s] -- Set runtime path of "/root/dev_ws/Horizen-SmartCar-DGDZ/src/origincar/install/origincar_base/lib/origincar_base/origincar_base_node" to ""
[102.491s] -- Installing: /root/dev_ws/Horizen-SmartCar-DGDZ/src/origincar/install/origincar_base/share/origincar_base/launch
[102.492s] -- Installing: /root/dev_ws/Horizen-SmartCar-DGDZ/src/origincar/install/origincar_base/share/origincar_base/launch/__pycache__
[102.493s] -- Installing: /root/dev_ws/Horizen-SmartCar-DGDZ/src/origincar/install/origincar_base/share/origincar_base/launch/__pycache__/testtwo.launch.cpython-38.pyc
[102.494s] -- Installing: /root/dev_ws/Horizen-SmartCar-DGDZ/src/origincar/install/origincar_base/share/origincar_base/launch/ekf.launch.py
[102.495s] -- Installing: /root/dev_ws/Horizen-SmartCar-DGDZ/src/origincar/install/origincar_base/share/origincar_base/launch/base_serial.launch.py
[102.496s] -- Installing: /root/dev_ws/Horizen-SmartCar-DGDZ/src/origincar/install/origincar_base/share/origincar_base/launch/origincar_bringup.launch.py
[102.497s] -- Installing: /root/dev_ws/Horizen-SmartCar-DGDZ/src/origincar/install/origincar_base/share/origincar_base/launch/robot_mode_description.launch.py
[102.498s] -- Installing: /root/dev_ws/Horizen-SmartCar-DGDZ/src/origincar/install/origincar_base/share/origincar_base/config
[102.498s] -- Installing: /root/dev_ws/Horizen-SmartCar-DGDZ/src/origincar/install/origincar_base/share/origincar_base/config/imu.yaml
[102.499s] -- Installing: /root/dev_ws/Horizen-SmartCar-DGDZ/src/origincar/install/origincar_base/share/origincar_base/config/ekf.yaml
[102.500s] -- Installing: /root/dev_ws/Horizen-SmartCar-DGDZ/src/origincar/install/origincar_base/share/ament_index/resource_index/package_run_dependencies/origincar_base
[102.501s] -- Installing: /root/dev_ws/Horizen-SmartCar-DGDZ/src/origincar/install/origincar_base/share/ament_index/resource_index/parent_prefix_path/origincar_base
[102.502s] -- Installing: /root/dev_ws/Horizen-SmartCar-DGDZ/src/origincar/install/origincar_base/share/origincar_base/environment/ament_prefix_path.sh
[102.503s] -- Installing: /root/dev_ws/Horizen-SmartCar-DGDZ/src/origincar/install/origincar_base/share/origincar_base/environment/ament_prefix_path.dsv
[102.504s] -- Installing: /root/dev_ws/Horizen-SmartCar-DGDZ/src/origincar/install/origincar_base/share/origincar_base/environment/path.sh
[102.505s] -- Installing: /root/dev_ws/Horizen-SmartCar-DGDZ/src/origincar/install/origincar_base/share/origincar_base/environment/path.dsv
[102.506s] -- Installing: /root/dev_ws/Horizen-SmartCar-DGDZ/src/origincar/install/origincar_base/share/origincar_base/local_setup.bash
[102.507s] -- Installing: /root/dev_ws/Horizen-SmartCar-DGDZ/src/origincar/install/origincar_base/share/origincar_base/local_setup.sh
[102.508s] -- Installing: /root/dev_ws/Horizen-SmartCar-DGDZ/src/origincar/install/origincar_base/share/origincar_base/local_setup.zsh
[102.509s] -- Installing: /root/dev_ws/Horizen-SmartCar-DGDZ/src/origincar/install/origincar_base/share/origincar_base/local_setup.dsv
[102.510s] -- Installing: /root/dev_ws/Horizen-SmartCar-DGDZ/src/origincar/install/origincar_base/share/origincar_base/package.dsv
[102.511s] -- Installing: /root/dev_ws/Horizen-SmartCar-DGDZ/src/origincar/install/origincar_base/share/ament_index/resource_index/packages/origincar_base
[102.512s] -- Installing: /root/dev_ws/Horizen-SmartCar-DGDZ/src/origincar/install/origincar_base/share/origincar_base/cmake/origincar_base__rosidl_generator_cExport.cmake
[102.513s] -- Installing: /root/dev_ws/Horizen-SmartCar-DGDZ/src/origincar/install/origincar_base/share/origincar_base/cmake/origincar_base__rosidl_generator_cExport-noconfig.cmake
[102.515s] -- Installing: /root/dev_ws/Horizen-SmartCar-DGDZ/src/origincar/install/origincar_base/share/origincar_base/cmake/origincar_base__rosidl_typesupport_introspection_cExport.cmake
[102.516s] -- Installing: /root/dev_ws/Horizen-SmartCar-DGDZ/src/origincar/install/origincar_base/share/origincar_base/cmake/origincar_base__rosidl_typesupport_introspection_cExport-noconfig.cmake
[102.517s] -- Installing: /root/dev_ws/Horizen-SmartCar-DGDZ/src/origincar/install/origincar_base/share/origincar_base/cmake/origincar_base__rosidl_typesupport_cExport.cmake
[102.518s] -- Installing: /root/dev_ws/Horizen-SmartCar-DGDZ/src/origincar/install/origincar_base/share/origincar_base/cmake/origincar_base__rosidl_typesupport_cExport-noconfig.cmake
[102.519s] -- Installing: /root/dev_ws/Horizen-SmartCar-DGDZ/src/origincar/install/origincar_base/share/origincar_base/cmake/origincar_base__rosidl_generator_cppExport.cmake
[102.520s] -- Installing: /root/dev_ws/Horizen-SmartCar-DGDZ/src/origincar/install/origincar_base/share/origincar_base/cmake/origincar_base__rosidl_typesupport_introspection_cppExport.cmake
[102.521s] -- Installing: /root/dev_ws/Horizen-SmartCar-DGDZ/src/origincar/install/origincar_base/share/origincar_base/cmake/origincar_base__rosidl_typesupport_introspection_cppExport-noconfig.cmake
[102.522s] -- Installing: /root/dev_ws/Horizen-SmartCar-DGDZ/src/origincar/install/origincar_base/share/origincar_base/cmake/origincar_base__rosidl_typesupport_cppExport.cmake
[102.524s] -- Installing: /root/dev_ws/Horizen-SmartCar-DGDZ/src/origincar/install/origincar_base/share/origincar_base/cmake/origincar_base__rosidl_typesupport_cppExport-noconfig.cmake
[102.525s] -- Installing: /root/dev_ws/Horizen-SmartCar-DGDZ/src/origincar/install/origincar_base/share/origincar_base/cmake/rosidl_cmake-extras.cmake
[102.526s] -- Installing: /root/dev_ws/Horizen-SmartCar-DGDZ/src/origincar/install/origincar_base/share/origincar_base/cmake/ament_cmake_export_dependencies-extras.cmake
[102.527s] -- Installing: /root/dev_ws/Horizen-SmartCar-DGDZ/src/origincar/install/origincar_base/share/origincar_base/cmake/ament_cmake_export_libraries-extras.cmake
[102.528s] -- Installing: /root/dev_ws/Horizen-SmartCar-DGDZ/src/origincar/install/origincar_base/share/origincar_base/cmake/ament_cmake_export_targets-extras.cmake
[102.529s] -- Installing: /root/dev_ws/Horizen-SmartCar-DGDZ/src/origincar/install/origincar_base/share/origincar_base/cmake/ament_cmake_export_include_directories-extras.cmake
[102.530s] -- Installing: /root/dev_ws/Horizen-SmartCar-DGDZ/src/origincar/install/origincar_base/share/origincar_base/cmake/rosidl_cmake_export_typesupport_libraries-extras.cmake
[102.531s] -- Installing: /root/dev_ws/Horizen-SmartCar-DGDZ/src/origincar/install/origincar_base/share/origincar_base/cmake/rosidl_cmake_export_typesupport_targets-extras.cmake
[102.532s] -- Installing: /root/dev_ws/Horizen-SmartCar-DGDZ/src/origincar/install/origincar_base/share/origincar_base/cmake/origincar_baseConfig.cmake
[102.533s] -- Installing: /root/dev_ws/Horizen-SmartCar-DGDZ/src/origincar/install/origincar_base/share/origincar_base/cmake/origincar_baseConfig-version.cmake
[102.533s] -- Installing: /root/dev_ws/Horizen-SmartCar-DGDZ/src/origincar/install/origincar_base/share/origincar_base/package.xml
[102.544s] Invoked command in '/root/dev_ws/Horizen-SmartCar-DGDZ/src/origincar/build/origincar_base' returned '0': AMENT_PREFIX_PATH=/root/dev_ws/Horizen-SmartCar-DGDZ/src/origincar/install/serial:/root/dev_ws/Horizen-SmartCar-DGDZ/src/origincar/install/origincar_msg:/root/dev_ws/Horizen-SmartCar-DGDZ/src/origincar/install/origincar_description:/root/dev_ws/Horizen-SmartCar-DGDZ/src/origincar/install/ackermann_msgs:${AMENT_PREFIX_PATH} CMAKE_PREFIX_PATH=/root/dev_ws/Horizen-SmartCar-DGDZ/src/origincar/install/serial:/root/dev_ws/Horizen-SmartCar-DGDZ/src/origincar/install/origincar_msg:/root/dev_ws/Horizen-SmartCar-DGDZ/src/origincar/install/origincar_description:/root/dev_ws/Horizen-SmartCar-DGDZ/src/origincar/install/ackermann_msgs:/opt/tros:/opt/ros/foxy LD_LIBRARY_PATH=/root/dev_ws/Horizen-SmartCar-DGDZ/src/origincar/install/serial/lib:/root/dev_ws/Horizen-SmartCar-DGDZ/src/origincar/install/origincar_msg/lib:/root/dev_ws/Horizen-SmartCar-DGDZ/src/origincar/install/ackermann_msgs/lib:${LD_LIBRARY_PATH} PYTHONPATH=/root/dev_ws/Horizen-SmartCar-DGDZ/src/origincar/install/origincar_msg/lib/python3.8/site-packages:/root/dev_ws/Horizen-SmartCar-DGDZ/src/origincar/install/ackermann_msgs/lib/python3.8/site-packages:${PYTHONPATH} /usr/bin/cmake --install /root/dev_ws/Horizen-SmartCar-DGDZ/src/origincar/build/origincar_base
