[3.831s] Invoking command in '/root/dev_ws/Horizen-SmartCar-DGDZ/build/origincar_description': CMAKE_PREFIX_PATH=${CMAKE_PREFIX_PATH}:/opt/ros/foxy /usr/bin/cmake --build /root/dev_ws/Horizen-SmartCar-DGDZ/build/origincar_description -- -j4 -l4
[4.200s] Invoked command in '/root/dev_ws/Horizen-SmartCar-DGDZ/build/origincar_description' returned '0': CMAKE_PREFIX_PATH=${CMAKE_PREFIX_PATH}:/opt/ros/foxy /usr/bin/cmake --build /root/dev_ws/Horizen-SmartCar-DGDZ/build/origincar_description -- -j4 -l4
[4.586s] Invoking command in '/root/dev_ws/Horizen-SmartCar-DGDZ/build/origincar_description': CMAKE_PREFIX_PATH=${CMAKE_PREFIX_PATH}:/opt/ros/foxy /usr/bin/cmake --install /root/dev_ws/Horizen-SmartCar-DGDZ/build/origincar_description
[4.734s] -- Install configuration: ""
[4.736s] -- Up-to-date: /root/dev_ws/Horizen-SmartCar-DGDZ/install/origincar_description/share/origincar_description/launch
[4.738s] -- Up-to-date: /root/dev_ws/Horizen-SmartCar-DGDZ/install/origincar_description/share/origincar_description/launch/gazebo.launch
[4.739s] -- Up-to-date: /root/dev_ws/Horizen-SmartCar-DGDZ/install/origincar_description/share/origincar_description/launch/display.launch
[4.740s] -- Up-to-date: /root/dev_ws/Horizen-SmartCar-DGDZ/install/origincar_description/share/origincar_description/launch/display.launch.py
[4.741s] -- Up-to-date: /root/dev_ws/Horizen-SmartCar-DGDZ/install/origincar_description/share/origincar_description/urdf
[4.742s] -- Up-to-date: /root/dev_ws/Horizen-SmartCar-DGDZ/install/origincar_description/share/origincar_description/urdf/origincar.urdf
[4.743s] -- Up-to-date: /root/dev_ws/Horizen-SmartCar-DGDZ/install/origincar_description/share/origincar_description/urdf/origincar.xacro
[4.744s] -- Up-to-date: /root/dev_ws/Horizen-SmartCar-DGDZ/install/origincar_description/share/origincar_description/rviz
[4.751s] -- Up-to-date: /root/dev_ws/Horizen-SmartCar-DGDZ/install/origincar_description/share/origincar_description/rviz/README
[4.752s] -- Up-to-date: /root/dev_ws/Horizen-SmartCar-DGDZ/install/origincar_description/share/origincar_description/rviz/display.rviz
[4.758s] -- Up-to-date: /root/dev_ws/Horizen-SmartCar-DGDZ/install/origincar_description/share/origincar_description/meshes
[4.759s] -- Up-to-date: /root/dev_ws/Horizen-SmartCar-DGDZ/install/origincar_description/share/origincar_description/meshes/up_left_Link.STL
[4.760s] -- Up-to-date: /root/dev_ws/Horizen-SmartCar-DGDZ/install/origincar_description/share/origincar_description/meshes/down_right_Link.STL
[4.762s] -- Up-to-date: /root/dev_ws/Horizen-SmartCar-DGDZ/install/origincar_description/share/origincar_description/meshes/up_right_Link.STL
[4.763s] -- Up-to-date: /root/dev_ws/Horizen-SmartCar-DGDZ/install/origincar_description/share/origincar_description/meshes/base_link.STL
[4.764s] -- Up-to-date: /root/dev_ws/Horizen-SmartCar-DGDZ/install/origincar_description/share/origincar_description/meshes/down_left_Link.STL
[4.765s] -- Up-to-date: /root/dev_ws/Horizen-SmartCar-DGDZ/install/origincar_description/share/ament_index/resource_index/package_run_dependencies/origincar_description
[4.767s] -- Up-to-date: /root/dev_ws/Horizen-SmartCar-DGDZ/install/origincar_description/share/ament_index/resource_index/parent_prefix_path/origincar_description
[4.768s] -- Up-to-date: /root/dev_ws/Horizen-SmartCar-DGDZ/install/origincar_description/share/origincar_description/environment/ament_prefix_path.sh
[4.790s] -- Up-to-date: /root/dev_ws/Horizen-SmartCar-DGDZ/install/origincar_description/share/origincar_description/environment/ament_prefix_path.dsv
[4.792s] -- Up-to-date: /root/dev_ws/Horizen-SmartCar-DGDZ/install/origincar_description/share/origincar_description/environment/path.sh
[4.793s] -- Up-to-date: /root/dev_ws/Horizen-SmartCar-DGDZ/install/origincar_description/share/origincar_description/environment/path.dsv
[4.794s] -- Up-to-date: /root/dev_ws/Horizen-SmartCar-DGDZ/install/origincar_description/share/origincar_description/local_setup.bash
[4.795s] -- Up-to-date: /root/dev_ws/Horizen-SmartCar-DGDZ/install/origincar_description/share/origincar_description/local_setup.sh
[4.796s] -- Up-to-date: /root/dev_ws/Horizen-SmartCar-DGDZ/install/origincar_description/share/origincar_description/local_setup.zsh
[4.797s] -- Up-to-date: /root/dev_ws/Horizen-SmartCar-DGDZ/install/origincar_description/share/origincar_description/local_setup.dsv
[4.798s] -- Installing: /root/dev_ws/Horizen-SmartCar-DGDZ/install/origincar_description/share/origincar_description/package.dsv
[4.800s] -- Up-to-date: /root/dev_ws/Horizen-SmartCar-DGDZ/install/origincar_description/share/ament_index/resource_index/packages/origincar_description
[4.801s] -- Up-to-date: /root/dev_ws/Horizen-SmartCar-DGDZ/install/origincar_description/share/origincar_description/cmake/origincar_descriptionConfig.cmake
[4.802s] -- Up-to-date: /root/dev_ws/Horizen-SmartCar-DGDZ/install/origincar_description/share/origincar_description/cmake/origincar_descriptionConfig-version.cmake
[4.803s] -- Up-to-date: /root/dev_ws/Horizen-SmartCar-DGDZ/install/origincar_description/share/origincar_description/package.xml
[4.805s] Invoked command in '/root/dev_ws/Horizen-SmartCar-DGDZ/build/origincar_description' returned '0': CMAKE_PREFIX_PATH=${CMAKE_PREFIX_PATH}:/opt/ros/foxy /usr/bin/cmake --install /root/dev_ws/Horizen-SmartCar-DGDZ/build/origincar_description
