[10.567s] Invoking command in '/root/dev_ws/Horizen-SmartCar-DGDZ/src/origincar/my_package': PYTHONPATH=/root/dev_ws/Horizen-SmartCar-DGDZ/src/origincar/my_package/build/my_package/prefix_override:/root/dev_ws/Horizen-SmartCar-DGDZ/src/origincar/my_package/install/my_package/lib/python3.8/site-packages:${PYTHONPATH} /usr/bin/python3 setup.py egg_info --egg-base build/my_package build --build-base /root/dev_ws/Horizen-SmartCar-DGDZ/src/origincar/my_package/build/my_package/build install --record /root/dev_ws/Horizen-SmartCar-DGDZ/src/origincar/my_package/build/my_package/install.log --install-scripts $base/lib/my_package --single-version-externally-managed
[12.612s] running egg_info
[12.616s] writing build/my_package/my_package.egg-info/PKG-INFO
[12.618s] writing dependency_links to build/my_package/my_package.egg-info/dependency_links.txt
[12.620s] writing entry points to build/my_package/my_package.egg-info/entry_points.txt
[12.621s] writing requirements to build/my_package/my_package.egg-info/requires.txt
[12.623s] writing top-level names to build/my_package/my_package.egg-info/top_level.txt
[12.947s] reading manifest file 'build/my_package/my_package.egg-info/SOURCES.txt'
[12.957s] writing manifest file 'build/my_package/my_package.egg-info/SOURCES.txt'
[12.958s] running build
[12.959s] running build_py
[12.960s] running install
[12.964s] running install_lib
[12.975s] running install_data
[12.979s] running install_egg_info
[12.992s] removing '/root/dev_ws/Horizen-SmartCar-DGDZ/src/origincar/my_package/install/my_package/lib/python3.8/site-packages/my_package-0.0.0-py3.8.egg-info' (and everything under it)
[12.996s] Copying build/my_package/my_package.egg-info to /root/dev_ws/Horizen-SmartCar-DGDZ/src/origincar/my_package/install/my_package/lib/python3.8/site-packages/my_package-0.0.0-py3.8.egg-info
[13.002s] running install_scripts
[13.142s] Installing my_node script to /root/dev_ws/Horizen-SmartCar-DGDZ/src/origincar/my_package/install/my_package/lib/my_package
[13.144s] writing list of installed files to '/root/dev_ws/Horizen-SmartCar-DGDZ/src/origincar/my_package/build/my_package/install.log'
[13.338s] Invoked command in '/root/dev_ws/Horizen-SmartCar-DGDZ/src/origincar/my_package' returned '0': PYTHONPATH=/root/dev_ws/Horizen-SmartCar-DGDZ/src/origincar/my_package/build/my_package/prefix_override:/root/dev_ws/Horizen-SmartCar-DGDZ/src/origincar/my_package/install/my_package/lib/python3.8/site-packages:${PYTHONPATH} /usr/bin/python3 setup.py egg_info --egg-base build/my_package build --build-base /root/dev_ws/Horizen-SmartCar-DGDZ/src/origincar/my_package/build/my_package/build install --record /root/dev_ws/Horizen-SmartCar-DGDZ/src/origincar/my_package/build/my_package/install.log --install-scripts $base/lib/my_package --single-version-externally-managed
