[17.387s] DEBUG:colcon:Command line arguments: ['/usr/bin/colcon', 'build', '--packages-select', 'test_view']
[17.388s] DEBUG:colcon:Parsed command line arguments: Namespace(allow_overriding=[], ament_cmake_args=None, base_paths=['.'], build_base='build', catkin_cmake_args=None, catkin_skip_building_tests=False, cmake_args=None, cmake_clean_cache=False, cmake_clean_first=False, cmake_force_configure=False, cmake_target=None, cmake_target_skip_unavailable=False, continue_on_error=False, event_handlers=None, executor='parallel', ignore_user_meta=False, install_base='install', log_base=None, log_level=None, main=<bound method BuildVerb.main of <colcon_core.verb.build.BuildVerb object at 0x7f809af4f0>>, merge_install=False, metas=['./colcon.meta'], packages_above=None, packages_above_and_dependencies=None, packages_above_depth=None, packages_end=None, packages_ignore=None, packages_ignore_regex=None, packages_select=['test_view'], packages_select_build_failed=False, packages_select_by_dep=None, packages_select_regex=None, packages_select_test_failures=False, packages_skip=None, packages_skip_build_finished=False, packages_skip_by_dep=None, packages_skip_regex=None, packages_skip_test_passed=False, packages_skip_up_to=None, packages_start=None, packages_up_to=None, packages_up_to_regex=None, parallel_workers=4, paths=None, symlink_install=False, test_result_base=None, verb_extension=<colcon_core.verb.build.BuildVerb object at 0x7f809af4f0>, verb_name='build', verb_parser=<colcon_defaults.argument_parser.defaults.DefaultArgumentsDecorator object at 0x7f805fd0a0>)
[18.095s] Level 1:colcon.colcon_core.package_discovery:discover_packages(colcon_meta) check parameters
[18.096s] Level 1:colcon.colcon_core.package_discovery:discover_packages(recursive) check parameters
[18.096s] Level 1:colcon.colcon_core.package_discovery:discover_packages(ignore) check parameters
[18.097s] Level 1:colcon.colcon_core.package_discovery:discover_packages(path) check parameters
[18.097s] Level 1:colcon.colcon_core.package_discovery:discover_packages(colcon_meta) discover
[18.097s] Level 1:colcon.colcon_core.package_discovery:discover_packages(recursive) discover
[18.098s] INFO:colcon.colcon_core.package_discovery:Crawling recursively for packages in '/root/dev_ws/Horizen-SmartCar-DGDZ'
[18.098s] Level 1:colcon.colcon_core.package_identification:_identify(.) by extensions ['ignore', 'ignore_ament_install']
[18.099s] Level 1:colcon.colcon_core.package_identification:_identify(.) by extension 'ignore'
[18.099s] Level 1:colcon.colcon_core.package_identification:_identify(.) by extension 'ignore_ament_install'
[18.099s] Level 1:colcon.colcon_core.package_identification:_identify(.) by extensions ['colcon_pkg']
[18.100s] Level 1:colcon.colcon_core.package_identification:_identify(.) by extension 'colcon_pkg'
[18.100s] Level 1:colcon.colcon_core.package_identification:_identify(.) by extensions ['colcon_meta']
[18.100s] Level 1:colcon.colcon_core.package_identification:_identify(.) by extension 'colcon_meta'
[18.101s] Level 1:colcon.colcon_core.package_identification:_identify(.) by extensions ['ros']
[18.101s] Level 1:colcon.colcon_core.package_identification:_identify(.) by extension 'ros'
[18.252s] Level 1:colcon.colcon_core.package_identification:_identify(.) by extensions ['cmake', 'python']
[18.252s] Level 1:colcon.colcon_core.package_identification:_identify(.) by extension 'cmake'
[18.253s] Level 1:colcon.colcon_core.package_identification:_identify(.) by extension 'python'
[18.253s] Level 1:colcon.colcon_core.package_identification:_identify(.) by extensions ['python_setup_py']
[18.253s] Level 1:colcon.colcon_core.package_identification:_identify(.) by extension 'python_setup_py'
[18.254s] Level 1:colcon.colcon_core.package_identification:_identify(build) by extensions ['ignore', 'ignore_ament_install']
[18.255s] Level 1:colcon.colcon_core.package_identification:_identify(build) by extension 'ignore'
[18.255s] Level 1:colcon.colcon_core.package_identification:_identify(build) ignored
[18.256s] Level 1:colcon.colcon_core.package_identification:_identify(docs) by extensions ['ignore', 'ignore_ament_install']
[18.257s] Level 1:colcon.colcon_core.package_identification:_identify(docs) by extension 'ignore'
[18.257s] Level 1:colcon.colcon_core.package_identification:_identify(docs) by extension 'ignore_ament_install'
[18.258s] Level 1:colcon.colcon_core.package_identification:_identify(docs) by extensions ['colcon_pkg']
[18.258s] Level 1:colcon.colcon_core.package_identification:_identify(docs) by extension 'colcon_pkg'
[18.258s] Level 1:colcon.colcon_core.package_identification:_identify(docs) by extensions ['colcon_meta']
[18.258s] Level 1:colcon.colcon_core.package_identification:_identify(docs) by extension 'colcon_meta'
[18.259s] Level 1:colcon.colcon_core.package_identification:_identify(docs) by extensions ['ros']
[18.259s] Level 1:colcon.colcon_core.package_identification:_identify(docs) by extension 'ros'
[18.259s] Level 1:colcon.colcon_core.package_identification:_identify(docs) by extensions ['cmake', 'python']
[18.260s] Level 1:colcon.colcon_core.package_identification:_identify(docs) by extension 'cmake'
[18.260s] Level 1:colcon.colcon_core.package_identification:_identify(docs) by extension 'python'
[18.261s] Level 1:colcon.colcon_core.package_identification:_identify(docs) by extensions ['python_setup_py']
[18.261s] Level 1:colcon.colcon_core.package_identification:_identify(docs) by extension 'python_setup_py'
[18.262s] Level 1:colcon.colcon_core.package_identification:_identify(install) by extensions ['ignore', 'ignore_ament_install']
[18.262s] Level 1:colcon.colcon_core.package_identification:_identify(install) by extension 'ignore'
[18.263s] Level 1:colcon.colcon_core.package_identification:_identify(install) ignored
[18.263s] Level 1:colcon.colcon_core.package_identification:_identify(log) by extensions ['ignore', 'ignore_ament_install']
[18.264s] Level 1:colcon.colcon_core.package_identification:_identify(log) by extension 'ignore'
[18.264s] Level 1:colcon.colcon_core.package_identification:_identify(log) ignored
[18.265s] Level 1:colcon.colcon_core.package_identification:_identify(res) by extensions ['ignore', 'ignore_ament_install']
[18.265s] Level 1:colcon.colcon_core.package_identification:_identify(res) by extension 'ignore'
[18.266s] Level 1:colcon.colcon_core.package_identification:_identify(res) by extension 'ignore_ament_install'
[18.266s] Level 1:colcon.colcon_core.package_identification:_identify(res) by extensions ['colcon_pkg']
[18.266s] Level 1:colcon.colcon_core.package_identification:_identify(res) by extension 'colcon_pkg'
[18.267s] Level 1:colcon.colcon_core.package_identification:_identify(res) by extensions ['colcon_meta']
[18.267s] Level 1:colcon.colcon_core.package_identification:_identify(res) by extension 'colcon_meta'
[18.267s] Level 1:colcon.colcon_core.package_identification:_identify(res) by extensions ['ros']
[18.268s] Level 1:colcon.colcon_core.package_identification:_identify(res) by extension 'ros'
[18.268s] Level 1:colcon.colcon_core.package_identification:_identify(res) by extensions ['cmake', 'python']
[18.268s] Level 1:colcon.colcon_core.package_identification:_identify(res) by extension 'cmake'
[18.269s] Level 1:colcon.colcon_core.package_identification:_identify(res) by extension 'python'
[18.269s] Level 1:colcon.colcon_core.package_identification:_identify(res) by extensions ['python_setup_py']
[18.269s] Level 1:colcon.colcon_core.package_identification:_identify(res) by extension 'python_setup_py'
[18.270s] Level 1:colcon.colcon_core.package_identification:_identify(src) by extensions ['ignore', 'ignore_ament_install']
[18.271s] Level 1:colcon.colcon_core.package_identification:_identify(src) by extension 'ignore'
[18.271s] Level 1:colcon.colcon_core.package_identification:_identify(src) by extension 'ignore_ament_install'
[18.271s] Level 1:colcon.colcon_core.package_identification:_identify(src) by extensions ['colcon_pkg']
[18.272s] Level 1:colcon.colcon_core.package_identification:_identify(src) by extension 'colcon_pkg'
[18.272s] Level 1:colcon.colcon_core.package_identification:_identify(src) by extensions ['colcon_meta']
[18.272s] Level 1:colcon.colcon_core.package_identification:_identify(src) by extension 'colcon_meta'
[18.273s] Level 1:colcon.colcon_core.package_identification:_identify(src) by extensions ['ros']
[18.273s] Level 1:colcon.colcon_core.package_identification:_identify(src) by extension 'ros'
[18.273s] Level 1:colcon.colcon_core.package_identification:_identify(src) by extensions ['cmake', 'python']
[18.274s] Level 1:colcon.colcon_core.package_identification:_identify(src) by extension 'cmake'
[18.274s] Level 1:colcon.colcon_core.package_identification:_identify(src) by extension 'python'
[18.274s] Level 1:colcon.colcon_core.package_identification:_identify(src) by extensions ['python_setup_py']
[18.275s] Level 1:colcon.colcon_core.package_identification:_identify(src) by extension 'python_setup_py'
[18.275s] Level 1:colcon.colcon_core.package_identification:_identify(src/origincar) by extensions ['ignore', 'ignore_ament_install']
[18.276s] Level 1:colcon.colcon_core.package_identification:_identify(src/origincar) by extension 'ignore'
[18.276s] Level 1:colcon.colcon_core.package_identification:_identify(src/origincar) by extension 'ignore_ament_install'
[18.277s] Level 1:colcon.colcon_core.package_identification:_identify(src/origincar) by extensions ['colcon_pkg']
[18.277s] Level 1:colcon.colcon_core.package_identification:_identify(src/origincar) by extension 'colcon_pkg'
[18.277s] Level 1:colcon.colcon_core.package_identification:_identify(src/origincar) by extensions ['colcon_meta']
[18.278s] Level 1:colcon.colcon_core.package_identification:_identify(src/origincar) by extension 'colcon_meta'
[18.278s] Level 1:colcon.colcon_core.package_identification:_identify(src/origincar) by extensions ['ros']
[18.278s] Level 1:colcon.colcon_core.package_identification:_identify(src/origincar) by extension 'ros'
[18.279s] Level 1:colcon.colcon_core.package_identification:_identify(src/origincar) by extensions ['cmake', 'python']
[18.279s] Level 1:colcon.colcon_core.package_identification:_identify(src/origincar) by extension 'cmake'
[18.279s] Level 1:colcon.colcon_core.package_identification:_identify(src/origincar) by extension 'python'
[18.280s] Level 1:colcon.colcon_core.package_identification:_identify(src/origincar) by extensions ['python_setup_py']
[18.280s] Level 1:colcon.colcon_core.package_identification:_identify(src/origincar) by extension 'python_setup_py'
[18.281s] Level 1:colcon.colcon_core.package_identification:_identify(src/origincar/3rdparty) by extensions ['ignore', 'ignore_ament_install']
[18.281s] Level 1:colcon.colcon_core.package_identification:_identify(src/origincar/3rdparty) by extension 'ignore'
[18.282s] Level 1:colcon.colcon_core.package_identification:_identify(src/origincar/3rdparty) by extension 'ignore_ament_install'
[18.282s] Level 1:colcon.colcon_core.package_identification:_identify(src/origincar/3rdparty) by extensions ['colcon_pkg']
[18.282s] Level 1:colcon.colcon_core.package_identification:_identify(src/origincar/3rdparty) by extension 'colcon_pkg'
[18.283s] Level 1:colcon.colcon_core.package_identification:_identify(src/origincar/3rdparty) by extensions ['colcon_meta']
[18.283s] Level 1:colcon.colcon_core.package_identification:_identify(src/origincar/3rdparty) by extension 'colcon_meta'
[18.283s] Level 1:colcon.colcon_core.package_identification:_identify(src/origincar/3rdparty) by extensions ['ros']
[18.283s] Level 1:colcon.colcon_core.package_identification:_identify(src/origincar/3rdparty) by extension 'ros'
[18.284s] Level 1:colcon.colcon_core.package_identification:_identify(src/origincar/3rdparty) by extensions ['cmake', 'python']
[18.284s] Level 1:colcon.colcon_core.package_identification:_identify(src/origincar/3rdparty) by extension 'cmake'
[18.285s] Level 1:colcon.colcon_core.package_identification:_identify(src/origincar/3rdparty) by extension 'python'
[18.285s] Level 1:colcon.colcon_core.package_identification:_identify(src/origincar/3rdparty) by extensions ['python_setup_py']
[18.285s] Level 1:colcon.colcon_core.package_identification:_identify(src/origincar/3rdparty) by extension 'python_setup_py'
[18.286s] Level 1:colcon.colcon_core.package_identification:_identify(src/origincar/3rdparty/ackermann_msgs-ros2) by extensions ['ignore', 'ignore_ament_install']
[18.287s] Level 1:colcon.colcon_core.package_identification:_identify(src/origincar/3rdparty/ackermann_msgs-ros2) by extension 'ignore'
[18.287s] Level 1:colcon.colcon_core.package_identification:_identify(src/origincar/3rdparty/ackermann_msgs-ros2) by extension 'ignore_ament_install'
[18.288s] Level 1:colcon.colcon_core.package_identification:_identify(src/origincar/3rdparty/ackermann_msgs-ros2) by extensions ['colcon_pkg']
[18.288s] Level 1:colcon.colcon_core.package_identification:_identify(src/origincar/3rdparty/ackermann_msgs-ros2) by extension 'colcon_pkg'
[18.288s] Level 1:colcon.colcon_core.package_identification:_identify(src/origincar/3rdparty/ackermann_msgs-ros2) by extensions ['colcon_meta']
[18.288s] Level 1:colcon.colcon_core.package_identification:_identify(src/origincar/3rdparty/ackermann_msgs-ros2) by extension 'colcon_meta'
[18.289s] Level 1:colcon.colcon_core.package_identification:_identify(src/origincar/3rdparty/ackermann_msgs-ros2) by extensions ['ros']
[18.289s] Level 1:colcon.colcon_core.package_identification:_identify(src/origincar/3rdparty/ackermann_msgs-ros2) by extension 'ros'
[18.305s] DEBUG:colcon.colcon_core.package_identification:Package 'src/origincar/3rdparty/ackermann_msgs-ros2' with type 'ros.ament_cmake' and name 'ackermann_msgs'
[18.306s] Level 1:colcon.colcon_core.package_identification:_identify(src/origincar/3rdparty/serial_ros2) by extensions ['ignore', 'ignore_ament_install']
[18.307s] Level 1:colcon.colcon_core.package_identification:_identify(src/origincar/3rdparty/serial_ros2) by extension 'ignore'
[18.307s] Level 1:colcon.colcon_core.package_identification:_identify(src/origincar/3rdparty/serial_ros2) by extension 'ignore_ament_install'
[18.308s] Level 1:colcon.colcon_core.package_identification:_identify(src/origincar/3rdparty/serial_ros2) by extensions ['colcon_pkg']
[18.308s] Level 1:colcon.colcon_core.package_identification:_identify(src/origincar/3rdparty/serial_ros2) by extension 'colcon_pkg'
[18.308s] Level 1:colcon.colcon_core.package_identification:_identify(src/origincar/3rdparty/serial_ros2) by extensions ['colcon_meta']
[18.308s] Level 1:colcon.colcon_core.package_identification:_identify(src/origincar/3rdparty/serial_ros2) by extension 'colcon_meta'
[18.309s] Level 1:colcon.colcon_core.package_identification:_identify(src/origincar/3rdparty/serial_ros2) by extensions ['ros']
[18.309s] Level 1:colcon.colcon_core.package_identification:_identify(src/origincar/3rdparty/serial_ros2) by extension 'ros'
[18.313s] DEBUG:colcon.colcon_core.package_identification:Package 'src/origincar/3rdparty/serial_ros2' with type 'ros.ament_cmake' and name 'serial'
[18.314s] Level 1:colcon.colcon_core.package_identification:_identify(src/origincar/3rdparty/tf2_tools) by extensions ['ignore', 'ignore_ament_install']
[18.315s] Level 1:colcon.colcon_core.package_identification:_identify(src/origincar/3rdparty/tf2_tools) by extension 'ignore'
[18.315s] Level 1:colcon.colcon_core.package_identification:_identify(src/origincar/3rdparty/tf2_tools) by extension 'ignore_ament_install'
[18.316s] Level 1:colcon.colcon_core.package_identification:_identify(src/origincar/3rdparty/tf2_tools) by extensions ['colcon_pkg']
[18.316s] Level 1:colcon.colcon_core.package_identification:_identify(src/origincar/3rdparty/tf2_tools) by extension 'colcon_pkg'
[18.316s] Level 1:colcon.colcon_core.package_identification:_identify(src/origincar/3rdparty/tf2_tools) by extensions ['colcon_meta']
[18.317s] Level 1:colcon.colcon_core.package_identification:_identify(src/origincar/3rdparty/tf2_tools) by extension 'colcon_meta'
[18.317s] Level 1:colcon.colcon_core.package_identification:_identify(src/origincar/3rdparty/tf2_tools) by extensions ['ros']
[18.317s] Level 1:colcon.colcon_core.package_identification:_identify(src/origincar/3rdparty/tf2_tools) by extension 'ros'
[18.322s] DEBUG:colcon.colcon_core.package_identification:Package 'src/origincar/3rdparty/tf2_tools' with type 'ros.ament_python' and name 'tf2_tools'
[18.323s] Level 1:colcon.colcon_core.package_identification:_identify(src/origincar/build) by extensions ['ignore', 'ignore_ament_install']
[18.332s] Level 1:colcon.colcon_core.package_identification:_identify(src/origincar/build) by extension 'ignore'
[18.332s] Level 1:colcon.colcon_core.package_identification:_identify(src/origincar/build) ignored
[18.333s] Level 1:colcon.colcon_core.package_identification:_identify(src/origincar/config) by extensions ['ignore', 'ignore_ament_install']
[18.334s] Level 1:colcon.colcon_core.package_identification:_identify(src/origincar/config) by extension 'ignore'
[18.334s] Level 1:colcon.colcon_core.package_identification:_identify(src/origincar/config) by extension 'ignore_ament_install'
[18.335s] Level 1:colcon.colcon_core.package_identification:_identify(src/origincar/config) by extensions ['colcon_pkg']
[18.335s] Level 1:colcon.colcon_core.package_identification:_identify(src/origincar/config) by extension 'colcon_pkg'
[18.335s] Level 1:colcon.colcon_core.package_identification:_identify(src/origincar/config) by extensions ['colcon_meta']
[18.336s] Level 1:colcon.colcon_core.package_identification:_identify(src/origincar/config) by extension 'colcon_meta'
[18.336s] Level 1:colcon.colcon_core.package_identification:_identify(src/origincar/config) by extensions ['ros']
[18.336s] Level 1:colcon.colcon_core.package_identification:_identify(src/origincar/config) by extension 'ros'
[18.337s] Level 1:colcon.colcon_core.package_identification:_identify(src/origincar/config) by extensions ['cmake', 'python']
[18.337s] Level 1:colcon.colcon_core.package_identification:_identify(src/origincar/config) by extension 'cmake'
[18.337s] Level 1:colcon.colcon_core.package_identification:_identify(src/origincar/config) by extension 'python'
[18.338s] Level 1:colcon.colcon_core.package_identification:_identify(src/origincar/config) by extensions ['python_setup_py']
[18.338s] Level 1:colcon.colcon_core.package_identification:_identify(src/origincar/config) by extension 'python_setup_py'
[18.339s] Level 1:colcon.colcon_core.package_identification:_identify(src/origincar/config/config) by extensions ['ignore', 'ignore_ament_install']
[18.339s] Level 1:colcon.colcon_core.package_identification:_identify(src/origincar/config/config) by extension 'ignore'
[18.340s] Level 1:colcon.colcon_core.package_identification:_identify(src/origincar/config/config) by extension 'ignore_ament_install'
[18.340s] Level 1:colcon.colcon_core.package_identification:_identify(src/origincar/config/config) by extensions ['colcon_pkg']
[18.340s] Level 1:colcon.colcon_core.package_identification:_identify(src/origincar/config/config) by extension 'colcon_pkg'
[18.341s] Level 1:colcon.colcon_core.package_identification:_identify(src/origincar/config/config) by extensions ['colcon_meta']
[18.341s] Level 1:colcon.colcon_core.package_identification:_identify(src/origincar/config/config) by extension 'colcon_meta'
[18.341s] Level 1:colcon.colcon_core.package_identification:_identify(src/origincar/config/config) by extensions ['ros']
[18.342s] Level 1:colcon.colcon_core.package_identification:_identify(src/origincar/config/config) by extension 'ros'
[18.342s] Level 1:colcon.colcon_core.package_identification:_identify(src/origincar/config/config) by extensions ['cmake', 'python']
[18.343s] Level 1:colcon.colcon_core.package_identification:_identify(src/origincar/config/config) by extension 'cmake'
[18.343s] Level 1:colcon.colcon_core.package_identification:_identify(src/origincar/config/config) by extension 'python'
[18.343s] Level 1:colcon.colcon_core.package_identification:_identify(src/origincar/config/config) by extensions ['python_setup_py']
[18.343s] Level 1:colcon.colcon_core.package_identification:_identify(src/origincar/config/config) by extension 'python_setup_py'
[18.344s] Level 1:colcon.colcon_core.package_identification:_identify(src/origincar/config/config/efficient_det) by extensions ['ignore', 'ignore_ament_install']
[18.345s] Level 1:colcon.colcon_core.package_identification:_identify(src/origincar/config/config/efficient_det) by extension 'ignore'
[18.345s] Level 1:colcon.colcon_core.package_identification:_identify(src/origincar/config/config/efficient_det) by extension 'ignore_ament_install'
[18.346s] Level 1:colcon.colcon_core.package_identification:_identify(src/origincar/config/config/efficient_det) by extensions ['colcon_pkg']
[18.346s] Level 1:colcon.colcon_core.package_identification:_identify(src/origincar/config/config/efficient_det) by extension 'colcon_pkg'
[18.346s] Level 1:colcon.colcon_core.package_identification:_identify(src/origincar/config/config/efficient_det) by extensions ['colcon_meta']
[18.346s] Level 1:colcon.colcon_core.package_identification:_identify(src/origincar/config/config/efficient_det) by extension 'colcon_meta'
[18.347s] Level 1:colcon.colcon_core.package_identification:_identify(src/origincar/config/config/efficient_det) by extensions ['ros']
[18.347s] Level 1:colcon.colcon_core.package_identification:_identify(src/origincar/config/config/efficient_det) by extension 'ros'
[18.348s] Level 1:colcon.colcon_core.package_identification:_identify(src/origincar/config/config/efficient_det) by extensions ['cmake', 'python']
[18.348s] Level 1:colcon.colcon_core.package_identification:_identify(src/origincar/config/config/efficient_det) by extension 'cmake'
[18.348s] Level 1:colcon.colcon_core.package_identification:_identify(src/origincar/config/config/efficient_det) by extension 'python'
[18.349s] Level 1:colcon.colcon_core.package_identification:_identify(src/origincar/config/config/efficient_det) by extensions ['python_setup_py']
[18.349s] Level 1:colcon.colcon_core.package_identification:_identify(src/origincar/config/config/efficient_det) by extension 'python_setup_py'
[18.350s] Level 1:colcon.colcon_core.package_identification:_identify(src/origincar/config/efficient_det) by extensions ['ignore', 'ignore_ament_install']
[18.350s] Level 1:colcon.colcon_core.package_identification:_identify(src/origincar/config/efficient_det) by extension 'ignore'
[18.351s] Level 1:colcon.colcon_core.package_identification:_identify(src/origincar/config/efficient_det) by extension 'ignore_ament_install'
[18.351s] Level 1:colcon.colcon_core.package_identification:_identify(src/origincar/config/efficient_det) by extensions ['colcon_pkg']
[18.351s] Level 1:colcon.colcon_core.package_identification:_identify(src/origincar/config/efficient_det) by extension 'colcon_pkg'
[18.352s] Level 1:colcon.colcon_core.package_identification:_identify(src/origincar/config/efficient_det) by extensions ['colcon_meta']
[18.352s] Level 1:colcon.colcon_core.package_identification:_identify(src/origincar/config/efficient_det) by extension 'colcon_meta'
[18.352s] Level 1:colcon.colcon_core.package_identification:_identify(src/origincar/config/efficient_det) by extensions ['ros']
[18.353s] Level 1:colcon.colcon_core.package_identification:_identify(src/origincar/config/efficient_det) by extension 'ros'
[18.353s] Level 1:colcon.colcon_core.package_identification:_identify(src/origincar/config/efficient_det) by extensions ['cmake', 'python']
[18.354s] Level 1:colcon.colcon_core.package_identification:_identify(src/origincar/config/efficient_det) by extension 'cmake'
[18.354s] Level 1:colcon.colcon_core.package_identification:_identify(src/origincar/config/efficient_det) by extension 'python'
[18.354s] Level 1:colcon.colcon_core.package_identification:_identify(src/origincar/config/efficient_det) by extensions ['python_setup_py']
[18.354s] Level 1:colcon.colcon_core.package_identification:_identify(src/origincar/config/efficient_det) by extension 'python_setup_py'
[18.355s] Level 1:colcon.colcon_core.package_identification:_identify(src/origincar/install) by extensions ['ignore', 'ignore_ament_install']
[18.356s] Level 1:colcon.colcon_core.package_identification:_identify(src/origincar/install) by extension 'ignore'
[18.356s] Level 1:colcon.colcon_core.package_identification:_identify(src/origincar/install) ignored
[18.357s] Level 1:colcon.colcon_core.package_identification:_identify(src/origincar/log) by extensions ['ignore', 'ignore_ament_install']
[18.358s] Level 1:colcon.colcon_core.package_identification:_identify(src/origincar/log) by extension 'ignore'
[18.358s] Level 1:colcon.colcon_core.package_identification:_identify(src/origincar/log) ignored
[18.359s] Level 1:colcon.colcon_core.package_identification:_identify(src/origincar/my_package) by extensions ['ignore', 'ignore_ament_install']
[18.359s] Level 1:colcon.colcon_core.package_identification:_identify(src/origincar/my_package) by extension 'ignore'
[18.360s] Level 1:colcon.colcon_core.package_identification:_identify(src/origincar/my_package) by extension 'ignore_ament_install'
[18.360s] Level 1:colcon.colcon_core.package_identification:_identify(src/origincar/my_package) by extensions ['colcon_pkg']
[18.360s] Level 1:colcon.colcon_core.package_identification:_identify(src/origincar/my_package) by extension 'colcon_pkg'
[18.361s] Level 1:colcon.colcon_core.package_identification:_identify(src/origincar/my_package) by extensions ['colcon_meta']
[18.361s] Level 1:colcon.colcon_core.package_identification:_identify(src/origincar/my_package) by extension 'colcon_meta'
[18.361s] Level 1:colcon.colcon_core.package_identification:_identify(src/origincar/my_package) by extensions ['ros']
[18.362s] Level 1:colcon.colcon_core.package_identification:_identify(src/origincar/my_package) by extension 'ros'
[18.365s] DEBUG:colcon.colcon_core.package_identification:Package 'src/origincar/my_package' with type 'ros.ament_python' and name 'my_package'
[18.366s] Level 1:colcon.colcon_core.package_identification:_identify(src/origincar/origincar_base) by extensions ['ignore', 'ignore_ament_install']
[18.367s] Level 1:colcon.colcon_core.package_identification:_identify(src/origincar/origincar_base) by extension 'ignore'
[18.367s] Level 1:colcon.colcon_core.package_identification:_identify(src/origincar/origincar_base) by extension 'ignore_ament_install'
[18.367s] Level 1:colcon.colcon_core.package_identification:_identify(src/origincar/origincar_base) by extensions ['colcon_pkg']
[18.368s] Level 1:colcon.colcon_core.package_identification:_identify(src/origincar/origincar_base) by extension 'colcon_pkg'
[18.368s] Level 1:colcon.colcon_core.package_identification:_identify(src/origincar/origincar_base) by extensions ['colcon_meta']
[18.368s] Level 1:colcon.colcon_core.package_identification:_identify(src/origincar/origincar_base) by extension 'colcon_meta'
[18.369s] Level 1:colcon.colcon_core.package_identification:_identify(src/origincar/origincar_base) by extensions ['ros']
[18.369s] Level 1:colcon.colcon_core.package_identification:_identify(src/origincar/origincar_base) by extension 'ros'
[18.387s] DEBUG:colcon.colcon_core.package_identification:Package 'src/origincar/origincar_base' with type 'ros.ament_cmake' and name 'origincar_base'
[18.388s] Level 1:colcon.colcon_core.package_identification:_identify(src/origincar/origincar_bringup) by extensions ['ignore', 'ignore_ament_install']
[18.388s] Level 1:colcon.colcon_core.package_identification:_identify(src/origincar/origincar_bringup) by extension 'ignore'
[18.389s] Level 1:colcon.colcon_core.package_identification:_identify(src/origincar/origincar_bringup) by extension 'ignore_ament_install'
[18.389s] Level 1:colcon.colcon_core.package_identification:_identify(src/origincar/origincar_bringup) by extensions ['colcon_pkg']
[18.389s] Level 1:colcon.colcon_core.package_identification:_identify(src/origincar/origincar_bringup) by extension 'colcon_pkg'
[18.390s] Level 1:colcon.colcon_core.package_identification:_identify(src/origincar/origincar_bringup) by extensions ['colcon_meta']
[18.390s] Level 1:colcon.colcon_core.package_identification:_identify(src/origincar/origincar_bringup) by extension 'colcon_meta'
[18.390s] Level 1:colcon.colcon_core.package_identification:_identify(src/origincar/origincar_bringup) by extensions ['ros']
[18.391s] Level 1:colcon.colcon_core.package_identification:_identify(src/origincar/origincar_bringup) by extension 'ros'
[18.397s] DEBUG:colcon.colcon_core.package_identification:Package 'src/origincar/origincar_bringup' with type 'ros.ament_cmake' and name 'origincar_bringup'
[18.398s] Level 1:colcon.colcon_core.package_identification:_identify(src/origincar/origincar_description) by extensions ['ignore', 'ignore_ament_install']
[18.399s] Level 1:colcon.colcon_core.package_identification:_identify(src/origincar/origincar_description) by extension 'ignore'
[18.399s] Level 1:colcon.colcon_core.package_identification:_identify(src/origincar/origincar_description) by extension 'ignore_ament_install'
[18.399s] Level 1:colcon.colcon_core.package_identification:_identify(src/origincar/origincar_description) by extensions ['colcon_pkg']
[18.400s] Level 1:colcon.colcon_core.package_identification:_identify(src/origincar/origincar_description) by extension 'colcon_pkg'
[18.400s] Level 1:colcon.colcon_core.package_identification:_identify(src/origincar/origincar_description) by extensions ['colcon_meta']
[18.400s] Level 1:colcon.colcon_core.package_identification:_identify(src/origincar/origincar_description) by extension 'colcon_meta'
[18.401s] Level 1:colcon.colcon_core.package_identification:_identify(src/origincar/origincar_description) by extensions ['ros']
[18.401s] Level 1:colcon.colcon_core.package_identification:_identify(src/origincar/origincar_description) by extension 'ros'
[18.405s] DEBUG:colcon.colcon_core.package_identification:Package 'src/origincar/origincar_description' with type 'ros.ament_cmake' and name 'origincar_description'
[18.406s] Level 1:colcon.colcon_core.package_identification:_identify(src/origincar/origincar_msg) by extensions ['ignore', 'ignore_ament_install']
[18.406s] Level 1:colcon.colcon_core.package_identification:_identify(src/origincar/origincar_msg) by extension 'ignore'
[18.407s] Level 1:colcon.colcon_core.package_identification:_identify(src/origincar/origincar_msg) by extension 'ignore_ament_install'
[18.407s] Level 1:colcon.colcon_core.package_identification:_identify(src/origincar/origincar_msg) by extensions ['colcon_pkg']
[18.407s] Level 1:colcon.colcon_core.package_identification:_identify(src/origincar/origincar_msg) by extension 'colcon_pkg'
[18.408s] Level 1:colcon.colcon_core.package_identification:_identify(src/origincar/origincar_msg) by extensions ['colcon_meta']
[18.408s] Level 1:colcon.colcon_core.package_identification:_identify(src/origincar/origincar_msg) by extension 'colcon_meta'
[18.408s] Level 1:colcon.colcon_core.package_identification:_identify(src/origincar/origincar_msg) by extensions ['ros']
[18.409s] Level 1:colcon.colcon_core.package_identification:_identify(src/origincar/origincar_msg) by extension 'ros'
[18.413s] DEBUG:colcon.colcon_core.package_identification:Package 'src/origincar/origincar_msg' with type 'ros.ament_cmake' and name 'origincar_msg'
[18.414s] Level 1:colcon.colcon_core.package_identification:_identify(src/test_view) by extensions ['ignore', 'ignore_ament_install']
[18.414s] Level 1:colcon.colcon_core.package_identification:_identify(src/test_view) by extension 'ignore'
[18.415s] Level 1:colcon.colcon_core.package_identification:_identify(src/test_view) by extension 'ignore_ament_install'
[18.415s] Level 1:colcon.colcon_core.package_identification:_identify(src/test_view) by extensions ['colcon_pkg']
[18.415s] Level 1:colcon.colcon_core.package_identification:_identify(src/test_view) by extension 'colcon_pkg'
[18.416s] Level 1:colcon.colcon_core.package_identification:_identify(src/test_view) by extensions ['colcon_meta']
[18.416s] Level 1:colcon.colcon_core.package_identification:_identify(src/test_view) by extension 'colcon_meta'
[18.416s] Level 1:colcon.colcon_core.package_identification:_identify(src/test_view) by extensions ['ros']
[18.417s] Level 1:colcon.colcon_core.package_identification:_identify(src/test_view) by extension 'ros'
[18.421s] DEBUG:colcon.colcon_core.package_identification:Package 'src/test_view' with type 'ros.catkin' and name 'Test_view'
[18.422s] Level 1:colcon.colcon_core.package_identification:_identify(test) by extensions ['ignore', 'ignore_ament_install']
[18.423s] Level 1:colcon.colcon_core.package_identification:_identify(test) by extension 'ignore'
[18.423s] Level 1:colcon.colcon_core.package_identification:_identify(test) by extension 'ignore_ament_install'
[18.423s] Level 1:colcon.colcon_core.package_identification:_identify(test) by extensions ['colcon_pkg']
[18.424s] Level 1:colcon.colcon_core.package_identification:_identify(test) by extension 'colcon_pkg'
[18.424s] Level 1:colcon.colcon_core.package_identification:_identify(test) by extensions ['colcon_meta']
[18.424s] Level 1:colcon.colcon_core.package_identification:_identify(test) by extension 'colcon_meta'
[18.425s] Level 1:colcon.colcon_core.package_identification:_identify(test) by extensions ['ros']
[18.425s] Level 1:colcon.colcon_core.package_identification:_identify(test) by extension 'ros'
[18.426s] Level 1:colcon.colcon_core.package_identification:_identify(test) by extensions ['cmake', 'python']
[18.426s] Level 1:colcon.colcon_core.package_identification:_identify(test) by extension 'cmake'
[18.426s] Level 1:colcon.colcon_core.package_identification:_identify(test) by extension 'python'
[18.426s] Level 1:colcon.colcon_core.package_identification:_identify(test) by extensions ['python_setup_py']
[18.427s] Level 1:colcon.colcon_core.package_identification:_identify(test) by extension 'python_setup_py'
[18.427s] Level 1:colcon.colcon_core.package_discovery:discover_packages(recursive) using defaults
[18.427s] Level 1:colcon.colcon_core.package_discovery:discover_packages(ignore) discover
[18.428s] Level 1:colcon.colcon_core.package_discovery:discover_packages(ignore) using defaults
[18.428s] Level 1:colcon.colcon_core.package_discovery:discover_packages(path) discover
[18.428s] Level 1:colcon.colcon_core.package_discovery:discover_packages(path) using defaults
[18.713s] WARNING:colcon.colcon_core.package_selection:ignoring unknown package 'test_view' in --packages-select
[19.529s] INFO:colcon.colcon_core.package_selection:Skipping not selected package 'Test_view' in 'src/test_view'
[19.530s] INFO:colcon.colcon_core.package_selection:Skipping not selected package 'ackermann_msgs' in 'src/origincar/3rdparty/ackermann_msgs-ros2'
[19.530s] INFO:colcon.colcon_core.package_selection:Skipping not selected package 'my_package' in 'src/origincar/my_package'
[19.530s] INFO:colcon.colcon_core.package_selection:Skipping not selected package 'origincar_bringup' in 'src/origincar/origincar_bringup'
[19.530s] INFO:colcon.colcon_core.package_selection:Skipping not selected package 'origincar_description' in 'src/origincar/origincar_description'
[19.530s] INFO:colcon.colcon_core.package_selection:Skipping not selected package 'origincar_msg' in 'src/origincar/origincar_msg'
[19.530s] INFO:colcon.colcon_core.package_selection:Skipping not selected package 'serial' in 'src/origincar/3rdparty/serial_ros2'
[19.531s] INFO:colcon.colcon_core.package_selection:Skipping not selected package 'tf2_tools' in 'src/origincar/3rdparty/tf2_tools'
[19.531s] INFO:colcon.colcon_core.package_selection:Skipping not selected package 'origincar_base' in 'src/origincar/origincar_base'
[20.099s] Level 1:colcon.colcon_core.package_discovery:discover_packages(prefix_path) check parameters
[20.099s] Level 1:colcon.colcon_core.package_discovery:discover_packages(prefix_path) discover
[20.717s] DEBUG:colcon.colcon_installed_package_information.package_discovery:Found 390 installed packages in /opt/tros
[21.034s] DEBUG:colcon.colcon_installed_package_information.package_discovery:Found 194 installed packages in /opt/ros/foxy
[21.086s] Level 1:colcon.colcon_core.package_discovery:discover_packages(prefix_path) using defaults
[22.370s] INFO:colcon.colcon_core.executor:Executing jobs using 'parallel' executor
[22.657s] DEBUG:colcon.colcon_parallel_executor.executor.parallel:run_until_complete
[22.658s] DEBUG:colcon.colcon_parallel_executor.executor.parallel:closing loop
[22.660s] DEBUG:colcon.colcon_parallel_executor.executor.parallel:loop closed
[22.660s] DEBUG:colcon.colcon_parallel_executor.executor.parallel:run_until_complete finished with '0'
[22.661s] DEBUG:colcon.colcon_core.event_reactor:joining thread
[22.974s] INFO:colcon.colcon_core.plugin_system:Skipping extension 'colcon_notification.desktop_notification.notify_send': Could not find 'notify-send'
[22.975s] INFO:colcon.colcon_core.plugin_system:Skipping extension 'colcon_notification.desktop_notification.terminal_notifier': Not used on non-Darwin systems
[22.975s] INFO:colcon.colcon_core.plugin_system:Skipping extension 'colcon_notification.desktop_notification.win32': Not used on non-Windows systems
[22.975s] INFO:colcon.colcon_notification.desktop_notification:Sending desktop notification using 'notify2'
[22.978s] DEBUG:colcon.colcon_notification.desktop_notification.notify2:Failed to initialize notify2: org.freedesktop.DBus.Error.ServiceUnknown: The name org.freedesktop.Notifications was not provided by any .service files
[22.979s] DEBUG:colcon.colcon_core.event_reactor:joined thread
[23.347s] INFO:colcon.colcon_core.plugin_system:Skipping extension 'colcon_core.shell.bat': Not used on non-Windows systems
[23.348s] INFO:colcon.colcon_core.shell:Creating prefix script '/root/dev_ws/Horizen-SmartCar-DGDZ/install/local_setup.ps1'
[23.355s] INFO:colcon.colcon_core.shell:Creating prefix util module '/root/dev_ws/Horizen-SmartCar-DGDZ/install/_local_setup_util_ps1.py'
[23.366s] INFO:colcon.colcon_core.shell:Creating prefix chain script '/root/dev_ws/Horizen-SmartCar-DGDZ/install/setup.ps1'
[23.660s] INFO:colcon.colcon_core.shell:Creating prefix script '/root/dev_ws/Horizen-SmartCar-DGDZ/install/local_setup.sh'
[23.665s] INFO:colcon.colcon_core.shell:Creating prefix util module '/root/dev_ws/Horizen-SmartCar-DGDZ/install/_local_setup_util_sh.py'
[23.668s] INFO:colcon.colcon_core.shell:Creating prefix chain script '/root/dev_ws/Horizen-SmartCar-DGDZ/install/setup.sh'
[23.965s] INFO:colcon.colcon_core.shell:Creating prefix script '/root/dev_ws/Horizen-SmartCar-DGDZ/install/local_setup.bash'
[23.968s] INFO:colcon.colcon_core.shell:Creating prefix chain script '/root/dev_ws/Horizen-SmartCar-DGDZ/install/setup.bash'
[24.264s] INFO:colcon.colcon_core.shell:Creating prefix script '/root/dev_ws/Horizen-SmartCar-DGDZ/install/local_setup.zsh'
[24.267s] INFO:colcon.colcon_core.shell:Creating prefix chain script '/root/dev_ws/Horizen-SmartCar-DGDZ/install/setup.zsh'
