[6.011s] Invoking command in '/root/dev_ws/build/ackermann_msgs': CMAKE_PREFIX_PATH=${CMAKE_PREFIX_PATH}:/userdata/dev_ws/install/qr_code_detection:/userdata/dev_ws/install/qr_code_control:/userdata/dev_ws/install/originbot_linefollower:/userdata/dev_ws/install/originbot_demo:/opt/ros/foxy /usr/bin/cmake /root/dev_ws/src/origincar/3rdparty/ackermann_msgs-ros2 -DCMAKE_INSTALL_PREFIX=/root/dev_ws/install/ackermann_msgs
[7.510s] -- The C compiler identification is GNU 9.3.0
[8.749s] -- The CXX compiler identification is GNU 9.3.0
[8.800s] -- Check for working C compiler: /usr/bin/cc
[9.278s] -- Check for working C compiler: /usr/bin/cc -- works
[9.288s] -- Detecting C compiler ABI info
[9.798s] -- Detecting C compiler ABI info - done
[9.905s] -- Detecting C compile features
[9.909s] -- Detecting C compile features - done
[9.930s] -- Check for working CXX compiler: /usr/bin/c++
[10.476s] -- Check for working CXX compiler: /usr/bin/c++ -- works
[10.484s] -- Detecting CXX compiler ABI info
[11.037s] -- Detecting CXX compiler ABI info - done
[11.177s] -- Detecting CXX compile features
[11.182s] -- Detecting CXX compile features - done
[11.203s] -- Found ament_cmake: 0.9.12 (/opt/tros/share/ament_cmake/cmake)
[11.491s] -- Found PythonInterp: /usr/bin/python3 (found suitable version "3.8.10", minimum required is "3") 
[11.492s] -- Using PYTHON_EXECUTABLE: /usr/bin/python3
[13.477s] -- Found rosidl_default_generators: 1.0.1 (/opt/tros/share/rosidl_default_generators/cmake)
[13.539s] -- Using all available rosidl_typesupport_c: rosidl_typesupport_fastrtps_c;rosidl_typesupport_introspection_c
[13.600s] -- Found rosidl_adapter: 1.3.1 (/opt/tros/share/rosidl_adapter/cmake)
[13.939s] -- Found FastRTPS: /opt/tros/include  
[14.708s] -- Using all available rosidl_typesupport_cpp: rosidl_typesupport_fastrtps_cpp;rosidl_typesupport_introspection_cpp
[14.976s] -- Found std_msgs: 2.0.5 (/opt/tros/share/std_msgs/cmake)
[15.568s] -- Found PythonInterp: /usr/bin/python3 (found version "3.8.10") 
[17.170s] -- Found ament_cmake_cppcheck: 0.9.8 (/opt/tros/share/ament_cmake_cppcheck/cmake)
[17.185s] -- Found ament_cmake_cpplint: 0.9.8 (/opt/tros/share/ament_cmake_cpplint/cmake)
[17.205s] -- Found ament_cmake_uncrustify: 0.9.8 (/opt/tros/share/ament_cmake_uncrustify/cmake)
[17.255s] -- Found ament_cmake_ros: 0.9.2 (/opt/tros/share/ament_cmake_ros/cmake)
[19.768s] -- Using all available rosidl_typesupport_c: rosidl_typesupport_fastrtps_c;rosidl_typesupport_introspection_c
[20.966s] -- Using all available rosidl_typesupport_cpp: rosidl_typesupport_fastrtps_cpp;rosidl_typesupport_introspection_cpp
[21.428s] -- Found PythonInterp: /usr/bin/python3 (found suitable version "3.8.10", minimum required is "3.5") 
[21.448s] -- Found python_cmake_module: 0.8.1 (/opt/tros/share/python_cmake_module/cmake)
[21.952s] -- Found PythonLibs: /usr/lib/aarch64-linux-gnu/libpython3.8.so (found suitable version "3.8.10", minimum required is "3.5") 
[21.955s] -- Using PYTHON_EXECUTABLE: /usr/bin/python3
[21.957s] -- Using PYTHON_INCLUDE_DIRS: /usr/include/python3.8
[21.959s] -- Using PYTHON_LIBRARIES: /usr/lib/aarch64-linux-gnu/libpython3.8.so
[22.394s] -- Found PythonExtra: .so  
[23.179s] -- Found ament_cmake_flake8: 0.9.8 (/opt/tros/share/ament_cmake_flake8/cmake)
[23.199s] -- Found ament_cmake_pep257: 0.9.8 (/opt/tros/share/ament_cmake_pep257/cmake)
[23.272s] -- Configuring done
[23.575s] -- Generating done
[23.598s] -- Build files have been written to: /root/dev_ws/build/ackermann_msgs
[26.450s] Invoked command in '/root/dev_ws/build/ackermann_msgs' returned '0': CMAKE_PREFIX_PATH=${CMAKE_PREFIX_PATH}:/userdata/dev_ws/install/qr_code_detection:/userdata/dev_ws/install/qr_code_control:/userdata/dev_ws/install/originbot_linefollower:/userdata/dev_ws/install/originbot_demo:/opt/ros/foxy /usr/bin/cmake /root/dev_ws/src/origincar/3rdparty/ackermann_msgs-ros2 -DCMAKE_INSTALL_PREFIX=/root/dev_ws/install/ackermann_msgs
[26.462s] Invoking command in '/root/dev_ws/build/ackermann_msgs': CMAKE_PREFIX_PATH=${CMAKE_PREFIX_PATH}:/userdata/dev_ws/install/qr_code_detection:/userdata/dev_ws/install/qr_code_control:/userdata/dev_ws/install/originbot_linefollower:/userdata/dev_ws/install/originbot_demo:/opt/ros/foxy /usr/bin/cmake --build /root/dev_ws/build/ackermann_msgs -- -j4 -l4
[26.819s] [  2%] [34m[1mGenerating C code for ROS interfaces[0m
[26.839s] [35m[1mScanning dependencies of target ackermann_msgs__cpp[0m
[27.028s] [  5%] [34m[1mGenerating C++ code for ROS interfaces[0m
[33.158s] [  5%] Built target ackermann_msgs__cpp
[33.271s] [  7%] [34m[1mGenerating C++ type support dispatch for ROS interfaces[0m
[33.348s] [ 10%] [34m[1mGenerating C++ introspection for ROS interfaces[0m
[33.370s] [ 12%] [34m[1mGenerating C++ type support for eProsima Fast-RTPS[0m
[35.332s] [35m[1mScanning dependencies of target ackermann_msgs__rosidl_generator_c[0m
[35.584s] [ 15%] [32mBuilding C object CMakeFiles/ackermann_msgs__rosidl_generator_c.dir/rosidl_generator_c/ackermann_msgs/msg/detail/ackermann_drive__functions.c.o[0m
[36.504s] [ 17%] [32mBuilding C object CMakeFiles/ackermann_msgs__rosidl_generator_c.dir/rosidl_generator_c/ackermann_msgs/msg/detail/ackermann_drive_stamped__functions.c.o[0m
[37.518s] [ 20%] [32m[1mLinking C shared library libackermann_msgs__rosidl_generator_c.so[0m
[38.117s] [ 20%] Built target ackermann_msgs__rosidl_generator_c
[41.399s] [35m[1mScanning dependencies of target ackermann_msgs__rosidl_typesupport_introspection_cpp[0m
[41.581s] [ 23%] [32mBuilding CXX object CMakeFiles/ackermann_msgs__rosidl_typesupport_introspection_cpp.dir/rosidl_typesupport_introspection_cpp/ackermann_msgs/msg/detail/ackermann_drive__type_support.cpp.o[0m
[41.588s] [35m[1mScanning dependencies of target ackermann_msgs__rosidl_typesupport_cpp[0m
[41.754s] [ 25%] [32mBuilding CXX object CMakeFiles/ackermann_msgs__rosidl_typesupport_cpp.dir/rosidl_typesupport_cpp/ackermann_msgs/msg/ackermann_drive__type_support.cpp.o[0m
[42.027s] [35m[1mScanning dependencies of target ackermann_msgs__rosidl_typesupport_fastrtps_cpp[0m
[42.166s] [ 28%] [32mBuilding CXX object CMakeFiles/ackermann_msgs__rosidl_typesupport_fastrtps_cpp.dir/rosidl_typesupport_fastrtps_cpp/ackermann_msgs/msg/detail/dds_fastrtps/ackermann_drive__type_support.cpp.o[0m
[45.048s] [ 30%] [32mBuilding CXX object CMakeFiles/ackermann_msgs__rosidl_typesupport_cpp.dir/rosidl_typesupport_cpp/ackermann_msgs/msg/ackermann_drive_stamped__type_support.cpp.o[0m
[45.548s] [ 33%] [32mBuilding CXX object CMakeFiles/ackermann_msgs__rosidl_typesupport_introspection_cpp.dir/rosidl_typesupport_introspection_cpp/ackermann_msgs/msg/detail/ackermann_drive_stamped__type_support.cpp.o[0m
[47.314s] [ 35%] [32mBuilding CXX object CMakeFiles/ackermann_msgs__rosidl_typesupport_fastrtps_cpp.dir/rosidl_typesupport_fastrtps_cpp/ackermann_msgs/msg/detail/dds_fastrtps/ackermann_drive_stamped__type_support.cpp.o[0m
[47.909s] [ 38%] [32m[1mLinking CXX shared library libackermann_msgs__rosidl_typesupport_cpp.so[0m
[48.163s] [ 38%] Built target ackermann_msgs__rosidl_typesupport_cpp
[48.364s] [ 41%] [32m[1mLinking CXX shared library libackermann_msgs__rosidl_typesupport_introspection_cpp.so[0m
[48.851s] [ 41%] Built target ackermann_msgs__rosidl_typesupport_introspection_cpp
[50.665s] [ 43%] [32m[1mLinking CXX shared library libackermann_msgs__rosidl_typesupport_fastrtps_cpp.so[0m
[51.266s] [ 43%] Built target ackermann_msgs__rosidl_typesupport_fastrtps_cpp
[51.318s] [ 46%] [34m[1mGenerating C type support dispatch for ROS interfaces[0m
[54.452s] [35m[1mScanning dependencies of target ackermann_msgs__rosidl_typesupport_c[0m
[54.512s] [ 48%] [32mBuilding CXX object CMakeFiles/ackermann_msgs__rosidl_typesupport_c.dir/rosidl_typesupport_c/ackermann_msgs/msg/ackermann_drive__type_support.cpp.o[0m
[54.677s] [ 51%] [32mBuilding CXX object CMakeFiles/ackermann_msgs__rosidl_typesupport_c.dir/rosidl_typesupport_c/ackermann_msgs/msg/ackermann_drive_stamped__type_support.cpp.o[0m
[54.854s] [ 53%] [32m[1mLinking CXX shared library libackermann_msgs__rosidl_typesupport_c.so[0m
[55.067s] [ 53%] Built target ackermann_msgs__rosidl_typesupport_c
[55.121s] [ 56%] [34m[1mGenerating C type support for eProsima Fast-RTPS[0m
[58.778s] [35m[1mScanning dependencies of target ackermann_msgs__rosidl_typesupport_fastrtps_c[0m
[58.869s] [ 58%] [32mBuilding CXX object CMakeFiles/ackermann_msgs__rosidl_typesupport_fastrtps_c.dir/rosidl_typesupport_fastrtps_c/ackermann_msgs/msg/detail/ackermann_drive__type_support_c.cpp.o[0m
[61.404s] [ 61%] [32mBuilding CXX object CMakeFiles/ackermann_msgs__rosidl_typesupport_fastrtps_c.dir/rosidl_typesupport_fastrtps_c/ackermann_msgs/msg/detail/ackermann_drive_stamped__type_support_c.cpp.o[0m
[63.872s] [ 64%] [32m[1mLinking CXX shared library libackermann_msgs__rosidl_typesupport_fastrtps_c.so[0m
[64.483s] [ 64%] Built target ackermann_msgs__rosidl_typesupport_fastrtps_c
[64.539s] [ 66%] [34m[1mGenerating C introspection for ROS interfaces[0m
[68.019s] [35m[1mScanning dependencies of target ackermann_msgs__rosidl_typesupport_introspection_c[0m
[68.095s] [ 69%] [32mBuilding C object CMakeFiles/ackermann_msgs__rosidl_typesupport_introspection_c.dir/rosidl_typesupport_introspection_c/ackermann_msgs/msg/detail/ackermann_drive__type_support.c.o[0m
[68.278s] [ 71%] [32mBuilding C object CMakeFiles/ackermann_msgs__rosidl_typesupport_introspection_c.dir/rosidl_typesupport_introspection_c/ackermann_msgs/msg/detail/ackermann_drive_stamped__type_support.c.o[0m
[68.482s] [ 74%] [32m[1mLinking C shared library libackermann_msgs__rosidl_typesupport_introspection_c.so[0m
[68.637s] [ 74%] Built target ackermann_msgs__rosidl_typesupport_introspection_c
[68.688s] [35m[1mScanning dependencies of target ackermann_msgs[0m
[68.739s] [ 74%] Built target ackermann_msgs
[68.791s] [35m[1mScanning dependencies of target ackermann_msgs__py[0m
[68.846s] [ 76%] [34m[1mGenerating Python code for ROS interfaces[0m
[75.250s] [ 76%] Built target ackermann_msgs__py
[75.298s] [35m[1mScanning dependencies of target ackermann_msgs__python[0m
[75.403s] [ 79%] [32mBuilding C object CMakeFiles/ackermann_msgs__python.dir/rosidl_generator_py/ackermann_msgs/msg/_ackermann_drive_s.c.o[0m
[76.029s] [ 82%] [32mBuilding C object CMakeFiles/ackermann_msgs__python.dir/rosidl_generator_py/ackermann_msgs/msg/_ackermann_drive_stamped_s.c.o[0m
[76.633s] [ 84%] [32m[1mLinking C shared library rosidl_generator_py/ackermann_msgs/libackermann_msgs__python.so[0m
[76.902s] [ 84%] Built target ackermann_msgs__python
[76.950s] [35m[1mScanning dependencies of target ackermann_msgs__rosidl_typesupport_c__pyext[0m
[77.039s] [ 87%] [32mBuilding C object CMakeFiles/ackermann_msgs__rosidl_typesupport_c__pyext.dir/rosidl_generator_py/ackermann_msgs/_ackermann_msgs_s.ep.rosidl_typesupport_c.c.o[0m
[77.582s] [ 89%] [32m[1mLinking C shared library rosidl_generator_py/ackermann_msgs/ackermann_msgs_s__rosidl_typesupport_c.cpython-38-aarch64-linux-gnu.so[0m
[77.797s] [ 89%] Built target ackermann_msgs__rosidl_typesupport_c__pyext
[77.844s] [35m[1mScanning dependencies of target ackermann_msgs__rosidl_typesupport_introspection_c__pyext[0m
[77.934s] [ 92%] [32mBuilding C object CMakeFiles/ackermann_msgs__rosidl_typesupport_introspection_c__pyext.dir/rosidl_generator_py/ackermann_msgs/_ackermann_msgs_s.ep.rosidl_typesupport_introspection_c.c.o[0m
[78.476s] [ 94%] [32m[1mLinking C shared library rosidl_generator_py/ackermann_msgs/ackermann_msgs_s__rosidl_typesupport_introspection_c.cpython-38-aarch64-linux-gnu.so[0m
[78.696s] [ 94%] Built target ackermann_msgs__rosidl_typesupport_introspection_c__pyext
[78.748s] [35m[1mScanning dependencies of target ackermann_msgs__rosidl_typesupport_fastrtps_c__pyext[0m
[78.856s] [ 97%] [32mBuilding C object CMakeFiles/ackermann_msgs__rosidl_typesupport_fastrtps_c__pyext.dir/rosidl_generator_py/ackermann_msgs/_ackermann_msgs_s.ep.rosidl_typesupport_fastrtps_c.c.o[0m
[79.417s] [100%] [32m[1mLinking CXX shared library rosidl_generator_py/ackermann_msgs/ackermann_msgs_s__rosidl_typesupport_fastrtps_c.cpython-38-aarch64-linux-gnu.so[0m
[79.770s] [100%] Built target ackermann_msgs__rosidl_typesupport_fastrtps_c__pyext
[79.827s] Invoked command in '/root/dev_ws/build/ackermann_msgs' returned '0': CMAKE_PREFIX_PATH=${CMAKE_PREFIX_PATH}:/userdata/dev_ws/install/qr_code_detection:/userdata/dev_ws/install/qr_code_control:/userdata/dev_ws/install/originbot_linefollower:/userdata/dev_ws/install/originbot_demo:/opt/ros/foxy /usr/bin/cmake --build /root/dev_ws/build/ackermann_msgs -- -j4 -l4
[80.061s] Invoking command in '/root/dev_ws/build/ackermann_msgs': CMAKE_PREFIX_PATH=${CMAKE_PREFIX_PATH}:/userdata/dev_ws/install/qr_code_detection:/userdata/dev_ws/install/qr_code_control:/userdata/dev_ws/install/originbot_linefollower:/userdata/dev_ws/install/originbot_demo:/opt/ros/foxy /usr/bin/cmake --install /root/dev_ws/build/ackermann_msgs
[80.107s] -- Install configuration: ""
[80.108s] -- Installing: /root/dev_ws/install/ackermann_msgs/share/ament_index/resource_index/rosidl_interfaces/ackermann_msgs
[80.109s] -- Installing: /root/dev_ws/install/ackermann_msgs/include/ackermann_msgs
[80.110s] -- Installing: /root/dev_ws/install/ackermann_msgs/include/ackermann_msgs/msg
[80.111s] -- Installing: /root/dev_ws/install/ackermann_msgs/include/ackermann_msgs/msg/ackermann_drive.h
[80.113s] -- Installing: /root/dev_ws/install/ackermann_msgs/include/ackermann_msgs/msg/rosidl_generator_c__visibility_control.h
[80.114s] -- Installing: /root/dev_ws/install/ackermann_msgs/include/ackermann_msgs/msg/ackermann_drive_stamped.h
[80.115s] -- Installing: /root/dev_ws/install/ackermann_msgs/include/ackermann_msgs/msg/detail
[80.116s] -- Installing: /root/dev_ws/install/ackermann_msgs/include/ackermann_msgs/msg/detail/ackermann_drive_stamped__functions.c
[80.116s] -- Installing: /root/dev_ws/install/ackermann_msgs/include/ackermann_msgs/msg/detail/ackermann_drive__struct.h
[80.117s] -- Installing: /root/dev_ws/install/ackermann_msgs/include/ackermann_msgs/msg/detail/ackermann_drive_stamped__type_support.h
[80.118s] -- Installing: /root/dev_ws/install/ackermann_msgs/include/ackermann_msgs/msg/detail/ackermann_drive__functions.c
[80.119s] -- Installing: /root/dev_ws/install/ackermann_msgs/include/ackermann_msgs/msg/detail/ackermann_drive__type_support.h
[80.120s] -- Installing: /root/dev_ws/install/ackermann_msgs/include/ackermann_msgs/msg/detail/ackermann_drive__functions.h
[80.121s] -- Installing: /root/dev_ws/install/ackermann_msgs/include/ackermann_msgs/msg/detail/ackermann_drive_stamped__functions.h
[80.122s] -- Installing: /root/dev_ws/install/ackermann_msgs/include/ackermann_msgs/msg/detail/ackermann_drive_stamped__struct.h
[80.123s] -- Installing: /root/dev_ws/install/ackermann_msgs/share/ackermann_msgs/environment/library_path.sh
[80.124s] -- Installing: /root/dev_ws/install/ackermann_msgs/share/ackermann_msgs/environment/library_path.dsv
[80.125s] -- Installing: /root/dev_ws/install/ackermann_msgs/lib/libackermann_msgs__rosidl_generator_c.so
[80.125s] -- Set runtime path of "/root/dev_ws/install/ackermann_msgs/lib/libackermann_msgs__rosidl_generator_c.so" to ""
[80.127s] -- Up-to-date: /root/dev_ws/install/ackermann_msgs/include/ackermann_msgs
[80.128s] -- Up-to-date: /root/dev_ws/install/ackermann_msgs/include/ackermann_msgs/msg
[80.129s] -- Installing: /root/dev_ws/install/ackermann_msgs/include/ackermann_msgs/msg/rosidl_typesupport_fastrtps_c__visibility_control.h
[80.130s] -- Up-to-date: /root/dev_ws/install/ackermann_msgs/include/ackermann_msgs/msg/detail
[80.130s] -- Installing: /root/dev_ws/install/ackermann_msgs/include/ackermann_msgs/msg/detail/ackermann_drive__rosidl_typesupport_fastrtps_c.h
[80.131s] -- Installing: /root/dev_ws/install/ackermann_msgs/include/ackermann_msgs/msg/detail/ackermann_drive_stamped__rosidl_typesupport_fastrtps_c.h
[80.133s] -- Installing: /root/dev_ws/install/ackermann_msgs/lib/libackermann_msgs__rosidl_typesupport_fastrtps_c.so
[80.134s] -- Set runtime path of "/root/dev_ws/install/ackermann_msgs/lib/libackermann_msgs__rosidl_typesupport_fastrtps_c.so" to ""
[80.134s] -- Up-to-date: /root/dev_ws/install/ackermann_msgs/include/ackermann_msgs
[80.135s] -- Up-to-date: /root/dev_ws/install/ackermann_msgs/include/ackermann_msgs/msg
[80.136s] -- Installing: /root/dev_ws/install/ackermann_msgs/include/ackermann_msgs/msg/rosidl_typesupport_fastrtps_cpp__visibility_control.h
[80.137s] -- Up-to-date: /root/dev_ws/install/ackermann_msgs/include/ackermann_msgs/msg/detail
[80.138s] -- Installing: /root/dev_ws/install/ackermann_msgs/include/ackermann_msgs/msg/detail/ackermann_drive_stamped__rosidl_typesupport_fastrtps_cpp.hpp
[80.139s] -- Installing: /root/dev_ws/install/ackermann_msgs/include/ackermann_msgs/msg/detail/ackermann_drive__rosidl_typesupport_fastrtps_cpp.hpp
[80.140s] -- Installing: /root/dev_ws/install/ackermann_msgs/include/ackermann_msgs/msg/detail/dds_fastrtps
[80.141s] -- Installing: /root/dev_ws/install/ackermann_msgs/lib/libackermann_msgs__rosidl_typesupport_fastrtps_cpp.so
[80.142s] -- Set runtime path of "/root/dev_ws/install/ackermann_msgs/lib/libackermann_msgs__rosidl_typesupport_fastrtps_cpp.so" to ""
[80.143s] -- Up-to-date: /root/dev_ws/install/ackermann_msgs/include/ackermann_msgs
[80.144s] -- Up-to-date: /root/dev_ws/install/ackermann_msgs/include/ackermann_msgs/msg
[80.145s] -- Installing: /root/dev_ws/install/ackermann_msgs/include/ackermann_msgs/msg/rosidl_typesupport_introspection_c__visibility_control.h
[80.146s] -- Up-to-date: /root/dev_ws/install/ackermann_msgs/include/ackermann_msgs/msg/detail
[80.148s] -- Installing: /root/dev_ws/install/ackermann_msgs/include/ackermann_msgs/msg/detail/ackermann_drive__rosidl_typesupport_introspection_c.h
[80.149s] -- Installing: /root/dev_ws/install/ackermann_msgs/include/ackermann_msgs/msg/detail/ackermann_drive_stamped__type_support.c
[80.150s] -- Installing: /root/dev_ws/install/ackermann_msgs/include/ackermann_msgs/msg/detail/ackermann_drive_stamped__rosidl_typesupport_introspection_c.h
[80.151s] -- Installing: /root/dev_ws/install/ackermann_msgs/include/ackermann_msgs/msg/detail/ackermann_drive__type_support.c
[80.152s] -- Installing: /root/dev_ws/install/ackermann_msgs/lib/libackermann_msgs__rosidl_typesupport_introspection_c.so
[80.153s] -- Set runtime path of "/root/dev_ws/install/ackermann_msgs/lib/libackermann_msgs__rosidl_typesupport_introspection_c.so" to ""
[80.154s] -- Installing: /root/dev_ws/install/ackermann_msgs/lib/libackermann_msgs__rosidl_typesupport_c.so
[80.155s] -- Set runtime path of "/root/dev_ws/install/ackermann_msgs/lib/libackermann_msgs__rosidl_typesupport_c.so" to ""
[80.156s] -- Up-to-date: /root/dev_ws/install/ackermann_msgs/include/ackermann_msgs
[80.157s] -- Up-to-date: /root/dev_ws/install/ackermann_msgs/include/ackermann_msgs/msg
[80.157s] -- Installing: /root/dev_ws/install/ackermann_msgs/include/ackermann_msgs/msg/rosidl_generator_cpp__visibility_control.hpp
[80.158s] -- Installing: /root/dev_ws/install/ackermann_msgs/include/ackermann_msgs/msg/ackermann_drive.hpp
[80.159s] -- Installing: /root/dev_ws/install/ackermann_msgs/include/ackermann_msgs/msg/ackermann_drive_stamped.hpp
[80.160s] -- Up-to-date: /root/dev_ws/install/ackermann_msgs/include/ackermann_msgs/msg/detail
[80.161s] -- Installing: /root/dev_ws/install/ackermann_msgs/include/ackermann_msgs/msg/detail/ackermann_drive__builder.hpp
[80.161s] -- Installing: /root/dev_ws/install/ackermann_msgs/include/ackermann_msgs/msg/detail/ackermann_drive_stamped__builder.hpp
[80.162s] -- Installing: /root/dev_ws/install/ackermann_msgs/include/ackermann_msgs/msg/detail/ackermann_drive__traits.hpp
[80.163s] -- Installing: /root/dev_ws/install/ackermann_msgs/include/ackermann_msgs/msg/detail/ackermann_drive_stamped__traits.hpp
[80.164s] -- Installing: /root/dev_ws/install/ackermann_msgs/include/ackermann_msgs/msg/detail/ackermann_drive__struct.hpp
[80.165s] -- Installing: /root/dev_ws/install/ackermann_msgs/include/ackermann_msgs/msg/detail/ackermann_drive_stamped__struct.hpp
[80.165s] -- Installing: /root/dev_ws/install/ackermann_msgs/include/ackermann_msgs/msg/detail/ackermann_drive_stamped__type_support.hpp
[80.166s] -- Installing: /root/dev_ws/install/ackermann_msgs/include/ackermann_msgs/msg/detail/ackermann_drive__type_support.hpp
[80.167s] -- Up-to-date: /root/dev_ws/install/ackermann_msgs/include/ackermann_msgs
[80.168s] -- Up-to-date: /root/dev_ws/install/ackermann_msgs/include/ackermann_msgs/msg
[80.169s] -- Up-to-date: /root/dev_ws/install/ackermann_msgs/include/ackermann_msgs/msg/detail
[80.169s] -- Installing: /root/dev_ws/install/ackermann_msgs/include/ackermann_msgs/msg/detail/ackermann_drive__rosidl_typesupport_introspection_cpp.hpp
[80.170s] -- Installing: /root/dev_ws/install/ackermann_msgs/include/ackermann_msgs/msg/detail/ackermann_drive_stamped__type_support.cpp
[80.171s] -- Installing: /root/dev_ws/install/ackermann_msgs/include/ackermann_msgs/msg/detail/ackermann_drive_stamped__rosidl_typesupport_introspection_cpp.hpp
[80.172s] -- Installing: /root/dev_ws/install/ackermann_msgs/include/ackermann_msgs/msg/detail/ackermann_drive__type_support.cpp
[80.172s] -- Installing: /root/dev_ws/install/ackermann_msgs/lib/libackermann_msgs__rosidl_typesupport_introspection_cpp.so
[80.173s] -- Set runtime path of "/root/dev_ws/install/ackermann_msgs/lib/libackermann_msgs__rosidl_typesupport_introspection_cpp.so" to ""
[80.174s] -- Installing: /root/dev_ws/install/ackermann_msgs/lib/libackermann_msgs__rosidl_typesupport_cpp.so
[80.174s] -- Set runtime path of "/root/dev_ws/install/ackermann_msgs/lib/libackermann_msgs__rosidl_typesupport_cpp.so" to ""
[80.175s] -- Installing: /root/dev_ws/install/ackermann_msgs/share/ackermann_msgs/environment/pythonpath.sh
[80.176s] -- Installing: /root/dev_ws/install/ackermann_msgs/share/ackermann_msgs/environment/pythonpath.dsv
[80.177s] -- Installing: /root/dev_ws/install/ackermann_msgs/lib/python3.8/site-packages/ackermann_msgs/__init__.py
[80.375s] Compiling '/root/dev_ws/install/ackermann_msgs/lib/python3.8/site-packages/ackermann_msgs/__init__.py'...
[80.413s] -- Installing: /root/dev_ws/install/ackermann_msgs/lib/python3.8/site-packages/ackermann_msgs/msg
[80.414s] -- Installing: /root/dev_ws/install/ackermann_msgs/lib/python3.8/site-packages/ackermann_msgs/msg/__init__.py
[80.415s] -- Installing: /root/dev_ws/install/ackermann_msgs/lib/python3.8/site-packages/ackermann_msgs/msg/_ackermann_drive_stamped_s.c
[80.416s] -- Installing: /root/dev_ws/install/ackermann_msgs/lib/python3.8/site-packages/ackermann_msgs/msg/_ackermann_drive_stamped.py
[80.417s] -- Installing: /root/dev_ws/install/ackermann_msgs/lib/python3.8/site-packages/ackermann_msgs/msg/_ackermann_drive.py
[80.417s] -- Installing: /root/dev_ws/install/ackermann_msgs/lib/python3.8/site-packages/ackermann_msgs/msg/_ackermann_drive_s.c
[80.418s] -- Installing: /root/dev_ws/install/ackermann_msgs/lib/python3.8/site-packages/ackermann_msgs/ackermann_msgs_s__rosidl_typesupport_fastrtps_c.cpython-38-aarch64-linux-gnu.so
[80.420s] -- Set runtime path of "/root/dev_ws/install/ackermann_msgs/lib/python3.8/site-packages/ackermann_msgs/ackermann_msgs_s__rosidl_typesupport_fastrtps_c.cpython-38-aarch64-linux-gnu.so" to ""
[80.421s] -- Installing: /root/dev_ws/install/ackermann_msgs/lib/python3.8/site-packages/ackermann_msgs/ackermann_msgs_s__rosidl_typesupport_introspection_c.cpython-38-aarch64-linux-gnu.so
[80.423s] -- Set runtime path of "/root/dev_ws/install/ackermann_msgs/lib/python3.8/site-packages/ackermann_msgs/ackermann_msgs_s__rosidl_typesupport_introspection_c.cpython-38-aarch64-linux-gnu.so" to ""
[80.424s] -- Installing: /root/dev_ws/install/ackermann_msgs/lib/python3.8/site-packages/ackermann_msgs/ackermann_msgs_s__rosidl_typesupport_c.cpython-38-aarch64-linux-gnu.so
[80.427s] -- Set runtime path of "/root/dev_ws/install/ackermann_msgs/lib/python3.8/site-packages/ackermann_msgs/ackermann_msgs_s__rosidl_typesupport_c.cpython-38-aarch64-linux-gnu.so" to ""
[80.428s] -- Installing: /root/dev_ws/install/ackermann_msgs/lib/libackermann_msgs__python.so
[80.429s] -- Set runtime path of "/root/dev_ws/install/ackermann_msgs/lib/libackermann_msgs__python.so" to ""
[80.430s] -- Installing: /root/dev_ws/install/ackermann_msgs/share/ackermann_msgs/msg/AckermannDrive.idl
[80.432s] -- Installing: /root/dev_ws/install/ackermann_msgs/share/ackermann_msgs/msg/AckermannDriveStamped.idl
[80.432s] -- Installing: /root/dev_ws/install/ackermann_msgs/share/ackermann_msgs/msg/AckermannDrive.msg
[80.433s] -- Installing: /root/dev_ws/install/ackermann_msgs/share/ackermann_msgs/msg/AckermannDriveStamped.msg
[80.434s] -- Installing: /root/dev_ws/install/ackermann_msgs/share/ament_index/resource_index/package_run_dependencies/ackermann_msgs
[80.435s] -- Installing: /root/dev_ws/install/ackermann_msgs/share/ament_index/resource_index/parent_prefix_path/ackermann_msgs
[80.436s] -- Installing: /root/dev_ws/install/ackermann_msgs/share/ackermann_msgs/environment/ament_prefix_path.sh
[80.437s] -- Installing: /root/dev_ws/install/ackermann_msgs/share/ackermann_msgs/environment/ament_prefix_path.dsv
[80.438s] -- Installing: /root/dev_ws/install/ackermann_msgs/share/ackermann_msgs/environment/path.sh
[80.439s] -- Installing: /root/dev_ws/install/ackermann_msgs/share/ackermann_msgs/environment/path.dsv
[80.440s] -- Installing: /root/dev_ws/install/ackermann_msgs/share/ackermann_msgs/local_setup.bash
[80.441s] -- Installing: /root/dev_ws/install/ackermann_msgs/share/ackermann_msgs/local_setup.sh
[80.442s] -- Installing: /root/dev_ws/install/ackermann_msgs/share/ackermann_msgs/local_setup.zsh
[80.443s] -- Installing: /root/dev_ws/install/ackermann_msgs/share/ackermann_msgs/local_setup.dsv
[80.444s] -- Installing: /root/dev_ws/install/ackermann_msgs/share/ackermann_msgs/package.dsv
[80.445s] -- Installing: /root/dev_ws/install/ackermann_msgs/share/ament_index/resource_index/packages/ackermann_msgs
[80.446s] -- Installing: /root/dev_ws/install/ackermann_msgs/share/ackermann_msgs/cmake/ackermann_msgs__rosidl_generator_cExport.cmake
[80.447s] -- Installing: /root/dev_ws/install/ackermann_msgs/share/ackermann_msgs/cmake/ackermann_msgs__rosidl_generator_cExport-noconfig.cmake
[80.448s] -- Installing: /root/dev_ws/install/ackermann_msgs/share/ackermann_msgs/cmake/ackermann_msgs__rosidl_typesupport_introspection_cExport.cmake
[80.449s] -- Installing: /root/dev_ws/install/ackermann_msgs/share/ackermann_msgs/cmake/ackermann_msgs__rosidl_typesupport_introspection_cExport-noconfig.cmake
[80.450s] -- Installing: /root/dev_ws/install/ackermann_msgs/share/ackermann_msgs/cmake/ackermann_msgs__rosidl_typesupport_cExport.cmake
[80.451s] -- Installing: /root/dev_ws/install/ackermann_msgs/share/ackermann_msgs/cmake/ackermann_msgs__rosidl_typesupport_cExport-noconfig.cmake
[80.452s] -- Installing: /root/dev_ws/install/ackermann_msgs/share/ackermann_msgs/cmake/ackermann_msgs__rosidl_generator_cppExport.cmake
[80.453s] -- Installing: /root/dev_ws/install/ackermann_msgs/share/ackermann_msgs/cmake/ackermann_msgs__rosidl_typesupport_introspection_cppExport.cmake
[80.454s] -- Installing: /root/dev_ws/install/ackermann_msgs/share/ackermann_msgs/cmake/ackermann_msgs__rosidl_typesupport_introspection_cppExport-noconfig.cmake
[80.455s] -- Installing: /root/dev_ws/install/ackermann_msgs/share/ackermann_msgs/cmake/ackermann_msgs__rosidl_typesupport_cppExport.cmake
[80.456s] -- Installing: /root/dev_ws/install/ackermann_msgs/share/ackermann_msgs/cmake/ackermann_msgs__rosidl_typesupport_cppExport-noconfig.cmake
[80.457s] -- Installing: /root/dev_ws/install/ackermann_msgs/share/ackermann_msgs/cmake/rosidl_cmake-extras.cmake
[80.458s] -- Installing: /root/dev_ws/install/ackermann_msgs/share/ackermann_msgs/cmake/ament_cmake_export_dependencies-extras.cmake
[80.459s] -- Installing: /root/dev_ws/install/ackermann_msgs/share/ackermann_msgs/cmake/ament_cmake_export_libraries-extras.cmake
[80.460s] -- Installing: /root/dev_ws/install/ackermann_msgs/share/ackermann_msgs/cmake/ament_cmake_export_targets-extras.cmake
[80.461s] -- Installing: /root/dev_ws/install/ackermann_msgs/share/ackermann_msgs/cmake/ament_cmake_export_include_directories-extras.cmake
[80.462s] -- Installing: /root/dev_ws/install/ackermann_msgs/share/ackermann_msgs/cmake/rosidl_cmake_export_typesupport_libraries-extras.cmake
[80.463s] -- Installing: /root/dev_ws/install/ackermann_msgs/share/ackermann_msgs/cmake/rosidl_cmake_export_typesupport_targets-extras.cmake
[80.464s] -- Installing: /root/dev_ws/install/ackermann_msgs/share/ackermann_msgs/cmake/ackermann_msgsConfig.cmake
[80.465s] -- Installing: /root/dev_ws/install/ackermann_msgs/share/ackermann_msgs/cmake/ackermann_msgsConfig-version.cmake
[80.466s] -- Installing: /root/dev_ws/install/ackermann_msgs/share/ackermann_msgs/package.xml
[80.475s] Invoked command in '/root/dev_ws/build/ackermann_msgs' returned '0': CMAKE_PREFIX_PATH=${CMAKE_PREFIX_PATH}:/userdata/dev_ws/install/qr_code_detection:/userdata/dev_ws/install/qr_code_control:/userdata/dev_ws/install/originbot_linefollower:/userdata/dev_ws/install/originbot_demo:/opt/ros/foxy /usr/bin/cmake --install /root/dev_ws/build/ackermann_msgs
