[3.870s] Invoking command in '/root/dev_ws/Horizen-SmartCar-DGDZ/build/origincar_description': CMAKE_PREFIX_PATH=${CMAKE_PREFIX_PATH}:/opt/ros/foxy /usr/bin/cmake /root/dev_ws/Horizen-SmartCar-DGDZ/src/origincar/origincar_description -DCMAKE_INSTALL_PREFIX=/root/dev_ws/Horizen-SmartCar-DGDZ/install/origincar_description
[3.987s] -- Found ament_cmake: 0.9.12 (/opt/tros/share/ament_cmake/cmake)
[4.175s] -- Using PYTHON_EXECUTABLE: /usr/bin/python3
[6.124s] -- Override CMake install command with custom implementation using symlinks instead of copying resources
[6.206s] -- Found ament_lint_auto: 0.9.8 (/opt/tros/share/ament_lint_auto/cmake)
[6.959s] -- Added test 'copyright' to check source files copyright and LICENSE
[6.974s] -- Added test 'flake8' to check Python code syntax and style conventions
[6.980s] -- Added test 'lint_cmake' to check CMake code style
[6.985s] -- Added test 'pep257' to check Python code against some of the style conventions in PEP 257
[6.994s] -- Added test 'xmllint' to check XML markup files
[7.006s] -- Configuring done
[7.022s] -- Generating done
[7.031s] -- Build files have been written to: /root/dev_ws/Horizen-SmartCar-DGDZ/build/origincar_description
[7.051s] Invoked command in '/root/dev_ws/Horizen-SmartCar-DGDZ/build/origincar_description' returned '0': CMAKE_PREFIX_PATH=${CMAKE_PREFIX_PATH}:/opt/ros/foxy /usr/bin/cmake /root/dev_ws/Horizen-SmartCar-DGDZ/src/origincar/origincar_description -DCMAKE_INSTALL_PREFIX=/root/dev_ws/Horizen-SmartCar-DGDZ/install/origincar_description
[7.061s] Invoking command in '/root/dev_ws/Horizen-SmartCar-DGDZ/build/origincar_description': CMAKE_PREFIX_PATH=${CMAKE_PREFIX_PATH}:/opt/ros/foxy /usr/bin/cmake --build /root/dev_ws/Horizen-SmartCar-DGDZ/build/origincar_description --clean-first -- -j4 -l4
[7.420s] Invoked command in '/root/dev_ws/Horizen-SmartCar-DGDZ/build/origincar_description' returned '0': CMAKE_PREFIX_PATH=${CMAKE_PREFIX_PATH}:/opt/ros/foxy /usr/bin/cmake --build /root/dev_ws/Horizen-SmartCar-DGDZ/build/origincar_description --clean-first -- -j4 -l4
[7.628s] Invoking command in '/root/dev_ws/Horizen-SmartCar-DGDZ/build/origincar_description': CMAKE_PREFIX_PATH=${CMAKE_PREFIX_PATH}:/opt/ros/foxy /usr/bin/cmake --install /root/dev_ws/Horizen-SmartCar-DGDZ/build/origincar_description
[7.701s] -- Install configuration: ""
[7.707s] -- Execute custom install script
[7.713s] -- Up-to-date symlink: /root/dev_ws/Horizen-SmartCar-DGDZ/install/origincar_description/share/origincar_description/launch/display.launch
[7.716s] -- Up-to-date symlink: /root/dev_ws/Horizen-SmartCar-DGDZ/install/origincar_description/share/origincar_description/launch/display.launch.py
[7.720s] -- Up-to-date symlink: /root/dev_ws/Horizen-SmartCar-DGDZ/install/origincar_description/share/origincar_description/launch/gazebo.launch
[7.725s] -- Up-to-date symlink: /root/dev_ws/Horizen-SmartCar-DGDZ/install/origincar_description/share/origincar_description/urdf/origincar.urdf
[7.728s] -- Up-to-date symlink: /root/dev_ws/Horizen-SmartCar-DGDZ/install/origincar_description/share/origincar_description/urdf/origincar.xacro
[7.732s] -- Up-to-date symlink: /root/dev_ws/Horizen-SmartCar-DGDZ/install/origincar_description/share/origincar_description/rviz/README
[7.736s] -- Up-to-date symlink: /root/dev_ws/Horizen-SmartCar-DGDZ/install/origincar_description/share/origincar_description/rviz/display.rviz
[7.740s] -- Up-to-date symlink: /root/dev_ws/Horizen-SmartCar-DGDZ/install/origincar_description/share/origincar_description/meshes/base_link.STL
[7.744s] -- Up-to-date symlink: /root/dev_ws/Horizen-SmartCar-DGDZ/install/origincar_description/share/origincar_description/meshes/down_left_Link.STL
[7.747s] -- Up-to-date symlink: /root/dev_ws/Horizen-SmartCar-DGDZ/install/origincar_description/share/origincar_description/meshes/down_right_Link.STL
[7.750s] -- Up-to-date symlink: /root/dev_ws/Horizen-SmartCar-DGDZ/install/origincar_description/share/origincar_description/meshes/up_left_Link.STL
[7.753s] -- Up-to-date symlink: /root/dev_ws/Horizen-SmartCar-DGDZ/install/origincar_description/share/origincar_description/meshes/up_right_Link.STL
[7.758s] -- Up-to-date symlink: /root/dev_ws/Horizen-SmartCar-DGDZ/install/origincar_description/share/ament_index/resource_index/package_run_dependencies/origincar_description
[7.762s] -- Up-to-date symlink: /root/dev_ws/Horizen-SmartCar-DGDZ/install/origincar_description/share/ament_index/resource_index/parent_prefix_path/origincar_description
[7.766s] -- Up-to-date symlink: /root/dev_ws/Horizen-SmartCar-DGDZ/install/origincar_description/share/origincar_description/environment/ament_prefix_path.sh
[7.770s] -- Up-to-date symlink: /root/dev_ws/Horizen-SmartCar-DGDZ/install/origincar_description/share/origincar_description/environment/ament_prefix_path.dsv
[7.775s] -- Up-to-date symlink: /root/dev_ws/Horizen-SmartCar-DGDZ/install/origincar_description/share/origincar_description/environment/path.sh
[7.779s] -- Up-to-date symlink: /root/dev_ws/Horizen-SmartCar-DGDZ/install/origincar_description/share/origincar_description/environment/path.dsv
[7.785s] -- Up-to-date symlink: /root/dev_ws/Horizen-SmartCar-DGDZ/install/origincar_description/share/origincar_description/local_setup.bash
[7.789s] -- Up-to-date symlink: /root/dev_ws/Horizen-SmartCar-DGDZ/install/origincar_description/share/origincar_description/local_setup.sh
[7.793s] -- Up-to-date symlink: /root/dev_ws/Horizen-SmartCar-DGDZ/install/origincar_description/share/origincar_description/local_setup.zsh
[7.797s] -- Up-to-date symlink: /root/dev_ws/Horizen-SmartCar-DGDZ/install/origincar_description/share/origincar_description/local_setup.dsv
[7.801s] -- Symlinking: /root/dev_ws/Horizen-SmartCar-DGDZ/install/origincar_description/share/origincar_description/package.dsv
[7.861s] -- Up-to-date symlink: /root/dev_ws/Horizen-SmartCar-DGDZ/install/origincar_description/share/ament_index/resource_index/packages/origincar_description
[7.865s] -- Up-to-date symlink: /root/dev_ws/Horizen-SmartCar-DGDZ/install/origincar_description/share/origincar_description/cmake/origincar_descriptionConfig.cmake
[7.869s] -- Up-to-date symlink: /root/dev_ws/Horizen-SmartCar-DGDZ/install/origincar_description/share/origincar_description/cmake/origincar_descriptionConfig-version.cmake
[7.873s] -- Up-to-date symlink: /root/dev_ws/Horizen-SmartCar-DGDZ/install/origincar_description/share/origincar_description/package.xml
[7.891s] Invoked command in '/root/dev_ws/Horizen-SmartCar-DGDZ/build/origincar_description' returned '0': CMAKE_PREFIX_PATH=${CMAKE_PREFIX_PATH}:/opt/ros/foxy /usr/bin/cmake --install /root/dev_ws/Horizen-SmartCar-DGDZ/build/origincar_description
