[5.089s] Invoking command in '/root/dev_ws/Horizen-SmartCar-DGDZ/build/ackermann_msgs': CMAKE_PREFIX_PATH=${CMAKE_PREFIX_PATH}:/opt/ros/foxy /usr/bin/cmake /root/dev_ws/Horizen-SmartCar-DGDZ/src/origincar/3rdparty/ackermann_msgs-ros2 -DCMAKE_INSTALL_PREFIX=/root/dev_ws/Horizen-SmartCar-DGDZ/install/ackermann_msgs
[6.352s] -- The C compiler identification is GNU 9.3.0
[7.490s] -- The CXX compiler identification is GNU 9.3.0
[7.536s] -- Check for working C compiler: /usr/bin/cc
[8.141s] -- Check for working C compiler: /usr/bin/cc -- works
[8.146s] -- Detecting C compiler ABI info
[8.647s] -- Detecting C compiler ABI info - done
[8.754s] -- Detecting C compile features
[8.757s] -- Detecting C compile features - done
[8.775s] -- Check for working CXX compiler: /usr/bin/c++
[9.329s] -- Check for working CXX compiler: /usr/bin/c++ -- works
[9.337s] -- Detecting CXX compiler ABI info
[9.898s] -- Detecting CXX compiler ABI info - done
[10.009s] -- Detecting CXX compile features
[10.013s] -- Detecting CXX compile features - done
[10.026s] -- Found ament_cmake: 0.9.12 (/opt/tros/share/ament_cmake/cmake)
[10.241s] -- Found PythonInterp: /usr/bin/python3 (found suitable version "3.8.10", minimum required is "3") 
[10.242s] -- Using PYTHON_EXECUTABLE: /usr/bin/python3
[12.313s] -- Found rosidl_default_generators: 1.0.1 (/opt/tros/share/rosidl_default_generators/cmake)
[12.340s] -- Using all available rosidl_typesupport_c: rosidl_typesupport_fastrtps_c;rosidl_typesupport_introspection_c
[12.387s] -- Found rosidl_adapter: 1.3.1 (/opt/tros/share/rosidl_adapter/cmake)
[12.679s] -- Found FastRTPS: /opt/tros/include  
[13.330s] -- Using all available rosidl_typesupport_cpp: rosidl_typesupport_fastrtps_cpp;rosidl_typesupport_introspection_cpp
[13.566s] -- Found std_msgs: 2.0.5 (/opt/tros/share/std_msgs/cmake)
[14.165s] -- Found PythonInterp: /usr/bin/python3 (found version "3.8.10") 
[15.817s] -- Found ament_cmake_cppcheck: 0.9.8 (/opt/tros/share/ament_cmake_cppcheck/cmake)
[15.830s] -- Found ament_cmake_cpplint: 0.9.8 (/opt/tros/share/ament_cmake_cpplint/cmake)
[15.843s] -- Found ament_cmake_uncrustify: 0.9.8 (/opt/tros/share/ament_cmake_uncrustify/cmake)
[15.859s] -- Found ament_cmake_ros: 0.9.2 (/opt/tros/share/ament_cmake_ros/cmake)
[17.950s] -- Using all available rosidl_typesupport_c: rosidl_typesupport_fastrtps_c;rosidl_typesupport_introspection_c
[18.674s] -- Using all available rosidl_typesupport_cpp: rosidl_typesupport_fastrtps_cpp;rosidl_typesupport_introspection_cpp
[19.178s] -- Found PythonInterp: /usr/bin/python3 (found suitable version "3.8.10", minimum required is "3.5") 
[19.198s] -- Found python_cmake_module: 0.8.1 (/opt/tros/share/python_cmake_module/cmake)
[19.670s] -- Found PythonLibs: /usr/lib/aarch64-linux-gnu/libpython3.8.so (found suitable version "3.8.10", minimum required is "3.5") 
[19.671s] -- Using PYTHON_EXECUTABLE: /usr/bin/python3
[19.672s] -- Using PYTHON_INCLUDE_DIRS: /usr/include/python3.8
[19.673s] -- Using PYTHON_LIBRARIES: /usr/lib/aarch64-linux-gnu/libpython3.8.so
[20.059s] -- Found PythonExtra: .so  
[21.111s] -- Found ament_cmake_flake8: 0.9.8 (/opt/tros/share/ament_cmake_flake8/cmake)
[21.137s] -- Found ament_cmake_pep257: 0.9.8 (/opt/tros/share/ament_cmake_pep257/cmake)
[21.334s] -- Configuring done
[21.790s] -- Generating done
[21.816s] -- Build files have been written to: /root/dev_ws/Horizen-SmartCar-DGDZ/build/ackermann_msgs
[21.898s] Invoked command in '/root/dev_ws/Horizen-SmartCar-DGDZ/build/ackermann_msgs' returned '0': CMAKE_PREFIX_PATH=${CMAKE_PREFIX_PATH}:/opt/ros/foxy /usr/bin/cmake /root/dev_ws/Horizen-SmartCar-DGDZ/src/origincar/3rdparty/ackermann_msgs-ros2 -DCMAKE_INSTALL_PREFIX=/root/dev_ws/Horizen-SmartCar-DGDZ/install/ackermann_msgs
[21.925s] Invoking command in '/root/dev_ws/Horizen-SmartCar-DGDZ/build/ackermann_msgs': CMAKE_PREFIX_PATH=${CMAKE_PREFIX_PATH}:/opt/ros/foxy /usr/bin/cmake --build /root/dev_ws/Horizen-SmartCar-DGDZ/build/ackermann_msgs -- -j4 -l4
[22.293s] [35m[1mScanning dependencies of target ackermann_msgs__cpp[0m
[22.365s] [  2%] [34m[1mGenerating C code for ROS interfaces[0m
[22.382s] [  5%] [34m[1mGenerating C++ code for ROS interfaces[0m
[28.849s] [35m[1mScanning dependencies of target ackermann_msgs__rosidl_generator_c[0m
[29.065s] [  7%] [32mBuilding C object CMakeFiles/ackermann_msgs__rosidl_generator_c.dir/rosidl_generator_c/ackermann_msgs/msg/detail/ackermann_drive__functions.c.o[0m
[29.229s] [ 10%] [32mBuilding C object CMakeFiles/ackermann_msgs__rosidl_generator_c.dir/rosidl_generator_c/ackermann_msgs/msg/detail/ackermann_drive_stamped__functions.c.o[0m
[29.427s] [ 10%] Built target ackermann_msgs__cpp
[29.578s] [ 12%] [34m[1mGenerating C++ introspection for ROS interfaces[0m
[29.663s] [ 15%] [34m[1mGenerating C++ type support dispatch for ROS interfaces[0m
[29.988s] [ 17%] [32m[1mLinking C shared library libackermann_msgs__rosidl_generator_c.so[0m
[30.829s] [ 17%] Built target ackermann_msgs__rosidl_generator_c
[36.441s] [35m[1mScanning dependencies of target ackermann_msgs__rosidl_typesupport_cpp[0m
[36.621s] [ 20%] [32mBuilding CXX object CMakeFiles/ackermann_msgs__rosidl_typesupport_cpp.dir/rosidl_typesupport_cpp/ackermann_msgs/msg/ackermann_drive__type_support.cpp.o[0m
[37.313s] [35m[1mScanning dependencies of target ackermann_msgs__rosidl_typesupport_introspection_cpp[0m
[37.529s] [ 23%] [32mBuilding CXX object CMakeFiles/ackermann_msgs__rosidl_typesupport_introspection_cpp.dir/rosidl_typesupport_introspection_cpp/ackermann_msgs/msg/detail/ackermann_drive__type_support.cpp.o[0m
[40.190s] [ 25%] [32mBuilding CXX object CMakeFiles/ackermann_msgs__rosidl_typesupport_cpp.dir/rosidl_typesupport_cpp/ackermann_msgs/msg/ackermann_drive_stamped__type_support.cpp.o[0m
[41.426s] [ 28%] [32mBuilding CXX object CMakeFiles/ackermann_msgs__rosidl_typesupport_introspection_cpp.dir/rosidl_typesupport_introspection_cpp/ackermann_msgs/msg/detail/ackermann_drive_stamped__type_support.cpp.o[0m
[44.818s] [ 30%] [32m[1mLinking CXX shared library libackermann_msgs__rosidl_typesupport_cpp.so[0m
[45.197s] [ 33%] [32m[1mLinking CXX shared library libackermann_msgs__rosidl_typesupport_introspection_cpp.so[0m
[45.266s] [ 33%] Built target ackermann_msgs__rosidl_typesupport_cpp
[45.755s] [ 33%] Built target ackermann_msgs__rosidl_typesupport_introspection_cpp
[45.830s] [ 35%] [34m[1mGenerating C type support dispatch for ROS interfaces[0m
[49.287s] [35m[1mScanning dependencies of target ackermann_msgs__rosidl_typesupport_c[0m
[49.355s] [ 38%] [32mBuilding CXX object CMakeFiles/ackermann_msgs__rosidl_typesupport_c.dir/rosidl_typesupport_c/ackermann_msgs/msg/ackermann_drive__type_support.cpp.o[0m
[49.597s] [ 41%] [32mBuilding CXX object CMakeFiles/ackermann_msgs__rosidl_typesupport_c.dir/rosidl_typesupport_c/ackermann_msgs/msg/ackermann_drive_stamped__type_support.cpp.o[0m
[49.789s] [ 43%] [32m[1mLinking CXX shared library libackermann_msgs__rosidl_typesupport_c.so[0m
[50.021s] [ 43%] Built target ackermann_msgs__rosidl_typesupport_c
[50.076s] [ 46%] [34m[1mGenerating C introspection for ROS interfaces[0m
[53.623s] [35m[1mScanning dependencies of target ackermann_msgs__rosidl_typesupport_introspection_c[0m
[53.694s] [ 48%] [32mBuilding C object CMakeFiles/ackermann_msgs__rosidl_typesupport_introspection_c.dir/rosidl_typesupport_introspection_c/ackermann_msgs/msg/detail/ackermann_drive__type_support.c.o[0m
[53.883s] [ 51%] [32mBuilding C object CMakeFiles/ackermann_msgs__rosidl_typesupport_introspection_c.dir/rosidl_typesupport_introspection_c/ackermann_msgs/msg/detail/ackermann_drive_stamped__type_support.c.o[0m
[54.301s] [ 53%] [32m[1mLinking C shared library libackermann_msgs__rosidl_typesupport_introspection_c.so[0m
[54.461s] [ 53%] Built target ackermann_msgs__rosidl_typesupport_introspection_c
[54.513s] [ 56%] [34m[1mGenerating C++ type support for eProsima Fast-RTPS[0m
[58.162s] [35m[1mScanning dependencies of target ackermann_msgs__rosidl_typesupport_fastrtps_cpp[0m
[58.265s] [ 58%] [32mBuilding CXX object CMakeFiles/ackermann_msgs__rosidl_typesupport_fastrtps_cpp.dir/rosidl_typesupport_fastrtps_cpp/ackermann_msgs/msg/detail/dds_fastrtps/ackermann_drive__type_support.cpp.o[0m
[61.357s] [ 61%] [32mBuilding CXX object CMakeFiles/ackermann_msgs__rosidl_typesupport_fastrtps_cpp.dir/rosidl_typesupport_fastrtps_cpp/ackermann_msgs/msg/detail/dds_fastrtps/ackermann_drive_stamped__type_support.cpp.o[0m
[64.530s] [ 64%] [32m[1mLinking CXX shared library libackermann_msgs__rosidl_typesupport_fastrtps_cpp.so[0m
[65.210s] [ 64%] Built target ackermann_msgs__rosidl_typesupport_fastrtps_cpp
[65.264s] [ 66%] [34m[1mGenerating C type support for eProsima Fast-RTPS[0m
[68.864s] [35m[1mScanning dependencies of target ackermann_msgs__rosidl_typesupport_fastrtps_c[0m
[68.946s] [ 69%] [32mBuilding CXX object CMakeFiles/ackermann_msgs__rosidl_typesupport_fastrtps_c.dir/rosidl_typesupport_fastrtps_c/ackermann_msgs/msg/detail/ackermann_drive__type_support_c.cpp.o[0m
[71.739s] [ 71%] [32mBuilding CXX object CMakeFiles/ackermann_msgs__rosidl_typesupport_fastrtps_c.dir/rosidl_typesupport_fastrtps_c/ackermann_msgs/msg/detail/ackermann_drive_stamped__type_support_c.cpp.o[0m
[74.148s] [ 74%] [32m[1mLinking CXX shared library libackermann_msgs__rosidl_typesupport_fastrtps_c.so[0m
[74.707s] [ 74%] Built target ackermann_msgs__rosidl_typesupport_fastrtps_c
[74.754s] [35m[1mScanning dependencies of target ackermann_msgs[0m
[74.803s] [ 74%] Built target ackermann_msgs
[74.850s] [35m[1mScanning dependencies of target ackermann_msgs__py[0m
[74.900s] [ 76%] [34m[1mGenerating Python code for ROS interfaces[0m
[80.868s] [ 76%] Built target ackermann_msgs__py
[80.915s] [35m[1mScanning dependencies of target ackermann_msgs__python[0m
[81.020s] [ 79%] [32mBuilding C object CMakeFiles/ackermann_msgs__python.dir/rosidl_generator_py/ackermann_msgs/msg/_ackermann_drive_s.c.o[0m
[81.635s] [ 82%] [32mBuilding C object CMakeFiles/ackermann_msgs__python.dir/rosidl_generator_py/ackermann_msgs/msg/_ackermann_drive_stamped_s.c.o[0m
[82.260s] [ 84%] [32m[1mLinking C shared library rosidl_generator_py/ackermann_msgs/libackermann_msgs__python.so[0m
[82.550s] [ 84%] Built target ackermann_msgs__python
[82.597s] [35m[1mScanning dependencies of target ackermann_msgs__rosidl_typesupport_c__pyext[0m
[82.686s] [ 87%] [32mBuilding C object CMakeFiles/ackermann_msgs__rosidl_typesupport_c__pyext.dir/rosidl_generator_py/ackermann_msgs/_ackermann_msgs_s.ep.rosidl_typesupport_c.c.o[0m
[83.233s] [ 89%] [32m[1mLinking C shared library rosidl_generator_py/ackermann_msgs/ackermann_msgs_s__rosidl_typesupport_c.cpython-38-aarch64-linux-gnu.so[0m
[83.451s] [ 89%] Built target ackermann_msgs__rosidl_typesupport_c__pyext
[83.498s] [35m[1mScanning dependencies of target ackermann_msgs__rosidl_typesupport_introspection_c__pyext[0m
[83.588s] [ 92%] [32mBuilding C object CMakeFiles/ackermann_msgs__rosidl_typesupport_introspection_c__pyext.dir/rosidl_generator_py/ackermann_msgs/_ackermann_msgs_s.ep.rosidl_typesupport_introspection_c.c.o[0m
[84.136s] [ 94%] [32m[1mLinking C shared library rosidl_generator_py/ackermann_msgs/ackermann_msgs_s__rosidl_typesupport_introspection_c.cpython-38-aarch64-linux-gnu.so[0m
[84.356s] [ 94%] Built target ackermann_msgs__rosidl_typesupport_introspection_c__pyext
[84.404s] [35m[1mScanning dependencies of target ackermann_msgs__rosidl_typesupport_fastrtps_c__pyext[0m
[84.501s] [ 97%] [32mBuilding C object CMakeFiles/ackermann_msgs__rosidl_typesupport_fastrtps_c__pyext.dir/rosidl_generator_py/ackermann_msgs/_ackermann_msgs_s.ep.rosidl_typesupport_fastrtps_c.c.o[0m
[85.077s] [100%] [32m[1mLinking CXX shared library rosidl_generator_py/ackermann_msgs/ackermann_msgs_s__rosidl_typesupport_fastrtps_c.cpython-38-aarch64-linux-gnu.so[0m
[85.454s] [100%] Built target ackermann_msgs__rosidl_typesupport_fastrtps_c__pyext
[85.510s] Invoked command in '/root/dev_ws/Horizen-SmartCar-DGDZ/build/ackermann_msgs' returned '0': CMAKE_PREFIX_PATH=${CMAKE_PREFIX_PATH}:/opt/ros/foxy /usr/bin/cmake --build /root/dev_ws/Horizen-SmartCar-DGDZ/build/ackermann_msgs -- -j4 -l4
[85.739s] Invoking command in '/root/dev_ws/Horizen-SmartCar-DGDZ/build/ackermann_msgs': CMAKE_PREFIX_PATH=${CMAKE_PREFIX_PATH}:/opt/ros/foxy /usr/bin/cmake --install /root/dev_ws/Horizen-SmartCar-DGDZ/build/ackermann_msgs
[85.785s] -- Install configuration: ""
[85.786s] -- Installing: /root/dev_ws/Horizen-SmartCar-DGDZ/install/ackermann_msgs/share/ament_index/resource_index/rosidl_interfaces/ackermann_msgs
[85.787s] -- Installing: /root/dev_ws/Horizen-SmartCar-DGDZ/install/ackermann_msgs/include/ackermann_msgs
[85.788s] -- Installing: /root/dev_ws/Horizen-SmartCar-DGDZ/install/ackermann_msgs/include/ackermann_msgs/msg
[85.789s] -- Installing: /root/dev_ws/Horizen-SmartCar-DGDZ/install/ackermann_msgs/include/ackermann_msgs/msg/ackermann_drive.h
[85.791s] -- Installing: /root/dev_ws/Horizen-SmartCar-DGDZ/install/ackermann_msgs/include/ackermann_msgs/msg/rosidl_generator_c__visibility_control.h
[85.792s] -- Installing: /root/dev_ws/Horizen-SmartCar-DGDZ/install/ackermann_msgs/include/ackermann_msgs/msg/ackermann_drive_stamped.h
[85.793s] -- Installing: /root/dev_ws/Horizen-SmartCar-DGDZ/install/ackermann_msgs/include/ackermann_msgs/msg/detail
[85.794s] -- Installing: /root/dev_ws/Horizen-SmartCar-DGDZ/install/ackermann_msgs/include/ackermann_msgs/msg/detail/ackermann_drive_stamped__functions.c
[85.795s] -- Installing: /root/dev_ws/Horizen-SmartCar-DGDZ/install/ackermann_msgs/include/ackermann_msgs/msg/detail/ackermann_drive__struct.h
[85.796s] -- Installing: /root/dev_ws/Horizen-SmartCar-DGDZ/install/ackermann_msgs/include/ackermann_msgs/msg/detail/ackermann_drive_stamped__type_support.h
[85.796s] -- Installing: /root/dev_ws/Horizen-SmartCar-DGDZ/install/ackermann_msgs/include/ackermann_msgs/msg/detail/ackermann_drive__functions.c
[85.797s] -- Installing: /root/dev_ws/Horizen-SmartCar-DGDZ/install/ackermann_msgs/include/ackermann_msgs/msg/detail/ackermann_drive__type_support.h
[85.798s] -- Installing: /root/dev_ws/Horizen-SmartCar-DGDZ/install/ackermann_msgs/include/ackermann_msgs/msg/detail/ackermann_drive__functions.h
[85.799s] -- Installing: /root/dev_ws/Horizen-SmartCar-DGDZ/install/ackermann_msgs/include/ackermann_msgs/msg/detail/ackermann_drive_stamped__functions.h
[85.801s] -- Installing: /root/dev_ws/Horizen-SmartCar-DGDZ/install/ackermann_msgs/include/ackermann_msgs/msg/detail/ackermann_drive_stamped__struct.h
[85.801s] -- Installing: /root/dev_ws/Horizen-SmartCar-DGDZ/install/ackermann_msgs/share/ackermann_msgs/environment/library_path.sh
[85.802s] -- Installing: /root/dev_ws/Horizen-SmartCar-DGDZ/install/ackermann_msgs/share/ackermann_msgs/environment/library_path.dsv
[85.803s] -- Installing: /root/dev_ws/Horizen-SmartCar-DGDZ/install/ackermann_msgs/lib/libackermann_msgs__rosidl_generator_c.so
[85.804s] -- Set runtime path of "/root/dev_ws/Horizen-SmartCar-DGDZ/install/ackermann_msgs/lib/libackermann_msgs__rosidl_generator_c.so" to ""
[85.805s] -- Up-to-date: /root/dev_ws/Horizen-SmartCar-DGDZ/install/ackermann_msgs/include/ackermann_msgs
[85.806s] -- Up-to-date: /root/dev_ws/Horizen-SmartCar-DGDZ/install/ackermann_msgs/include/ackermann_msgs/msg
[85.807s] -- Installing: /root/dev_ws/Horizen-SmartCar-DGDZ/install/ackermann_msgs/include/ackermann_msgs/msg/rosidl_typesupport_fastrtps_c__visibility_control.h
[85.808s] -- Up-to-date: /root/dev_ws/Horizen-SmartCar-DGDZ/install/ackermann_msgs/include/ackermann_msgs/msg/detail
[85.809s] -- Installing: /root/dev_ws/Horizen-SmartCar-DGDZ/install/ackermann_msgs/include/ackermann_msgs/msg/detail/ackermann_drive__rosidl_typesupport_fastrtps_c.h
[85.810s] -- Installing: /root/dev_ws/Horizen-SmartCar-DGDZ/install/ackermann_msgs/include/ackermann_msgs/msg/detail/ackermann_drive_stamped__rosidl_typesupport_fastrtps_c.h
[85.811s] -- Installing: /root/dev_ws/Horizen-SmartCar-DGDZ/install/ackermann_msgs/lib/libackermann_msgs__rosidl_typesupport_fastrtps_c.so
[85.812s] -- Set runtime path of "/root/dev_ws/Horizen-SmartCar-DGDZ/install/ackermann_msgs/lib/libackermann_msgs__rosidl_typesupport_fastrtps_c.so" to ""
[85.813s] -- Up-to-date: /root/dev_ws/Horizen-SmartCar-DGDZ/install/ackermann_msgs/include/ackermann_msgs
[85.814s] -- Up-to-date: /root/dev_ws/Horizen-SmartCar-DGDZ/install/ackermann_msgs/include/ackermann_msgs/msg
[85.815s] -- Installing: /root/dev_ws/Horizen-SmartCar-DGDZ/install/ackermann_msgs/include/ackermann_msgs/msg/rosidl_typesupport_fastrtps_cpp__visibility_control.h
[85.816s] -- Up-to-date: /root/dev_ws/Horizen-SmartCar-DGDZ/install/ackermann_msgs/include/ackermann_msgs/msg/detail
[85.817s] -- Installing: /root/dev_ws/Horizen-SmartCar-DGDZ/install/ackermann_msgs/include/ackermann_msgs/msg/detail/ackermann_drive_stamped__rosidl_typesupport_fastrtps_cpp.hpp
[85.818s] -- Installing: /root/dev_ws/Horizen-SmartCar-DGDZ/install/ackermann_msgs/include/ackermann_msgs/msg/detail/ackermann_drive__rosidl_typesupport_fastrtps_cpp.hpp
[85.819s] -- Installing: /root/dev_ws/Horizen-SmartCar-DGDZ/install/ackermann_msgs/include/ackermann_msgs/msg/detail/dds_fastrtps
[85.819s] -- Installing: /root/dev_ws/Horizen-SmartCar-DGDZ/install/ackermann_msgs/lib/libackermann_msgs__rosidl_typesupport_fastrtps_cpp.so
[85.821s] -- Set runtime path of "/root/dev_ws/Horizen-SmartCar-DGDZ/install/ackermann_msgs/lib/libackermann_msgs__rosidl_typesupport_fastrtps_cpp.so" to ""
[85.822s] -- Up-to-date: /root/dev_ws/Horizen-SmartCar-DGDZ/install/ackermann_msgs/include/ackermann_msgs
[85.823s] -- Up-to-date: /root/dev_ws/Horizen-SmartCar-DGDZ/install/ackermann_msgs/include/ackermann_msgs/msg
[85.824s] -- Installing: /root/dev_ws/Horizen-SmartCar-DGDZ/install/ackermann_msgs/include/ackermann_msgs/msg/rosidl_typesupport_introspection_c__visibility_control.h
[85.825s] -- Up-to-date: /root/dev_ws/Horizen-SmartCar-DGDZ/install/ackermann_msgs/include/ackermann_msgs/msg/detail
[85.826s] -- Installing: /root/dev_ws/Horizen-SmartCar-DGDZ/install/ackermann_msgs/include/ackermann_msgs/msg/detail/ackermann_drive__rosidl_typesupport_introspection_c.h
[85.827s] -- Installing: /root/dev_ws/Horizen-SmartCar-DGDZ/install/ackermann_msgs/include/ackermann_msgs/msg/detail/ackermann_drive_stamped__type_support.c
[85.828s] -- Installing: /root/dev_ws/Horizen-SmartCar-DGDZ/install/ackermann_msgs/include/ackermann_msgs/msg/detail/ackermann_drive_stamped__rosidl_typesupport_introspection_c.h
[85.829s] -- Installing: /root/dev_ws/Horizen-SmartCar-DGDZ/install/ackermann_msgs/include/ackermann_msgs/msg/detail/ackermann_drive__type_support.c
[85.830s] -- Installing: /root/dev_ws/Horizen-SmartCar-DGDZ/install/ackermann_msgs/lib/libackermann_msgs__rosidl_typesupport_introspection_c.so
[85.831s] -- Set runtime path of "/root/dev_ws/Horizen-SmartCar-DGDZ/install/ackermann_msgs/lib/libackermann_msgs__rosidl_typesupport_introspection_c.so" to ""
[85.832s] -- Installing: /root/dev_ws/Horizen-SmartCar-DGDZ/install/ackermann_msgs/lib/libackermann_msgs__rosidl_typesupport_c.so
[85.833s] -- Set runtime path of "/root/dev_ws/Horizen-SmartCar-DGDZ/install/ackermann_msgs/lib/libackermann_msgs__rosidl_typesupport_c.so" to ""
[85.834s] -- Up-to-date: /root/dev_ws/Horizen-SmartCar-DGDZ/install/ackermann_msgs/include/ackermann_msgs
[85.834s] -- Up-to-date: /root/dev_ws/Horizen-SmartCar-DGDZ/install/ackermann_msgs/include/ackermann_msgs/msg
[85.835s] -- Installing: /root/dev_ws/Horizen-SmartCar-DGDZ/install/ackermann_msgs/include/ackermann_msgs/msg/rosidl_generator_cpp__visibility_control.hpp
[85.836s] -- Installing: /root/dev_ws/Horizen-SmartCar-DGDZ/install/ackermann_msgs/include/ackermann_msgs/msg/ackermann_drive.hpp
[85.837s] -- Installing: /root/dev_ws/Horizen-SmartCar-DGDZ/install/ackermann_msgs/include/ackermann_msgs/msg/ackermann_drive_stamped.hpp
[85.838s] -- Up-to-date: /root/dev_ws/Horizen-SmartCar-DGDZ/install/ackermann_msgs/include/ackermann_msgs/msg/detail
[85.839s] -- Installing: /root/dev_ws/Horizen-SmartCar-DGDZ/install/ackermann_msgs/include/ackermann_msgs/msg/detail/ackermann_drive__builder.hpp
[85.840s] -- Installing: /root/dev_ws/Horizen-SmartCar-DGDZ/install/ackermann_msgs/include/ackermann_msgs/msg/detail/ackermann_drive_stamped__builder.hpp
[85.841s] -- Installing: /root/dev_ws/Horizen-SmartCar-DGDZ/install/ackermann_msgs/include/ackermann_msgs/msg/detail/ackermann_drive__traits.hpp
[85.842s] -- Installing: /root/dev_ws/Horizen-SmartCar-DGDZ/install/ackermann_msgs/include/ackermann_msgs/msg/detail/ackermann_drive_stamped__traits.hpp
[85.844s] -- Installing: /root/dev_ws/Horizen-SmartCar-DGDZ/install/ackermann_msgs/include/ackermann_msgs/msg/detail/ackermann_drive__struct.hpp
[85.845s] -- Installing: /root/dev_ws/Horizen-SmartCar-DGDZ/install/ackermann_msgs/include/ackermann_msgs/msg/detail/ackermann_drive_stamped__struct.hpp
[85.846s] -- Installing: /root/dev_ws/Horizen-SmartCar-DGDZ/install/ackermann_msgs/include/ackermann_msgs/msg/detail/ackermann_drive_stamped__type_support.hpp
[85.846s] -- Installing: /root/dev_ws/Horizen-SmartCar-DGDZ/install/ackermann_msgs/include/ackermann_msgs/msg/detail/ackermann_drive__type_support.hpp
[85.847s] -- Up-to-date: /root/dev_ws/Horizen-SmartCar-DGDZ/install/ackermann_msgs/include/ackermann_msgs
[85.848s] -- Up-to-date: /root/dev_ws/Horizen-SmartCar-DGDZ/install/ackermann_msgs/include/ackermann_msgs/msg
[85.849s] -- Up-to-date: /root/dev_ws/Horizen-SmartCar-DGDZ/install/ackermann_msgs/include/ackermann_msgs/msg/detail
[85.850s] -- Installing: /root/dev_ws/Horizen-SmartCar-DGDZ/install/ackermann_msgs/include/ackermann_msgs/msg/detail/ackermann_drive__rosidl_typesupport_introspection_cpp.hpp
[85.850s] -- Installing: /root/dev_ws/Horizen-SmartCar-DGDZ/install/ackermann_msgs/include/ackermann_msgs/msg/detail/ackermann_drive_stamped__type_support.cpp
[85.851s] -- Installing: /root/dev_ws/Horizen-SmartCar-DGDZ/install/ackermann_msgs/include/ackermann_msgs/msg/detail/ackermann_drive_stamped__rosidl_typesupport_introspection_cpp.hpp
[85.852s] -- Installing: /root/dev_ws/Horizen-SmartCar-DGDZ/install/ackermann_msgs/include/ackermann_msgs/msg/detail/ackermann_drive__type_support.cpp
[85.853s] -- Installing: /root/dev_ws/Horizen-SmartCar-DGDZ/install/ackermann_msgs/lib/libackermann_msgs__rosidl_typesupport_introspection_cpp.so
[85.854s] -- Set runtime path of "/root/dev_ws/Horizen-SmartCar-DGDZ/install/ackermann_msgs/lib/libackermann_msgs__rosidl_typesupport_introspection_cpp.so" to ""
[85.854s] -- Installing: /root/dev_ws/Horizen-SmartCar-DGDZ/install/ackermann_msgs/lib/libackermann_msgs__rosidl_typesupport_cpp.so
[85.855s] -- Set runtime path of "/root/dev_ws/Horizen-SmartCar-DGDZ/install/ackermann_msgs/lib/libackermann_msgs__rosidl_typesupport_cpp.so" to ""
[85.856s] -- Installing: /root/dev_ws/Horizen-SmartCar-DGDZ/install/ackermann_msgs/share/ackermann_msgs/environment/pythonpath.sh
[85.857s] -- Installing: /root/dev_ws/Horizen-SmartCar-DGDZ/install/ackermann_msgs/share/ackermann_msgs/environment/pythonpath.dsv
[85.857s] -- Installing: /root/dev_ws/Horizen-SmartCar-DGDZ/install/ackermann_msgs/lib/python3.8/site-packages/ackermann_msgs/__init__.py
[86.036s] Compiling '/root/dev_ws/Horizen-SmartCar-DGDZ/install/ackermann_msgs/lib/python3.8/site-packages/ackermann_msgs/__init__.py'...
[86.076s] -- Installing: /root/dev_ws/Horizen-SmartCar-DGDZ/install/ackermann_msgs/lib/python3.8/site-packages/ackermann_msgs/msg
[86.077s] -- Installing: /root/dev_ws/Horizen-SmartCar-DGDZ/install/ackermann_msgs/lib/python3.8/site-packages/ackermann_msgs/msg/__init__.py
[86.078s] -- Installing: /root/dev_ws/Horizen-SmartCar-DGDZ/install/ackermann_msgs/lib/python3.8/site-packages/ackermann_msgs/msg/_ackermann_drive_stamped_s.c
[86.079s] -- Installing: /root/dev_ws/Horizen-SmartCar-DGDZ/install/ackermann_msgs/lib/python3.8/site-packages/ackermann_msgs/msg/_ackermann_drive_stamped.py
[86.080s] -- Installing: /root/dev_ws/Horizen-SmartCar-DGDZ/install/ackermann_msgs/lib/python3.8/site-packages/ackermann_msgs/msg/_ackermann_drive.py
[86.081s] -- Installing: /root/dev_ws/Horizen-SmartCar-DGDZ/install/ackermann_msgs/lib/python3.8/site-packages/ackermann_msgs/msg/_ackermann_drive_s.c
[86.081s] -- Installing: /root/dev_ws/Horizen-SmartCar-DGDZ/install/ackermann_msgs/lib/python3.8/site-packages/ackermann_msgs/ackermann_msgs_s__rosidl_typesupport_fastrtps_c.cpython-38-aarch64-linux-gnu.so
[86.083s] -- Set runtime path of "/root/dev_ws/Horizen-SmartCar-DGDZ/install/ackermann_msgs/lib/python3.8/site-packages/ackermann_msgs/ackermann_msgs_s__rosidl_typesupport_fastrtps_c.cpython-38-aarch64-linux-gnu.so" to ""
[86.084s] -- Installing: /root/dev_ws/Horizen-SmartCar-DGDZ/install/ackermann_msgs/lib/python3.8/site-packages/ackermann_msgs/ackermann_msgs_s__rosidl_typesupport_introspection_c.cpython-38-aarch64-linux-gnu.so
[86.087s] -- Set runtime path of "/root/dev_ws/Horizen-SmartCar-DGDZ/install/ackermann_msgs/lib/python3.8/site-packages/ackermann_msgs/ackermann_msgs_s__rosidl_typesupport_introspection_c.cpython-38-aarch64-linux-gnu.so" to ""
[86.088s] -- Installing: /root/dev_ws/Horizen-SmartCar-DGDZ/install/ackermann_msgs/lib/python3.8/site-packages/ackermann_msgs/ackermann_msgs_s__rosidl_typesupport_c.cpython-38-aarch64-linux-gnu.so
[86.090s] -- Set runtime path of "/root/dev_ws/Horizen-SmartCar-DGDZ/install/ackermann_msgs/lib/python3.8/site-packages/ackermann_msgs/ackermann_msgs_s__rosidl_typesupport_c.cpython-38-aarch64-linux-gnu.so" to ""
[86.091s] -- Installing: /root/dev_ws/Horizen-SmartCar-DGDZ/install/ackermann_msgs/lib/libackermann_msgs__python.so
[86.093s] -- Set runtime path of "/root/dev_ws/Horizen-SmartCar-DGDZ/install/ackermann_msgs/lib/libackermann_msgs__python.so" to ""
[86.094s] -- Installing: /root/dev_ws/Horizen-SmartCar-DGDZ/install/ackermann_msgs/share/ackermann_msgs/msg/AckermannDrive.idl
[86.095s] -- Installing: /root/dev_ws/Horizen-SmartCar-DGDZ/install/ackermann_msgs/share/ackermann_msgs/msg/AckermannDriveStamped.idl
[86.096s] -- Installing: /root/dev_ws/Horizen-SmartCar-DGDZ/install/ackermann_msgs/share/ackermann_msgs/msg/AckermannDrive.msg
[86.097s] -- Installing: /root/dev_ws/Horizen-SmartCar-DGDZ/install/ackermann_msgs/share/ackermann_msgs/msg/AckermannDriveStamped.msg
[86.098s] -- Installing: /root/dev_ws/Horizen-SmartCar-DGDZ/install/ackermann_msgs/share/ament_index/resource_index/package_run_dependencies/ackermann_msgs
[86.099s] -- Installing: /root/dev_ws/Horizen-SmartCar-DGDZ/install/ackermann_msgs/share/ament_index/resource_index/parent_prefix_path/ackermann_msgs
[86.100s] -- Installing: /root/dev_ws/Horizen-SmartCar-DGDZ/install/ackermann_msgs/share/ackermann_msgs/environment/ament_prefix_path.sh
[86.101s] -- Installing: /root/dev_ws/Horizen-SmartCar-DGDZ/install/ackermann_msgs/share/ackermann_msgs/environment/ament_prefix_path.dsv
[86.102s] -- Installing: /root/dev_ws/Horizen-SmartCar-DGDZ/install/ackermann_msgs/share/ackermann_msgs/environment/path.sh
[86.103s] -- Installing: /root/dev_ws/Horizen-SmartCar-DGDZ/install/ackermann_msgs/share/ackermann_msgs/environment/path.dsv
[86.104s] -- Installing: /root/dev_ws/Horizen-SmartCar-DGDZ/install/ackermann_msgs/share/ackermann_msgs/local_setup.bash
[86.105s] -- Installing: /root/dev_ws/Horizen-SmartCar-DGDZ/install/ackermann_msgs/share/ackermann_msgs/local_setup.sh
[86.106s] -- Installing: /root/dev_ws/Horizen-SmartCar-DGDZ/install/ackermann_msgs/share/ackermann_msgs/local_setup.zsh
[86.107s] -- Installing: /root/dev_ws/Horizen-SmartCar-DGDZ/install/ackermann_msgs/share/ackermann_msgs/local_setup.dsv
[86.108s] -- Installing: /root/dev_ws/Horizen-SmartCar-DGDZ/install/ackermann_msgs/share/ackermann_msgs/package.dsv
[86.109s] -- Installing: /root/dev_ws/Horizen-SmartCar-DGDZ/install/ackermann_msgs/share/ament_index/resource_index/packages/ackermann_msgs
[86.110s] -- Installing: /root/dev_ws/Horizen-SmartCar-DGDZ/install/ackermann_msgs/share/ackermann_msgs/cmake/ackermann_msgs__rosidl_generator_cExport.cmake
[86.111s] -- Installing: /root/dev_ws/Horizen-SmartCar-DGDZ/install/ackermann_msgs/share/ackermann_msgs/cmake/ackermann_msgs__rosidl_generator_cExport-noconfig.cmake
[86.112s] -- Installing: /root/dev_ws/Horizen-SmartCar-DGDZ/install/ackermann_msgs/share/ackermann_msgs/cmake/ackermann_msgs__rosidl_typesupport_introspection_cExport.cmake
[86.113s] -- Installing: /root/dev_ws/Horizen-SmartCar-DGDZ/install/ackermann_msgs/share/ackermann_msgs/cmake/ackermann_msgs__rosidl_typesupport_introspection_cExport-noconfig.cmake
[86.114s] -- Installing: /root/dev_ws/Horizen-SmartCar-DGDZ/install/ackermann_msgs/share/ackermann_msgs/cmake/ackermann_msgs__rosidl_typesupport_cExport.cmake
[86.115s] -- Installing: /root/dev_ws/Horizen-SmartCar-DGDZ/install/ackermann_msgs/share/ackermann_msgs/cmake/ackermann_msgs__rosidl_typesupport_cExport-noconfig.cmake
[86.116s] -- Installing: /root/dev_ws/Horizen-SmartCar-DGDZ/install/ackermann_msgs/share/ackermann_msgs/cmake/ackermann_msgs__rosidl_generator_cppExport.cmake
[86.117s] -- Installing: /root/dev_ws/Horizen-SmartCar-DGDZ/install/ackermann_msgs/share/ackermann_msgs/cmake/ackermann_msgs__rosidl_typesupport_introspection_cppExport.cmake
[86.119s] -- Installing: /root/dev_ws/Horizen-SmartCar-DGDZ/install/ackermann_msgs/share/ackermann_msgs/cmake/ackermann_msgs__rosidl_typesupport_introspection_cppExport-noconfig.cmake
[86.120s] -- Installing: /root/dev_ws/Horizen-SmartCar-DGDZ/install/ackermann_msgs/share/ackermann_msgs/cmake/ackermann_msgs__rosidl_typesupport_cppExport.cmake
[86.121s] -- Installing: /root/dev_ws/Horizen-SmartCar-DGDZ/install/ackermann_msgs/share/ackermann_msgs/cmake/ackermann_msgs__rosidl_typesupport_cppExport-noconfig.cmake
[86.122s] -- Installing: /root/dev_ws/Horizen-SmartCar-DGDZ/install/ackermann_msgs/share/ackermann_msgs/cmake/rosidl_cmake-extras.cmake
[86.123s] -- Installing: /root/dev_ws/Horizen-SmartCar-DGDZ/install/ackermann_msgs/share/ackermann_msgs/cmake/ament_cmake_export_dependencies-extras.cmake
[86.124s] -- Installing: /root/dev_ws/Horizen-SmartCar-DGDZ/install/ackermann_msgs/share/ackermann_msgs/cmake/ament_cmake_export_libraries-extras.cmake
[86.125s] -- Installing: /root/dev_ws/Horizen-SmartCar-DGDZ/install/ackermann_msgs/share/ackermann_msgs/cmake/ament_cmake_export_targets-extras.cmake
[86.126s] -- Installing: /root/dev_ws/Horizen-SmartCar-DGDZ/install/ackermann_msgs/share/ackermann_msgs/cmake/ament_cmake_export_include_directories-extras.cmake
[86.127s] -- Installing: /root/dev_ws/Horizen-SmartCar-DGDZ/install/ackermann_msgs/share/ackermann_msgs/cmake/rosidl_cmake_export_typesupport_libraries-extras.cmake
[86.128s] -- Installing: /root/dev_ws/Horizen-SmartCar-DGDZ/install/ackermann_msgs/share/ackermann_msgs/cmake/rosidl_cmake_export_typesupport_targets-extras.cmake
[86.129s] -- Installing: /root/dev_ws/Horizen-SmartCar-DGDZ/install/ackermann_msgs/share/ackermann_msgs/cmake/ackermann_msgsConfig.cmake
[86.130s] -- Installing: /root/dev_ws/Horizen-SmartCar-DGDZ/install/ackermann_msgs/share/ackermann_msgs/cmake/ackermann_msgsConfig-version.cmake
[86.131s] -- Installing: /root/dev_ws/Horizen-SmartCar-DGDZ/install/ackermann_msgs/share/ackermann_msgs/package.xml
[86.142s] Invoked command in '/root/dev_ws/Horizen-SmartCar-DGDZ/build/ackermann_msgs' returned '0': CMAKE_PREFIX_PATH=${CMAKE_PREFIX_PATH}:/opt/ros/foxy /usr/bin/cmake --install /root/dev_ws/Horizen-SmartCar-DGDZ/build/ackermann_msgs
