-- The C compiler identification is GNU 9.3.0
-- The CXX compiler identification is GNU 9.3.0
-- Check for working C compiler: /usr/bin/cc
-- Check for working C compiler: /usr/bin/cc -- works
-- Detecting C compiler ABI info
-- Detecting C compiler ABI info - done
-- Detecting C compile features
-- Detecting C compile features - done
-- Check for working CXX compiler: /usr/bin/c++
-- Check for working CXX compiler: /usr/bin/c++ -- works
-- Detecting CXX compiler ABI info
-- Detecting CXX compiler ABI info - done
-- Detecting CXX compile features
-- Detecting CXX compile features - done
-- Found ament_cmake: 0.9.12 (/opt/tros/share/ament_cmake/cmake)
-- Found PythonInterp: /usr/bin/python3 (found suitable version "3.8.10", minimum required is "3") 
-- Using PYTHON_EXECUTABLE: /usr/bin/python3
-- Found geometry_msgs: 2.0.5 (/opt/tros/share/geometry_msgs/cmake)
-- Using all available rosidl_typesupport_c: rosidl_typesupport_fastrtps_c;rosidl_typesupport_introspection_c
-- Found rosidl_adapter: 1.3.1 (/opt/tros/share/rosidl_adapter/cmake)
-- Found FastRTPS: /opt/tros/include  
-- Using all available rosidl_typesupport_cpp: rosidl_typesupport_fastrtps_cpp;rosidl_typesupport_introspection_cpp
-- Found tf2_geometry_msgs: 0.13.14 (/opt/tros/share/tf2_geometry_msgs/cmake)
-- Found eigen3_cmake_module: 0.1.1 (/opt/tros/share/eigen3_cmake_module/cmake)
-- Found Eigen3: TRUE (found version "3.3.7") 
-- Found rmw_implementation_cmake: 1.0.4 (/opt/tros/share/rmw_implementation_cmake/cmake)
-- Using RMW implementation 'rmw_fastrtps_cpp' as default
-- Looking for pthread.h
-- Looking for pthread.h - found
-- Performing Test CMAKE_HAVE_LIBC_PTHREAD
-- Performing Test CMAKE_HAVE_LIBC_PTHREAD - Failed
-- Looking for pthread_create in pthreads
-- Looking for pthread_create in pthreads - not found
-- Looking for pthread_create in pthread
-- Looking for pthread_create in pthread - found
-- Found Threads: TRUE  
-- Found nav2_msgs: 0.4.7 (/opt/tros/share/nav2_msgs/cmake)
-- Found rclpy: 1.0.13 (/opt/tros/share/rclpy/cmake)
-- Found sensor_msgs: 2.0.5 (/opt/tros/share/sensor_msgs/cmake)
-- Found std_srvs: 2.0.5 (/opt/tros/share/std_srvs/cmake)
-- Found ackermann_msgs: 2.0.2 (/root/dev_ws/install/ackermann_msgs/share/ackermann_msgs/cmake)
-- Found origincar_msg: 0.0.0 (/root/dev_ws/install/origincar_msg/share/origincar_msg/cmake)
-- Found serial: 1.2.1 (/root/dev_ws/install/serial/share/serial/cmake)
-- Found rosidl_default_generators: 1.0.1 (/opt/tros/share/rosidl_default_generators/cmake)
CMake Error at CMakeLists.txt:39 (find_package):
  By not providing "Findorigincar_description.cmake" in CMAKE_MODULE_PATH
  this project has asked CMake to find a package configuration file provided
  by "origincar_description", but CMake did not find one.

  Could not find a package configuration file provided by
  "origincar_description" with any of the following names:

    origincar_descriptionConfig.cmake
    origincar_description-config.cmake

  Add the installation prefix of "origincar_description" to CMAKE_PREFIX_PATH
  or set "origincar_description_DIR" to a directory containing one of the
  above files.  If "origincar_description" provides a separate development
  package or SDK, be sure it has been installed.


-- Configuring incomplete, errors occurred!
See also "/root/dev_ws/build/origincar_base/CMakeFiles/CMakeOutput.log".
See also "/root/dev_ws/build/origincar_base/CMakeFiles/CMakeError.log".
