[1.582s] Invoking command in '/root/dev_ws/build/origincar_base': AMENT_PREFIX_PATH=/root/dev_ws/install/serial:/root/dev_ws/install/origincar_msg:/root/dev_ws/install/ackermann_msgs:${AMENT_PREFIX_PATH} CMAKE_PREFIX_PATH=/root/dev_ws/install/serial:/root/dev_ws/install/origincar_msg:/root/dev_ws/install/ackermann_msgs:/userdata/dev_ws/install/ydlidar_ros2_driver:/userdata/dev_ws/install/utils:/userdata/dev_ws/install/take_pictures_node:/userdata/dev_ws/install/originbot_base:/userdata/dev_ws/install/serial:/userdata/dev_ws/install/play_football:/userdata/dev_ws/install/parking_search:/userdata/dev_ws/install/originbot_teleop:/userdata/dev_ws/install/originbot_navigation:/userdata/dev_ws/install/originbot_msgs:/userdata/dev_ws/install/originbot_bringup:/userdata/dev_ws/install/originbot_autonomous:/userdata/dev_ws/install/line_follower_perception:/userdata/dev_ws/install/hobot_audio:/userdata/dev_ws/install/gesture_control:/userdata/dev_ws/install/body_tracking:/userdata/dev_ws/install/audio_control:/opt/tros:/userdata/dev_ws/install/qr_code_detection:/userdata/dev_ws/install/qr_code_control:/userdata/dev_ws/install/originbot_linefollower:/userdata/dev_ws/install/originbot_demo:/opt/ros/foxy LD_LIBRARY_PATH=/root/dev_ws/install/serial/lib:/root/dev_ws/install/origincar_msg/lib:/root/dev_ws/install/ackermann_msgs/lib:${LD_LIBRARY_PATH} PYTHONPATH=/root/dev_ws/install/origincar_msg/lib/python3.8/site-packages:/root/dev_ws/install/ackermann_msgs/lib/python3.8/site-packages:${PYTHONPATH} /usr/bin/cmake /root/dev_ws/src/origincar/origincar_base -DCMAKE_INSTALL_PREFIX=/root/dev_ws/install/origincar_base
[1.897s] -- The C compiler identification is GNU 9.3.0
[2.233s] -- The CXX compiler identification is GNU 9.3.0
[2.266s] -- Check for working C compiler: /usr/bin/cc
[2.628s] -- Check for working C compiler: /usr/bin/cc -- works
[2.633s] -- Detecting C compiler ABI info
[2.994s] -- Detecting C compiler ABI info - done
[3.079s] -- Detecting C compile features
[3.082s] -- Detecting C compile features - done
[3.097s] -- Check for working CXX compiler: /usr/bin/c++
[3.548s] -- Check for working CXX compiler: /usr/bin/c++ -- works
[3.556s] -- Detecting CXX compiler ABI info
[3.976s] -- Detecting CXX compiler ABI info - done
[4.065s] -- Detecting CXX compile features
[4.069s] -- Detecting CXX compile features - done
[4.087s] -- Found ament_cmake: 0.9.12 (/opt/tros/share/ament_cmake/cmake)
[4.271s] -- Found PythonInterp: /usr/bin/python3 (found suitable version "3.8.10", minimum required is "3") 
[4.272s] -- Using PYTHON_EXECUTABLE: /usr/bin/python3
[5.743s] -- Found geometry_msgs: 2.0.5 (/opt/tros/share/geometry_msgs/cmake)
[5.983s] -- Using all available rosidl_typesupport_c: rosidl_typesupport_fastrtps_c;rosidl_typesupport_introspection_c
[6.042s] -- Found rosidl_adapter: 1.3.1 (/opt/tros/share/rosidl_adapter/cmake)
[6.329s] -- Found FastRTPS: /opt/tros/include  
[6.785s] -- Using all available rosidl_typesupport_cpp: rosidl_typesupport_fastrtps_cpp;rosidl_typesupport_introspection_cpp
[7.512s] -- Found tf2_geometry_msgs: 0.13.14 (/opt/tros/share/tf2_geometry_msgs/cmake)
[7.590s] -- Found eigen3_cmake_module: 0.1.1 (/opt/tros/share/eigen3_cmake_module/cmake)
[7.620s] -- Found Eigen3: TRUE (found version "3.3.7") 
[8.311s] -- Found rmw_implementation_cmake: 1.0.4 (/opt/tros/share/rmw_implementation_cmake/cmake)
[8.334s] -- Using RMW implementation 'rmw_fastrtps_cpp' as default
[8.342s] -- Looking for pthread.h
[8.728s] -- Looking for pthread.h - found
[8.729s] -- Performing Test CMAKE_HAVE_LIBC_PTHREAD
[9.140s] -- Performing Test CMAKE_HAVE_LIBC_PTHREAD - Failed
[9.141s] -- Looking for pthread_create in pthreads
[9.431s] -- Looking for pthread_create in pthreads - not found
[9.432s] -- Looking for pthread_create in pthread
[9.804s] -- Looking for pthread_create in pthread - found
[9.810s] -- Found Threads: TRUE  
[13.938s] -- Found nav2_msgs: 0.4.7 (/opt/tros/share/nav2_msgs/cmake)
[16.652s] -- Found rclpy: 1.0.13 (/opt/tros/share/rclpy/cmake)
[16.668s] -- Found sensor_msgs: 2.0.5 (/opt/tros/share/sensor_msgs/cmake)
[17.316s] -- Found std_srvs: 2.0.5 (/opt/tros/share/std_srvs/cmake)
[17.408s] -- Found ackermann_msgs: 2.0.2 (/root/dev_ws/install/ackermann_msgs/share/ackermann_msgs/cmake)
[17.719s] -- Found origincar_msg: 0.0.0 (/root/dev_ws/install/origincar_msg/share/origincar_msg/cmake)
[18.000s] -- Found serial: 1.2.1 (/root/dev_ws/install/serial/share/serial/cmake)
[18.043s] -- Found rosidl_default_generators: 1.0.1 (/opt/tros/share/rosidl_default_generators/cmake)
[18.195s] CMake Error at CMakeLists.txt:39 (find_package):
[18.196s]   By not providing "Findorigincar_description.cmake" in CMAKE_MODULE_PATH
[18.196s]   this project has asked CMake to find a package configuration file provided
[18.197s]   by "origincar_description", but CMake did not find one.
[18.197s] 
[18.198s]   Could not find a package configuration file provided by
[18.198s]   "origincar_description" with any of the following names:
[18.200s] 
[18.200s]     origincar_descriptionConfig.cmake
[18.201s]     origincar_description-config.cmake
[18.201s] 
[18.202s]   Add the installation prefix of "origincar_description" to CMAKE_PREFIX_PATH
[18.202s]   or set "origincar_description_DIR" to a directory containing one of the
[18.203s]   above files.  If "origincar_description" provides a separate development
[18.204s]   package or SDK, be sure it has been installed.
[18.205s] 
[18.205s] 
[18.206s] -- Configuring incomplete, errors occurred!
[18.207s] See also "/root/dev_ws/build/origincar_base/CMakeFiles/CMakeOutput.log".
[18.207s] See also "/root/dev_ws/build/origincar_base/CMakeFiles/CMakeError.log".
[18.267s] Invoked command in '/root/dev_ws/build/origincar_base' returned '1': AMENT_PREFIX_PATH=/root/dev_ws/install/serial:/root/dev_ws/install/origincar_msg:/root/dev_ws/install/ackermann_msgs:${AMENT_PREFIX_PATH} CMAKE_PREFIX_PATH=/root/dev_ws/install/serial:/root/dev_ws/install/origincar_msg:/root/dev_ws/install/ackermann_msgs:/userdata/dev_ws/install/ydlidar_ros2_driver:/userdata/dev_ws/install/utils:/userdata/dev_ws/install/take_pictures_node:/userdata/dev_ws/install/originbot_base:/userdata/dev_ws/install/serial:/userdata/dev_ws/install/play_football:/userdata/dev_ws/install/parking_search:/userdata/dev_ws/install/originbot_teleop:/userdata/dev_ws/install/originbot_navigation:/userdata/dev_ws/install/originbot_msgs:/userdata/dev_ws/install/originbot_bringup:/userdata/dev_ws/install/originbot_autonomous:/userdata/dev_ws/install/line_follower_perception:/userdata/dev_ws/install/hobot_audio:/userdata/dev_ws/install/gesture_control:/userdata/dev_ws/install/body_tracking:/userdata/dev_ws/install/audio_control:/opt/tros:/userdata/dev_ws/install/qr_code_detection:/userdata/dev_ws/install/qr_code_control:/userdata/dev_ws/install/originbot_linefollower:/userdata/dev_ws/install/originbot_demo:/opt/ros/foxy LD_LIBRARY_PATH=/root/dev_ws/install/serial/lib:/root/dev_ws/install/origincar_msg/lib:/root/dev_ws/install/ackermann_msgs/lib:${LD_LIBRARY_PATH} PYTHONPATH=/root/dev_ws/install/origincar_msg/lib/python3.8/site-packages:/root/dev_ws/install/ackermann_msgs/lib/python3.8/site-packages:${PYTHONPATH} /usr/bin/cmake /root/dev_ws/src/origincar/origincar_base -DCMAKE_INSTALL_PREFIX=/root/dev_ws/install/origincar_base
