[23.232s] DEBUG:colcon:Command line arguments: ['/usr/bin/colcon', 'build']
[23.233s] DEBUG:colcon:Parsed command line arguments: Namespace(allow_overriding=[], ament_cmake_args=None, base_paths=['.'], build_base='build', catkin_cmake_args=None, catkin_skip_building_tests=False, cmake_args=None, cmake_clean_cache=False, cmake_clean_first=False, cmake_force_configure=False, cmake_target=None, cmake_target_skip_unavailable=False, continue_on_error=False, event_handlers=None, executor='parallel', ignore_user_meta=False, install_base='install', log_base=None, log_level=None, main=<bound method BuildVerb.main of <colcon_core.verb.build.BuildVerb object at 0x7fb5d86430>>, merge_install=False, metas=['./colcon.meta'], packages_above=None, packages_above_and_dependencies=None, packages_above_depth=None, packages_end=None, packages_ignore=None, packages_ignore_regex=None, packages_select=None, packages_select_build_failed=False, packages_select_by_dep=None, packages_select_regex=None, packages_select_test_failures=False, packages_skip=None, packages_skip_build_finished=False, packages_skip_by_dep=None, packages_skip_regex=None, packages_skip_test_passed=False, packages_skip_up_to=None, packages_start=None, packages_up_to=None, packages_up_to_regex=None, parallel_workers=4, paths=None, symlink_install=False, test_result_base=None, verb_extension=<colcon_core.verb.build.BuildVerb object at 0x7fb5d86430>, verb_name='build', verb_parser=<colcon_defaults.argument_parser.defaults.DefaultArgumentsDecorator object at 0x7fb59dde80>)
[24.211s] Level 1:colcon.colcon_core.package_discovery:discover_packages(colcon_meta) check parameters
[24.212s] Level 1:colcon.colcon_core.package_discovery:discover_packages(recursive) check parameters
[24.213s] Level 1:colcon.colcon_core.package_discovery:discover_packages(ignore) check parameters
[24.213s] Level 1:colcon.colcon_core.package_discovery:discover_packages(path) check parameters
[24.214s] Level 1:colcon.colcon_core.package_discovery:discover_packages(colcon_meta) discover
[24.215s] Level 1:colcon.colcon_core.package_discovery:discover_packages(recursive) discover
[24.215s] INFO:colcon.colcon_core.package_discovery:Crawling recursively for packages in '/root/dev_ws/Horizen-SmartCar-DGDZ/src/origincar/my_package'
[24.217s] Level 1:colcon.colcon_core.package_identification:_identify(.) by extensions ['ignore', 'ignore_ament_install']
[24.218s] Level 1:colcon.colcon_core.package_identification:_identify(.) by extension 'ignore'
[24.219s] Level 1:colcon.colcon_core.package_identification:_identify(.) by extension 'ignore_ament_install'
[24.220s] Level 1:colcon.colcon_core.package_identification:_identify(.) by extensions ['colcon_pkg']
[24.221s] Level 1:colcon.colcon_core.package_identification:_identify(.) by extension 'colcon_pkg'
[24.221s] Level 1:colcon.colcon_core.package_identification:_identify(.) by extensions ['colcon_meta']
[24.222s] Level 1:colcon.colcon_core.package_identification:_identify(.) by extension 'colcon_meta'
[24.222s] Level 1:colcon.colcon_core.package_identification:_identify(.) by extensions ['ros']
[24.223s] Level 1:colcon.colcon_core.package_identification:_identify(.) by extension 'ros'
[24.452s] DEBUG:colcon.colcon_core.package_identification:Package '.' with type 'ros.ament_python' and name 'my_package'
[24.452s] Level 1:colcon.colcon_core.package_discovery:discover_packages(recursive) using defaults
[24.453s] Level 1:colcon.colcon_core.package_discovery:discover_packages(ignore) discover
[24.453s] Level 1:colcon.colcon_core.package_discovery:discover_packages(ignore) using defaults
[24.454s] Level 1:colcon.colcon_core.package_discovery:discover_packages(path) discover
[24.454s] Level 1:colcon.colcon_core.package_discovery:discover_packages(path) using defaults
[26.591s] Level 1:colcon.colcon_core.package_discovery:discover_packages(prefix_path) check parameters
[26.591s] Level 1:colcon.colcon_core.package_discovery:discover_packages(prefix_path) discover
[27.435s] DEBUG:colcon.colcon_installed_package_information.package_discovery:Found 1 installed packages in /root/dev_ws/Horizen-SmartCar-DGDZ/src/origincar/my_package/install
[27.880s] DEBUG:colcon.colcon_installed_package_information.package_discovery:Found 390 installed packages in /opt/tros
[28.304s] DEBUG:colcon.colcon_installed_package_information.package_discovery:Found 194 installed packages in /opt/ros/foxy
[28.366s] Level 1:colcon.colcon_core.package_discovery:discover_packages(prefix_path) using defaults
[30.080s] Level 5:colcon.colcon_core.verb:set package 'my_package' build argument 'cmake_args' from command line to 'None'
[30.081s] Level 5:colcon.colcon_core.verb:set package 'my_package' build argument 'cmake_target' from command line to 'None'
[30.081s] Level 5:colcon.colcon_core.verb:set package 'my_package' build argument 'cmake_target_skip_unavailable' from command line to 'False'
[30.082s] Level 5:colcon.colcon_core.verb:set package 'my_package' build argument 'cmake_clean_cache' from command line to 'False'
[30.082s] Level 5:colcon.colcon_core.verb:set package 'my_package' build argument 'cmake_clean_first' from command line to 'False'
[30.083s] Level 5:colcon.colcon_core.verb:set package 'my_package' build argument 'cmake_force_configure' from command line to 'False'
[30.083s] Level 5:colcon.colcon_core.verb:set package 'my_package' build argument 'ament_cmake_args' from command line to 'None'
[30.084s] Level 5:colcon.colcon_core.verb:set package 'my_package' build argument 'catkin_cmake_args' from command line to 'None'
[30.085s] Level 5:colcon.colcon_core.verb:set package 'my_package' build argument 'catkin_skip_building_tests' from command line to 'False'
[30.085s] DEBUG:colcon.colcon_core.verb:Building package 'my_package' with the following arguments: {'ament_cmake_args': None, 'build_base': '/root/dev_ws/Horizen-SmartCar-DGDZ/src/origincar/my_package/build/my_package', 'catkin_cmake_args': None, 'catkin_skip_building_tests': False, 'cmake_args': None, 'cmake_clean_cache': False, 'cmake_clean_first': False, 'cmake_force_configure': False, 'cmake_target': None, 'cmake_target_skip_unavailable': False, 'install_base': '/root/dev_ws/Horizen-SmartCar-DGDZ/src/origincar/my_package/install/my_package', 'merge_install': False, 'path': '/root/dev_ws/Horizen-SmartCar-DGDZ/src/origincar/my_package', 'symlink_install': False, 'test_result_base': None}
[30.539s] INFO:colcon.colcon_core.executor:Executing jobs using 'parallel' executor
[30.983s] DEBUG:colcon.colcon_parallel_executor.executor.parallel:run_until_complete
[30.986s] INFO:colcon.colcon_ros.task.ament_python.build:Building ROS package in '/root/dev_ws/Horizen-SmartCar-DGDZ/src/origincar/my_package' with build type 'ament_python'
[30.987s] Level 1:colcon.colcon_core.shell:create_environment_hook('my_package', 'ament_prefix_path')
[31.481s] INFO:colcon.colcon_core.plugin_system:Skipping extension 'colcon_core.shell.bat': Not used on non-Windows systems
[31.483s] INFO:colcon.colcon_core.shell:Creating environment hook '/root/dev_ws/Horizen-SmartCar-DGDZ/src/origincar/my_package/install/my_package/share/my_package/hook/ament_prefix_path.ps1'
[31.488s] INFO:colcon.colcon_core.shell:Creating environment descriptor '/root/dev_ws/Horizen-SmartCar-DGDZ/src/origincar/my_package/install/my_package/share/my_package/hook/ament_prefix_path.dsv'
[31.492s] INFO:colcon.colcon_core.shell:Creating environment hook '/root/dev_ws/Horizen-SmartCar-DGDZ/src/origincar/my_package/install/my_package/share/my_package/hook/ament_prefix_path.sh'
[31.899s] INFO:colcon.colcon_core.shell:Skip shell extension 'powershell' for command environment: Not usable outside of PowerShell
[31.899s] DEBUG:colcon.colcon_core.shell:Skip shell extension 'dsv' for command environment
[35.820s] INFO:colcon.colcon_core.task.python.build:Building Python package in '/root/dev_ws/Horizen-SmartCar-DGDZ/src/origincar/my_package'
[36.279s] INFO:colcon.colcon_core.shell:Skip shell extension 'powershell' for command environment: Not usable outside of PowerShell
[36.279s] DEBUG:colcon.colcon_core.shell:Skip shell extension 'dsv' for command environment
[41.556s] DEBUG:colcon.colcon_core.event_handler.log_command:Invoking command in '/root/dev_ws/Horizen-SmartCar-DGDZ/src/origincar/my_package': PYTHONPATH=/root/dev_ws/Horizen-SmartCar-DGDZ/src/origincar/my_package/build/my_package/prefix_override:/root/dev_ws/Horizen-SmartCar-DGDZ/src/origincar/my_package/install/my_package/lib/python3.8/site-packages:${PYTHONPATH} /usr/bin/python3 setup.py egg_info --egg-base build/my_package build --build-base /root/dev_ws/Horizen-SmartCar-DGDZ/src/origincar/my_package/build/my_package/build install --record /root/dev_ws/Horizen-SmartCar-DGDZ/src/origincar/my_package/build/my_package/install.log --install-scripts $base/lib/my_package --single-version-externally-managed
[44.327s] DEBUG:colcon.colcon_core.event_handler.log_command:Invoked command in '/root/dev_ws/Horizen-SmartCar-DGDZ/src/origincar/my_package' returned '0': PYTHONPATH=/root/dev_ws/Horizen-SmartCar-DGDZ/src/origincar/my_package/build/my_package/prefix_override:/root/dev_ws/Horizen-SmartCar-DGDZ/src/origincar/my_package/install/my_package/lib/python3.8/site-packages:${PYTHONPATH} /usr/bin/python3 setup.py egg_info --egg-base build/my_package build --build-base /root/dev_ws/Horizen-SmartCar-DGDZ/src/origincar/my_package/build/my_package/build install --record /root/dev_ws/Horizen-SmartCar-DGDZ/src/origincar/my_package/build/my_package/install.log --install-scripts $base/lib/my_package --single-version-externally-managed
[44.748s] Level 1:colcon.colcon_core.environment:checking '/root/dev_ws/Horizen-SmartCar-DGDZ/src/origincar/my_package/install/my_package' for CMake module files
[44.752s] Level 1:colcon.colcon_core.environment:checking '/root/dev_ws/Horizen-SmartCar-DGDZ/src/origincar/my_package/install/my_package' for CMake config files
[44.756s] Level 1:colcon.colcon_core.environment:checking '/root/dev_ws/Horizen-SmartCar-DGDZ/src/origincar/my_package/install/my_package/lib'
[44.758s] Level 1:colcon.colcon_core.environment:checking '/root/dev_ws/Horizen-SmartCar-DGDZ/src/origincar/my_package/install/my_package/bin'
[44.759s] Level 1:colcon.colcon_core.environment:checking '/root/dev_ws/Horizen-SmartCar-DGDZ/src/origincar/my_package/install/my_package/lib/pkgconfig/my_package.pc'
[44.761s] Level 1:colcon.colcon_core.environment:checking '/root/dev_ws/Horizen-SmartCar-DGDZ/src/origincar/my_package/install/my_package/lib/python3.8/site-packages'
[44.761s] Level 1:colcon.colcon_core.shell:create_environment_hook('my_package', 'pythonpath')
[45.191s] INFO:colcon.colcon_core.shell:Creating environment hook '/root/dev_ws/Horizen-SmartCar-DGDZ/src/origincar/my_package/install/my_package/share/my_package/hook/pythonpath.ps1'
[45.195s] INFO:colcon.colcon_core.shell:Creating environment descriptor '/root/dev_ws/Horizen-SmartCar-DGDZ/src/origincar/my_package/install/my_package/share/my_package/hook/pythonpath.dsv'
[45.200s] INFO:colcon.colcon_core.shell:Creating environment hook '/root/dev_ws/Horizen-SmartCar-DGDZ/src/origincar/my_package/install/my_package/share/my_package/hook/pythonpath.sh'
[45.206s] Level 1:colcon.colcon_core.environment:checking '/root/dev_ws/Horizen-SmartCar-DGDZ/src/origincar/my_package/install/my_package/bin'
[45.207s] Level 1:colcon.colcon_core.environment:create_environment_scripts_only(my_package)
[45.663s] INFO:colcon.colcon_core.shell:Creating package script '/root/dev_ws/Horizen-SmartCar-DGDZ/src/origincar/my_package/install/my_package/share/my_package/package.ps1'
[45.672s] INFO:colcon.colcon_core.shell:Creating package descriptor '/root/dev_ws/Horizen-SmartCar-DGDZ/src/origincar/my_package/install/my_package/share/my_package/package.dsv'
[45.676s] INFO:colcon.colcon_core.shell:Creating package script '/root/dev_ws/Horizen-SmartCar-DGDZ/src/origincar/my_package/install/my_package/share/my_package/package.sh'
[45.683s] INFO:colcon.colcon_core.shell:Creating package script '/root/dev_ws/Horizen-SmartCar-DGDZ/src/origincar/my_package/install/my_package/share/my_package/package.bash'
[45.690s] INFO:colcon.colcon_core.shell:Creating package script '/root/dev_ws/Horizen-SmartCar-DGDZ/src/origincar/my_package/install/my_package/share/my_package/package.zsh'
[45.697s] Level 1:colcon.colcon_core.environment:create_file_with_runtime_dependencies(/root/dev_ws/Horizen-SmartCar-DGDZ/src/origincar/my_package/install/my_package/share/colcon-core/packages/my_package)
[45.699s] DEBUG:colcon.colcon_parallel_executor.executor.parallel:closing loop
[45.701s] DEBUG:colcon.colcon_parallel_executor.executor.parallel:loop closed
[45.702s] DEBUG:colcon.colcon_parallel_executor.executor.parallel:run_until_complete finished with '0'
[45.703s] DEBUG:colcon.colcon_core.event_reactor:joining thread
[46.136s] INFO:colcon.colcon_core.plugin_system:Skipping extension 'colcon_notification.desktop_notification.notify_send': Could not find 'notify-send'
[46.137s] INFO:colcon.colcon_core.plugin_system:Skipping extension 'colcon_notification.desktop_notification.terminal_notifier': Not used on non-Darwin systems
[46.137s] INFO:colcon.colcon_core.plugin_system:Skipping extension 'colcon_notification.desktop_notification.win32': Not used on non-Windows systems
[46.138s] INFO:colcon.colcon_notification.desktop_notification:Sending desktop notification using 'notify2'
[46.142s] DEBUG:colcon.colcon_notification.desktop_notification.notify2:Failed to initialize notify2: org.freedesktop.DBus.Error.ServiceUnknown: The name org.freedesktop.Notifications was not provided by any .service files
[46.142s] DEBUG:colcon.colcon_core.event_reactor:joined thread
[46.520s] INFO:colcon.colcon_core.shell:Creating prefix script '/root/dev_ws/Horizen-SmartCar-DGDZ/src/origincar/my_package/install/local_setup.ps1'
[46.527s] INFO:colcon.colcon_core.shell:Creating prefix util module '/root/dev_ws/Horizen-SmartCar-DGDZ/src/origincar/my_package/install/_local_setup_util_ps1.py'
[46.543s] INFO:colcon.colcon_core.shell:Creating prefix chain script '/root/dev_ws/Horizen-SmartCar-DGDZ/src/origincar/my_package/install/setup.ps1'
[46.906s] INFO:colcon.colcon_core.shell:Creating prefix script '/root/dev_ws/Horizen-SmartCar-DGDZ/src/origincar/my_package/install/local_setup.sh'
[46.911s] INFO:colcon.colcon_core.shell:Creating prefix util module '/root/dev_ws/Horizen-SmartCar-DGDZ/src/origincar/my_package/install/_local_setup_util_sh.py'
[46.916s] INFO:colcon.colcon_core.shell:Creating prefix chain script '/root/dev_ws/Horizen-SmartCar-DGDZ/src/origincar/my_package/install/setup.sh'
[47.275s] INFO:colcon.colcon_core.shell:Creating prefix script '/root/dev_ws/Horizen-SmartCar-DGDZ/src/origincar/my_package/install/local_setup.bash'
[47.279s] INFO:colcon.colcon_core.shell:Creating prefix chain script '/root/dev_ws/Horizen-SmartCar-DGDZ/src/origincar/my_package/install/setup.bash'
[47.642s] INFO:colcon.colcon_core.shell:Creating prefix script '/root/dev_ws/Horizen-SmartCar-DGDZ/src/origincar/my_package/install/local_setup.zsh'
[47.646s] INFO:colcon.colcon_core.shell:Creating prefix chain script '/root/dev_ws/Horizen-SmartCar-DGDZ/src/origincar/my_package/install/setup.zsh'
