[3.089s] Invoking command in '/root/dev_ws/build/origincar_msg': CMAKE_PREFIX_PATH=${CMAKE_PREFIX_PATH}:/userdata/dev_ws/install/qr_code_detection:/userdata/dev_ws/install/qr_code_control:/userdata/dev_ws/install/originbot_linefollower:/userdata/dev_ws/install/originbot_demo:/opt/ros/foxy /usr/bin/cmake --build /root/dev_ws/build/origincar_msg -- -j4 -l4
[3.405s] [  2%] Built target origincar_msg__cpp
[3.432s] [ 12%] Built target origincar_msg__rosidl_generator_c
[3.706s] [ 23%] Built target origincar_msg__rosidl_typesupport_cpp
[3.813s] [ 33%] Built target origincar_msg__rosidl_typesupport_introspection_c
[3.855s] [ 43%] Built target origincar_msg__rosidl_typesupport_fastrtps_cpp
[3.858s] [ 53%] Built target origincar_msg__rosidl_typesupport_introspection_cpp
[3.978s] [ 64%] Built target origincar_msg__rosidl_typesupport_c
[4.076s] [ 74%] Built target origincar_msg__rosidl_typesupport_fastrtps_c
[4.202s] [ 74%] Built target origincar_msg
[4.351s] [ 76%] Built target origincar_msg__py
[4.524s] [ 84%] Built target origincar_msg__python
[4.748s] [ 89%] Built target origincar_msg__rosidl_typesupport_fastrtps_c__pyext
[4.801s] [ 94%] Built target origincar_msg__rosidl_typesupport_introspection_c__pyext
[4.824s] [100%] Built target origincar_msg__rosidl_typesupport_c__pyext
[5.605s] Invoked command in '/root/dev_ws/build/origincar_msg' returned '0': CMAKE_PREFIX_PATH=${CMAKE_PREFIX_PATH}:/userdata/dev_ws/install/qr_code_detection:/userdata/dev_ws/install/qr_code_control:/userdata/dev_ws/install/originbot_linefollower:/userdata/dev_ws/install/originbot_demo:/opt/ros/foxy /usr/bin/cmake --build /root/dev_ws/build/origincar_msg -- -j4 -l4
[8.995s] Invoking command in '/root/dev_ws/build/origincar_msg': CMAKE_PREFIX_PATH=${CMAKE_PREFIX_PATH}:/userdata/dev_ws/install/qr_code_detection:/userdata/dev_ws/install/qr_code_control:/userdata/dev_ws/install/originbot_linefollower:/userdata/dev_ws/install/originbot_demo:/opt/ros/foxy /usr/bin/cmake --install /root/dev_ws/build/origincar_msg
[9.106s] -- Install configuration: ""
[9.108s] -- Up-to-date: /root/dev_ws/install/origincar_msg/share/ament_index/resource_index/rosidl_interfaces/origincar_msg
[9.109s] -- Up-to-date: /root/dev_ws/install/origincar_msg/include/origincar_msg
[9.110s] -- Up-to-date: /root/dev_ws/install/origincar_msg/include/origincar_msg/msg
[9.111s] -- Up-to-date: /root/dev_ws/install/origincar_msg/include/origincar_msg/msg/data.h
[9.112s] -- Up-to-date: /root/dev_ws/install/origincar_msg/include/origincar_msg/msg/rosidl_generator_c__visibility_control.h
[9.114s] -- Up-to-date: /root/dev_ws/install/origincar_msg/include/origincar_msg/msg/sign.h
[9.115s] -- Up-to-date: /root/dev_ws/install/origincar_msg/include/origincar_msg/msg/detail
[9.119s] -- Up-to-date: /root/dev_ws/install/origincar_msg/include/origincar_msg/msg/detail/sign__type_support.h
[9.121s] -- Up-to-date: /root/dev_ws/install/origincar_msg/include/origincar_msg/msg/detail/sign__functions.h
[9.122s] -- Up-to-date: /root/dev_ws/install/origincar_msg/include/origincar_msg/msg/detail/data__functions.h
[9.123s] -- Up-to-date: /root/dev_ws/install/origincar_msg/include/origincar_msg/msg/detail/data__functions.c
[9.124s] -- Up-to-date: /root/dev_ws/install/origincar_msg/include/origincar_msg/msg/detail/data__type_support.h
[9.131s] -- Up-to-date: /root/dev_ws/install/origincar_msg/include/origincar_msg/msg/detail/sign__functions.c
[9.132s] -- Up-to-date: /root/dev_ws/install/origincar_msg/include/origincar_msg/msg/detail/data__struct.h
[9.133s] -- Up-to-date: /root/dev_ws/install/origincar_msg/include/origincar_msg/msg/detail/sign__struct.h
[9.141s] -- Up-to-date: /root/dev_ws/install/origincar_msg/share/origincar_msg/environment/library_path.sh
[9.143s] -- Up-to-date: /root/dev_ws/install/origincar_msg/share/origincar_msg/environment/library_path.dsv
[9.154s] -- Up-to-date: /root/dev_ws/install/origincar_msg/lib/liborigincar_msg__rosidl_generator_c.so
[9.155s] -- Up-to-date: /root/dev_ws/install/origincar_msg/include/origincar_msg
[9.156s] -- Up-to-date: /root/dev_ws/install/origincar_msg/include/origincar_msg/msg
[9.157s] -- Up-to-date: /root/dev_ws/install/origincar_msg/include/origincar_msg/msg/rosidl_typesupport_fastrtps_c__visibility_control.h
[9.159s] -- Up-to-date: /root/dev_ws/install/origincar_msg/include/origincar_msg/msg/detail
[9.160s] -- Up-to-date: /root/dev_ws/install/origincar_msg/include/origincar_msg/msg/detail/data__rosidl_typesupport_fastrtps_c.h
[9.161s] -- Up-to-date: /root/dev_ws/install/origincar_msg/include/origincar_msg/msg/detail/sign__rosidl_typesupport_fastrtps_c.h
[9.163s] -- Up-to-date: /root/dev_ws/install/origincar_msg/lib/liborigincar_msg__rosidl_typesupport_fastrtps_c.so
[9.165s] -- Up-to-date: /root/dev_ws/install/origincar_msg/include/origincar_msg
[9.166s] -- Up-to-date: /root/dev_ws/install/origincar_msg/include/origincar_msg/msg
[9.167s] -- Up-to-date: /root/dev_ws/install/origincar_msg/include/origincar_msg/msg/rosidl_typesupport_fastrtps_cpp__visibility_control.h
[9.168s] -- Up-to-date: /root/dev_ws/install/origincar_msg/include/origincar_msg/msg/detail
[9.169s] -- Up-to-date: /root/dev_ws/install/origincar_msg/include/origincar_msg/msg/detail/data__rosidl_typesupport_fastrtps_cpp.hpp
[9.172s] -- Up-to-date: /root/dev_ws/install/origincar_msg/include/origincar_msg/msg/detail/sign__rosidl_typesupport_fastrtps_cpp.hpp
[9.173s] -- Up-to-date: /root/dev_ws/install/origincar_msg/include/origincar_msg/msg/detail/dds_fastrtps
[9.175s] -- Up-to-date: /root/dev_ws/install/origincar_msg/lib/liborigincar_msg__rosidl_typesupport_fastrtps_cpp.so
[9.176s] -- Up-to-date: /root/dev_ws/install/origincar_msg/include/origincar_msg
[9.178s] -- Up-to-date: /root/dev_ws/install/origincar_msg/include/origincar_msg/msg
[9.179s] -- Up-to-date: /root/dev_ws/install/origincar_msg/include/origincar_msg/msg/rosidl_typesupport_introspection_c__visibility_control.h
[9.180s] -- Up-to-date: /root/dev_ws/install/origincar_msg/include/origincar_msg/msg/detail
[9.181s] -- Up-to-date: /root/dev_ws/install/origincar_msg/include/origincar_msg/msg/detail/data__rosidl_typesupport_introspection_c.h
[9.182s] -- Up-to-date: /root/dev_ws/install/origincar_msg/include/origincar_msg/msg/detail/sign__type_support.c
[9.183s] -- Up-to-date: /root/dev_ws/install/origincar_msg/include/origincar_msg/msg/detail/data__type_support.c
[9.184s] -- Up-to-date: /root/dev_ws/install/origincar_msg/include/origincar_msg/msg/detail/sign__rosidl_typesupport_introspection_c.h
[9.185s] -- Up-to-date: /root/dev_ws/install/origincar_msg/lib/liborigincar_msg__rosidl_typesupport_introspection_c.so
[9.186s] -- Up-to-date: /root/dev_ws/install/origincar_msg/lib/liborigincar_msg__rosidl_typesupport_c.so
[9.187s] -- Up-to-date: /root/dev_ws/install/origincar_msg/include/origincar_msg
[9.188s] -- Up-to-date: /root/dev_ws/install/origincar_msg/include/origincar_msg/msg
[9.189s] -- Up-to-date: /root/dev_ws/install/origincar_msg/include/origincar_msg/msg/data.hpp
[9.191s] -- Up-to-date: /root/dev_ws/install/origincar_msg/include/origincar_msg/msg/rosidl_generator_cpp__visibility_control.hpp
[9.192s] -- Up-to-date: /root/dev_ws/install/origincar_msg/include/origincar_msg/msg/detail
[9.193s] -- Up-to-date: /root/dev_ws/install/origincar_msg/include/origincar_msg/msg/detail/sign__builder.hpp
[9.194s] -- Up-to-date: /root/dev_ws/install/origincar_msg/include/origincar_msg/msg/detail/data__traits.hpp
[9.195s] -- Up-to-date: /root/dev_ws/install/origincar_msg/include/origincar_msg/msg/detail/data__builder.hpp
[9.196s] -- Up-to-date: /root/dev_ws/install/origincar_msg/include/origincar_msg/msg/detail/sign__traits.hpp
[9.197s] -- Up-to-date: /root/dev_ws/install/origincar_msg/include/origincar_msg/msg/detail/sign__struct.hpp
[9.207s] -- Up-to-date: /root/dev_ws/install/origincar_msg/include/origincar_msg/msg/detail/sign__type_support.hpp
[9.208s] -- Up-to-date: /root/dev_ws/install/origincar_msg/include/origincar_msg/msg/detail/data__type_support.hpp
[9.209s] -- Up-to-date: /root/dev_ws/install/origincar_msg/include/origincar_msg/msg/detail/data__struct.hpp
[9.210s] -- Up-to-date: /root/dev_ws/install/origincar_msg/include/origincar_msg/msg/sign.hpp
[9.211s] -- Up-to-date: /root/dev_ws/install/origincar_msg/include/origincar_msg
[9.212s] -- Up-to-date: /root/dev_ws/install/origincar_msg/include/origincar_msg/msg
[9.214s] -- Up-to-date: /root/dev_ws/install/origincar_msg/include/origincar_msg/msg/detail
[9.215s] -- Up-to-date: /root/dev_ws/install/origincar_msg/include/origincar_msg/msg/detail/sign__type_support.cpp
[9.217s] -- Up-to-date: /root/dev_ws/install/origincar_msg/include/origincar_msg/msg/detail/data__type_support.cpp
[9.223s] -- Up-to-date: /root/dev_ws/install/origincar_msg/include/origincar_msg/msg/detail/data__rosidl_typesupport_introspection_cpp.hpp
[9.234s] -- Up-to-date: /root/dev_ws/install/origincar_msg/include/origincar_msg/msg/detail/sign__rosidl_typesupport_introspection_cpp.hpp
[9.235s] -- Up-to-date: /root/dev_ws/install/origincar_msg/lib/liborigincar_msg__rosidl_typesupport_introspection_cpp.so
[9.236s] -- Up-to-date: /root/dev_ws/install/origincar_msg/lib/liborigincar_msg__rosidl_typesupport_cpp.so
[9.237s] -- Up-to-date: /root/dev_ws/install/origincar_msg/share/origincar_msg/environment/pythonpath.sh
[9.239s] -- Up-to-date: /root/dev_ws/install/origincar_msg/share/origincar_msg/environment/pythonpath.dsv
[9.239s] -- Up-to-date: /root/dev_ws/install/origincar_msg/lib/python3.8/site-packages/origincar_msg/__init__.py
[9.519s] -- Up-to-date: /root/dev_ws/install/origincar_msg/lib/python3.8/site-packages/origincar_msg/msg
[9.527s] -- Up-to-date: /root/dev_ws/install/origincar_msg/lib/python3.8/site-packages/origincar_msg/msg/_data_s.c
[9.531s] -- Up-to-date: /root/dev_ws/install/origincar_msg/lib/python3.8/site-packages/origincar_msg/msg/_sign.py
[9.534s] -- Up-to-date: /root/dev_ws/install/origincar_msg/lib/python3.8/site-packages/origincar_msg/msg/_sign_s.c
[9.538s] -- Up-to-date: /root/dev_ws/install/origincar_msg/lib/python3.8/site-packages/origincar_msg/msg/__init__.py
[9.541s] -- Up-to-date: /root/dev_ws/install/origincar_msg/lib/python3.8/site-packages/origincar_msg/msg/_data.py
[9.546s] -- Up-to-date: /root/dev_ws/install/origincar_msg/lib/python3.8/site-packages/origincar_msg/origincar_msg_s__rosidl_typesupport_fastrtps_c.cpython-38-aarch64-linux-gnu.so
[9.549s] -- Up-to-date: /root/dev_ws/install/origincar_msg/lib/python3.8/site-packages/origincar_msg/origincar_msg_s__rosidl_typesupport_introspection_c.cpython-38-aarch64-linux-gnu.so
[9.552s] -- Up-to-date: /root/dev_ws/install/origincar_msg/lib/python3.8/site-packages/origincar_msg/origincar_msg_s__rosidl_typesupport_c.cpython-38-aarch64-linux-gnu.so
[9.555s] -- Up-to-date: /root/dev_ws/install/origincar_msg/lib/liborigincar_msg__python.so
[9.559s] -- Up-to-date: /root/dev_ws/install/origincar_msg/share/origincar_msg/msg/Data.idl
[9.561s] -- Up-to-date: /root/dev_ws/install/origincar_msg/share/origincar_msg/msg/Sign.idl
[9.565s] -- Up-to-date: /root/dev_ws/install/origincar_msg/share/origincar_msg/msg/Data.msg
[9.569s] -- Up-to-date: /root/dev_ws/install/origincar_msg/share/origincar_msg/msg/Sign.msg
[9.572s] -- Up-to-date: /root/dev_ws/install/origincar_msg/share/ament_index/resource_index/package_run_dependencies/origincar_msg
[9.575s] -- Up-to-date: /root/dev_ws/install/origincar_msg/share/ament_index/resource_index/parent_prefix_path/origincar_msg
[9.577s] -- Up-to-date: /root/dev_ws/install/origincar_msg/share/origincar_msg/environment/ament_prefix_path.sh
[9.580s] -- Up-to-date: /root/dev_ws/install/origincar_msg/share/origincar_msg/environment/ament_prefix_path.dsv
[9.584s] -- Up-to-date: /root/dev_ws/install/origincar_msg/share/origincar_msg/environment/path.sh
[9.587s] -- Up-to-date: /root/dev_ws/install/origincar_msg/share/origincar_msg/environment/path.dsv
[9.589s] -- Up-to-date: /root/dev_ws/install/origincar_msg/share/origincar_msg/local_setup.bash
[9.595s] -- Up-to-date: /root/dev_ws/install/origincar_msg/share/origincar_msg/local_setup.sh
[9.599s] -- Up-to-date: /root/dev_ws/install/origincar_msg/share/origincar_msg/local_setup.zsh
[9.601s] -- Up-to-date: /root/dev_ws/install/origincar_msg/share/origincar_msg/local_setup.dsv
[9.605s] -- Installing: /root/dev_ws/install/origincar_msg/share/origincar_msg/package.dsv
[9.608s] -- Up-to-date: /root/dev_ws/install/origincar_msg/share/ament_index/resource_index/packages/origincar_msg
[9.611s] -- Up-to-date: /root/dev_ws/install/origincar_msg/share/origincar_msg/cmake/origincar_msg__rosidl_generator_cExport.cmake
[9.614s] -- Up-to-date: /root/dev_ws/install/origincar_msg/share/origincar_msg/cmake/origincar_msg__rosidl_generator_cExport-noconfig.cmake
[9.617s] -- Up-to-date: /root/dev_ws/install/origincar_msg/share/origincar_msg/cmake/origincar_msg__rosidl_typesupport_introspection_cExport.cmake
[9.620s] -- Up-to-date: /root/dev_ws/install/origincar_msg/share/origincar_msg/cmake/origincar_msg__rosidl_typesupport_introspection_cExport-noconfig.cmake
[9.623s] -- Up-to-date: /root/dev_ws/install/origincar_msg/share/origincar_msg/cmake/origincar_msg__rosidl_typesupport_cExport.cmake
[9.629s] -- Up-to-date: /root/dev_ws/install/origincar_msg/share/origincar_msg/cmake/origincar_msg__rosidl_typesupport_cExport-noconfig.cmake
[9.632s] -- Up-to-date: /root/dev_ws/install/origincar_msg/share/origincar_msg/cmake/origincar_msg__rosidl_generator_cppExport.cmake
[9.635s] -- Up-to-date: /root/dev_ws/install/origincar_msg/share/origincar_msg/cmake/origincar_msg__rosidl_typesupport_introspection_cppExport.cmake
[9.640s] -- Up-to-date: /root/dev_ws/install/origincar_msg/share/origincar_msg/cmake/origincar_msg__rosidl_typesupport_introspection_cppExport-noconfig.cmake
[9.643s] -- Up-to-date: /root/dev_ws/install/origincar_msg/share/origincar_msg/cmake/origincar_msg__rosidl_typesupport_cppExport.cmake
[9.653s] -- Up-to-date: /root/dev_ws/install/origincar_msg/share/origincar_msg/cmake/origincar_msg__rosidl_typesupport_cppExport-noconfig.cmake
[9.657s] -- Up-to-date: /root/dev_ws/install/origincar_msg/share/origincar_msg/cmake/rosidl_cmake-extras.cmake
[9.663s] -- Up-to-date: /root/dev_ws/install/origincar_msg/share/origincar_msg/cmake/ament_cmake_export_dependencies-extras.cmake
[9.666s] -- Up-to-date: /root/dev_ws/install/origincar_msg/share/origincar_msg/cmake/ament_cmake_export_libraries-extras.cmake
[9.669s] -- Up-to-date: /root/dev_ws/install/origincar_msg/share/origincar_msg/cmake/ament_cmake_export_targets-extras.cmake
[9.672s] -- Up-to-date: /root/dev_ws/install/origincar_msg/share/origincar_msg/cmake/ament_cmake_export_include_directories-extras.cmake
[9.675s] -- Up-to-date: /root/dev_ws/install/origincar_msg/share/origincar_msg/cmake/rosidl_cmake_export_typesupport_libraries-extras.cmake
[9.680s] -- Up-to-date: /root/dev_ws/install/origincar_msg/share/origincar_msg/cmake/rosidl_cmake_export_typesupport_targets-extras.cmake
[9.684s] -- Up-to-date: /root/dev_ws/install/origincar_msg/share/origincar_msg/cmake/origincar_msgConfig.cmake
[9.690s] -- Up-to-date: /root/dev_ws/install/origincar_msg/share/origincar_msg/cmake/origincar_msgConfig-version.cmake
[9.695s] -- Up-to-date: /root/dev_ws/install/origincar_msg/share/origincar_msg/package.xml
[11.188s] Invoked command in '/root/dev_ws/build/origincar_msg' returned '0': CMAKE_PREFIX_PATH=${CMAKE_PREFIX_PATH}:/userdata/dev_ws/install/qr_code_detection:/userdata/dev_ws/install/qr_code_control:/userdata/dev_ws/install/originbot_linefollower:/userdata/dev_ws/install/originbot_demo:/opt/ros/foxy /usr/bin/cmake --install /root/dev_ws/build/origincar_msg
