[2.395s] Invoking command in '/root/dev_ws/Horizen-SmartCar-DGDZ/src/origincar/build/origincar_bringup': CMAKE_PREFIX_PATH=${CMAKE_PREFIX_PATH}:/opt/ros/foxy /usr/bin/cmake --build /root/dev_ws/Horizen-SmartCar-DGDZ/src/origincar/build/origincar_bringup -- -j4 -l4
[5.605s] Invoked command in '/root/dev_ws/Horizen-SmartCar-DGDZ/src/origincar/build/origincar_bringup' returned '0': CMAKE_PREFIX_PATH=${CMAKE_PREFIX_PATH}:/opt/ros/foxy /usr/bin/cmake --build /root/dev_ws/Horizen-SmartCar-DGDZ/src/origincar/build/origincar_bringup -- -j4 -l4
[11.783s] Invoking command in '/root/dev_ws/Horizen-SmartCar-DGDZ/src/origincar/build/origincar_bringup': CMAKE_PREFIX_PATH=${CMAKE_PREFIX_PATH}:/opt/ros/foxy /usr/bin/cmake --install /root/dev_ws/Horizen-SmartCar-DGDZ/src/origincar/build/origincar_bringup
[13.708s] -- Install configuration: ""
[13.709s] -- Up-to-date: /root/dev_ws/Horizen-SmartCar-DGDZ/src/origincar/install/origincar_bringup/share/origincar_bringup/launch
[13.710s] -- Up-to-date: /root/dev_ws/Horizen-SmartCar-DGDZ/src/origincar/install/origincar_bringup/share/origincar_bringup/launch/usb_websocket_display.launch.py
[13.711s] -- Up-to-date: /root/dev_ws/Horizen-SmartCar-DGDZ/src/origincar/install/origincar_bringup/share/ament_index/resource_index/package_run_dependencies/origincar_bringup
[13.711s] -- Up-to-date: /root/dev_ws/Horizen-SmartCar-DGDZ/src/origincar/install/origincar_bringup/share/ament_index/resource_index/parent_prefix_path/origincar_bringup
[13.712s] -- Up-to-date: /root/dev_ws/Horizen-SmartCar-DGDZ/src/origincar/install/origincar_bringup/share/origincar_bringup/environment/ament_prefix_path.sh
[13.713s] -- Up-to-date: /root/dev_ws/Horizen-SmartCar-DGDZ/src/origincar/install/origincar_bringup/share/origincar_bringup/environment/ament_prefix_path.dsv
[13.713s] -- Up-to-date: /root/dev_ws/Horizen-SmartCar-DGDZ/src/origincar/install/origincar_bringup/share/origincar_bringup/environment/path.sh
[13.714s] -- Up-to-date: /root/dev_ws/Horizen-SmartCar-DGDZ/src/origincar/install/origincar_bringup/share/origincar_bringup/environment/path.dsv
[13.715s] -- Up-to-date: /root/dev_ws/Horizen-SmartCar-DGDZ/src/origincar/install/origincar_bringup/share/origincar_bringup/local_setup.bash
[13.715s] -- Up-to-date: /root/dev_ws/Horizen-SmartCar-DGDZ/src/origincar/install/origincar_bringup/share/origincar_bringup/local_setup.sh
[13.716s] -- Up-to-date: /root/dev_ws/Horizen-SmartCar-DGDZ/src/origincar/install/origincar_bringup/share/origincar_bringup/local_setup.zsh
[13.717s] -- Up-to-date: /root/dev_ws/Horizen-SmartCar-DGDZ/src/origincar/install/origincar_bringup/share/origincar_bringup/local_setup.dsv
[13.717s] -- Installing: /root/dev_ws/Horizen-SmartCar-DGDZ/src/origincar/install/origincar_bringup/share/origincar_bringup/package.dsv
[13.718s] -- Up-to-date: /root/dev_ws/Horizen-SmartCar-DGDZ/src/origincar/install/origincar_bringup/share/ament_index/resource_index/packages/origincar_bringup
[13.719s] -- Up-to-date: /root/dev_ws/Horizen-SmartCar-DGDZ/src/origincar/install/origincar_bringup/share/origincar_bringup/cmake/origincar_bringupConfig.cmake
[13.719s] -- Up-to-date: /root/dev_ws/Horizen-SmartCar-DGDZ/src/origincar/install/origincar_bringup/share/origincar_bringup/cmake/origincar_bringupConfig-version.cmake
[13.720s] -- Up-to-date: /root/dev_ws/Horizen-SmartCar-DGDZ/src/origincar/install/origincar_bringup/share/origincar_bringup/package.xml
[17.144s] Invoked command in '/root/dev_ws/Horizen-SmartCar-DGDZ/src/origincar/build/origincar_bringup' returned '0': CMAKE_PREFIX_PATH=${CMAKE_PREFIX_PATH}:/opt/ros/foxy /usr/bin/cmake --install /root/dev_ws/Horizen-SmartCar-DGDZ/src/origincar/build/origincar_bringup
