[1.630s] Invoking command in '/root/dev_ws/build/origincar_bringup': CMAKE_PREFIX_PATH=${CMAKE_PREFIX_PATH}:/userdata/dev_ws/install/qr_code_detection:/userdata/dev_ws/install/qr_code_control:/userdata/dev_ws/install/originbot_linefollower:/userdata/dev_ws/install/originbot_demo:/opt/ros/foxy /usr/bin/cmake /root/dev_ws/src/origincar/origincar_bringup -DCMAKE_INSTALL_PREFIX=/root/dev_ws/install/origincar_bringup
[3.053s] -- The C compiler identification is GNU 9.3.0
[4.295s] -- The CXX compiler identification is GNU 9.3.0
[4.345s] -- Check for working C compiler: /usr/bin/cc
[4.847s] -- Check for working C compiler: /usr/bin/cc -- works
[4.853s] -- Detecting C compiler ABI info
[5.330s] -- Detecting C compiler ABI info - done
[5.427s] -- Detecting C compile features
[5.429s] -- Detecting C compile features - done
[5.450s] -- Check for working CXX compiler: /usr/bin/c++
[5.973s] -- Check for working CXX compiler: /usr/bin/c++ -- works
[5.981s] -- Detecting CXX compiler ABI info
[6.534s] -- Detecting CXX compiler ABI info - done
[6.681s] -- Detecting CXX compile features
[6.685s] -- Detecting CXX compile features - done
[6.707s] -- Found ament_cmake: 0.9.12 (/opt/tros/share/ament_cmake/cmake)
[7.016s] -- Found PythonInterp: /usr/bin/python3 (found suitable version "3.8.10", minimum required is "3") 
[7.017s] -- Using PYTHON_EXECUTABLE: /usr/bin/python3
[9.026s] -- Found ament_lint_auto: 0.9.8 (/opt/tros/share/ament_lint_auto/cmake)
[9.972s] -- Added test 'copyright' to check source files copyright and LICENSE
[9.985s] -- Added test 'flake8' to check Python code syntax and style conventions
[9.992s] -- Added test 'lint_cmake' to check CMake code style
[10.000s] -- Added test 'pep257' to check Python code against some of the style conventions in PEP 257
[10.010s] -- Added test 'xmllint' to check XML markup files
[10.034s] -- Configuring done
[10.057s] -- Generating done
[10.066s] -- Build files have been written to: /root/dev_ws/build/origincar_bringup
[10.124s] Invoked command in '/root/dev_ws/build/origincar_bringup' returned '0': CMAKE_PREFIX_PATH=${CMAKE_PREFIX_PATH}:/userdata/dev_ws/install/qr_code_detection:/userdata/dev_ws/install/qr_code_control:/userdata/dev_ws/install/originbot_linefollower:/userdata/dev_ws/install/originbot_demo:/opt/ros/foxy /usr/bin/cmake /root/dev_ws/src/origincar/origincar_bringup -DCMAKE_INSTALL_PREFIX=/root/dev_ws/install/origincar_bringup
[10.127s] Invoking command in '/root/dev_ws/build/origincar_bringup': CMAKE_PREFIX_PATH=${CMAKE_PREFIX_PATH}:/userdata/dev_ws/install/qr_code_detection:/userdata/dev_ws/install/qr_code_control:/userdata/dev_ws/install/originbot_linefollower:/userdata/dev_ws/install/originbot_demo:/opt/ros/foxy /usr/bin/cmake --build /root/dev_ws/build/origincar_bringup -- -j4 -l4
[10.425s] Invoked command in '/root/dev_ws/build/origincar_bringup' returned '0': CMAKE_PREFIX_PATH=${CMAKE_PREFIX_PATH}:/userdata/dev_ws/install/qr_code_detection:/userdata/dev_ws/install/qr_code_control:/userdata/dev_ws/install/originbot_linefollower:/userdata/dev_ws/install/originbot_demo:/opt/ros/foxy /usr/bin/cmake --build /root/dev_ws/build/origincar_bringup -- -j4 -l4
[10.602s] Invoking command in '/root/dev_ws/build/origincar_bringup': CMAKE_PREFIX_PATH=${CMAKE_PREFIX_PATH}:/userdata/dev_ws/install/qr_code_detection:/userdata/dev_ws/install/qr_code_control:/userdata/dev_ws/install/originbot_linefollower:/userdata/dev_ws/install/originbot_demo:/opt/ros/foxy /usr/bin/cmake --install /root/dev_ws/build/origincar_bringup
[10.662s] -- Install configuration: ""
[10.664s] -- Installing: /root/dev_ws/install/origincar_bringup/share/origincar_bringup/launch
[10.665s] -- Installing: /root/dev_ws/install/origincar_bringup/share/origincar_bringup/launch/usb_websocket_display.launch.py
[10.667s] -- Installing: /root/dev_ws/install/origincar_bringup/share/ament_index/resource_index/package_run_dependencies/origincar_bringup
[10.668s] -- Installing: /root/dev_ws/install/origincar_bringup/share/ament_index/resource_index/parent_prefix_path/origincar_bringup
[10.670s] -- Installing: /root/dev_ws/install/origincar_bringup/share/origincar_bringup/environment/ament_prefix_path.sh
[10.672s] -- Installing: /root/dev_ws/install/origincar_bringup/share/origincar_bringup/environment/ament_prefix_path.dsv
[10.674s] -- Installing: /root/dev_ws/install/origincar_bringup/share/origincar_bringup/environment/path.sh
[10.675s] -- Installing: /root/dev_ws/install/origincar_bringup/share/origincar_bringup/environment/path.dsv
[10.677s] -- Installing: /root/dev_ws/install/origincar_bringup/share/origincar_bringup/local_setup.bash
[10.678s] -- Installing: /root/dev_ws/install/origincar_bringup/share/origincar_bringup/local_setup.sh
[10.680s] -- Installing: /root/dev_ws/install/origincar_bringup/share/origincar_bringup/local_setup.zsh
[10.681s] -- Installing: /root/dev_ws/install/origincar_bringup/share/origincar_bringup/local_setup.dsv
[10.682s] -- Installing: /root/dev_ws/install/origincar_bringup/share/origincar_bringup/package.dsv
[10.683s] -- Installing: /root/dev_ws/install/origincar_bringup/share/ament_index/resource_index/packages/origincar_bringup
[10.700s] -- Installing: /root/dev_ws/install/origincar_bringup/share/origincar_bringup/cmake/origincar_bringupConfig.cmake
[10.702s] -- Installing: /root/dev_ws/install/origincar_bringup/share/origincar_bringup/cmake/origincar_bringupConfig-version.cmake
[10.703s] -- Installing: /root/dev_ws/install/origincar_bringup/share/origincar_bringup/package.xml
[10.704s] Invoked command in '/root/dev_ws/build/origincar_bringup' returned '0': CMAKE_PREFIX_PATH=${CMAKE_PREFIX_PATH}:/userdata/dev_ws/install/qr_code_detection:/userdata/dev_ws/install/qr_code_control:/userdata/dev_ws/install/originbot_linefollower:/userdata/dev_ws/install/originbot_demo:/opt/ros/foxy /usr/bin/cmake --install /root/dev_ws/build/origincar_bringup
