-- Found rosidl_default_generators: 1.0.1 (/opt/tros/share/rosidl_default_generators/cmake)
-- Found ament_cmake_core: 0.9.12 (/opt/tros/share/ament_cmake_core/cmake)
-- Using PYTHON_EXECUTABLE: /usr/bin/python3
-- Override CMake install command with custom implementation using symlinks instead of copying resources
-- Using all available rosidl_typesupport_c: rosidl_typesupport_fastrtps_c;rosidl_typesupport_introspection_c
-- Found rosidl_adapter: 1.3.1 (/opt/tros/share/rosidl_adapter/cmake)
-- Using all available rosidl_typesupport_cpp: rosidl_typesupport_fastrtps_cpp;rosidl_typesupport_introspection_cpp
-- Configuring done
-- Generating done
-- Build files have been written to: /root/dev_ws/Horizen-SmartCar-DGDZ/build/serial
[ 25%] [32mBuilding CXX object CMakeFiles/serial.dir/src/serial.cc.o[0m
[ 50%] [32mBuilding CXX object CMakeFiles/serial.dir/src/impl/unix.cc.o[0m
[ 75%] [32mBuilding CXX object CMakeFiles/serial.dir/src/impl/list_ports/list_ports_linux.cc.o[0m
[100%] [32m[1mLinking CXX static library libserial.a[0m
[100%] Built target serial
-- Install configuration: ""
-- Execute custom install script
-- Symlinking: /root/dev_ws/Horizen-SmartCar-DGDZ/install/serial/lib/libserial.a
-- Symlinking: /root/dev_ws/Horizen-SmartCar-DGDZ/install/serial/share/serial/environment/library_path.sh
-- Symlinking: /root/dev_ws/Horizen-SmartCar-DGDZ/install/serial/share/serial/environment/library_path.dsv
-- Symlinking: /root/dev_ws/Horizen-SmartCar-DGDZ/install/serial/include/serial/impl/unix.h
-- Symlinking: /root/dev_ws/Horizen-SmartCar-DGDZ/install/serial/include/serial/impl/win.h
-- Symlinking: /root/dev_ws/Horizen-SmartCar-DGDZ/install/serial/include/serial/serial.h
-- Symlinking: /root/dev_ws/Horizen-SmartCar-DGDZ/install/serial/include/serial/v8stdint.h
-- Symlinking: /root/dev_ws/Horizen-SmartCar-DGDZ/install/serial/share/ament_index/resource_index/package_run_dependencies/serial
-- Symlinking: /root/dev_ws/Horizen-SmartCar-DGDZ/install/serial/share/ament_index/resource_index/parent_prefix_path/serial
-- Symlinking: /root/dev_ws/Horizen-SmartCar-DGDZ/install/serial/share/serial/environment/ament_prefix_path.sh
-- Symlinking: /root/dev_ws/Horizen-SmartCar-DGDZ/install/serial/share/serial/environment/ament_prefix_path.dsv
-- Symlinking: /root/dev_ws/Horizen-SmartCar-DGDZ/install/serial/share/serial/environment/path.sh
-- Symlinking: /root/dev_ws/Horizen-SmartCar-DGDZ/install/serial/share/serial/environment/path.dsv
-- Symlinking: /root/dev_ws/Horizen-SmartCar-DGDZ/install/serial/share/serial/local_setup.bash
-- Symlinking: /root/dev_ws/Horizen-SmartCar-DGDZ/install/serial/share/serial/local_setup.sh
-- Symlinking: /root/dev_ws/Horizen-SmartCar-DGDZ/install/serial/share/serial/local_setup.zsh
-- Symlinking: /root/dev_ws/Horizen-SmartCar-DGDZ/install/serial/share/serial/local_setup.dsv
-- Symlinking: /root/dev_ws/Horizen-SmartCar-DGDZ/install/serial/share/serial/package.dsv
-- Symlinking: /root/dev_ws/Horizen-SmartCar-DGDZ/install/serial/share/ament_index/resource_index/packages/serial
-- Symlinking: /root/dev_ws/Horizen-SmartCar-DGDZ/install/serial/share/serial/cmake/ament_cmake_export_include_directories-extras.cmake
-- Symlinking: /root/dev_ws/Horizen-SmartCar-DGDZ/install/serial/share/serial/cmake/ament_cmake_export_libraries-extras.cmake
-- Symlinking: /root/dev_ws/Horizen-SmartCar-DGDZ/install/serial/share/serial/cmake/ament_cmake_export_dependencies-extras.cmake
-- Symlinking: /root/dev_ws/Horizen-SmartCar-DGDZ/install/serial/share/serial/cmake/serialConfig.cmake
-- Symlinking: /root/dev_ws/Horizen-SmartCar-DGDZ/install/serial/share/serial/cmake/serialConfig-version.cmake
-- Symlinking: /root/dev_ws/Horizen-SmartCar-DGDZ/install/serial/share/serial/package.xml
