-- Found rosidl_default_generators: 1.0.1 (/opt/tros/share/rosidl_default_generators/cmake)
-- Found ament_cmake_core: 0.9.12 (/opt/tros/share/ament_cmake_core/cmake)
-- Using PYTHON_EXECUTABLE: /usr/bin/python3
-- Override CMake install command with custom implementation using symlinks instead of copying resources
-- Using all available rosidl_typesupport_c: rosidl_typesupport_fastrtps_c;rosidl_typesupport_introspection_c
-- Found rosidl_adapter: 1.3.1 (/opt/tros/share/rosidl_adapter/cmake)
-- Using all available rosidl_typesupport_cpp: rosidl_typesupport_fastrtps_cpp;rosidl_typesupport_introspection_cpp
-- Configuring done
-- Generating done
-- Build files have been written to: /root/dev_ws/Horizen-SmartCar-DGDZ/build/serial
[ 25%] [32mBuilding CXX object CMakeFiles/serial.dir/src/serial.cc.o[0m
[ 50%] [32mBuilding CXX object CMakeFiles/serial.dir/src/impl/unix.cc.o[0m
[ 75%] [32mBuilding CXX object CMakeFiles/serial.dir/src/impl/list_ports/list_ports_linux.cc.o[0m
[01m[K/root/dev_ws/Horizen-SmartCar-DGDZ/src/origincar/3rdparty/serial_ros2/src/impl/list_ports/list_ports_linux.cc:[m[K In function ‘[01m[Kstd::vector<std::__cxx11::basic_string<char> > glob(const std::vector<std::__cxx11::basic_string<char> >&)[m[K’:
[01m[K/root/dev_ws/Horizen-SmartCar-DGDZ/src/origincar/3rdparty/serial_ros2/src/impl/list_ports/list_ports_linux.cc:66:40:[m[K [01;35m[Kwarning: [m[Kcomparison of integer expressions of different signedness: ‘[01m[Kint[m[K’ and ‘[01m[Ksize_t[m[K’ {aka ‘[01m[Klong unsigned int[m[K’} [[01;35m[K-Wsign-compare[m[K]
   66 |     for(int path_index = 0; [01;35m[Kpath_index < glob_results.gl_pathc[m[K; path_index++)
      |                             [01;35m[K~~~~~~~~~~~^~~~~~~~~~~~~~~~~~~~~~~[m[K
[01m[K/root/dev_ws/Horizen-SmartCar-DGDZ/src/origincar/3rdparty/serial_ros2/src/impl/list_ports/list_ports_linux.cc:57:9:[m[K [01;35m[Kwarning: [m[Kvariable ‘[01m[Kglob_retval[m[K’ set but not used [[01;35m[K-Wunused-but-set-variable[m[K]
   57 |     int [01;35m[Kglob_retval[m[K = glob(patterns[0].c_str(), 0, NULL, &glob_results);
      |         [01;35m[K^~~~~~~~~~~[m[K
[01m[K/root/dev_ws/Horizen-SmartCar-DGDZ/src/origincar/3rdparty/serial_ros2/src/impl/list_ports/list_ports_linux.cc:[m[K In function ‘[01m[Kstd::string format(const char*, ...)[m[K’:
[01m[K/root/dev_ws/Horizen-SmartCar-DGDZ/src/origincar/3rdparty/serial_ros2/src/impl/list_ports/list_ports_linux.cc:246:31:[m[K [01;35m[Kwarning: [m[Kcomparison of integer expressions of different signedness: ‘[01m[Kint[m[K’ and ‘[01m[Ksize_t[m[K’ {aka ‘[01m[Klong unsigned int[m[K’} [[01;35m[K-Wsign-compare[m[K]
  246 |         else if( [01;35m[Kreturn_value >= buffer_size_bytes[m[K )
      |                  [01;35m[K~~~~~~~~~~~~~^~~~~~~~~~~~~~~~~~~~[m[K
[100%] [32m[1mLinking CXX static library libserial.a[0m
[100%] Built target serial
-- Install configuration: ""
-- Execute custom install script
-- Symlinking: /root/dev_ws/Horizen-SmartCar-DGDZ/install/serial/lib/libserial.a
-- Symlinking: /root/dev_ws/Horizen-SmartCar-DGDZ/install/serial/share/serial/environment/library_path.sh
-- Symlinking: /root/dev_ws/Horizen-SmartCar-DGDZ/install/serial/share/serial/environment/library_path.dsv
-- Symlinking: /root/dev_ws/Horizen-SmartCar-DGDZ/install/serial/include/serial/impl/unix.h
-- Symlinking: /root/dev_ws/Horizen-SmartCar-DGDZ/install/serial/include/serial/impl/win.h
-- Symlinking: /root/dev_ws/Horizen-SmartCar-DGDZ/install/serial/include/serial/serial.h
-- Symlinking: /root/dev_ws/Horizen-SmartCar-DGDZ/install/serial/include/serial/v8stdint.h
-- Symlinking: /root/dev_ws/Horizen-SmartCar-DGDZ/install/serial/share/ament_index/resource_index/package_run_dependencies/serial
-- Symlinking: /root/dev_ws/Horizen-SmartCar-DGDZ/install/serial/share/ament_index/resource_index/parent_prefix_path/serial
-- Symlinking: /root/dev_ws/Horizen-SmartCar-DGDZ/install/serial/share/serial/environment/ament_prefix_path.sh
-- Symlinking: /root/dev_ws/Horizen-SmartCar-DGDZ/install/serial/share/serial/environment/ament_prefix_path.dsv
-- Symlinking: /root/dev_ws/Horizen-SmartCar-DGDZ/install/serial/share/serial/environment/path.sh
-- Symlinking: /root/dev_ws/Horizen-SmartCar-DGDZ/install/serial/share/serial/environment/path.dsv
-- Symlinking: /root/dev_ws/Horizen-SmartCar-DGDZ/install/serial/share/serial/local_setup.bash
-- Symlinking: /root/dev_ws/Horizen-SmartCar-DGDZ/install/serial/share/serial/local_setup.sh
-- Symlinking: /root/dev_ws/Horizen-SmartCar-DGDZ/install/serial/share/serial/local_setup.zsh
-- Symlinking: /root/dev_ws/Horizen-SmartCar-DGDZ/install/serial/share/serial/local_setup.dsv
-- Symlinking: /root/dev_ws/Horizen-SmartCar-DGDZ/install/serial/share/serial/package.dsv
-- Symlinking: /root/dev_ws/Horizen-SmartCar-DGDZ/install/serial/share/ament_index/resource_index/packages/serial
-- Symlinking: /root/dev_ws/Horizen-SmartCar-DGDZ/install/serial/share/serial/cmake/ament_cmake_export_include_directories-extras.cmake
-- Symlinking: /root/dev_ws/Horizen-SmartCar-DGDZ/install/serial/share/serial/cmake/ament_cmake_export_libraries-extras.cmake
-- Symlinking: /root/dev_ws/Horizen-SmartCar-DGDZ/install/serial/share/serial/cmake/ament_cmake_export_dependencies-extras.cmake
-- Symlinking: /root/dev_ws/Horizen-SmartCar-DGDZ/install/serial/share/serial/cmake/serialConfig.cmake
-- Symlinking: /root/dev_ws/Horizen-SmartCar-DGDZ/install/serial/share/serial/cmake/serialConfig-version.cmake
-- Symlinking: /root/dev_ws/Horizen-SmartCar-DGDZ/install/serial/share/serial/package.xml
