[1.544s] Invoking command in '/root/dev_ws/build/serial': CMAKE_PREFIX_PATH=${CMAKE_PREFIX_PATH}:/root/dev_ws/install/tf2_tools:/opt/ros/foxy /usr/bin/cmake --build /root/dev_ws/build/serial -- -j4 -l4
[2.017s] [100%] Built target serial
[2.120s] Invoked command in '/root/dev_ws/build/serial' returned '0': CMAKE_PREFIX_PATH=${CMAKE_PREFIX_PATH}:/root/dev_ws/install/tf2_tools:/opt/ros/foxy /usr/bin/cmake --build /root/dev_ws/build/serial -- -j4 -l4
[3.645s] Invoking command in '/root/dev_ws/build/serial': CMAKE_PREFIX_PATH=${CMAKE_PREFIX_PATH}:/root/dev_ws/install/tf2_tools:/opt/ros/foxy /usr/bin/cmake --install /root/dev_ws/build/serial
[3.717s] -- Install configuration: ""
[3.719s] -- Up-to-date: /root/dev_ws/install/serial/lib/libserial.a
[3.723s] -- Up-to-date: /root/dev_ws/install/serial/share/serial/environment/library_path.sh
[3.725s] -- Up-to-date: /root/dev_ws/install/serial/share/serial/environment/library_path.dsv
[3.726s] -- Up-to-date: /root/dev_ws/install/serial/include/serial
[3.727s] -- Up-to-date: /root/dev_ws/install/serial/include/serial/v8stdint.h
[3.729s] -- Up-to-date: /root/dev_ws/install/serial/include/serial/serial.h
[3.730s] -- Up-to-date: /root/dev_ws/install/serial/include/serial/impl
[3.731s] -- Up-to-date: /root/dev_ws/install/serial/include/serial/impl/win.h
[3.734s] -- Up-to-date: /root/dev_ws/install/serial/include/serial/impl/unix.h
[3.738s] -- Up-to-date: /root/dev_ws/install/serial/share/ament_index/resource_index/package_run_dependencies/serial
[3.742s] -- Up-to-date: /root/dev_ws/install/serial/share/ament_index/resource_index/parent_prefix_path/serial
[3.747s] -- Up-to-date: /root/dev_ws/install/serial/share/serial/environment/ament_prefix_path.sh
[3.750s] -- Up-to-date: /root/dev_ws/install/serial/share/serial/environment/ament_prefix_path.dsv
[3.758s] -- Up-to-date: /root/dev_ws/install/serial/share/serial/environment/path.sh
[3.762s] -- Up-to-date: /root/dev_ws/install/serial/share/serial/environment/path.dsv
[3.765s] -- Up-to-date: /root/dev_ws/install/serial/share/serial/local_setup.bash
[3.769s] -- Up-to-date: /root/dev_ws/install/serial/share/serial/local_setup.sh
[3.772s] -- Up-to-date: /root/dev_ws/install/serial/share/serial/local_setup.zsh
[3.775s] -- Up-to-date: /root/dev_ws/install/serial/share/serial/local_setup.dsv
[3.779s] -- Installing: /root/dev_ws/install/serial/share/serial/package.dsv
[3.789s] -- Up-to-date: /root/dev_ws/install/serial/share/ament_index/resource_index/packages/serial
[3.792s] -- Up-to-date: /root/dev_ws/install/serial/share/serial/cmake/ament_cmake_export_include_directories-extras.cmake
[3.796s] -- Up-to-date: /root/dev_ws/install/serial/share/serial/cmake/ament_cmake_export_libraries-extras.cmake
[3.800s] -- Up-to-date: /root/dev_ws/install/serial/share/serial/cmake/ament_cmake_export_dependencies-extras.cmake
[3.802s] -- Up-to-date: /root/dev_ws/install/serial/share/serial/cmake/serialConfig.cmake
[3.805s] -- Up-to-date: /root/dev_ws/install/serial/share/serial/cmake/serialConfig-version.cmake
[3.806s] -- Up-to-date: /root/dev_ws/install/serial/share/serial/package.xml
[6.510s] Invoked command in '/root/dev_ws/build/serial' returned '0': CMAKE_PREFIX_PATH=${CMAKE_PREFIX_PATH}:/root/dev_ws/install/tf2_tools:/opt/ros/foxy /usr/bin/cmake --install /root/dev_ws/build/serial
