[5.089s] Invoking command in '/root/dev_ws/Horizen-SmartCar-DGDZ/src/build/ackermann_msgs': CMAKE_PREFIX_PATH=${CMAKE_PREFIX_PATH}:/opt/ros/foxy /usr/bin/cmake /root/dev_ws/Horizen-SmartCar-DGDZ/src/origincar/3rdparty/ackermann_msgs-ros2 -DCMAKE_INSTALL_PREFIX=/root/dev_ws/Horizen-SmartCar-DGDZ/src/install/ackermann_msgs
[5.658s] -- The C compiler identification is GNU 9.3.0
[6.093s] -- The CXX compiler identification is GNU 9.3.0
[6.123s] -- Check for working C compiler: /usr/bin/cc
[6.647s] -- Check for working C compiler: /usr/bin/cc -- works
[6.654s] -- Detecting C compiler ABI info
[7.119s] -- Detecting C compiler ABI info - done
[7.230s] -- Detecting C compile features
[7.234s] -- Detecting C compile features - done
[7.255s] -- Check for working CXX compiler: /usr/bin/c++
[7.816s] -- Check for working CXX compiler: /usr/bin/c++ -- works
[7.825s] -- Detecting CXX compiler ABI info
[8.375s] -- Detecting CXX compiler ABI info - done
[8.512s] -- Detecting CXX compile features
[8.516s] -- Detecting CXX compile features - done
[8.536s] -- Found ament_cmake: 0.9.12 (/opt/tros/share/ament_cmake/cmake)
[8.820s] -- Found PythonInterp: /usr/bin/python3 (found suitable version "3.8.10", minimum required is "3") 
[8.821s] -- Using PYTHON_EXECUTABLE: /usr/bin/python3
[10.735s] -- Found rosidl_default_generators: 1.0.1 (/opt/tros/share/rosidl_default_generators/cmake)
[10.762s] -- Using all available rosidl_typesupport_c: rosidl_typesupport_fastrtps_c;rosidl_typesupport_introspection_c
[10.810s] -- Found rosidl_adapter: 1.3.1 (/opt/tros/share/rosidl_adapter/cmake)
[11.118s] -- Found FastRTPS: /opt/tros/include  
[11.710s] -- Using all available rosidl_typesupport_cpp: rosidl_typesupport_fastrtps_cpp;rosidl_typesupport_introspection_cpp
[11.946s] -- Found std_msgs: 2.0.5 (/opt/tros/share/std_msgs/cmake)
[12.536s] -- Found PythonInterp: /usr/bin/python3 (found version "3.8.10") 
[14.090s] -- Found ament_cmake_cppcheck: 0.9.8 (/opt/tros/share/ament_cmake_cppcheck/cmake)
[14.103s] -- Found ament_cmake_cpplint: 0.9.8 (/opt/tros/share/ament_cmake_cpplint/cmake)
[14.116s] -- Found ament_cmake_uncrustify: 0.9.8 (/opt/tros/share/ament_cmake_uncrustify/cmake)
[14.133s] -- Found ament_cmake_ros: 0.9.2 (/opt/tros/share/ament_cmake_ros/cmake)
[16.110s] -- Using all available rosidl_typesupport_c: rosidl_typesupport_fastrtps_c;rosidl_typesupport_introspection_c
[16.988s] -- Using all available rosidl_typesupport_cpp: rosidl_typesupport_fastrtps_cpp;rosidl_typesupport_introspection_cpp
[17.415s] -- Found PythonInterp: /usr/bin/python3 (found suitable version "3.8.10", minimum required is "3.5") 
[17.426s] -- Found python_cmake_module: 0.8.1 (/opt/tros/share/python_cmake_module/cmake)
[17.780s] -- Found PythonLibs: /usr/lib/aarch64-linux-gnu/libpython3.8.so (found suitable version "3.8.10", minimum required is "3.5") 
[17.781s] -- Using PYTHON_EXECUTABLE: /usr/bin/python3
[17.783s] -- Using PYTHON_INCLUDE_DIRS: /usr/include/python3.8
[17.784s] -- Using PYTHON_LIBRARIES: /usr/lib/aarch64-linux-gnu/libpython3.8.so
[18.227s] -- Found PythonExtra: .so  
[19.281s] -- Found ament_cmake_flake8: 0.9.8 (/opt/tros/share/ament_cmake_flake8/cmake)
[19.300s] -- Found ament_cmake_pep257: 0.9.8 (/opt/tros/share/ament_cmake_pep257/cmake)
[19.387s] -- Configuring done
[19.786s] -- Generating done
[19.827s] -- Build files have been written to: /root/dev_ws/Horizen-SmartCar-DGDZ/src/build/ackermann_msgs
[20.310s] Invoked command in '/root/dev_ws/Horizen-SmartCar-DGDZ/src/build/ackermann_msgs' returned '0': CMAKE_PREFIX_PATH=${CMAKE_PREFIX_PATH}:/opt/ros/foxy /usr/bin/cmake /root/dev_ws/Horizen-SmartCar-DGDZ/src/origincar/3rdparty/ackermann_msgs-ros2 -DCMAKE_INSTALL_PREFIX=/root/dev_ws/Horizen-SmartCar-DGDZ/src/install/ackermann_msgs
[20.319s] Invoking command in '/root/dev_ws/Horizen-SmartCar-DGDZ/src/build/ackermann_msgs': CMAKE_PREFIX_PATH=${CMAKE_PREFIX_PATH}:/opt/ros/foxy /usr/bin/cmake --build /root/dev_ws/Horizen-SmartCar-DGDZ/src/build/ackermann_msgs -- -j4 -l4
[20.715s] [  2%] [34m[1mGenerating C code for ROS interfaces[0m
[20.781s] [35m[1mScanning dependencies of target ackermann_msgs__cpp[0m
[20.928s] [  5%] [34m[1mGenerating C++ code for ROS interfaces[0m
[26.608s] [35m[1mScanning dependencies of target ackermann_msgs__rosidl_generator_c[0m
[26.812s] [  7%] [32mBuilding C object CMakeFiles/ackermann_msgs__rosidl_generator_c.dir/rosidl_generator_c/ackermann_msgs/msg/detail/ackermann_drive__functions.c.o[0m
[27.280s] [ 10%] [32mBuilding C object CMakeFiles/ackermann_msgs__rosidl_generator_c.dir/rosidl_generator_c/ackermann_msgs/msg/detail/ackermann_drive_stamped__functions.c.o[0m
[27.864s] [ 12%] [32m[1mLinking C shared library libackermann_msgs__rosidl_generator_c.so[0m
[28.005s] [ 12%] Built target ackermann_msgs__cpp
[28.284s] [ 12%] Built target ackermann_msgs__rosidl_generator_c
[28.444s] [ 15%] [34m[1mGenerating C++ type support for eProsima Fast-RTPS[0m
[33.716s] [35m[1mScanning dependencies of target ackermann_msgs__rosidl_typesupport_fastrtps_cpp[0m
[33.978s] [ 17%] [32mBuilding CXX object CMakeFiles/ackermann_msgs__rosidl_typesupport_fastrtps_cpp.dir/rosidl_typesupport_fastrtps_cpp/ackermann_msgs/msg/detail/dds_fastrtps/ackermann_drive__type_support.cpp.o[0m
[38.312s] [ 20%] [32mBuilding CXX object CMakeFiles/ackermann_msgs__rosidl_typesupport_fastrtps_cpp.dir/rosidl_typesupport_fastrtps_cpp/ackermann_msgs/msg/detail/dds_fastrtps/ackermann_drive_stamped__type_support.cpp.o[0m
[42.448s] [ 23%] [32m[1mLinking CXX shared library libackermann_msgs__rosidl_typesupport_fastrtps_cpp.so[0m
[43.171s] [ 23%] Built target ackermann_msgs__rosidl_typesupport_fastrtps_cpp
[43.232s] [ 25%] [34m[1mGenerating C introspection for ROS interfaces[0m
[47.179s] [35m[1mScanning dependencies of target ackermann_msgs__rosidl_typesupport_introspection_c[0m
[47.251s] [ 28%] [32mBuilding C object CMakeFiles/ackermann_msgs__rosidl_typesupport_introspection_c.dir/rosidl_typesupport_introspection_c/ackermann_msgs/msg/detail/ackermann_drive__type_support.c.o[0m
[47.456s] [ 30%] [32mBuilding C object CMakeFiles/ackermann_msgs__rosidl_typesupport_introspection_c.dir/rosidl_typesupport_introspection_c/ackermann_msgs/msg/detail/ackermann_drive_stamped__type_support.c.o[0m
[47.693s] [ 33%] [32m[1mLinking C shared library libackermann_msgs__rosidl_typesupport_introspection_c.so[0m
[48.045s] [ 33%] Built target ackermann_msgs__rosidl_typesupport_introspection_c
[48.142s] [ 35%] [34m[1mGenerating C type support dispatch for ROS interfaces[0m
[51.894s] [35m[1mScanning dependencies of target ackermann_msgs__rosidl_typesupport_c[0m
[51.970s] [ 38%] [32mBuilding CXX object CMakeFiles/ackermann_msgs__rosidl_typesupport_c.dir/rosidl_typesupport_c/ackermann_msgs/msg/ackermann_drive__type_support.cpp.o[0m
[52.173s] [ 41%] [32mBuilding CXX object CMakeFiles/ackermann_msgs__rosidl_typesupport_c.dir/rosidl_typesupport_c/ackermann_msgs/msg/ackermann_drive_stamped__type_support.cpp.o[0m
[52.386s] [ 43%] [32m[1mLinking CXX shared library libackermann_msgs__rosidl_typesupport_c.so[0m
[52.615s] [ 43%] Built target ackermann_msgs__rosidl_typesupport_c
[52.670s] [ 46%] [34m[1mGenerating C type support for eProsima Fast-RTPS[0m
[56.489s] [35m[1mScanning dependencies of target ackermann_msgs__rosidl_typesupport_fastrtps_c[0m
[56.573s] [ 48%] [32mBuilding CXX object CMakeFiles/ackermann_msgs__rosidl_typesupport_fastrtps_c.dir/rosidl_typesupport_fastrtps_c/ackermann_msgs/msg/detail/ackermann_drive__type_support_c.cpp.o[0m
[59.279s] [ 51%] [32mBuilding CXX object CMakeFiles/ackermann_msgs__rosidl_typesupport_fastrtps_c.dir/rosidl_typesupport_fastrtps_c/ackermann_msgs/msg/detail/ackermann_drive_stamped__type_support_c.cpp.o[0m
[61.840s] [ 53%] [32m[1mLinking CXX shared library libackermann_msgs__rosidl_typesupport_fastrtps_c.so[0m
[62.447s] [ 53%] Built target ackermann_msgs__rosidl_typesupport_fastrtps_c
[62.503s] [ 56%] [34m[1mGenerating C++ introspection for ROS interfaces[0m
[65.807s] [35m[1mScanning dependencies of target ackermann_msgs__rosidl_typesupport_introspection_cpp[0m
[65.871s] [ 58%] [32mBuilding CXX object CMakeFiles/ackermann_msgs__rosidl_typesupport_introspection_cpp.dir/rosidl_typesupport_introspection_cpp/ackermann_msgs/msg/detail/ackermann_drive__type_support.cpp.o[0m
[67.965s] [ 61%] [32mBuilding CXX object CMakeFiles/ackermann_msgs__rosidl_typesupport_introspection_cpp.dir/rosidl_typesupport_introspection_cpp/ackermann_msgs/msg/detail/ackermann_drive_stamped__type_support.cpp.o[0m
[70.722s] [ 64%] [32m[1mLinking CXX shared library libackermann_msgs__rosidl_typesupport_introspection_cpp.so[0m
[71.184s] [ 64%] Built target ackermann_msgs__rosidl_typesupport_introspection_cpp
[71.234s] [ 66%] [34m[1mGenerating C++ type support dispatch for ROS interfaces[0m
[74.448s] [35m[1mScanning dependencies of target ackermann_msgs__rosidl_typesupport_cpp[0m
[74.515s] [ 69%] [32mBuilding CXX object CMakeFiles/ackermann_msgs__rosidl_typesupport_cpp.dir/rosidl_typesupport_cpp/ackermann_msgs/msg/ackermann_drive__type_support.cpp.o[0m
[76.734s] [ 71%] [32mBuilding CXX object CMakeFiles/ackermann_msgs__rosidl_typesupport_cpp.dir/rosidl_typesupport_cpp/ackermann_msgs/msg/ackermann_drive_stamped__type_support.cpp.o[0m
[78.685s] [ 74%] [32m[1mLinking CXX shared library libackermann_msgs__rosidl_typesupport_cpp.so[0m
[78.880s] [ 74%] Built target ackermann_msgs__rosidl_typesupport_cpp
[78.926s] [35m[1mScanning dependencies of target ackermann_msgs[0m
[78.975s] [ 74%] Built target ackermann_msgs
[79.022s] [35m[1mScanning dependencies of target ackermann_msgs__py[0m
[79.073s] [ 76%] [34m[1mGenerating Python code for ROS interfaces[0m
[85.021s] [ 76%] Built target ackermann_msgs__py
[85.068s] [35m[1mScanning dependencies of target ackermann_msgs__python[0m
[85.173s] [ 79%] [32mBuilding C object CMakeFiles/ackermann_msgs__python.dir/rosidl_generator_py/ackermann_msgs/msg/_ackermann_drive_s.c.o[0m
[85.787s] [ 82%] [32mBuilding C object CMakeFiles/ackermann_msgs__python.dir/rosidl_generator_py/ackermann_msgs/msg/_ackermann_drive_stamped_s.c.o[0m
[86.420s] [ 84%] [32m[1mLinking C shared library rosidl_generator_py/ackermann_msgs/libackermann_msgs__python.so[0m
[86.696s] [ 84%] Built target ackermann_msgs__python
[86.742s] [35m[1mScanning dependencies of target ackermann_msgs__rosidl_typesupport_c__pyext[0m
[86.831s] [ 87%] [32mBuilding C object CMakeFiles/ackermann_msgs__rosidl_typesupport_c__pyext.dir/rosidl_generator_py/ackermann_msgs/_ackermann_msgs_s.ep.rosidl_typesupport_c.c.o[0m
[87.379s] [ 89%] [32m[1mLinking C shared library rosidl_generator_py/ackermann_msgs/ackermann_msgs_s__rosidl_typesupport_c.cpython-38-aarch64-linux-gnu.so[0m
[87.597s] [ 89%] Built target ackermann_msgs__rosidl_typesupport_c__pyext
[87.644s] [35m[1mScanning dependencies of target ackermann_msgs__rosidl_typesupport_introspection_c__pyext[0m
[87.734s] [ 92%] [32mBuilding C object CMakeFiles/ackermann_msgs__rosidl_typesupport_introspection_c__pyext.dir/rosidl_generator_py/ackermann_msgs/_ackermann_msgs_s.ep.rosidl_typesupport_introspection_c.c.o[0m
[88.279s] [ 94%] [32m[1mLinking C shared library rosidl_generator_py/ackermann_msgs/ackermann_msgs_s__rosidl_typesupport_introspection_c.cpython-38-aarch64-linux-gnu.so[0m
[88.500s] [ 94%] Built target ackermann_msgs__rosidl_typesupport_introspection_c__pyext
[88.549s] [35m[1mScanning dependencies of target ackermann_msgs__rosidl_typesupport_fastrtps_c__pyext[0m
[88.646s] [ 97%] [32mBuilding C object CMakeFiles/ackermann_msgs__rosidl_typesupport_fastrtps_c__pyext.dir/rosidl_generator_py/ackermann_msgs/_ackermann_msgs_s.ep.rosidl_typesupport_fastrtps_c.c.o[0m
[89.236s] [100%] [32m[1mLinking CXX shared library rosidl_generator_py/ackermann_msgs/ackermann_msgs_s__rosidl_typesupport_fastrtps_c.cpython-38-aarch64-linux-gnu.so[0m
[89.591s] [100%] Built target ackermann_msgs__rosidl_typesupport_fastrtps_c__pyext
[89.649s] Invoked command in '/root/dev_ws/Horizen-SmartCar-DGDZ/src/build/ackermann_msgs' returned '0': CMAKE_PREFIX_PATH=${CMAKE_PREFIX_PATH}:/opt/ros/foxy /usr/bin/cmake --build /root/dev_ws/Horizen-SmartCar-DGDZ/src/build/ackermann_msgs -- -j4 -l4
[89.880s] Invoking command in '/root/dev_ws/Horizen-SmartCar-DGDZ/src/build/ackermann_msgs': CMAKE_PREFIX_PATH=${CMAKE_PREFIX_PATH}:/opt/ros/foxy /usr/bin/cmake --install /root/dev_ws/Horizen-SmartCar-DGDZ/src/build/ackermann_msgs
[89.926s] -- Install configuration: ""
[89.927s] -- Installing: /root/dev_ws/Horizen-SmartCar-DGDZ/src/install/ackermann_msgs/share/ament_index/resource_index/rosidl_interfaces/ackermann_msgs
[89.928s] -- Installing: /root/dev_ws/Horizen-SmartCar-DGDZ/src/install/ackermann_msgs/include/ackermann_msgs
[89.929s] -- Installing: /root/dev_ws/Horizen-SmartCar-DGDZ/src/install/ackermann_msgs/include/ackermann_msgs/msg
[89.930s] -- Installing: /root/dev_ws/Horizen-SmartCar-DGDZ/src/install/ackermann_msgs/include/ackermann_msgs/msg/ackermann_drive.h
[89.932s] -- Installing: /root/dev_ws/Horizen-SmartCar-DGDZ/src/install/ackermann_msgs/include/ackermann_msgs/msg/rosidl_generator_c__visibility_control.h
[89.933s] -- Installing: /root/dev_ws/Horizen-SmartCar-DGDZ/src/install/ackermann_msgs/include/ackermann_msgs/msg/ackermann_drive_stamped.h
[89.934s] -- Installing: /root/dev_ws/Horizen-SmartCar-DGDZ/src/install/ackermann_msgs/include/ackermann_msgs/msg/detail
[89.935s] -- Installing: /root/dev_ws/Horizen-SmartCar-DGDZ/src/install/ackermann_msgs/include/ackermann_msgs/msg/detail/ackermann_drive_stamped__functions.c
[89.936s] -- Installing: /root/dev_ws/Horizen-SmartCar-DGDZ/src/install/ackermann_msgs/include/ackermann_msgs/msg/detail/ackermann_drive__struct.h
[89.937s] -- Installing: /root/dev_ws/Horizen-SmartCar-DGDZ/src/install/ackermann_msgs/include/ackermann_msgs/msg/detail/ackermann_drive_stamped__type_support.h
[89.938s] -- Installing: /root/dev_ws/Horizen-SmartCar-DGDZ/src/install/ackermann_msgs/include/ackermann_msgs/msg/detail/ackermann_drive__functions.c
[89.938s] -- Installing: /root/dev_ws/Horizen-SmartCar-DGDZ/src/install/ackermann_msgs/include/ackermann_msgs/msg/detail/ackermann_drive__type_support.h
[89.939s] -- Installing: /root/dev_ws/Horizen-SmartCar-DGDZ/src/install/ackermann_msgs/include/ackermann_msgs/msg/detail/ackermann_drive__functions.h
[89.940s] -- Installing: /root/dev_ws/Horizen-SmartCar-DGDZ/src/install/ackermann_msgs/include/ackermann_msgs/msg/detail/ackermann_drive_stamped__functions.h
[89.941s] -- Installing: /root/dev_ws/Horizen-SmartCar-DGDZ/src/install/ackermann_msgs/include/ackermann_msgs/msg/detail/ackermann_drive_stamped__struct.h
[89.942s] -- Installing: /root/dev_ws/Horizen-SmartCar-DGDZ/src/install/ackermann_msgs/share/ackermann_msgs/environment/library_path.sh
[89.944s] -- Installing: /root/dev_ws/Horizen-SmartCar-DGDZ/src/install/ackermann_msgs/share/ackermann_msgs/environment/library_path.dsv
[89.945s] -- Installing: /root/dev_ws/Horizen-SmartCar-DGDZ/src/install/ackermann_msgs/lib/libackermann_msgs__rosidl_generator_c.so
[89.945s] -- Set runtime path of "/root/dev_ws/Horizen-SmartCar-DGDZ/src/install/ackermann_msgs/lib/libackermann_msgs__rosidl_generator_c.so" to ""
[89.946s] -- Up-to-date: /root/dev_ws/Horizen-SmartCar-DGDZ/src/install/ackermann_msgs/include/ackermann_msgs
[89.947s] -- Up-to-date: /root/dev_ws/Horizen-SmartCar-DGDZ/src/install/ackermann_msgs/include/ackermann_msgs/msg
[89.949s] -- Installing: /root/dev_ws/Horizen-SmartCar-DGDZ/src/install/ackermann_msgs/include/ackermann_msgs/msg/rosidl_typesupport_fastrtps_c__visibility_control.h
[89.950s] -- Up-to-date: /root/dev_ws/Horizen-SmartCar-DGDZ/src/install/ackermann_msgs/include/ackermann_msgs/msg/detail
[89.951s] -- Installing: /root/dev_ws/Horizen-SmartCar-DGDZ/src/install/ackermann_msgs/include/ackermann_msgs/msg/detail/ackermann_drive__rosidl_typesupport_fastrtps_c.h
[89.952s] -- Installing: /root/dev_ws/Horizen-SmartCar-DGDZ/src/install/ackermann_msgs/include/ackermann_msgs/msg/detail/ackermann_drive_stamped__rosidl_typesupport_fastrtps_c.h
[89.953s] -- Installing: /root/dev_ws/Horizen-SmartCar-DGDZ/src/install/ackermann_msgs/lib/libackermann_msgs__rosidl_typesupport_fastrtps_c.so
[89.954s] -- Set runtime path of "/root/dev_ws/Horizen-SmartCar-DGDZ/src/install/ackermann_msgs/lib/libackermann_msgs__rosidl_typesupport_fastrtps_c.so" to ""
[89.955s] -- Up-to-date: /root/dev_ws/Horizen-SmartCar-DGDZ/src/install/ackermann_msgs/include/ackermann_msgs
[89.956s] -- Up-to-date: /root/dev_ws/Horizen-SmartCar-DGDZ/src/install/ackermann_msgs/include/ackermann_msgs/msg
[89.957s] -- Installing: /root/dev_ws/Horizen-SmartCar-DGDZ/src/install/ackermann_msgs/include/ackermann_msgs/msg/rosidl_typesupport_fastrtps_cpp__visibility_control.h
[89.958s] -- Up-to-date: /root/dev_ws/Horizen-SmartCar-DGDZ/src/install/ackermann_msgs/include/ackermann_msgs/msg/detail
[89.959s] -- Installing: /root/dev_ws/Horizen-SmartCar-DGDZ/src/install/ackermann_msgs/include/ackermann_msgs/msg/detail/ackermann_drive_stamped__rosidl_typesupport_fastrtps_cpp.hpp
[89.960s] -- Installing: /root/dev_ws/Horizen-SmartCar-DGDZ/src/install/ackermann_msgs/include/ackermann_msgs/msg/detail/ackermann_drive__rosidl_typesupport_fastrtps_cpp.hpp
[89.961s] -- Installing: /root/dev_ws/Horizen-SmartCar-DGDZ/src/install/ackermann_msgs/include/ackermann_msgs/msg/detail/dds_fastrtps
[89.961s] -- Installing: /root/dev_ws/Horizen-SmartCar-DGDZ/src/install/ackermann_msgs/lib/libackermann_msgs__rosidl_typesupport_fastrtps_cpp.so
[89.963s] -- Set runtime path of "/root/dev_ws/Horizen-SmartCar-DGDZ/src/install/ackermann_msgs/lib/libackermann_msgs__rosidl_typesupport_fastrtps_cpp.so" to ""
[89.964s] -- Up-to-date: /root/dev_ws/Horizen-SmartCar-DGDZ/src/install/ackermann_msgs/include/ackermann_msgs
[89.965s] -- Up-to-date: /root/dev_ws/Horizen-SmartCar-DGDZ/src/install/ackermann_msgs/include/ackermann_msgs/msg
[89.966s] -- Installing: /root/dev_ws/Horizen-SmartCar-DGDZ/src/install/ackermann_msgs/include/ackermann_msgs/msg/rosidl_typesupport_introspection_c__visibility_control.h
[89.967s] -- Up-to-date: /root/dev_ws/Horizen-SmartCar-DGDZ/src/install/ackermann_msgs/include/ackermann_msgs/msg/detail
[89.968s] -- Installing: /root/dev_ws/Horizen-SmartCar-DGDZ/src/install/ackermann_msgs/include/ackermann_msgs/msg/detail/ackermann_drive__rosidl_typesupport_introspection_c.h
[89.969s] -- Installing: /root/dev_ws/Horizen-SmartCar-DGDZ/src/install/ackermann_msgs/include/ackermann_msgs/msg/detail/ackermann_drive_stamped__type_support.c
[89.970s] -- Installing: /root/dev_ws/Horizen-SmartCar-DGDZ/src/install/ackermann_msgs/include/ackermann_msgs/msg/detail/ackermann_drive_stamped__rosidl_typesupport_introspection_c.h
[89.971s] -- Installing: /root/dev_ws/Horizen-SmartCar-DGDZ/src/install/ackermann_msgs/include/ackermann_msgs/msg/detail/ackermann_drive__type_support.c
[89.972s] -- Installing: /root/dev_ws/Horizen-SmartCar-DGDZ/src/install/ackermann_msgs/lib/libackermann_msgs__rosidl_typesupport_introspection_c.so
[89.973s] -- Set runtime path of "/root/dev_ws/Horizen-SmartCar-DGDZ/src/install/ackermann_msgs/lib/libackermann_msgs__rosidl_typesupport_introspection_c.so" to ""
[89.974s] -- Installing: /root/dev_ws/Horizen-SmartCar-DGDZ/src/install/ackermann_msgs/lib/libackermann_msgs__rosidl_typesupport_c.so
[89.974s] -- Set runtime path of "/root/dev_ws/Horizen-SmartCar-DGDZ/src/install/ackermann_msgs/lib/libackermann_msgs__rosidl_typesupport_c.so" to ""
[89.975s] -- Up-to-date: /root/dev_ws/Horizen-SmartCar-DGDZ/src/install/ackermann_msgs/include/ackermann_msgs
[89.976s] -- Up-to-date: /root/dev_ws/Horizen-SmartCar-DGDZ/src/install/ackermann_msgs/include/ackermann_msgs/msg
[89.977s] -- Installing: /root/dev_ws/Horizen-SmartCar-DGDZ/src/install/ackermann_msgs/include/ackermann_msgs/msg/rosidl_generator_cpp__visibility_control.hpp
[89.978s] -- Installing: /root/dev_ws/Horizen-SmartCar-DGDZ/src/install/ackermann_msgs/include/ackermann_msgs/msg/ackermann_drive.hpp
[89.979s] -- Installing: /root/dev_ws/Horizen-SmartCar-DGDZ/src/install/ackermann_msgs/include/ackermann_msgs/msg/ackermann_drive_stamped.hpp
[89.980s] -- Up-to-date: /root/dev_ws/Horizen-SmartCar-DGDZ/src/install/ackermann_msgs/include/ackermann_msgs/msg/detail
[89.981s] -- Installing: /root/dev_ws/Horizen-SmartCar-DGDZ/src/install/ackermann_msgs/include/ackermann_msgs/msg/detail/ackermann_drive__builder.hpp
[89.982s] -- Installing: /root/dev_ws/Horizen-SmartCar-DGDZ/src/install/ackermann_msgs/include/ackermann_msgs/msg/detail/ackermann_drive_stamped__builder.hpp
[89.983s] -- Installing: /root/dev_ws/Horizen-SmartCar-DGDZ/src/install/ackermann_msgs/include/ackermann_msgs/msg/detail/ackermann_drive__traits.hpp
[89.983s] -- Installing: /root/dev_ws/Horizen-SmartCar-DGDZ/src/install/ackermann_msgs/include/ackermann_msgs/msg/detail/ackermann_drive_stamped__traits.hpp
[89.984s] -- Installing: /root/dev_ws/Horizen-SmartCar-DGDZ/src/install/ackermann_msgs/include/ackermann_msgs/msg/detail/ackermann_drive__struct.hpp
[89.985s] -- Installing: /root/dev_ws/Horizen-SmartCar-DGDZ/src/install/ackermann_msgs/include/ackermann_msgs/msg/detail/ackermann_drive_stamped__struct.hpp
[89.986s] -- Installing: /root/dev_ws/Horizen-SmartCar-DGDZ/src/install/ackermann_msgs/include/ackermann_msgs/msg/detail/ackermann_drive_stamped__type_support.hpp
[89.987s] -- Installing: /root/dev_ws/Horizen-SmartCar-DGDZ/src/install/ackermann_msgs/include/ackermann_msgs/msg/detail/ackermann_drive__type_support.hpp
[89.987s] -- Up-to-date: /root/dev_ws/Horizen-SmartCar-DGDZ/src/install/ackermann_msgs/include/ackermann_msgs
[89.988s] -- Up-to-date: /root/dev_ws/Horizen-SmartCar-DGDZ/src/install/ackermann_msgs/include/ackermann_msgs/msg
[89.989s] -- Up-to-date: /root/dev_ws/Horizen-SmartCar-DGDZ/src/install/ackermann_msgs/include/ackermann_msgs/msg/detail
[89.990s] -- Installing: /root/dev_ws/Horizen-SmartCar-DGDZ/src/install/ackermann_msgs/include/ackermann_msgs/msg/detail/ackermann_drive__rosidl_typesupport_introspection_cpp.hpp
[89.990s] -- Installing: /root/dev_ws/Horizen-SmartCar-DGDZ/src/install/ackermann_msgs/include/ackermann_msgs/msg/detail/ackermann_drive_stamped__type_support.cpp
[89.991s] -- Installing: /root/dev_ws/Horizen-SmartCar-DGDZ/src/install/ackermann_msgs/include/ackermann_msgs/msg/detail/ackermann_drive_stamped__rosidl_typesupport_introspection_cpp.hpp
[89.992s] -- Installing: /root/dev_ws/Horizen-SmartCar-DGDZ/src/install/ackermann_msgs/include/ackermann_msgs/msg/detail/ackermann_drive__type_support.cpp
[89.993s] -- Installing: /root/dev_ws/Horizen-SmartCar-DGDZ/src/install/ackermann_msgs/lib/libackermann_msgs__rosidl_typesupport_introspection_cpp.so
[89.994s] -- Set runtime path of "/root/dev_ws/Horizen-SmartCar-DGDZ/src/install/ackermann_msgs/lib/libackermann_msgs__rosidl_typesupport_introspection_cpp.so" to ""
[89.994s] -- Installing: /root/dev_ws/Horizen-SmartCar-DGDZ/src/install/ackermann_msgs/lib/libackermann_msgs__rosidl_typesupport_cpp.so
[89.995s] -- Set runtime path of "/root/dev_ws/Horizen-SmartCar-DGDZ/src/install/ackermann_msgs/lib/libackermann_msgs__rosidl_typesupport_cpp.so" to ""
[89.996s] -- Installing: /root/dev_ws/Horizen-SmartCar-DGDZ/src/install/ackermann_msgs/share/ackermann_msgs/environment/pythonpath.sh
[89.997s] -- Installing: /root/dev_ws/Horizen-SmartCar-DGDZ/src/install/ackermann_msgs/share/ackermann_msgs/environment/pythonpath.dsv
[89.998s] -- Installing: /root/dev_ws/Horizen-SmartCar-DGDZ/src/install/ackermann_msgs/lib/python3.8/site-packages/ackermann_msgs/__init__.py
[90.179s] Compiling '/root/dev_ws/Horizen-SmartCar-DGDZ/src/install/ackermann_msgs/lib/python3.8/site-packages/ackermann_msgs/__init__.py'...
[90.218s] -- Installing: /root/dev_ws/Horizen-SmartCar-DGDZ/src/install/ackermann_msgs/lib/python3.8/site-packages/ackermann_msgs/msg
[90.219s] -- Installing: /root/dev_ws/Horizen-SmartCar-DGDZ/src/install/ackermann_msgs/lib/python3.8/site-packages/ackermann_msgs/msg/__init__.py
[90.220s] -- Installing: /root/dev_ws/Horizen-SmartCar-DGDZ/src/install/ackermann_msgs/lib/python3.8/site-packages/ackermann_msgs/msg/_ackermann_drive_stamped_s.c
[90.221s] -- Installing: /root/dev_ws/Horizen-SmartCar-DGDZ/src/install/ackermann_msgs/lib/python3.8/site-packages/ackermann_msgs/msg/_ackermann_drive_stamped.py
[90.222s] -- Installing: /root/dev_ws/Horizen-SmartCar-DGDZ/src/install/ackermann_msgs/lib/python3.8/site-packages/ackermann_msgs/msg/_ackermann_drive.py
[90.223s] -- Installing: /root/dev_ws/Horizen-SmartCar-DGDZ/src/install/ackermann_msgs/lib/python3.8/site-packages/ackermann_msgs/msg/_ackermann_drive_s.c
[90.223s] -- Installing: /root/dev_ws/Horizen-SmartCar-DGDZ/src/install/ackermann_msgs/lib/python3.8/site-packages/ackermann_msgs/ackermann_msgs_s__rosidl_typesupport_fastrtps_c.cpython-38-aarch64-linux-gnu.so
[90.225s] -- Set runtime path of "/root/dev_ws/Horizen-SmartCar-DGDZ/src/install/ackermann_msgs/lib/python3.8/site-packages/ackermann_msgs/ackermann_msgs_s__rosidl_typesupport_fastrtps_c.cpython-38-aarch64-linux-gnu.so" to ""
[90.226s] -- Installing: /root/dev_ws/Horizen-SmartCar-DGDZ/src/install/ackermann_msgs/lib/python3.8/site-packages/ackermann_msgs/ackermann_msgs_s__rosidl_typesupport_introspection_c.cpython-38-aarch64-linux-gnu.so
[90.229s] -- Set runtime path of "/root/dev_ws/Horizen-SmartCar-DGDZ/src/install/ackermann_msgs/lib/python3.8/site-packages/ackermann_msgs/ackermann_msgs_s__rosidl_typesupport_introspection_c.cpython-38-aarch64-linux-gnu.so" to ""
[90.230s] -- Installing: /root/dev_ws/Horizen-SmartCar-DGDZ/src/install/ackermann_msgs/lib/python3.8/site-packages/ackermann_msgs/ackermann_msgs_s__rosidl_typesupport_c.cpython-38-aarch64-linux-gnu.so
[90.233s] -- Set runtime path of "/root/dev_ws/Horizen-SmartCar-DGDZ/src/install/ackermann_msgs/lib/python3.8/site-packages/ackermann_msgs/ackermann_msgs_s__rosidl_typesupport_c.cpython-38-aarch64-linux-gnu.so" to ""
[90.233s] -- Installing: /root/dev_ws/Horizen-SmartCar-DGDZ/src/install/ackermann_msgs/lib/libackermann_msgs__python.so
[90.235s] -- Set runtime path of "/root/dev_ws/Horizen-SmartCar-DGDZ/src/install/ackermann_msgs/lib/libackermann_msgs__python.so" to ""
[90.236s] -- Installing: /root/dev_ws/Horizen-SmartCar-DGDZ/src/install/ackermann_msgs/share/ackermann_msgs/msg/AckermannDrive.idl
[90.237s] -- Installing: /root/dev_ws/Horizen-SmartCar-DGDZ/src/install/ackermann_msgs/share/ackermann_msgs/msg/AckermannDriveStamped.idl
[90.238s] -- Installing: /root/dev_ws/Horizen-SmartCar-DGDZ/src/install/ackermann_msgs/share/ackermann_msgs/msg/AckermannDrive.msg
[90.239s] -- Installing: /root/dev_ws/Horizen-SmartCar-DGDZ/src/install/ackermann_msgs/share/ackermann_msgs/msg/AckermannDriveStamped.msg
[90.240s] -- Installing: /root/dev_ws/Horizen-SmartCar-DGDZ/src/install/ackermann_msgs/share/ament_index/resource_index/package_run_dependencies/ackermann_msgs
[90.241s] -- Installing: /root/dev_ws/Horizen-SmartCar-DGDZ/src/install/ackermann_msgs/share/ament_index/resource_index/parent_prefix_path/ackermann_msgs
[90.242s] -- Installing: /root/dev_ws/Horizen-SmartCar-DGDZ/src/install/ackermann_msgs/share/ackermann_msgs/environment/ament_prefix_path.sh
[90.243s] -- Installing: /root/dev_ws/Horizen-SmartCar-DGDZ/src/install/ackermann_msgs/share/ackermann_msgs/environment/ament_prefix_path.dsv
[90.244s] -- Installing: /root/dev_ws/Horizen-SmartCar-DGDZ/src/install/ackermann_msgs/share/ackermann_msgs/environment/path.sh
[90.245s] -- Installing: /root/dev_ws/Horizen-SmartCar-DGDZ/src/install/ackermann_msgs/share/ackermann_msgs/environment/path.dsv
[90.246s] -- Installing: /root/dev_ws/Horizen-SmartCar-DGDZ/src/install/ackermann_msgs/share/ackermann_msgs/local_setup.bash
[90.247s] -- Installing: /root/dev_ws/Horizen-SmartCar-DGDZ/src/install/ackermann_msgs/share/ackermann_msgs/local_setup.sh
[90.248s] -- Installing: /root/dev_ws/Horizen-SmartCar-DGDZ/src/install/ackermann_msgs/share/ackermann_msgs/local_setup.zsh
[90.249s] -- Installing: /root/dev_ws/Horizen-SmartCar-DGDZ/src/install/ackermann_msgs/share/ackermann_msgs/local_setup.dsv
[90.251s] -- Installing: /root/dev_ws/Horizen-SmartCar-DGDZ/src/install/ackermann_msgs/share/ackermann_msgs/package.dsv
[90.252s] -- Installing: /root/dev_ws/Horizen-SmartCar-DGDZ/src/install/ackermann_msgs/share/ament_index/resource_index/packages/ackermann_msgs
[90.253s] -- Installing: /root/dev_ws/Horizen-SmartCar-DGDZ/src/install/ackermann_msgs/share/ackermann_msgs/cmake/ackermann_msgs__rosidl_generator_cExport.cmake
[90.254s] -- Installing: /root/dev_ws/Horizen-SmartCar-DGDZ/src/install/ackermann_msgs/share/ackermann_msgs/cmake/ackermann_msgs__rosidl_generator_cExport-noconfig.cmake
[90.255s] -- Installing: /root/dev_ws/Horizen-SmartCar-DGDZ/src/install/ackermann_msgs/share/ackermann_msgs/cmake/ackermann_msgs__rosidl_typesupport_introspection_cExport.cmake
[90.256s] -- Installing: /root/dev_ws/Horizen-SmartCar-DGDZ/src/install/ackermann_msgs/share/ackermann_msgs/cmake/ackermann_msgs__rosidl_typesupport_introspection_cExport-noconfig.cmake
[90.257s] -- Installing: /root/dev_ws/Horizen-SmartCar-DGDZ/src/install/ackermann_msgs/share/ackermann_msgs/cmake/ackermann_msgs__rosidl_typesupport_cExport.cmake
[90.258s] -- Installing: /root/dev_ws/Horizen-SmartCar-DGDZ/src/install/ackermann_msgs/share/ackermann_msgs/cmake/ackermann_msgs__rosidl_typesupport_cExport-noconfig.cmake
[90.259s] -- Installing: /root/dev_ws/Horizen-SmartCar-DGDZ/src/install/ackermann_msgs/share/ackermann_msgs/cmake/ackermann_msgs__rosidl_generator_cppExport.cmake
[90.261s] -- Installing: /root/dev_ws/Horizen-SmartCar-DGDZ/src/install/ackermann_msgs/share/ackermann_msgs/cmake/ackermann_msgs__rosidl_typesupport_introspection_cppExport.cmake
[90.262s] -- Installing: /root/dev_ws/Horizen-SmartCar-DGDZ/src/install/ackermann_msgs/share/ackermann_msgs/cmake/ackermann_msgs__rosidl_typesupport_introspection_cppExport-noconfig.cmake
[90.263s] -- Installing: /root/dev_ws/Horizen-SmartCar-DGDZ/src/install/ackermann_msgs/share/ackermann_msgs/cmake/ackermann_msgs__rosidl_typesupport_cppExport.cmake
[90.264s] -- Installing: /root/dev_ws/Horizen-SmartCar-DGDZ/src/install/ackermann_msgs/share/ackermann_msgs/cmake/ackermann_msgs__rosidl_typesupport_cppExport-noconfig.cmake
[90.265s] -- Installing: /root/dev_ws/Horizen-SmartCar-DGDZ/src/install/ackermann_msgs/share/ackermann_msgs/cmake/rosidl_cmake-extras.cmake
[90.266s] -- Installing: /root/dev_ws/Horizen-SmartCar-DGDZ/src/install/ackermann_msgs/share/ackermann_msgs/cmake/ament_cmake_export_dependencies-extras.cmake
[90.267s] -- Installing: /root/dev_ws/Horizen-SmartCar-DGDZ/src/install/ackermann_msgs/share/ackermann_msgs/cmake/ament_cmake_export_libraries-extras.cmake
[90.268s] -- Installing: /root/dev_ws/Horizen-SmartCar-DGDZ/src/install/ackermann_msgs/share/ackermann_msgs/cmake/ament_cmake_export_targets-extras.cmake
[90.269s] -- Installing: /root/dev_ws/Horizen-SmartCar-DGDZ/src/install/ackermann_msgs/share/ackermann_msgs/cmake/ament_cmake_export_include_directories-extras.cmake
[90.270s] -- Installing: /root/dev_ws/Horizen-SmartCar-DGDZ/src/install/ackermann_msgs/share/ackermann_msgs/cmake/rosidl_cmake_export_typesupport_libraries-extras.cmake
[90.271s] -- Installing: /root/dev_ws/Horizen-SmartCar-DGDZ/src/install/ackermann_msgs/share/ackermann_msgs/cmake/rosidl_cmake_export_typesupport_targets-extras.cmake
[90.272s] -- Installing: /root/dev_ws/Horizen-SmartCar-DGDZ/src/install/ackermann_msgs/share/ackermann_msgs/cmake/ackermann_msgsConfig.cmake
[90.273s] -- Installing: /root/dev_ws/Horizen-SmartCar-DGDZ/src/install/ackermann_msgs/share/ackermann_msgs/cmake/ackermann_msgsConfig-version.cmake
[90.274s] -- Installing: /root/dev_ws/Horizen-SmartCar-DGDZ/src/install/ackermann_msgs/share/ackermann_msgs/package.xml
[90.284s] Invoked command in '/root/dev_ws/Horizen-SmartCar-DGDZ/src/build/ackermann_msgs' returned '0': CMAKE_PREFIX_PATH=${CMAKE_PREFIX_PATH}:/opt/ros/foxy /usr/bin/cmake --install /root/dev_ws/Horizen-SmartCar-DGDZ/src/build/ackermann_msgs
