[3.164s] Invoking command in '/root/dev_ws/build/origincar_base': CMAKE_PREFIX_PATH=/root/dev_ws/install/serial:/root/dev_ws/install/origincar_msg:/root/dev_ws/install/origincar_description:/root/dev_ws/install/ackermann_msgs:/root/dev_ws/install/origincar_base:/root/dev_ws/install/origincar_bringup:/opt/tros:/root/dev_ws/install/tf2_tools:/opt/ros/foxy LD_LIBRARY_PATH=/root/dev_ws/install/origincar_msg/lib:/root/dev_ws/install/ackermann_msgs/lib:/root/dev_ws/install/origincar_base/lib:/root/dev_ws/install/serial/lib:/opt/tros/opt/yaml_cpp_vendor/lib:/opt/tros/lib:/opt/ros/foxy/opt/yaml_cpp_vendor/lib:/opt/ros/foxy/opt/rviz_ogre_vendor/lib:/opt/ros/foxy/lib/aarch64-linux-gnu:/opt/ros/foxy/lib PYTHONPATH=/root/dev_ws/install/origincar_msg/lib/python3.8/site-packages:/root/dev_ws/install/ackermann_msgs/lib/python3.8/site-packages:/root/dev_ws/install/tf2_tools/lib/python3.8/site-packages:/root/dev_ws/install/origincar_base/lib/python3.8/site-packages:/opt/tros/lib/python3.8/site-packages:/opt/ros/foxy/lib/python3.8/site-packages /usr/bin/cmake --build /root/dev_ws/build/origincar_base -- -j4 -l4
[3.460s] [  2%] Built target origincar_base__cpp
[3.473s] [ 11%] Built target origincar_base__rosidl_generator_c
[3.589s] [ 20%] Built target origincar_base_node
[3.596s] [ 29%] Built target origincar_base__rosidl_typesupport_introspection_cpp
[3.645s] [ 38%] Built target origincar_base__rosidl_typesupport_cpp
[3.647s] [ 47%] Built target origincar_base__rosidl_typesupport_fastrtps_cpp
[3.729s] [ 55%] Built target origincar_base__rosidl_typesupport_introspection_c
[3.740s] [ 64%] Built target origincar_base__rosidl_typesupport_c
[3.767s] [ 73%] Built target origincar_base__rosidl_typesupport_fastrtps_c
[3.868s] [ 73%] Built target origincar_base
[3.970s] [ 76%] Built target origincar_base__py
[4.103s] [ 82%] Built target origincar_base__python
[4.249s] [ 88%] Built target origincar_base__rosidl_typesupport_c__pyext
[4.255s] [100%] Built target origincar_base__rosidl_typesupport_introspection_c__pyext
[4.256s] [100%] Built target origincar_base__rosidl_typesupport_fastrtps_c__pyext
[4.316s] Invoked command in '/root/dev_ws/build/origincar_base' returned '0': CMAKE_PREFIX_PATH=/root/dev_ws/install/serial:/root/dev_ws/install/origincar_msg:/root/dev_ws/install/origincar_description:/root/dev_ws/install/ackermann_msgs:/root/dev_ws/install/origincar_base:/root/dev_ws/install/origincar_bringup:/opt/tros:/root/dev_ws/install/tf2_tools:/opt/ros/foxy LD_LIBRARY_PATH=/root/dev_ws/install/origincar_msg/lib:/root/dev_ws/install/ackermann_msgs/lib:/root/dev_ws/install/origincar_base/lib:/root/dev_ws/install/serial/lib:/opt/tros/opt/yaml_cpp_vendor/lib:/opt/tros/lib:/opt/ros/foxy/opt/yaml_cpp_vendor/lib:/opt/ros/foxy/opt/rviz_ogre_vendor/lib:/opt/ros/foxy/lib/aarch64-linux-gnu:/opt/ros/foxy/lib PYTHONPATH=/root/dev_ws/install/origincar_msg/lib/python3.8/site-packages:/root/dev_ws/install/ackermann_msgs/lib/python3.8/site-packages:/root/dev_ws/install/tf2_tools/lib/python3.8/site-packages:/root/dev_ws/install/origincar_base/lib/python3.8/site-packages:/opt/tros/lib/python3.8/site-packages:/opt/ros/foxy/lib/python3.8/site-packages /usr/bin/cmake --build /root/dev_ws/build/origincar_base -- -j4 -l4
[4.542s] Invoking command in '/root/dev_ws/build/origincar_base': CMAKE_PREFIX_PATH=/root/dev_ws/install/serial:/root/dev_ws/install/origincar_msg:/root/dev_ws/install/origincar_description:/root/dev_ws/install/ackermann_msgs:/root/dev_ws/install/origincar_base:/root/dev_ws/install/origincar_bringup:/opt/tros:/root/dev_ws/install/tf2_tools:/opt/ros/foxy LD_LIBRARY_PATH=/root/dev_ws/install/origincar_msg/lib:/root/dev_ws/install/ackermann_msgs/lib:/root/dev_ws/install/origincar_base/lib:/root/dev_ws/install/serial/lib:/opt/tros/opt/yaml_cpp_vendor/lib:/opt/tros/lib:/opt/ros/foxy/opt/yaml_cpp_vendor/lib:/opt/ros/foxy/opt/rviz_ogre_vendor/lib:/opt/ros/foxy/lib/aarch64-linux-gnu:/opt/ros/foxy/lib PYTHONPATH=/root/dev_ws/install/origincar_msg/lib/python3.8/site-packages:/root/dev_ws/install/ackermann_msgs/lib/python3.8/site-packages:/root/dev_ws/install/tf2_tools/lib/python3.8/site-packages:/root/dev_ws/install/origincar_base/lib/python3.8/site-packages:/opt/tros/lib/python3.8/site-packages:/opt/ros/foxy/lib/python3.8/site-packages /usr/bin/cmake --install /root/dev_ws/build/origincar_base
[4.594s] -- Install configuration: ""
[4.595s] -- Up-to-date: /root/dev_ws/install/origincar_base/share/ament_index/resource_index/rosidl_interfaces/origincar_base
[4.596s] -- Up-to-date: /root/dev_ws/install/origincar_base/include/origincar_base
[4.597s] -- Up-to-date: /root/dev_ws/install/origincar_base/include/origincar_base/msg
[4.598s] -- Up-to-date: /root/dev_ws/install/origincar_base/include/origincar_base/msg/rosidl_generator_c__visibility_control.h
[4.599s] -- Up-to-date: /root/dev_ws/install/origincar_base/include/origincar_base/msg/position.h
[4.600s] -- Up-to-date: /root/dev_ws/install/origincar_base/include/origincar_base/msg/detail
[4.602s] -- Up-to-date: /root/dev_ws/install/origincar_base/include/origincar_base/msg/detail/position__type_support.h
[4.603s] -- Up-to-date: /root/dev_ws/install/origincar_base/include/origincar_base/msg/detail/position__struct.h
[4.604s] -- Up-to-date: /root/dev_ws/install/origincar_base/include/origincar_base/msg/detail/position__functions.c
[4.605s] -- Up-to-date: /root/dev_ws/install/origincar_base/include/origincar_base/msg/detail/position__functions.h
[4.607s] -- Up-to-date: /root/dev_ws/install/origincar_base/share/origincar_base/environment/library_path.sh
[4.608s] -- Up-to-date: /root/dev_ws/install/origincar_base/share/origincar_base/environment/library_path.dsv
[4.609s] -- Up-to-date: /root/dev_ws/install/origincar_base/lib/liborigincar_base__rosidl_generator_c.so
[4.610s] -- Up-to-date: /root/dev_ws/install/origincar_base/include/origincar_base
[4.611s] -- Up-to-date: /root/dev_ws/install/origincar_base/include/origincar_base/msg
[4.613s] -- Up-to-date: /root/dev_ws/install/origincar_base/include/origincar_base/msg/rosidl_typesupport_fastrtps_c__visibility_control.h
[4.614s] -- Up-to-date: /root/dev_ws/install/origincar_base/include/origincar_base/msg/detail
[4.615s] -- Up-to-date: /root/dev_ws/install/origincar_base/include/origincar_base/msg/detail/position__rosidl_typesupport_fastrtps_c.h
[4.616s] -- Up-to-date: /root/dev_ws/install/origincar_base/lib/liborigincar_base__rosidl_typesupport_fastrtps_c.so
[4.617s] -- Up-to-date: /root/dev_ws/install/origincar_base/include/origincar_base
[4.618s] -- Up-to-date: /root/dev_ws/install/origincar_base/include/origincar_base/msg
[4.619s] -- Up-to-date: /root/dev_ws/install/origincar_base/include/origincar_base/msg/rosidl_typesupport_fastrtps_cpp__visibility_control.h
[4.620s] -- Up-to-date: /root/dev_ws/install/origincar_base/include/origincar_base/msg/detail
[4.621s] -- Up-to-date: /root/dev_ws/install/origincar_base/include/origincar_base/msg/detail/position__rosidl_typesupport_fastrtps_cpp.hpp
[4.622s] -- Up-to-date: /root/dev_ws/install/origincar_base/include/origincar_base/msg/detail/dds_fastrtps
[4.623s] -- Up-to-date: /root/dev_ws/install/origincar_base/lib/liborigincar_base__rosidl_typesupport_fastrtps_cpp.so
[4.624s] -- Up-to-date: /root/dev_ws/install/origincar_base/include/origincar_base
[4.625s] -- Up-to-date: /root/dev_ws/install/origincar_base/include/origincar_base/msg
[4.626s] -- Up-to-date: /root/dev_ws/install/origincar_base/include/origincar_base/msg/rosidl_typesupport_introspection_c__visibility_control.h
[4.627s] -- Up-to-date: /root/dev_ws/install/origincar_base/include/origincar_base/msg/detail
[4.628s] -- Up-to-date: /root/dev_ws/install/origincar_base/include/origincar_base/msg/detail/position__type_support.c
[4.629s] -- Up-to-date: /root/dev_ws/install/origincar_base/include/origincar_base/msg/detail/position__rosidl_typesupport_introspection_c.h
[4.630s] -- Up-to-date: /root/dev_ws/install/origincar_base/lib/liborigincar_base__rosidl_typesupport_introspection_c.so
[4.631s] -- Up-to-date: /root/dev_ws/install/origincar_base/lib/liborigincar_base__rosidl_typesupport_c.so
[4.632s] -- Up-to-date: /root/dev_ws/install/origincar_base/include/origincar_base
[4.633s] -- Up-to-date: /root/dev_ws/install/origincar_base/include/origincar_base/msg
[4.634s] -- Up-to-date: /root/dev_ws/install/origincar_base/include/origincar_base/msg/rosidl_generator_cpp__visibility_control.hpp
[4.636s] -- Up-to-date: /root/dev_ws/install/origincar_base/include/origincar_base/msg/detail
[4.637s] -- Up-to-date: /root/dev_ws/install/origincar_base/include/origincar_base/msg/detail/position__type_support.hpp
[4.637s] -- Up-to-date: /root/dev_ws/install/origincar_base/include/origincar_base/msg/detail/position__struct.hpp
[4.638s] -- Up-to-date: /root/dev_ws/install/origincar_base/include/origincar_base/msg/detail/position__traits.hpp
[4.639s] -- Up-to-date: /root/dev_ws/install/origincar_base/include/origincar_base/msg/detail/position__builder.hpp
[4.640s] -- Up-to-date: /root/dev_ws/install/origincar_base/include/origincar_base/msg/position.hpp
[4.641s] -- Up-to-date: /root/dev_ws/install/origincar_base/include/origincar_base
[4.642s] -- Up-to-date: /root/dev_ws/install/origincar_base/include/origincar_base/msg
[4.643s] -- Up-to-date: /root/dev_ws/install/origincar_base/include/origincar_base/msg/detail
[4.644s] -- Up-to-date: /root/dev_ws/install/origincar_base/include/origincar_base/msg/detail/position__rosidl_typesupport_introspection_cpp.hpp
[4.645s] -- Up-to-date: /root/dev_ws/install/origincar_base/include/origincar_base/msg/detail/position__type_support.cpp
[4.646s] -- Up-to-date: /root/dev_ws/install/origincar_base/lib/liborigincar_base__rosidl_typesupport_introspection_cpp.so
[4.647s] -- Up-to-date: /root/dev_ws/install/origincar_base/lib/liborigincar_base__rosidl_typesupport_cpp.so
[4.648s] -- Up-to-date: /root/dev_ws/install/origincar_base/share/origincar_base/environment/pythonpath.sh
[4.649s] -- Up-to-date: /root/dev_ws/install/origincar_base/share/origincar_base/environment/pythonpath.dsv
[4.650s] -- Up-to-date: /root/dev_ws/install/origincar_base/lib/python3.8/site-packages/origincar_base/__init__.py
[4.890s] -- Up-to-date: /root/dev_ws/install/origincar_base/lib/python3.8/site-packages/origincar_base/msg
[4.890s] -- Up-to-date: /root/dev_ws/install/origincar_base/lib/python3.8/site-packages/origincar_base/msg/__init__.py
[4.891s] -- Up-to-date: /root/dev_ws/install/origincar_base/lib/python3.8/site-packages/origincar_base/msg/_position.py
[4.892s] -- Up-to-date: /root/dev_ws/install/origincar_base/lib/python3.8/site-packages/origincar_base/msg/_position_s.c
[4.893s] -- Up-to-date: /root/dev_ws/install/origincar_base/lib/python3.8/site-packages/origincar_base/origincar_base_s__rosidl_typesupport_fastrtps_c.cpython-38-aarch64-linux-gnu.so
[4.895s] -- Up-to-date: /root/dev_ws/install/origincar_base/lib/python3.8/site-packages/origincar_base/origincar_base_s__rosidl_typesupport_introspection_c.cpython-38-aarch64-linux-gnu.so
[4.899s] -- Up-to-date: /root/dev_ws/install/origincar_base/lib/python3.8/site-packages/origincar_base/origincar_base_s__rosidl_typesupport_c.cpython-38-aarch64-linux-gnu.so
[4.901s] -- Up-to-date: /root/dev_ws/install/origincar_base/lib/liborigincar_base__python.so
[4.903s] -- Up-to-date: /root/dev_ws/install/origincar_base/share/origincar_base/msg/Position.idl
[4.904s] -- Up-to-date: /root/dev_ws/install/origincar_base/share/origincar_base/msg/Position.msg
[4.905s] -- Up-to-date: /root/dev_ws/install/origincar_base/lib/origincar_base/cmd_vel_to_ackermann_drive.py
[4.906s] -- Up-to-date: /root/dev_ws/install/origincar_base/lib/origincar_base/origincar_base_node
[4.908s] -- Up-to-date: /root/dev_ws/install/origincar_base/share/origincar_base/launch
[4.909s] -- Up-to-date: /root/dev_ws/install/origincar_base/share/origincar_base/launch/__pycache__
[4.910s] -- Up-to-date: /root/dev_ws/install/origincar_base/share/origincar_base/launch/__pycache__/testtwo.launch.cpython-38.pyc
[4.912s] -- Up-to-date: /root/dev_ws/install/origincar_base/share/origincar_base/launch/ekf.launch.py
[4.913s] -- Up-to-date: /root/dev_ws/install/origincar_base/share/origincar_base/launch/base_serial.launch.py
[4.914s] -- Installing: /root/dev_ws/install/origincar_base/share/origincar_base/launch/origincar_bringup.launch.py
[4.915s] -- Up-to-date: /root/dev_ws/install/origincar_base/share/origincar_base/launch/robot_mode_description.launch.py
[4.917s] -- Up-to-date: /root/dev_ws/install/origincar_base/share/origincar_base/config
[4.918s] -- Up-to-date: /root/dev_ws/install/origincar_base/share/origincar_base/config/imu.yaml
[4.919s] -- Up-to-date: /root/dev_ws/install/origincar_base/share/origincar_base/config/ekf.yaml
[4.920s] -- Up-to-date: /root/dev_ws/install/origincar_base/share/ament_index/resource_index/package_run_dependencies/origincar_base
[4.921s] -- Up-to-date: /root/dev_ws/install/origincar_base/share/ament_index/resource_index/parent_prefix_path/origincar_base
[4.922s] -- Up-to-date: /root/dev_ws/install/origincar_base/share/origincar_base/environment/ament_prefix_path.sh
[4.924s] -- Up-to-date: /root/dev_ws/install/origincar_base/share/origincar_base/environment/ament_prefix_path.dsv
[4.925s] -- Up-to-date: /root/dev_ws/install/origincar_base/share/origincar_base/environment/path.sh
[4.926s] -- Up-to-date: /root/dev_ws/install/origincar_base/share/origincar_base/environment/path.dsv
[4.927s] -- Up-to-date: /root/dev_ws/install/origincar_base/share/origincar_base/local_setup.bash
[4.929s] -- Up-to-date: /root/dev_ws/install/origincar_base/share/origincar_base/local_setup.sh
[4.929s] -- Up-to-date: /root/dev_ws/install/origincar_base/share/origincar_base/local_setup.zsh
[4.930s] -- Up-to-date: /root/dev_ws/install/origincar_base/share/origincar_base/local_setup.dsv
[4.931s] -- Installing: /root/dev_ws/install/origincar_base/share/origincar_base/package.dsv
[4.932s] -- Up-to-date: /root/dev_ws/install/origincar_base/share/ament_index/resource_index/packages/origincar_base
[4.933s] -- Up-to-date: /root/dev_ws/install/origincar_base/share/origincar_base/cmake/origincar_base__rosidl_generator_cExport.cmake
[4.934s] -- Up-to-date: /root/dev_ws/install/origincar_base/share/origincar_base/cmake/origincar_base__rosidl_generator_cExport-noconfig.cmake
[4.935s] -- Up-to-date: /root/dev_ws/install/origincar_base/share/origincar_base/cmake/origincar_base__rosidl_typesupport_introspection_cExport.cmake
[4.937s] -- Up-to-date: /root/dev_ws/install/origincar_base/share/origincar_base/cmake/origincar_base__rosidl_typesupport_introspection_cExport-noconfig.cmake
[4.940s] -- Up-to-date: /root/dev_ws/install/origincar_base/share/origincar_base/cmake/origincar_base__rosidl_typesupport_cExport.cmake
[4.941s] -- Up-to-date: /root/dev_ws/install/origincar_base/share/origincar_base/cmake/origincar_base__rosidl_typesupport_cExport-noconfig.cmake
[4.942s] -- Up-to-date: /root/dev_ws/install/origincar_base/share/origincar_base/cmake/origincar_base__rosidl_generator_cppExport.cmake
[4.943s] -- Up-to-date: /root/dev_ws/install/origincar_base/share/origincar_base/cmake/origincar_base__rosidl_typesupport_introspection_cppExport.cmake
[4.944s] -- Up-to-date: /root/dev_ws/install/origincar_base/share/origincar_base/cmake/origincar_base__rosidl_typesupport_introspection_cppExport-noconfig.cmake
[4.945s] -- Up-to-date: /root/dev_ws/install/origincar_base/share/origincar_base/cmake/origincar_base__rosidl_typesupport_cppExport.cmake
[4.946s] -- Up-to-date: /root/dev_ws/install/origincar_base/share/origincar_base/cmake/origincar_base__rosidl_typesupport_cppExport-noconfig.cmake
[4.947s] -- Up-to-date: /root/dev_ws/install/origincar_base/share/origincar_base/cmake/rosidl_cmake-extras.cmake
[4.948s] -- Up-to-date: /root/dev_ws/install/origincar_base/share/origincar_base/cmake/ament_cmake_export_dependencies-extras.cmake
[4.949s] -- Up-to-date: /root/dev_ws/install/origincar_base/share/origincar_base/cmake/ament_cmake_export_libraries-extras.cmake
[4.950s] -- Up-to-date: /root/dev_ws/install/origincar_base/share/origincar_base/cmake/ament_cmake_export_targets-extras.cmake
[4.951s] -- Up-to-date: /root/dev_ws/install/origincar_base/share/origincar_base/cmake/ament_cmake_export_include_directories-extras.cmake
[4.952s] -- Up-to-date: /root/dev_ws/install/origincar_base/share/origincar_base/cmake/rosidl_cmake_export_typesupport_libraries-extras.cmake
[4.953s] -- Up-to-date: /root/dev_ws/install/origincar_base/share/origincar_base/cmake/rosidl_cmake_export_typesupport_targets-extras.cmake
[4.953s] -- Up-to-date: /root/dev_ws/install/origincar_base/share/origincar_base/cmake/origincar_baseConfig.cmake
[4.954s] -- Up-to-date: /root/dev_ws/install/origincar_base/share/origincar_base/cmake/origincar_baseConfig-version.cmake
[4.955s] -- Up-to-date: /root/dev_ws/install/origincar_base/share/origincar_base/package.xml
[4.958s] Invoked command in '/root/dev_ws/build/origincar_base' returned '0': CMAKE_PREFIX_PATH=/root/dev_ws/install/serial:/root/dev_ws/install/origincar_msg:/root/dev_ws/install/origincar_description:/root/dev_ws/install/ackermann_msgs:/root/dev_ws/install/origincar_base:/root/dev_ws/install/origincar_bringup:/opt/tros:/root/dev_ws/install/tf2_tools:/opt/ros/foxy LD_LIBRARY_PATH=/root/dev_ws/install/origincar_msg/lib:/root/dev_ws/install/ackermann_msgs/lib:/root/dev_ws/install/origincar_base/lib:/root/dev_ws/install/serial/lib:/opt/tros/opt/yaml_cpp_vendor/lib:/opt/tros/lib:/opt/ros/foxy/opt/yaml_cpp_vendor/lib:/opt/ros/foxy/opt/rviz_ogre_vendor/lib:/opt/ros/foxy/lib/aarch64-linux-gnu:/opt/ros/foxy/lib PYTHONPATH=/root/dev_ws/install/origincar_msg/lib/python3.8/site-packages:/root/dev_ws/install/ackermann_msgs/lib/python3.8/site-packages:/root/dev_ws/install/tf2_tools/lib/python3.8/site-packages:/root/dev_ws/install/origincar_base/lib/python3.8/site-packages:/opt/tros/lib/python3.8/site-packages:/opt/ros/foxy/lib/python3.8/site-packages /usr/bin/cmake --install /root/dev_ws/build/origincar_base
