[2.654s] Invoking command in '/root/dev_ws/Horizen-SmartCar-DGDZ/build/origincar_msg': CMAKE_PREFIX_PATH=${CMAKE_PREFIX_PATH}:/opt/ros/foxy /usr/bin/cmake /root/dev_ws/Horizen-SmartCar-DGDZ/src/origincar/origincar_msg -DCMAKE_INSTALL_PREFIX=/root/dev_ws/Horizen-SmartCar-DGDZ/install/origincar_msg
[2.769s] -- Found ament_cmake: 0.9.12 (/opt/tros/share/ament_cmake/cmake)
[2.961s] -- Found PythonInterp: /usr/bin/python3 (found suitable version "3.8.10", minimum required is "3") 
[2.963s] -- Using PYTHON_EXECUTABLE: /usr/bin/python3
[4.831s] -- Override CMake install command with custom implementation using symlinks instead of copying resources
[4.895s] -- Found rosidl_default_generators: 1.0.1 (/opt/tros/share/rosidl_default_generators/cmake)
[4.916s] -- Using all available rosidl_typesupport_c: rosidl_typesupport_fastrtps_c;rosidl_typesupport_introspection_c
[4.950s] -- Found rosidl_adapter: 1.3.1 (/opt/tros/share/rosidl_adapter/cmake)
[5.699s] -- Using all available rosidl_typesupport_cpp: rosidl_typesupport_fastrtps_cpp;rosidl_typesupport_introspection_cpp
[5.880s] -- Found std_msgs: 2.0.5 (/opt/tros/share/std_msgs/cmake)
[6.362s] -- Found PythonInterp: /usr/bin/python3 (found version "3.8.10") 
[7.885s] -- Found ament_cmake_cppcheck: 0.9.8 (/opt/tros/share/ament_cmake_cppcheck/cmake)
[7.892s] -- Found ament_cmake_cpplint: 0.9.8 (/opt/tros/share/ament_cmake_cpplint/cmake)
[7.898s] -- Found ament_cmake_uncrustify: 0.9.8 (/opt/tros/share/ament_cmake_uncrustify/cmake)
[7.907s] -- Found ament_cmake_ros: 0.9.2 (/opt/tros/share/ament_cmake_ros/cmake)
[9.278s] -- Using all available rosidl_typesupport_c: rosidl_typesupport_fastrtps_c;rosidl_typesupport_introspection_c
[10.080s] -- Using all available rosidl_typesupport_cpp: rosidl_typesupport_fastrtps_cpp;rosidl_typesupport_introspection_cpp
[10.531s] -- Found PythonInterp: /usr/bin/python3 (found suitable version "3.8.10", minimum required is "3.5") 
[10.532s] -- Found python_cmake_module: 0.8.1 (/opt/tros/share/python_cmake_module/cmake)
[11.086s] -- Using PYTHON_EXECUTABLE: /usr/bin/python3
[11.088s] -- Using PYTHON_INCLUDE_DIRS: /usr/include/python3.8
[11.089s] -- Using PYTHON_LIBRARIES: /usr/lib/aarch64-linux-gnu/libpython3.8.so
[11.643s] -- Found ament_cmake_flake8: 0.9.8 (/opt/tros/share/ament_cmake_flake8/cmake)
[11.646s] -- Found ament_cmake_pep257: 0.9.8 (/opt/tros/share/ament_cmake_pep257/cmake)
[11.781s] -- Configuring done
[12.188s] -- Generating done
[12.236s] -- Build files have been written to: /root/dev_ws/Horizen-SmartCar-DGDZ/build/origincar_msg
[14.092s] Invoked command in '/root/dev_ws/Horizen-SmartCar-DGDZ/build/origincar_msg' returned '0': CMAKE_PREFIX_PATH=${CMAKE_PREFIX_PATH}:/opt/ros/foxy /usr/bin/cmake /root/dev_ws/Horizen-SmartCar-DGDZ/src/origincar/origincar_msg -DCMAKE_INSTALL_PREFIX=/root/dev_ws/Horizen-SmartCar-DGDZ/install/origincar_msg
[14.107s] Invoking command in '/root/dev_ws/Horizen-SmartCar-DGDZ/build/origincar_msg': CMAKE_PREFIX_PATH=${CMAKE_PREFIX_PATH}:/opt/ros/foxy /usr/bin/cmake --build /root/dev_ws/Horizen-SmartCar-DGDZ/build/origincar_msg --clean-first -- -j4 -l4
[15.321s] [  2%] [34m[1mGenerating C code for ROS interfaces[0m
[15.383s] [  5%] [34m[1mGenerating C++ code for ROS interfaces[0m
[18.918s] [  5%] Built target origincar_msg__cpp
[19.052s] [  7%] [34m[1mGenerating C++ type support dispatch for ROS interfaces[0m
[19.146s] [ 10%] [34m[1mGenerating C++ introspection for ROS interfaces[0m
[19.157s] [ 12%] [34m[1mGenerating C++ type support for eProsima Fast-RTPS[0m
[19.199s] [35m[1mScanning dependencies of target origincar_msg__rosidl_generator_c[0m
[19.380s] [ 15%] [32mBuilding C object CMakeFiles/origincar_msg__rosidl_generator_c.dir/rosidl_generator_c/origincar_msg/msg/detail/data__functions.c.o[0m
[20.152s] [ 17%] [32mBuilding C object CMakeFiles/origincar_msg__rosidl_generator_c.dir/rosidl_generator_c/origincar_msg/msg/detail/sign__functions.c.o[0m
[21.000s] [ 20%] [32m[1mLinking C shared library liborigincar_msg__rosidl_generator_c.so[0m
[21.613s] [ 20%] Built target origincar_msg__rosidl_generator_c
[21.879s] [ 23%] [34m[1mGenerating C introspection for ROS interfaces[0m
[23.692s] [35m[1mScanning dependencies of target origincar_msg__rosidl_typesupport_introspection_cpp[0m
[23.936s] [ 25%] [32mBuilding CXX object CMakeFiles/origincar_msg__rosidl_typesupport_introspection_cpp.dir/rosidl_typesupport_introspection_cpp/origincar_msg/msg/detail/data__type_support.cpp.o[0m
[24.586s] [35m[1mScanning dependencies of target origincar_msg__rosidl_typesupport_cpp[0m
[24.808s] [ 28%] [32mBuilding CXX object CMakeFiles/origincar_msg__rosidl_typesupport_cpp.dir/rosidl_typesupport_cpp/origincar_msg/msg/data__type_support.cpp.o[0m
[24.902s] [35m[1mScanning dependencies of target origincar_msg__rosidl_typesupport_fastrtps_cpp[0m
[25.144s] [ 30%] [32mBuilding CXX object CMakeFiles/origincar_msg__rosidl_typesupport_fastrtps_cpp.dir/rosidl_typesupport_fastrtps_cpp/origincar_msg/msg/detail/dds_fastrtps/data__type_support.cpp.o[0m
[28.246s] [35m[1mScanning dependencies of target origincar_msg__rosidl_typesupport_introspection_c[0m
[28.325s] [ 33%] [32mBuilding C object CMakeFiles/origincar_msg__rosidl_typesupport_introspection_c.dir/rosidl_typesupport_introspection_c/origincar_msg/msg/detail/data__type_support.c.o[0m
[28.745s] [ 35%] [32mBuilding C object CMakeFiles/origincar_msg__rosidl_typesupport_introspection_c.dir/rosidl_typesupport_introspection_c/origincar_msg/msg/detail/sign__type_support.c.o[0m
[29.195s] [ 38%] [32m[1mLinking C shared library liborigincar_msg__rosidl_typesupport_introspection_c.so[0m
[29.735s] [ 38%] Built target origincar_msg__rosidl_typesupport_introspection_c
[29.764s] [ 41%] [32mBuilding CXX object CMakeFiles/origincar_msg__rosidl_typesupport_introspection_cpp.dir/rosidl_typesupport_introspection_cpp/origincar_msg/msg/detail/sign__type_support.cpp.o[0m
[30.252s] [ 43%] [32mBuilding CXX object CMakeFiles/origincar_msg__rosidl_typesupport_cpp.dir/rosidl_typesupport_cpp/origincar_msg/msg/sign__type_support.cpp.o[0m
[33.472s] [ 46%] [32mBuilding CXX object CMakeFiles/origincar_msg__rosidl_typesupport_fastrtps_cpp.dir/rosidl_typesupport_fastrtps_cpp/origincar_msg/msg/detail/dds_fastrtps/sign__type_support.cpp.o[0m
[34.227s] [ 48%] [32m[1mLinking CXX shared library liborigincar_msg__rosidl_typesupport_introspection_cpp.so[0m
[34.696s] [ 51%] [32m[1mLinking CXX shared library liborigincar_msg__rosidl_typesupport_cpp.so[0m
[34.789s] [ 51%] Built target origincar_msg__rosidl_typesupport_introspection_cpp
[35.242s] [ 51%] Built target origincar_msg__rosidl_typesupport_cpp
[39.121s] [ 53%] [32m[1mLinking CXX shared library liborigincar_msg__rosidl_typesupport_fastrtps_cpp.so[0m
[40.203s] [ 53%] Built target origincar_msg__rosidl_typesupport_fastrtps_cpp
[40.383s] [ 56%] [34m[1mGenerating C type support dispatch for ROS interfaces[0m
[42.798s] [35m[1mScanning dependencies of target origincar_msg__rosidl_typesupport_c[0m
[42.870s] [ 58%] [32mBuilding CXX object CMakeFiles/origincar_msg__rosidl_typesupport_c.dir/rosidl_typesupport_c/origincar_msg/msg/data__type_support.cpp.o[0m
[43.051s] [ 61%] [32mBuilding CXX object CMakeFiles/origincar_msg__rosidl_typesupport_c.dir/rosidl_typesupport_c/origincar_msg/msg/sign__type_support.cpp.o[0m
[43.239s] [ 64%] [32m[1mLinking CXX shared library liborigincar_msg__rosidl_typesupport_c.so[0m
[43.461s] [ 64%] Built target origincar_msg__rosidl_typesupport_c
[43.525s] [ 66%] [34m[1mGenerating C type support for eProsima Fast-RTPS[0m
[46.023s] [35m[1mScanning dependencies of target origincar_msg__rosidl_typesupport_fastrtps_c[0m
[46.099s] [ 69%] [32mBuilding CXX object CMakeFiles/origincar_msg__rosidl_typesupport_fastrtps_c.dir/rosidl_typesupport_fastrtps_c/origincar_msg/msg/detail/data__type_support_c.cpp.o[0m
[49.236s] [ 71%] [32mBuilding CXX object CMakeFiles/origincar_msg__rosidl_typesupport_fastrtps_c.dir/rosidl_typesupport_fastrtps_c/origincar_msg/msg/detail/sign__type_support_c.cpp.o[0m
[52.103s] [ 74%] [32m[1mLinking CXX shared library liborigincar_msg__rosidl_typesupport_fastrtps_c.so[0m
[52.736s] [ 74%] Built target origincar_msg__rosidl_typesupport_fastrtps_c
[52.854s] [ 74%] Built target origincar_msg
[52.969s] [ 76%] [34m[1mGenerating Python code for ROS interfaces[0m
[57.041s] [ 76%] Built target origincar_msg__py
[57.098s] [35m[1mScanning dependencies of target origincar_msg__python[0m
[57.181s] [ 79%] [32mBuilding C object CMakeFiles/origincar_msg__python.dir/rosidl_generator_py/origincar_msg/msg/_data_s.c.o[0m
[57.830s] [ 82%] [32mBuilding C object CMakeFiles/origincar_msg__python.dir/rosidl_generator_py/origincar_msg/msg/_sign_s.c.o[0m
[58.456s] [ 84%] [32m[1mLinking C shared library rosidl_generator_py/origincar_msg/liborigincar_msg__python.so[0m
[58.787s] [ 84%] Built target origincar_msg__python
[58.842s] [35m[1mScanning dependencies of target origincar_msg__rosidl_typesupport_introspection_c__pyext[0m
[58.916s] [ 87%] [32mBuilding C object CMakeFiles/origincar_msg__rosidl_typesupport_introspection_c__pyext.dir/rosidl_generator_py/origincar_msg/_origincar_msg_s.ep.rosidl_typesupport_introspection_c.c.o[0m
[59.476s] [ 89%] [32m[1mLinking C shared library rosidl_generator_py/origincar_msg/origincar_msg_s__rosidl_typesupport_introspection_c.cpython-38-aarch64-linux-gnu.so[0m
[59.711s] [ 89%] Built target origincar_msg__rosidl_typesupport_introspection_c__pyext
[59.765s] [35m[1mScanning dependencies of target origincar_msg__rosidl_typesupport_c__pyext[0m
[59.839s] [ 92%] [32mBuilding C object CMakeFiles/origincar_msg__rosidl_typesupport_c__pyext.dir/rosidl_generator_py/origincar_msg/_origincar_msg_s.ep.rosidl_typesupport_c.c.o[0m
[60.403s] [ 94%] [32m[1mLinking C shared library rosidl_generator_py/origincar_msg/origincar_msg_s__rosidl_typesupport_c.cpython-38-aarch64-linux-gnu.so[0m
[60.657s] [ 94%] Built target origincar_msg__rosidl_typesupport_c__pyext
[60.712s] [35m[1mScanning dependencies of target origincar_msg__rosidl_typesupport_fastrtps_c__pyext[0m
[60.794s] [ 97%] [32mBuilding C object CMakeFiles/origincar_msg__rosidl_typesupport_fastrtps_c__pyext.dir/rosidl_generator_py/origincar_msg/_origincar_msg_s.ep.rosidl_typesupport_fastrtps_c.c.o[0m
[61.390s] [100%] [32m[1mLinking CXX shared library rosidl_generator_py/origincar_msg/origincar_msg_s__rosidl_typesupport_fastrtps_c.cpython-38-aarch64-linux-gnu.so[0m
[61.835s] [100%] Built target origincar_msg__rosidl_typesupport_fastrtps_c__pyext
