[3.356s] Invoking command in '/root/dev_ws/Horizen-SmartCar-DGDZ/build/origincar_bringup': CMAKE_PREFIX_PATH=${CMAKE_PREFIX_PATH}:/opt/ros/foxy /usr/bin/cmake --build /root/dev_ws/Horizen-SmartCar-DGDZ/build/origincar_bringup --clean-first -- -j4 -l4
[4.296s] Invoked command in '/root/dev_ws/Horizen-SmartCar-DGDZ/build/origincar_bringup' returned '0': CMAKE_PREFIX_PATH=${CMAKE_PREFIX_PATH}:/opt/ros/foxy /usr/bin/cmake --build /root/dev_ws/Horizen-SmartCar-DGDZ/build/origincar_bringup --clean-first -- -j4 -l4
[4.684s] Invoking command in '/root/dev_ws/Horizen-SmartCar-DGDZ/build/origincar_bringup': CMAKE_PREFIX_PATH=${CMAKE_PREFIX_PATH}:/opt/ros/foxy /usr/bin/cmake --install /root/dev_ws/Horizen-SmartCar-DGDZ/build/origincar_bringup
[4.896s] -- Install configuration: ""
[4.898s] -- Up-to-date: /root/dev_ws/Horizen-SmartCar-DGDZ/install/origincar_bringup/share/origincar_bringup/launch
[4.906s] -- Up-to-date: /root/dev_ws/Horizen-SmartCar-DGDZ/install/origincar_bringup/share/origincar_bringup/launch/usb_websocket_display.launch.py
[4.907s] -- Up-to-date: /root/dev_ws/Horizen-SmartCar-DGDZ/install/origincar_bringup/share/ament_index/resource_index/package_run_dependencies/origincar_bringup
[4.909s] -- Up-to-date: /root/dev_ws/Horizen-SmartCar-DGDZ/install/origincar_bringup/share/ament_index/resource_index/parent_prefix_path/origincar_bringup
[4.916s] -- Up-to-date: /root/dev_ws/Horizen-SmartCar-DGDZ/install/origincar_bringup/share/origincar_bringup/environment/ament_prefix_path.sh
[4.919s] -- Up-to-date: /root/dev_ws/Horizen-SmartCar-DGDZ/install/origincar_bringup/share/origincar_bringup/environment/ament_prefix_path.dsv
[4.927s] -- Up-to-date: /root/dev_ws/Horizen-SmartCar-DGDZ/install/origincar_bringup/share/origincar_bringup/environment/path.sh
[4.928s] -- Up-to-date: /root/dev_ws/Horizen-SmartCar-DGDZ/install/origincar_bringup/share/origincar_bringup/environment/path.dsv
[4.930s] -- Up-to-date: /root/dev_ws/Horizen-SmartCar-DGDZ/install/origincar_bringup/share/origincar_bringup/local_setup.bash
[4.935s] -- Up-to-date: /root/dev_ws/Horizen-SmartCar-DGDZ/install/origincar_bringup/share/origincar_bringup/local_setup.sh
[4.936s] -- Up-to-date: /root/dev_ws/Horizen-SmartCar-DGDZ/install/origincar_bringup/share/origincar_bringup/local_setup.zsh
[4.938s] -- Up-to-date: /root/dev_ws/Horizen-SmartCar-DGDZ/install/origincar_bringup/share/origincar_bringup/local_setup.dsv
[4.967s] -- Installing: /root/dev_ws/Horizen-SmartCar-DGDZ/install/origincar_bringup/share/origincar_bringup/package.dsv
[4.969s] -- Up-to-date: /root/dev_ws/Horizen-SmartCar-DGDZ/install/origincar_bringup/share/ament_index/resource_index/packages/origincar_bringup
[4.973s] -- Up-to-date: /root/dev_ws/Horizen-SmartCar-DGDZ/install/origincar_bringup/share/origincar_bringup/cmake/origincar_bringupConfig.cmake
[4.974s] -- Up-to-date: /root/dev_ws/Horizen-SmartCar-DGDZ/install/origincar_bringup/share/origincar_bringup/cmake/origincar_bringupConfig-version.cmake
[4.975s] -- Up-to-date: /root/dev_ws/Horizen-SmartCar-DGDZ/install/origincar_bringup/share/origincar_bringup/package.xml
[4.977s] Invoked command in '/root/dev_ws/Horizen-SmartCar-DGDZ/build/origincar_bringup' returned '0': CMAKE_PREFIX_PATH=${CMAKE_PREFIX_PATH}:/opt/ros/foxy /usr/bin/cmake --install /root/dev_ws/Horizen-SmartCar-DGDZ/build/origincar_bringup
