[15.882s] Invoking command in '/root/dev_ws/src/origincar/3rdparty/tf2_tools': PYTHONPATH=/root/dev_ws/build/tf2_tools/prefix_override:/root/dev_ws/install/tf2_tools/lib/python3.8/site-packages:${PYTHONPATH} /usr/bin/python3 setup.py egg_info --egg-base ../../../../build/tf2_tools build --build-base /root/dev_ws/build/tf2_tools/build install --record /root/dev_ws/build/tf2_tools/install.log --single-version-externally-managed
[17.621s] running egg_info
[17.624s] writing ../../../../build/tf2_tools/tf2_tools.egg-info/PKG-INFO
[17.626s] writing dependency_links to ../../../../build/tf2_tools/tf2_tools.egg-info/dependency_links.txt
[17.629s] writing entry points to ../../../../build/tf2_tools/tf2_tools.egg-info/entry_points.txt
[17.632s] writing requirements to ../../../../build/tf2_tools/tf2_tools.egg-info/requires.txt
[17.635s] writing top-level names to ../../../../build/tf2_tools/tf2_tools.egg-info/top_level.txt
[17.939s] reading manifest file '../../../../build/tf2_tools/tf2_tools.egg-info/SOURCES.txt'
[17.945s] writing manifest file '../../../../build/tf2_tools/tf2_tools.egg-info/SOURCES.txt'
[17.948s] running build
[17.951s] running build_py
[17.955s] running install
[17.957s] running install_lib
[17.964s] running install_data
[17.967s] running install_egg_info
[17.981s] removing '/root/dev_ws/install/tf2_tools/lib/python3.8/site-packages/tf2_tools-0.17.1-py3.8.egg-info' (and everything under it)
[17.985s] Copying ../../../../build/tf2_tools/tf2_tools.egg-info to /root/dev_ws/install/tf2_tools/lib/python3.8/site-packages/tf2_tools-0.17.1-py3.8.egg-info
[17.988s] running install_scripts
[18.117s] Installing view_frames script to /root/dev_ws/install/tf2_tools/lib/tf2_tools
[18.123s] writing list of installed files to '/root/dev_ws/build/tf2_tools/install.log'
[18.293s] Invoked command in '/root/dev_ws/src/origincar/3rdparty/tf2_tools' returned '0': PYTHONPATH=/root/dev_ws/build/tf2_tools/prefix_override:/root/dev_ws/install/tf2_tools/lib/python3.8/site-packages:${PYTHONPATH} /usr/bin/python3 setup.py egg_info --egg-base ../../../../build/tf2_tools build --build-base /root/dev_ws/build/tf2_tools/build install --record /root/dev_ws/build/tf2_tools/install.log --single-version-externally-managed
